[26/07/2024 12:16:49 - INFO] Discord Presence activated
[26/07/2024 12:16:49 - INFO] Creating discord-rpc client
[26/07/2024 12:16:49 - INFO] Successfully connected to Discord
[26/07/2024 12:16:49 - DEBUG] Loading git extension
[26/07/2024 12:16:49 - TRACE] Git extension not activated, activating...
[26/07/2024 12:16:49 - DEBUG] Loading git extension
[26/07/2024 12:16:49 - TRACE] Git extension not activated, activating...
[26/07/2024 12:16:52 - TRACE] VSCode language id: go
[26/07/2024 12:20:46 - TRACE] VSCode language id: html
[26/07/2024 12:20:50 - TRACE] VSCode language id: go
[26/07/2024 12:20:52 - TRACE] VSCode language id: html
[26/07/2024 12:20:59 - TRACE] VSCode language id: json
[26/07/2024 12:21:00 - TRACE] VSCode language id: html
[26/07/2024 12:21:04 - TRACE] VSCode language id: javascript
[26/07/2024 12:21:08 - TRACE] VSCode language id: javascript
[26/07/2024 12:21:12 - TRACE] VSCode language id: javascript
[26/07/2024 12:22:24 - TRACE] VSCode language id: go
[26/07/2024 12:22:33 - TRACE] VSCode language id: javascript
[26/07/2024 12:22:35 - TRACE] VSCode language id: go
[26/07/2024 12:30:32 - TRACE] VSCode language id: go
[26/07/2024 12:30:34 - TRACE] VSCode language id: go
[26/07/2024 12:30:42 - TRACE] VSCode language id: go
[26/07/2024 12:30:44 - TRACE] VSCode language id: go
[26/07/2024 12:31:42 - TRACE] VSCode language id: go
[26/07/2024 12:31:44 - TRACE] VSCode language id: go
[26/07/2024 12:37:27 - TRACE] VSCode language id: html
[26/07/2024 12:37:35 - TRACE] VSCode language id: go
[26/07/2024 12:38:18 - TRACE] VSCode language id: go
[26/07/2024 12:38:20 - TRACE] VSCode language id: go
[26/07/2024 12:39:30 - TRACE] VSCode language id: go
