[Info  - 12:16:52] 2024/07/26 12:16:52 Created View (#1)
	directory=/home/shasor/Documents/Zone01/groupie-tracker-filters
	view_type="GoMod"
	root_dir="file:///home/shasor/Documents/Zone01/groupie-tracker-filters"
	go_version="go version go1.22.4 linux/amd64"
	build_flags=[]
	env={GOOS:linux GOARCH:amd64 GOCACHE:/home/shasor/.cache/go-build GOMODCACHE:/home/shasor/go/pkg/mod GOPATH:/home/shasor/go GOPRIVATE: GOFLAGS: GO111MODULE: GOTOOLCHAIN:auto GoVersion:22 GoVersionOutput:go version go1.22.4 linux/amd64
 ExplicitGOWORK: EffectiveGOPACKAGESDRIVER:}
	env_overlay=[]

[Info  - 12:16:52] 2024/07/26 12:16:52 go/packages.Load #1
	view_id="1"
	snapshot=0
	directory=/home/shasor/Documents/Zone01/groupie-tracker-filters
	query=[/home/shasor/Documents/Zone01/groupie-tracker-filters/... builtin]
	packages=2
	duration=155.385601ms

[Info  - 12:17:22] 2024/07/26 12:17:22 background imports cache refresh starting

[Info  - 12:17:22] 2024/07/26 12:17:22 background refresh finished after 33.908907ms

[Info  - 12:17:54] 2024/07/26 12:17:54 background imports cache refresh starting

[Info  - 12:17:54] 2024/07/26 12:17:54 background refresh finished after 1.678133ms

[Info  - 12:18:25] 2024/07/26 12:18:25 background imports cache refresh starting

[Info  - 12:18:25] 2024/07/26 12:18:25 background refresh finished after 1.375371ms

[Info  - 12:18:55] 2024/07/26 12:18:55 background imports cache refresh starting

[Info  - 12:18:55] 2024/07/26 12:18:55 background refresh finished after 1.580416ms

[Info  - 12:19:30] 2024/07/26 12:19:30 background imports cache refresh starting

[Info  - 12:19:30] 2024/07/26 12:19:30 background refresh finished after 1.697652ms

[Info  - 12:20:01] 2024/07/26 12:20:01 background imports cache refresh starting

[Info  - 12:20:01] 2024/07/26 12:20:01 background refresh finished after 1.891729ms

[Info  - 12:20:35] 2024/07/26 12:20:35 background imports cache refresh starting

[Info  - 12:20:35] 2024/07/26 12:20:35 background refresh finished after 1.057965ms

[Info  - 12:21:10] 2024/07/26 12:21:10 background imports cache refresh starting

[Info  - 12:21:10] 2024/07/26 12:21:10 background refresh finished after 1.233606ms

[Info  - 12:22:54] 2024/07/26 12:22:54 background imports cache refresh starting

[Info  - 12:22:54] 2024/07/26 12:22:54 background refresh finished after 1.495426ms

[Info  - 12:23:30] 2024/07/26 12:23:30 background imports cache refresh starting

[Info  - 12:23:30] 2024/07/26 12:23:30 background refresh finished after 1.904745ms

[Info  - 12:24:01] 2024/07/26 12:24:01 background imports cache refresh starting

[Info  - 12:24:01] 2024/07/26 12:24:01 background refresh finished after 1.545541ms

[Info  - 12:24:37] 2024/07/26 12:24:37 background imports cache refresh starting

[Info  - 12:24:37] 2024/07/26 12:24:37 background refresh finished after 1.611677ms

[Info  - 12:25:14] 2024/07/26 12:25:14 background imports cache refresh starting

[Info  - 12:25:14] 2024/07/26 12:25:14 background refresh finished after 1.534379ms

[Info  - 12:26:06] 2024/07/26 12:26:06 background imports cache refresh starting

[Info  - 12:26:07] 2024/07/26 12:26:07 background refresh finished after 1.80475ms

[Info  - 12:26:37] 2024/07/26 12:26:37 background imports cache refresh starting

[Info  - 12:26:37] 2024/07/26 12:26:37 background refresh finished after 1.579374ms

[Info  - 12:27:09] 2024/07/26 12:27:09 background imports cache refresh starting

[Info  - 12:27:09] 2024/07/26 12:27:09 background refresh finished after 1.615914ms

[Info  - 12:27:51] 2024/07/26 12:27:51 background imports cache refresh starting

[Info  - 12:27:51] 2024/07/26 12:27:51 background refresh finished after 1.231459ms

[Info  - 12:28:27] 2024/07/26 12:28:27 background imports cache refresh starting

[Info  - 12:28:27] 2024/07/26 12:28:27 background refresh finished after 1.432069ms

[Info  - 12:28:58] 2024/07/26 12:28:58 background imports cache refresh starting

[Info  - 12:28:58] 2024/07/26 12:28:58 background refresh finished after 1.586678ms

[Info  - 12:29:42] 2024/07/26 12:29:42 background imports cache refresh starting

[Info  - 12:29:42] 2024/07/26 12:29:42 background refresh finished after 1.578005ms

[Info  - 12:30:12] 2024/07/26 12:30:12 background imports cache refresh starting

[Info  - 12:30:12] 2024/07/26 12:30:12 background refresh finished after 1.529061ms

[Info  - 12:30:46] 2024/07/26 12:30:46 background imports cache refresh starting

[Info  - 12:30:46] 2024/07/26 12:30:46 background refresh finished after 1.390271ms

[Info  - 12:31:19] 2024/07/26 12:31:19 background imports cache refresh starting

[Info  - 12:31:19] 2024/07/26 12:31:19 background refresh finished after 1.578818ms

[Info  - 12:31:51] 2024/07/26 12:31:51 background imports cache refresh starting

[Info  - 12:31:51] 2024/07/26 12:31:51 background refresh finished after 1.657891ms

[Info  - 12:36:52] 2024/07/26 12:36:52 background imports cache refresh starting

[Info  - 12:36:52] 2024/07/26 12:36:52 background refresh finished after 2.19111ms

[Info  - 12:37:26] 2024/07/26 12:37:26 background imports cache refresh starting

[Info  - 12:37:26] 2024/07/26 12:37:26 background refresh finished after 1.809435ms

[Info  - 12:38:05] 2024/07/26 12:38:05 background imports cache refresh starting

[Info  - 12:38:05] 2024/07/26 12:38:05 background refresh finished after 1.659228ms

[Info  - 12:38:36] 2024/07/26 12:38:36 background imports cache refresh starting

[Info  - 12:38:36] 2024/07/26 12:38:36 background refresh finished after 1.546103ms

[Info  - 12:39:25] 2024/07/26 12:39:25 background imports cache refresh starting

[Info  - 12:39:25] 2024/07/26 12:39:25 background refresh finished after 1.328852ms

[Info  - 12:46:58] 2024/07/26 12:46:58 Shutdown session
	shutdown_session=1

