2024-07-26 16:34:54.342 [info] Niveau de journal : Info
2024-07-26 16:34:54.342 [info] Validation du git trouvé dans : «git»
2024-07-26 16:34:54.342 [info] Utilisation de git «2.45.2» à partir de «git»
2024-07-26 16:34:54.342 [info] > git rev-parse --show-toplevel [9ms]
2024-07-26 16:34:54.342 [info] fatal: not a git repository (or any of the parent directories): .git
2024-07-26 16:34:54.342 [info] > git rev-parse --show-toplevel [111ms]
2024-07-26 16:34:54.346 [info] > git rev-parse --git-dir --git-common-dir [41ms]
2024-07-26 16:34:54.353 [info] Open repository: /home/shasor/Documents/Zone01/groupie-tracker
2024-07-26 16:34:54.370 [info] > git config --get commit.template [2ms]
2024-07-26 16:34:54.370 [info] > git rev-parse --show-toplevel [9ms]
2024-07-26 16:34:54.370 [info] fatal: not a git repository (or any of the parent directories): .git
2024-07-26 16:34:54.387 [info] > git rev-parse --show-toplevel [10ms]
2024-07-26 16:34:54.395 [info] > git for-each-ref --format=%(refname)%00%(upstream:short)%00%(objectname)%00%(upstream:track)%00%(upstream:remotename)%00%(upstream:remoteref) refs/heads/master refs/remotes/master [9ms]
2024-07-26 16:34:54.396 [info] > git rev-parse --git-dir --git-common-dir [3ms]
2024-07-26 16:34:54.404 [info] Open repository: /home/shasor/Documents/Zone01/ascii-art-web
2024-07-26 16:34:54.431 [info] > git rev-parse --show-toplevel [2ms]
2024-07-26 16:34:54.431 [info] > git config --get commit.template [8ms]
2024-07-26 16:34:54.455 [info] > git status -z -uall [14ms]
2024-07-26 16:34:54.455 [info] > git rev-parse --git-dir --git-common-dir [9ms]
2024-07-26 16:34:54.461 [info] Open repository: /home/shasor/Documents/Zone01/ascii-art-web-dockerize
2024-07-26 16:34:54.499 [info] > git for-each-ref --format=%(refname)%00%(upstream:short)%00%(objectname)%00%(upstream:track)%00%(upstream:remotename)%00%(upstream:remoteref) refs/heads/master refs/remotes/master [29ms]
2024-07-26 16:34:54.507 [info] > git for-each-ref --format=%(refname)%00%(upstream:short)%00%(objectname)%00%(upstream:track)%00%(upstream:remotename)%00%(upstream:remoteref) refs/heads/main refs/remotes/main [53ms]
2024-07-26 16:34:54.511 [info] > git config --local branch.master.vscode-merge-base [5ms]
2024-07-26 16:34:54.517 [info] > git config --get commit.template [18ms]
2024-07-26 16:34:54.517 [info] > git rev-parse --show-toplevel [24ms]
2024-07-26 16:34:54.517 [info] > git config --get commit.template [30ms]
2024-07-26 16:34:54.576 [info] > git for-each-ref --format=%(refname)%00%(upstream:short)%00%(objectname)%00%(upstream:track)%00%(upstream:remotename)%00%(upstream:remoteref) refs/heads/origin/master refs/remotes/origin/master [60ms]
2024-07-26 16:34:54.600 [info] > git rev-parse --git-dir --git-common-dir [25ms]
2024-07-26 16:34:54.611 [info] Open repository: /home/shasor/Documents/Zone01/checkpoint-trainer
2024-07-26 16:34:54.652 [info] > git status -z -uall [22ms]
2024-07-26 16:34:54.652 [info] > git for-each-ref --format=%(refname)%00%(upstream:short)%00%(objectname)%00%(upstream:track)%00%(upstream:remotename)%00%(upstream:remoteref) refs/heads/master refs/remotes/master [53ms]
2024-07-26 16:34:54.652 [info] > git for-each-ref --format=%(refname)%00%(upstream:short)%00%(objectname)%00%(upstream:track)%00%(upstream:remotename)%00%(upstream:remoteref) refs/heads/master refs/remotes/master [62ms]
2024-07-26 16:34:54.652 [info] > git merge-base refs/heads/master refs/remotes/origin/master [70ms]
2024-07-26 16:34:54.664 [warning] ENOENT: no such file or directory, open '/home/shasor/Documents/Zone01/ascii-art-web-dockerize/.git/refs/remotes/origin/master'
2024-07-26 16:34:54.665 [info] > git rev-list --count --left-right refs/heads/master...refs/remotes/origin/master [8ms]
2024-07-26 16:34:54.671 [info] > git rev-parse --show-toplevel [26ms]
2024-07-26 16:34:54.671 [info] fatal: not a git repository (or any of the parent directories): .git
2024-07-26 16:34:54.671 [info] > git config --get commit.template [35ms]
2024-07-26 16:34:54.701 [info] > git for-each-ref --format=%(refname)%00%(upstream:short)%00%(objectname)%00%(upstream:track)%00%(upstream:remotename)%00%(upstream:remoteref) refs/heads/main refs/remotes/main [23ms]
2024-07-26 16:34:54.708 [info] > git diff --name-status -z --diff-filter=ADMR ce9ca19cb513983f3dbf2c850658670ba8d865fe...refs/remotes/origin/master [37ms]
2024-07-26 16:34:54.709 [info] > git rev-parse refs/remotes/origin/master [45ms]
2024-07-26 16:34:54.726 [info] > git status -z -uall [11ms]
2024-07-26 16:34:54.727 [info] > git config --local branch.main.vscode-merge-base [19ms]
2024-07-26 16:34:54.731 [info] > git config --get commit.template [31ms]
2024-07-26 16:34:54.732 [info] > git rev-parse --show-toplevel [39ms]
2024-07-26 16:34:54.752 [info] > git for-each-ref --format=%(refname)%00%(upstream:short)%00%(objectname)%00%(upstream:track)%00%(upstream:remotename)%00%(upstream:remoteref) refs/heads/main refs/remotes/main [29ms]
2024-07-26 16:34:54.774 [warning] ENOENT: no such file or directory, open '/home/shasor/Documents/Zone01/checkpoint-trainer/.git/refs/remotes/origin/main'
2024-07-26 16:34:54.781 [info] > git status -z -uall [35ms]
2024-07-26 16:34:54.781 [info] > git for-each-ref --format=%(refname)%00%(upstream:short)%00%(objectname)%00%(upstream:track)%00%(upstream:remotename)%00%(upstream:remoteref) refs/heads/master refs/remotes/master [24ms]
2024-07-26 16:34:54.787 [info] > git rev-parse --git-dir --git-common-dir [36ms]
2024-07-26 16:34:54.790 [info] Open repository: /home/shasor/Documents/Zone01/git
2024-07-26 16:34:54.799 [info] > git for-each-ref --format=%(refname)%00%(upstream:short)%00%(objectname)%00%(upstream:track)%00%(upstream:remotename)%00%(upstream:remoteref) refs/heads/origin/main refs/remotes/origin/main [68ms]
2024-07-26 16:34:54.820 [info] > git for-each-ref --format=%(refname)%00%(upstream:short)%00%(objectname)%00%(upstream:track)%00%(upstream:remotename)%00%(upstream:remoteref) refs/heads/master refs/remotes/master [23ms]
2024-07-26 16:34:54.826 [info] > git config --local branch.master.vscode-merge-base [39ms]
2024-07-26 16:34:54.831 [info] > git config --get commit.template [51ms]
2024-07-26 16:34:54.831 [info] > git rev-parse refs/remotes/origin/main [57ms]
2024-07-26 16:34:54.836 [info] > git for-each-ref --format=%(refname)%00%(upstream:short)%00%(objectname)%00%(upstream:track)%00%(upstream:remotename)%00%(upstream:remoteref) refs/heads/main refs/remotes/main [67ms]
2024-07-26 16:34:54.838 [info] > git for-each-ref --format=%(refname)%00%(upstream:short)%00%(objectname)%00%(upstream:track)%00%(upstream:remotename)%00%(upstream:remoteref) refs/heads/origin/master refs/remotes/origin/master [7ms]
2024-07-26 16:34:54.845 [info] > git config --local branch.master.vscode-merge-base [18ms]
2024-07-26 16:34:54.850 [info] > git rev-parse --show-toplevel [31ms]
2024-07-26 16:34:54.850 [info] > git config --get commit.template [36ms]
2024-07-26 16:34:54.850 [info] > git merge-base refs/heads/main refs/remotes/origin/main [45ms]
2024-07-26 16:34:54.874 [info] > git status -z -uall [38ms]
2024-07-26 16:34:54.874 [info] > git rev-list --count --left-right refs/heads/main...refs/remotes/origin/main [16ms]
2024-07-26 16:34:54.882 [info] > git for-each-ref --format=%(refname)%00%(upstream:short)%00%(objectname)%00%(upstream:track)%00%(upstream:remotename)%00%(upstream:remoteref) refs/heads/origin/master refs/remotes/origin/master [32ms]
2024-07-26 16:34:54.882 [info] > git merge-base refs/heads/master refs/remotes/origin/master [38ms]
2024-07-26 16:34:54.914 [info] > git for-each-ref --format=%(refname)%00%(upstream:short)%00%(objectname)%00%(upstream:track)%00%(upstream:remotename)%00%(upstream:remoteref) refs/heads/main refs/remotes/main [17ms]
2024-07-26 16:34:54.920 [info] > git rev-list --count --left-right refs/heads/master...refs/remotes/origin/master [31ms]
2024-07-26 16:34:54.926 [info] > git diff --name-status -z --diff-filter=ADMR c07d5efe77a79f75ae1a6f321b149e6946f3f9ce...refs/remotes/origin/main [44ms]
2024-07-26 16:34:54.926 [info] > git rev-parse --git-dir --git-common-dir [53ms]
2024-07-26 16:34:54.931 [info] Open repository: /home/shasor/Documents/Zone01/git-save
2024-07-26 16:34:54.932 [info] > git for-each-ref --format=%(refname)%00%(upstream:short)%00%(objectname)%00%(upstream:track)%00%(upstream:remotename)%00%(upstream:remoteref) refs/heads/master refs/remotes/master [64ms]
2024-07-26 16:34:54.974 [warning] ENOENT: no such file or directory, open '/home/shasor/Documents/Zone01/ascii-art-web-dockerize/.git/refs/remotes/origin/master'
2024-07-26 16:34:54.980 [info] > git status -z -uall [37ms]
2024-07-26 16:34:54.980 [info] > git diff --name-status -z --diff-filter=ADMR 8300ec4a1a471b8c99415a2b6bdff0f5b37de6ec...refs/remotes/origin/master [54ms]
2024-07-26 16:34:54.981 [info] > git config --local branch.main.vscode-merge-base [61ms]
2024-07-26 16:34:54.986 [info] > git config --get commit.template [73ms]
2024-07-26 16:34:54.986 [info] > git for-each-ref --format=%(refname)%00%(upstream:short)%00%(objectname)%00%(upstream:track)%00%(upstream:remotename)%00%(upstream:remoteref) refs/heads/master refs/remotes/master [79ms]
2024-07-26 16:34:55.010 [info] > git for-each-ref --format=%(refname)%00%(upstream:short)%00%(objectname)%00%(upstream:track)%00%(upstream:remotename)%00%(upstream:remoteref) refs/heads/origin/main refs/remotes/origin/main [24ms]
2024-07-26 16:34:55.016 [info] > git rev-parse refs/remotes/origin/master [42ms]
2024-07-26 16:34:55.021 [info] > git rev-parse --show-toplevel [55ms]
2024-07-26 16:34:55.021 [info] > git config --get commit.template [61ms]
2024-07-26 16:34:55.111 [info] > git status -z -uall [90ms]
2024-07-26 16:34:55.112 [info] > git for-each-ref --format=%(refname)%00%(upstream:short)%00%(objectname)%00%(upstream:track)%00%(upstream:remotename)%00%(upstream:remoteref) refs/heads/main refs/remotes/main [84ms]
2024-07-26 16:34:55.124 [info] > git merge-base refs/heads/main refs/remotes/origin/main [109ms]
2024-07-26 16:34:55.136 [info] > git rev-list --count --left-right refs/heads/main...refs/remotes/origin/main [7ms]
2024-07-26 16:34:55.142 [info] > git for-each-ref --format=%(refname)%00%(upstream:short)%00%(objectname)%00%(upstream:track)%00%(upstream:remotename)%00%(upstream:remoteref) refs/heads/master refs/remotes/master [18ms]
2024-07-26 16:34:55.147 [info] > git config --local branch.main.vscode-merge-base [30ms]
2024-07-26 16:34:55.152 [info] > git rev-parse --git-dir --git-common-dir [43ms]
2024-07-26 16:34:55.155 [info] Open repository: /home/shasor/Documents/Zone01/groupie-tracker-perso
2024-07-26 16:34:55.157 [info] > git for-each-ref --format=%(refname)%00%(upstream:short)%00%(objectname)%00%(upstream:track)%00%(upstream:remotename)%00%(upstream:remoteref) refs/heads/main refs/remotes/main [54ms]
2024-07-26 16:34:55.177 [warning] ENOENT: no such file or directory, open '/home/shasor/Documents/Zone01/checkpoint-trainer/.git/refs/remotes/origin/main'
2024-07-26 16:34:55.178 [info] > git status -z -uall [15ms]
2024-07-26 16:34:55.179 [info] > git for-each-ref --format=%(refname)%00%(upstream:short)%00%(objectname)%00%(upstream:track)%00%(upstream:remotename)%00%(upstream:remoteref) refs/heads/origin/main refs/remotes/origin/main [27ms]
2024-07-26 16:34:55.179 [info] > git config --local branch.master.vscode-merge-base [32ms]
2024-07-26 16:34:55.184 [info] > git diff --name-status -z --diff-filter=ADMR 1d1eb78044e16ef4b80a5124f9685cdcc628b5b5...refs/remotes/origin/main [43ms]
2024-07-26 16:34:55.185 [info] > git for-each-ref --format=%(refname)%00%(upstream:short)%00%(objectname)%00%(upstream:track)%00%(upstream:remotename)%00%(upstream:remoteref) refs/heads/master refs/remotes/master [51ms]
2024-07-26 16:34:55.185 [warning] No such branch: master.
2024-07-26 16:34:55.205 [info] > git status -z -uall [15ms]
2024-07-26 16:34:55.215 [info] > git for-each-ref --format=%(refname)%00%(upstream:short)%00%(objectname)%00%(upstream:track)%00%(upstream:remotename)%00%(upstream:remoteref) refs/heads/origin/master refs/remotes/origin/master [30ms]
2024-07-26 16:34:55.215 [info] > git rev-parse refs/remotes/origin/main [38ms]
2024-07-26 16:34:55.220 [info] > git rev-parse --show-toplevel [46ms]
2024-07-26 16:34:55.220 [info] fatal: not a git repository (or any of the parent directories): .git
2024-07-26 16:34:55.220 [info] > git config --get commit.template [52ms]
2024-07-26 16:34:55.255 [info] > git status -z -uall [35ms]
2024-07-26 16:34:55.255 [info] > git for-each-ref --format=%(refname)%00%(upstream:short)%00%(objectname)%00%(upstream:track)%00%(upstream:remotename)%00%(upstream:remoteref) refs/heads/master refs/remotes/master [29ms]
2024-07-26 16:34:55.265 [info] > git for-each-ref --format=%(refname)%00%(upstream:short)%00%(objectname)%00%(upstream:track)%00%(upstream:remotename)%00%(upstream:remoteref) refs/heads/master refs/remotes/master [55ms]
2024-07-26 16:34:55.265 [warning] No such branch: master.
2024-07-26 16:34:55.278 [info] > git for-each-ref --format=%(refname)%00%(upstream:short)%00%(objectname)%00%(upstream:track)%00%(upstream:remotename)%00%(upstream:remoteref) refs/heads/main refs/remotes/main [14ms]
2024-07-26 16:34:55.283 [info] > git config --local branch.master.vscode-merge-base [24ms]
2024-07-26 16:34:55.283 [warning] git config failed: Failed to execute git
2024-07-26 16:34:55.288 [info] > git config --get commit.template [35ms]
2024-07-26 16:34:55.288 [info] > git rev-parse --show-toplevel [39ms]
2024-07-26 16:34:55.288 [info] fatal: not a git repository (or any of the parent directories): .git
2024-07-26 16:34:55.288 [info] > git config --get commit.template [44ms]
2024-07-26 16:34:55.294 [info] > git reflog master --grep-reflog=branch: Created from *. [7ms]
2024-07-26 16:34:55.298 [info] > git config --local branch.main.vscode-merge-base [15ms]
2024-07-26 16:34:55.306 [info] > git for-each-ref --format=%(refname)%00%(upstream:short)%00%(objectname)%00%(upstream:track)%00%(upstream:remotename)%00%(upstream:remoteref) refs/heads/master refs/remotes/master [33ms]
2024-07-26 16:34:55.306 [warning] No such branch: master.
2024-07-26 16:34:55.325 [info] > git status -z -uall [13ms]
2024-07-26 16:34:55.336 [info] > git for-each-ref --format=%(refname)%00%(upstream:short)%00%(objectname)%00%(upstream:track)%00%(upstream:remotename)%00%(upstream:remoteref) refs/heads/origin/main refs/remotes/origin/main [30ms]
2024-07-26 16:34:55.337 [info] > git symbolic-ref --short refs/remotes/origin/HEAD [39ms]
2024-07-26 16:34:55.337 [info] fatal: ref refs/remotes/origin/HEAD is not a symbolic ref
2024-07-26 16:34:55.353 [info] > git merge-base refs/heads/master refs/remotes/origin/master [10ms]
2024-07-26 16:34:55.360 [info] > git for-each-ref --format=%(refname)%00%(upstream:short)%00%(objectname)%00%(upstream:track)%00%(upstream:remotename)%00%(upstream:remoteref) refs/heads/master refs/remotes/master [28ms]
2024-07-26 16:34:55.360 [warning] No such branch: master.
2024-07-26 16:34:55.360 [info] > git for-each-ref --format=%(refname)%00%(upstream:short)%00%(objectname)%00%(upstream:track)%00%(upstream:remotename)%00%(upstream:remoteref) refs/heads/master refs/remotes/master [36ms]
2024-07-26 16:34:55.361 [info] > git for-each-ref --format=%(refname)%00%(upstream:short)%00%(objectname)%00%(upstream:track)%00%(upstream:remotename)%00%(upstream:remoteref) refs/heads/master refs/remotes/master [41ms]
2024-07-26 16:34:55.361 [warning] No such branch: master.
2024-07-26 16:34:55.370 [info] > git status -z -uall [5ms]
2024-07-26 16:34:55.379 [info] > git rev-list --count --left-right refs/heads/master...refs/remotes/origin/master [19ms]
2024-07-26 16:34:55.385 [info] > git config --get commit.template [33ms]
2024-07-26 16:34:55.447 [info] > git diff --name-status -z --diff-filter=ADMR 310ab64a1bf9735b77e65742b03a72689d2efb26...refs/remotes/origin/master [62ms]
2024-07-26 16:34:55.448 [info] > git for-each-ref --format=%(refname)%00%(upstream:short)%00%(objectname)%00%(upstream:track)%00%(upstream:remotename)%00%(upstream:remoteref) refs/heads/master refs/remotes/master [70ms]
2024-07-26 16:34:55.448 [warning] No such branch: master.
2024-07-26 16:34:55.473 [info] > git for-each-ref --format=%(refname)%00%(upstream:short)%00%(objectname)%00%(upstream:track)%00%(upstream:remotename)%00%(upstream:remoteref) refs/heads/master refs/remotes/master [13ms]
2024-07-26 16:34:55.473 [warning] No such branch: master.
2024-07-26 16:34:55.484 [info] > git status -z -uall [16ms]
2024-07-26 16:34:55.484 [info] > git status -z -uall [5ms]
2024-07-26 16:34:55.502 [info] > git for-each-ref --format=%(refname)%00%(upstream:short)%00%(objectname)%00%(upstream:track)%00%(upstream:remotename)%00%(upstream:remoteref) refs/heads/master refs/remotes/master [4ms]
2024-07-26 16:34:55.508 [info] > git for-each-ref --format=%(refname)%00%(upstream:short)%00%(objectname)%00%(upstream:track)%00%(upstream:remotename)%00%(upstream:remoteref) refs/heads/master refs/remotes/master [18ms]
2024-07-26 16:34:55.509 [warning] No such branch: master.
2024-07-26 16:34:55.514 [info] > git config --local branch.master.vscode-merge-base [6ms]
2024-07-26 16:34:55.514 [warning] git config failed: Failed to execute git
2024-07-26 16:34:55.537 [info] > git reflog master --grep-reflog=branch: Created from *. [16ms]
2024-07-26 16:34:55.544 [info] > git symbolic-ref --short refs/remotes/origin/HEAD [3ms]
2024-07-26 16:34:55.544 [info] fatal: ref refs/remotes/origin/HEAD is not a symbolic ref
2024-07-26 16:34:55.655 [info] > git rev-parse --show-toplevel [1ms]
2024-07-26 16:34:55.655 [info] fatal: not a git repository (or any of the parent directories): .git
2024-07-26 16:34:55.816 [info] > git check-ignore -v -z --stdin [33ms]
2024-07-26 16:34:55.817 [info] > git check-ignore -v -z --stdin [29ms]
2024-07-26 16:34:55.817 [info] > git check-ignore -v -z --stdin [23ms]
2024-07-26 16:34:55.818 [info] > git check-ignore -v -z --stdin [18ms]
2024-07-26 16:34:55.818 [info] > git check-ignore -v -z --stdin [13ms]
2024-07-26 16:34:55.818 [info] > git check-ignore -v -z --stdin [9ms]
2024-07-26 16:34:55.818 [info] > git check-ignore -v -z --stdin [4ms]
2024-07-26 16:34:55.830 [info] > git show --textconv :templates/artist.html [7ms]
2024-07-26 16:34:55.831 [info] > git ls-files --stage -- /home/shasor/Documents/Zone01/groupie-tracker/templates/artist.html [4ms]
2024-07-26 16:34:55.837 [info] > git cat-file -s f72c2bcf313af0479412e47423f47a4019e54925 [2ms]
2024-07-26 16:36:12.611 [info] > git show --textconv :JSON/data.geojson [9ms]
2024-07-26 16:36:12.612 [info] > git ls-files --stage -- /home/shasor/Documents/Zone01/groupie-tracker/JSON/data.geojson [1ms]
2024-07-26 16:36:12.620 [info] > git cat-file -s 9122e889c93d0040e6915a7f1a43813e6ba0bdfb [2ms]
2024-07-26 16:36:44.703 [info] > git show --textconv :templates/artist.html [5ms]
2024-07-26 16:36:44.704 [info] > git ls-files --stage -- /home/shasor/Documents/Zone01/groupie-tracker/templates/artist.html [2ms]
2024-07-26 16:36:44.710 [info] > git cat-file -s f72c2bcf313af0479412e47423f47a4019e54925 [1ms]
2024-07-26 16:41:53.043 [info] > git show --textconv :JSON/data.geojson [6ms]
2024-07-26 16:41:53.044 [info] > git ls-files --stage -- /home/shasor/Documents/Zone01/groupie-tracker/JSON/data.geojson [2ms]
2024-07-26 16:41:53.050 [info] > git cat-file -s 9122e889c93d0040e6915a7f1a43813e6ba0bdfb [2ms]
2024-07-26 16:42:00.789 [info] > git show --textconv :templates/artist.html [5ms]
2024-07-26 16:42:00.790 [info] > git ls-files --stage -- /home/shasor/Documents/Zone01/groupie-tracker/templates/artist.html [2ms]
2024-07-26 16:42:00.797 [info] > git cat-file -s f72c2bcf313af0479412e47423f47a4019e54925 [1ms]
2024-07-26 16:43:49.052 [info] > git show --textconv :main.go [9ms]
2024-07-26 16:43:49.052 [info] > git ls-files --stage -- /home/shasor/Documents/Zone01/groupie-tracker/main.go [1ms]
2024-07-26 16:43:49.062 [info] > git cat-file -s 7b24042189a03086f251515c77dfc3a7ff325404 [3ms]
2024-07-26 16:44:57.658 [info] > git show --textconv :templates/artist.html [6ms]
2024-07-26 16:44:57.659 [info] > git ls-files --stage -- /home/shasor/Documents/Zone01/groupie-tracker/templates/artist.html [2ms]
2024-07-26 16:44:57.665 [info] > git cat-file -s f72c2bcf313af0479412e47423f47a4019e54925 [1ms]
2024-07-26 16:45:00.479 [info] > git show --textconv :main.go [7ms]
2024-07-26 16:45:00.480 [info] > git ls-files --stage -- /home/shasor/Documents/Zone01/groupie-tracker/main.go [2ms]
2024-07-26 16:45:00.488 [info] > git cat-file -s 7b24042189a03086f251515c77dfc3a7ff325404 [2ms]
2024-07-26 16:48:39.904 [info] > git config --get commit.template [5ms]
2024-07-26 16:48:39.905 [info] > git for-each-ref --format=%(refname)%00%(upstream:short)%00%(objectname)%00%(upstream:track)%00%(upstream:remotename)%00%(upstream:remoteref) refs/heads/master refs/remotes/master [1ms]
2024-07-26 16:48:39.912 [info] > git status -z -uall [2ms]
2024-07-26 16:48:39.920 [info] > git for-each-ref --format=%(refname)%00%(upstream:short)%00%(objectname)%00%(upstream:track)%00%(upstream:remotename)%00%(upstream:remoteref) refs/heads/master refs/remotes/master [3ms]
2024-07-26 16:48:39.927 [info] > git config --local branch.master.vscode-merge-base [2ms]
2024-07-26 16:48:39.933 [info] > git for-each-ref --format=%(refname)%00%(upstream:short)%00%(objectname)%00%(upstream:track)%00%(upstream:remotename)%00%(upstream:remoteref) refs/heads/origin/master refs/remotes/origin/master [1ms]
2024-07-26 16:50:48.516 [info] > git show --textconv :templates/artist.html [6ms]
2024-07-26 16:50:48.517 [info] > git ls-files --stage -- /home/shasor/Documents/Zone01/groupie-tracker/templates/artist.html [2ms]
2024-07-26 16:50:48.522 [info] > git cat-file -s f72c2bcf313af0479412e47423f47a4019e54925 [1ms]
2024-07-26 16:51:49.695 [info] > git config --get commit.template [5ms]
2024-07-26 16:51:49.696 [info] > git for-each-ref --format=%(refname)%00%(upstream:short)%00%(objectname)%00%(upstream:track)%00%(upstream:remotename)%00%(upstream:remoteref) refs/heads/master refs/remotes/master [2ms]
2024-07-26 16:51:49.703 [info] > git status -z -uall [2ms]
2024-07-26 16:51:49.712 [info] > git for-each-ref --format=%(refname)%00%(upstream:short)%00%(objectname)%00%(upstream:track)%00%(upstream:remotename)%00%(upstream:remoteref) refs/heads/master refs/remotes/master [3ms]
2024-07-26 16:51:49.718 [info] > git config --local branch.master.vscode-merge-base [1ms]
2024-07-26 16:51:49.724 [info] > git for-each-ref --format=%(refname)%00%(upstream:short)%00%(objectname)%00%(upstream:track)%00%(upstream:remotename)%00%(upstream:remoteref) refs/heads/origin/master refs/remotes/origin/master [1ms]
2024-07-26 16:51:59.178 [info] > git config --get commit.template [6ms]
2024-07-26 16:51:59.179 [info] > git for-each-ref --format=%(refname)%00%(upstream:short)%00%(objectname)%00%(upstream:track)%00%(upstream:remotename)%00%(upstream:remoteref) refs/heads/master refs/remotes/master [2ms]
2024-07-26 16:51:59.187 [info] > git status -z -uall [2ms]
2024-07-26 16:51:59.196 [info] > git for-each-ref --format=%(refname)%00%(upstream:short)%00%(objectname)%00%(upstream:track)%00%(upstream:remotename)%00%(upstream:remoteref) refs/heads/master refs/remotes/master [2ms]
2024-07-26 16:51:59.205 [info] > git config --local branch.master.vscode-merge-base [2ms]
2024-07-26 16:51:59.215 [info] > git for-each-ref --format=%(refname)%00%(upstream:short)%00%(objectname)%00%(upstream:track)%00%(upstream:remotename)%00%(upstream:remoteref) refs/heads/origin/master refs/remotes/origin/master [4ms]
2024-07-26 16:52:13.461 [info] > git config --get commit.template [6ms]
2024-07-26 16:52:13.462 [info] > git for-each-ref --format=%(refname)%00%(upstream:short)%00%(objectname)%00%(upstream:track)%00%(upstream:remotename)%00%(upstream:remoteref) refs/heads/master refs/remotes/master [2ms]
2024-07-26 16:52:13.468 [info] > git status -z -uall [2ms]
2024-07-26 16:52:13.476 [info] > git for-each-ref --format=%(refname)%00%(upstream:short)%00%(objectname)%00%(upstream:track)%00%(upstream:remotename)%00%(upstream:remoteref) refs/heads/master refs/remotes/master [2ms]
2024-07-26 16:52:13.484 [info] > git config --local branch.master.vscode-merge-base [2ms]
2024-07-26 16:52:13.491 [info] > git for-each-ref --format=%(refname)%00%(upstream:short)%00%(objectname)%00%(upstream:track)%00%(upstream:remotename)%00%(upstream:remoteref) refs/heads/origin/master refs/remotes/origin/master [2ms]
2024-07-26 16:52:41.573 [info] > git config --get commit.template [6ms]
2024-07-26 16:52:41.574 [info] > git for-each-ref --format=%(refname)%00%(upstream:short)%00%(objectname)%00%(upstream:track)%00%(upstream:remotename)%00%(upstream:remoteref) refs/heads/master refs/remotes/master [2ms]
2024-07-26 16:52:41.583 [info] > git status -z -uall [3ms]
2024-07-26 16:52:41.591 [info] > git for-each-ref --format=%(refname)%00%(upstream:short)%00%(objectname)%00%(upstream:track)%00%(upstream:remotename)%00%(upstream:remoteref) refs/heads/master refs/remotes/master [2ms]
2024-07-26 16:52:41.598 [info] > git config --local branch.master.vscode-merge-base [1ms]
2024-07-26 16:52:41.606 [info] > git for-each-ref --format=%(refname)%00%(upstream:short)%00%(objectname)%00%(upstream:track)%00%(upstream:remotename)%00%(upstream:remoteref) refs/heads/origin/master refs/remotes/origin/master [1ms]
2024-07-26 16:52:54.056 [info] > git show --textconv :main.go [7ms]
2024-07-26 16:52:54.057 [info] > git ls-files --stage -- /home/shasor/Documents/Zone01/groupie-tracker/main.go [2ms]
2024-07-26 16:52:54.063 [info] > git cat-file -s 7b24042189a03086f251515c77dfc3a7ff325404 [1ms]
2024-07-26 16:52:59.591 [info] > git config --get commit.template [5ms]
2024-07-26 16:52:59.592 [info] > git for-each-ref --format=%(refname)%00%(upstream:short)%00%(objectname)%00%(upstream:track)%00%(upstream:remotename)%00%(upstream:remoteref) refs/heads/master refs/remotes/master [1ms]
2024-07-26 16:52:59.599 [info] > git status -z -uall [2ms]
2024-07-26 16:52:59.607 [info] > git for-each-ref --format=%(refname)%00%(upstream:short)%00%(objectname)%00%(upstream:track)%00%(upstream:remotename)%00%(upstream:remoteref) refs/heads/master refs/remotes/master [2ms]
2024-07-26 16:52:59.613 [info] > git config --local branch.master.vscode-merge-base [1ms]
2024-07-26 16:52:59.619 [info] > git for-each-ref --format=%(refname)%00%(upstream:short)%00%(objectname)%00%(upstream:track)%00%(upstream:remotename)%00%(upstream:remoteref) refs/heads/origin/master refs/remotes/origin/master [1ms]
2024-07-26 16:52:59.690 [info] > git ls-files --stage -- /home/shasor/Documents/Zone01/groupie-tracker/main.go [1ms]
2024-07-26 16:52:59.698 [info] > git cat-file -s 7b24042189a03086f251515c77dfc3a7ff325404 [1ms]
2024-07-26 16:52:59.707 [info] > git show --textconv :main.go [1ms]
2024-07-26 16:54:37.053 [info] > git show --textconv :templates/artist.html [8ms]
2024-07-26 16:54:37.054 [info] > git ls-files --stage -- /home/shasor/Documents/Zone01/groupie-tracker/templates/artist.html [2ms]
2024-07-26 16:54:37.062 [info] > git cat-file -s f72c2bcf313af0479412e47423f47a4019e54925 [2ms]
2024-07-26 16:55:07.389 [info] > git config --get commit.template [5ms]
2024-07-26 16:55:07.390 [info] > git for-each-ref --format=%(refname)%00%(upstream:short)%00%(objectname)%00%(upstream:track)%00%(upstream:remotename)%00%(upstream:remoteref) refs/heads/master refs/remotes/master [2ms]
2024-07-26 16:55:07.397 [info] > git status -z -uall [1ms]
2024-07-26 16:55:07.405 [info] > git for-each-ref --format=%(refname)%00%(upstream:short)%00%(objectname)%00%(upstream:track)%00%(upstream:remotename)%00%(upstream:remoteref) refs/heads/master refs/remotes/master [2ms]
2024-07-26 16:55:07.411 [info] > git config --local branch.master.vscode-merge-base [1ms]
2024-07-26 16:55:07.418 [info] > git for-each-ref --format=%(refname)%00%(upstream:short)%00%(objectname)%00%(upstream:track)%00%(upstream:remotename)%00%(upstream:remoteref) refs/heads/origin/master refs/remotes/origin/master [2ms]
2024-07-26 16:56:06.459 [info] > git config --get commit.template [5ms]
2024-07-26 16:56:06.460 [info] > git for-each-ref --format=%(refname)%00%(upstream:short)%00%(objectname)%00%(upstream:track)%00%(upstream:remotename)%00%(upstream:remoteref) refs/heads/master refs/remotes/master [2ms]
2024-07-26 16:56:06.466 [info] > git status -z -uall [2ms]
2024-07-26 16:56:06.474 [info] > git for-each-ref --format=%(refname)%00%(upstream:short)%00%(objectname)%00%(upstream:track)%00%(upstream:remotename)%00%(upstream:remoteref) refs/heads/master refs/remotes/master [2ms]
2024-07-26 16:56:06.480 [info] > git config --local branch.master.vscode-merge-base [1ms]
2024-07-26 16:56:06.487 [info] > git for-each-ref --format=%(refname)%00%(upstream:short)%00%(objectname)%00%(upstream:track)%00%(upstream:remotename)%00%(upstream:remoteref) refs/heads/origin/master refs/remotes/origin/master [1ms]
2024-07-26 17:08:37.521 [info] > git config --get commit.template [5ms]
2024-07-26 17:08:37.523 [info] > git for-each-ref --format=%(refname)%00%(upstream:short)%00%(objectname)%00%(upstream:track)%00%(upstream:remotename)%00%(upstream:remoteref) refs/heads/master refs/remotes/master [1ms]
2024-07-26 17:08:37.529 [info] > git status -z -uall [2ms]
2024-07-26 17:08:37.537 [info] > git for-each-ref --format=%(refname)%00%(upstream:short)%00%(objectname)%00%(upstream:track)%00%(upstream:remotename)%00%(upstream:remoteref) refs/heads/master refs/remotes/master [2ms]
2024-07-26 17:08:37.544 [info] > git config --local branch.master.vscode-merge-base [1ms]
2024-07-26 17:08:37.551 [info] > git for-each-ref --format=%(refname)%00%(upstream:short)%00%(objectname)%00%(upstream:track)%00%(upstream:remotename)%00%(upstream:remoteref) refs/heads/origin/master refs/remotes/origin/master [1ms]
2024-07-26 17:08:52.438 [info] > git config --get commit.template [5ms]
2024-07-26 17:08:52.439 [info] > git for-each-ref --format=%(refname)%00%(upstream:short)%00%(objectname)%00%(upstream:track)%00%(upstream:remotename)%00%(upstream:remoteref) refs/heads/master refs/remotes/master [2ms]
2024-07-26 17:08:52.445 [info] > git status -z -uall [2ms]
2024-07-26 17:08:52.453 [info] > git for-each-ref --format=%(refname)%00%(upstream:short)%00%(objectname)%00%(upstream:track)%00%(upstream:remotename)%00%(upstream:remoteref) refs/heads/master refs/remotes/master [2ms]
2024-07-26 17:08:52.459 [info] > git config --local branch.master.vscode-merge-base [1ms]
2024-07-26 17:08:52.465 [info] > git for-each-ref --format=%(refname)%00%(upstream:short)%00%(objectname)%00%(upstream:track)%00%(upstream:remotename)%00%(upstream:remoteref) refs/heads/origin/master refs/remotes/origin/master [1ms]
2024-07-26 17:11:08.312 [info] > git config --get commit.template [8ms]
2024-07-26 17:11:08.313 [info] > git for-each-ref --format=%(refname)%00%(upstream:short)%00%(objectname)%00%(upstream:track)%00%(upstream:remotename)%00%(upstream:remoteref) refs/heads/master refs/remotes/master [2ms]
2024-07-26 17:11:08.321 [info] > git status -z -uall [2ms]
2024-07-26 17:11:08.330 [info] > git for-each-ref --format=%(refname)%00%(upstream:short)%00%(objectname)%00%(upstream:track)%00%(upstream:remotename)%00%(upstream:remoteref) refs/heads/master refs/remotes/master [1ms]
2024-07-26 17:11:08.339 [info] > git config --local branch.master.vscode-merge-base [2ms]
2024-07-26 17:11:08.348 [info] > git for-each-ref --format=%(refname)%00%(upstream:short)%00%(objectname)%00%(upstream:track)%00%(upstream:remotename)%00%(upstream:remoteref) refs/heads/origin/master refs/remotes/origin/master [2ms]
2024-07-26 17:11:51.663 [info] > git config --get commit.template [5ms]
2024-07-26 17:11:51.664 [info] > git for-each-ref --format=%(refname)%00%(upstream:short)%00%(objectname)%00%(upstream:track)%00%(upstream:remotename)%00%(upstream:remoteref) refs/heads/master refs/remotes/master [1ms]
2024-07-26 17:11:51.671 [info] > git status -z -uall [2ms]
2024-07-26 17:11:51.679 [info] > git for-each-ref --format=%(refname)%00%(upstream:short)%00%(objectname)%00%(upstream:track)%00%(upstream:remotename)%00%(upstream:remoteref) refs/heads/master refs/remotes/master [2ms]
2024-07-26 17:11:51.687 [info] > git config --local branch.master.vscode-merge-base [2ms]
2024-07-26 17:11:51.694 [info] > git for-each-ref --format=%(refname)%00%(upstream:short)%00%(objectname)%00%(upstream:track)%00%(upstream:remotename)%00%(upstream:remoteref) refs/heads/origin/master refs/remotes/origin/master [1ms]
2024-07-26 17:12:30.261 [info] > git config --get commit.template [7ms]
2024-07-26 17:12:30.263 [info] > git for-each-ref --format=%(refname)%00%(upstream:short)%00%(objectname)%00%(upstream:track)%00%(upstream:remotename)%00%(upstream:remoteref) refs/heads/master refs/remotes/master [3ms]
2024-07-26 17:12:30.270 [info] > git status -z -uall [2ms]
2024-07-26 17:12:30.279 [info] > git for-each-ref --format=%(refname)%00%(upstream:short)%00%(objectname)%00%(upstream:track)%00%(upstream:remotename)%00%(upstream:remoteref) refs/heads/master refs/remotes/master [2ms]
2024-07-26 17:12:30.286 [info] > git config --local branch.master.vscode-merge-base [1ms]
2024-07-26 17:12:30.293 [info] > git for-each-ref --format=%(refname)%00%(upstream:short)%00%(objectname)%00%(upstream:track)%00%(upstream:remotename)%00%(upstream:remoteref) refs/heads/origin/master refs/remotes/origin/master [2ms]
2024-07-26 17:12:35.730 [info] > git config --get commit.template [9ms]
2024-07-26 17:12:35.731 [info] > git for-each-ref --format=%(refname)%00%(upstream:short)%00%(objectname)%00%(upstream:track)%00%(upstream:remotename)%00%(upstream:remoteref) refs/heads/master refs/remotes/master [2ms]
2024-07-26 17:12:35.738 [info] > git status -z -uall [2ms]
2024-07-26 17:12:35.747 [info] > git for-each-ref --format=%(refname)%00%(upstream:short)%00%(objectname)%00%(upstream:track)%00%(upstream:remotename)%00%(upstream:remoteref) refs/heads/master refs/remotes/master [2ms]
2024-07-26 17:12:35.755 [info] > git config --local branch.master.vscode-merge-base [1ms]
2024-07-26 17:12:35.762 [info] > git for-each-ref --format=%(refname)%00%(upstream:short)%00%(objectname)%00%(upstream:track)%00%(upstream:remotename)%00%(upstream:remoteref) refs/heads/origin/master refs/remotes/origin/master [1ms]
2024-07-26 17:12:42.587 [info] > git config --get commit.template [8ms]
2024-07-26 17:12:42.588 [info] > git for-each-ref --format=%(refname)%00%(upstream:short)%00%(objectname)%00%(upstream:track)%00%(upstream:remotename)%00%(upstream:remoteref) refs/heads/master refs/remotes/master [2ms]
2024-07-26 17:12:42.595 [info] > git status -z -uall [2ms]
2024-07-26 17:12:42.604 [info] > git for-each-ref --format=%(refname)%00%(upstream:short)%00%(objectname)%00%(upstream:track)%00%(upstream:remotename)%00%(upstream:remoteref) refs/heads/master refs/remotes/master [2ms]
2024-07-26 17:12:42.611 [info] > git config --local branch.master.vscode-merge-base [1ms]
2024-07-26 17:12:42.619 [info] > git for-each-ref --format=%(refname)%00%(upstream:short)%00%(objectname)%00%(upstream:track)%00%(upstream:remotename)%00%(upstream:remoteref) refs/heads/origin/master refs/remotes/origin/master [1ms]
2024-07-26 17:13:00.821 [info] > git config --get commit.template [1ms]
2024-07-26 17:13:00.831 [info] > git for-each-ref --format=%(refname)%00%(upstream:short)%00%(objectname)%00%(upstream:track)%00%(upstream:remotename)%00%(upstream:remoteref) refs/heads/master refs/remotes/master [1ms]
2024-07-26 17:13:00.839 [info] > git status -z -uall [2ms]
2024-07-26 17:13:00.847 [info] > git for-each-ref --format=%(refname)%00%(upstream:short)%00%(objectname)%00%(upstream:track)%00%(upstream:remotename)%00%(upstream:remoteref) refs/heads/master refs/remotes/master [2ms]
2024-07-26 17:13:00.855 [info] > git config --local branch.master.vscode-merge-base [1ms]
2024-07-26 17:13:00.863 [info] > git for-each-ref --format=%(refname)%00%(upstream:short)%00%(objectname)%00%(upstream:track)%00%(upstream:remotename)%00%(upstream:remoteref) refs/heads/origin/master refs/remotes/origin/master [1ms]
2024-07-26 17:19:00.043 [info] > git config --get commit.template [5ms]
2024-07-26 17:19:00.044 [info] > git for-each-ref --format=%(refname)%00%(upstream:short)%00%(objectname)%00%(upstream:track)%00%(upstream:remotename)%00%(upstream:remoteref) refs/heads/master refs/remotes/master [1ms]
2024-07-26 17:19:00.051 [info] > git status -z -uall [2ms]
2024-07-26 17:19:00.058 [info] > git for-each-ref --format=%(refname)%00%(upstream:short)%00%(objectname)%00%(upstream:track)%00%(upstream:remotename)%00%(upstream:remoteref) refs/heads/master refs/remotes/master [2ms]
2024-07-26 17:19:00.064 [info] > git config --local branch.master.vscode-merge-base [1ms]
2024-07-26 17:19:00.071 [info] > git for-each-ref --format=%(refname)%00%(upstream:short)%00%(objectname)%00%(upstream:track)%00%(upstream:remotename)%00%(upstream:remoteref) refs/heads/origin/master refs/remotes/origin/master [1ms]
2024-07-26 17:21:21.356 [info] > git config --get commit.template [5ms]
2024-07-26 17:21:21.357 [info] > git for-each-ref --format=%(refname)%00%(upstream:short)%00%(objectname)%00%(upstream:track)%00%(upstream:remotename)%00%(upstream:remoteref) refs/heads/master refs/remotes/master [1ms]
2024-07-26 17:21:21.364 [info] > git status -z -uall [2ms]
2024-07-26 17:21:21.371 [info] > git for-each-ref --format=%(refname)%00%(upstream:short)%00%(objectname)%00%(upstream:track)%00%(upstream:remotename)%00%(upstream:remoteref) refs/heads/master refs/remotes/master [2ms]
2024-07-26 17:21:21.377 [info] > git config --local branch.master.vscode-merge-base [1ms]
2024-07-26 17:21:21.383 [info] > git for-each-ref --format=%(refname)%00%(upstream:short)%00%(objectname)%00%(upstream:track)%00%(upstream:remotename)%00%(upstream:remoteref) refs/heads/origin/master refs/remotes/origin/master [1ms]
2024-07-26 17:21:44.562 [info] > git config --get commit.template [7ms]
2024-07-26 17:21:44.562 [info] > git for-each-ref --format=%(refname)%00%(upstream:short)%00%(objectname)%00%(upstream:track)%00%(upstream:remotename)%00%(upstream:remoteref) refs/heads/master refs/remotes/master [1ms]
2024-07-26 17:21:44.569 [info] > git status -z -uall [1ms]
2024-07-26 17:21:44.579 [info] > git for-each-ref --format=%(refname)%00%(upstream:short)%00%(objectname)%00%(upstream:track)%00%(upstream:remotename)%00%(upstream:remoteref) refs/heads/master refs/remotes/master [2ms]
2024-07-26 17:21:44.587 [info] > git config --local branch.master.vscode-merge-base [2ms]
2024-07-26 17:21:44.595 [info] > git for-each-ref --format=%(refname)%00%(upstream:short)%00%(objectname)%00%(upstream:track)%00%(upstream:remotename)%00%(upstream:remoteref) refs/heads/origin/master refs/remotes/origin/master [2ms]
2024-07-26 17:21:56.351 [info] > git config --get commit.template [1ms]
2024-07-26 17:21:56.358 [info] > git for-each-ref --format=%(refname)%00%(upstream:short)%00%(objectname)%00%(upstream:track)%00%(upstream:remotename)%00%(upstream:remoteref) refs/heads/master refs/remotes/master [2ms]
2024-07-26 17:21:56.365 [info] > git status -z -uall [2ms]
2024-07-26 17:21:56.374 [info] > git for-each-ref --format=%(refname)%00%(upstream:short)%00%(objectname)%00%(upstream:track)%00%(upstream:remotename)%00%(upstream:remoteref) refs/heads/master refs/remotes/master [2ms]
2024-07-26 17:21:56.382 [info] > git config --local branch.master.vscode-merge-base [2ms]
2024-07-26 17:21:56.388 [info] > git for-each-ref --format=%(refname)%00%(upstream:short)%00%(objectname)%00%(upstream:track)%00%(upstream:remotename)%00%(upstream:remoteref) refs/heads/origin/master refs/remotes/origin/master [1ms]
2024-07-26 17:55:45.186 [info] > git config --get commit.template [4ms]
2024-07-26 17:55:45.187 [info] > git for-each-ref --format=%(refname)%00%(upstream:short)%00%(objectname)%00%(upstream:track)%00%(upstream:remotename)%00%(upstream:remoteref) refs/heads/master refs/remotes/master [1ms]
2024-07-26 17:55:45.193 [info] > git status -z -uall [2ms]
2024-07-26 17:55:45.201 [info] > git for-each-ref --format=%(refname)%00%(upstream:short)%00%(objectname)%00%(upstream:track)%00%(upstream:remotename)%00%(upstream:remoteref) refs/heads/master refs/remotes/master [3ms]
2024-07-26 17:55:45.207 [info] > git config --local branch.master.vscode-merge-base [1ms]
2024-07-26 17:55:45.212 [info] > git for-each-ref --format=%(refname)%00%(upstream:short)%00%(objectname)%00%(upstream:track)%00%(upstream:remotename)%00%(upstream:remoteref) refs/heads/origin/master refs/remotes/origin/master [1ms]
2024-07-26 17:55:45.282 [info] > git ls-files --stage -- /home/shasor/Documents/Zone01/groupie-tracker/templates/artist.html [1ms]
2024-07-26 17:55:45.287 [info] > git cat-file -s f72c2bcf313af0479412e47423f47a4019e54925 [1ms]
2024-07-26 17:55:45.294 [info] > git show --textconv :templates/artist.html [2ms]
2024-07-26 17:55:48.338 [info] > git ls-files --stage -- /home/shasor/Documents/Zone01/groupie-tracker/templates/artist.html [1ms]
2024-07-26 17:55:48.345 [info] > git cat-file -s 60ba38c51057c5bb87368134c3ba601fab78cf4f [2ms]
2024-07-26 17:55:48.353 [info] > git show --textconv :templates/artist.html [2ms]
2024-07-26 17:55:50.210 [info] > git config --get commit.template [4ms]
2024-07-26 17:55:50.211 [info] > git for-each-ref --format=%(refname)%00%(upstream:short)%00%(objectname)%00%(upstream:track)%00%(upstream:remotename)%00%(upstream:remoteref) refs/heads/master refs/remotes/master [2ms]
2024-07-26 17:55:50.217 [info] > git status -z -uall [2ms]
2024-07-26 17:55:50.224 [info] > git for-each-ref --format=%(refname)%00%(upstream:short)%00%(objectname)%00%(upstream:track)%00%(upstream:remotename)%00%(upstream:remoteref) refs/heads/master refs/remotes/master [2ms]
2024-07-26 17:55:50.231 [info] > git config --local branch.master.vscode-merge-base [2ms]
2024-07-26 17:55:50.238 [info] > git for-each-ref --format=%(refname)%00%(upstream:short)%00%(objectname)%00%(upstream:track)%00%(upstream:remotename)%00%(upstream:remoteref) refs/heads/origin/master refs/remotes/origin/master [2ms]
2024-07-26 17:56:59.888 [info] > git config --get commit.template [5ms]
2024-07-26 17:56:59.890 [info] > git for-each-ref --format=%(refname)%00%(upstream:short)%00%(objectname)%00%(upstream:track)%00%(upstream:remotename)%00%(upstream:remoteref) refs/heads/master refs/remotes/master [2ms]
2024-07-26 17:56:59.896 [info] > git status -z -uall [2ms]
2024-07-26 17:56:59.905 [info] > git for-each-ref --format=%(refname)%00%(upstream:short)%00%(objectname)%00%(upstream:track)%00%(upstream:remotename)%00%(upstream:remoteref) refs/heads/master refs/remotes/master [3ms]
2024-07-26 17:56:59.911 [info] > git config --local branch.master.vscode-merge-base [1ms]
2024-07-26 17:56:59.917 [info] > git for-each-ref --format=%(refname)%00%(upstream:short)%00%(objectname)%00%(upstream:track)%00%(upstream:remotename)%00%(upstream:remoteref) refs/heads/origin/master refs/remotes/origin/master [1ms]
2024-07-26 17:56:59.925 [info] > git merge-base refs/heads/master refs/remotes/origin/master [2ms]
2024-07-26 17:56:59.933 [info] > git rev-list --count --left-right refs/heads/master...refs/remotes/origin/master [2ms]
2024-07-26 17:56:59.941 [info] > git diff --name-status -z --diff-filter=ADMR ce9ca19cb513983f3dbf2c850658670ba8d865fe...refs/remotes/origin/master [2ms]
2024-07-26 17:56:59.986 [info] > git ls-files --stage -- /home/shasor/Documents/Zone01/groupie-tracker/templates/artist.html [2ms]
2024-07-26 17:56:59.992 [info] > git cat-file -s 60ba38c51057c5bb87368134c3ba601fab78cf4f [2ms]
2024-07-26 17:57:00.001 [info] > git show --textconv :templates/artist.html [2ms]
2024-07-26 17:57:02.344 [info] > git ls-files --stage -- /home/shasor/Documents/Zone01/groupie-tracker/templates/artist.html [2ms]
2024-07-26 17:57:02.349 [info] > git cat-file -s 60ba38c51057c5bb87368134c3ba601fab78cf4f [1ms]
2024-07-26 17:57:02.357 [info] > git show --textconv :templates/artist.html [2ms]
2024-07-26 17:57:04.939 [info] > git config --get commit.template [8ms]
2024-07-26 17:57:04.939 [info] > git for-each-ref --format=%(refname)%00%(upstream:short)%00%(objectname)%00%(upstream:track)%00%(upstream:remotename)%00%(upstream:remoteref) refs/heads/master refs/remotes/master [2ms]
2024-07-26 17:57:04.947 [info] > git status -z -uall [2ms]
2024-07-26 17:57:04.955 [info] > git for-each-ref --format=%(refname)%00%(upstream:short)%00%(objectname)%00%(upstream:track)%00%(upstream:remotename)%00%(upstream:remoteref) refs/heads/master refs/remotes/master [2ms]
2024-07-26 17:57:04.962 [info] > git config --local branch.master.vscode-merge-base [2ms]
2024-07-26 17:57:04.969 [info] > git for-each-ref --format=%(refname)%00%(upstream:short)%00%(objectname)%00%(upstream:track)%00%(upstream:remotename)%00%(upstream:remoteref) refs/heads/origin/master refs/remotes/origin/master [1ms]
2024-07-26 17:57:04.976 [info] > git merge-base refs/heads/master refs/remotes/origin/master [2ms]
2024-07-26 17:57:04.984 [info] > git rev-list --count --left-right refs/heads/master...refs/remotes/origin/master [3ms]
2024-07-26 17:57:04.996 [info] > git diff --name-status -z --diff-filter=ADMR 106f90cc8e4ca20b1d9f970bf1108a0e81546e4b...refs/remotes/origin/master [4ms]
