2024-08-19 14:34:14.186 [info] [main] Niveau du journal : Info
2024-08-19 14:34:14.187 [info] [main] Validation du git trouvé dans : «git»
2024-08-19 14:34:14.187 [info] [main] Utilisation de git "2.46.0" de "git»
2024-08-19 14:34:14.187 [info] [Model][doInitialScan] Initial repository scan started
2024-08-19 14:34:14.187 [info] > git rev-parse --show-toplevel [1ms]
2024-08-19 14:34:14.188 [info] > git rev-parse --git-dir --git-common-dir [2ms]
2024-08-19 14:34:14.197 [info] [Model][openRepository] Opened repository: /home/shasor/.config
2024-08-19 14:34:14.206 [info] > git config --get commit.template [2ms]
2024-08-19 14:34:14.215 [info] [Git][getRemotes] No remotes found in the git config file
2024-08-19 14:34:14.217 [info] > git for-each-ref --format=%(refname)%00%(upstream:short)%00%(objectname)%00%(upstream:track)%00%(upstream:remotename)%00%(upstream:remoteref) refs/heads/master refs/remotes/master [3ms]
2024-08-19 14:34:14.217 [warning] [Git][getBranch] No such branch: master
2024-08-19 14:34:14.231 [info] > git rev-parse --show-toplevel [1ms]
2024-08-19 14:34:14.237 [info] > git rev-parse --show-toplevel [2ms]
2024-08-19 14:34:14.243 [info] > git rev-parse --show-toplevel [1ms]
2024-08-19 14:34:14.249 [info] > git rev-parse --show-toplevel [1ms]
2024-08-19 14:34:14.261 [info] > git rev-parse --show-toplevel [8ms]
2024-08-19 14:34:14.271 [info] > git status -z -uall [50ms] (cancelled)
2024-08-19 14:34:14.271 [info] > git rev-parse --show-toplevel [4ms]
2024-08-19 14:34:14.276 [info] > git rev-parse --show-toplevel [2ms]
2024-08-19 14:34:14.280 [info] > git rev-parse --show-toplevel [1ms]
2024-08-19 14:34:14.285 [info] > git rev-parse --show-toplevel [2ms]
2024-08-19 14:34:14.289 [info] > git rev-parse --show-toplevel [1ms]
2024-08-19 14:34:14.295 [info] > git rev-parse --show-toplevel [2ms]
2024-08-19 14:34:14.300 [info] > git rev-parse --show-toplevel [1ms]
2024-08-19 14:34:14.308 [info] > git rev-parse --show-toplevel [4ms]
2024-08-19 14:34:14.313 [info] > git rev-parse --show-toplevel [1ms]
2024-08-19 14:34:14.318 [info] > git rev-parse --show-toplevel [2ms]
2024-08-19 14:34:14.324 [info] > git rev-parse --show-toplevel [2ms]
2024-08-19 14:34:14.329 [info] > git rev-parse --show-toplevel [2ms]
2024-08-19 14:34:14.335 [info] > git rev-parse --show-toplevel [2ms]
2024-08-19 14:34:14.341 [info] > git rev-parse --show-toplevel [2ms]
2024-08-19 14:34:14.348 [info] > git rev-parse --show-toplevel [3ms]
2024-08-19 14:34:14.355 [info] > git rev-parse --show-toplevel [0ms]
2024-08-19 14:34:14.366 [info] > git rev-parse --show-toplevel [2ms]
2024-08-19 14:34:14.367 [info] [Model][doInitialScan] Initial repository scan completed - repositories (1), closed repositories (0), parent repositories (0), unsafe repositories (0)
2024-08-19 14:34:14.769 [info] > git check-ignore -v -z --stdin [3ms]
