[Info  - 14:15:43] 2024/08/19 14:15:43 Created View (#1)
	directory=/home/shasor/Documents/Zone01
	view_type="AdHoc"
	root_dir="file:///home/shasor/Documents/Zone01"
	go_version="go version go1.22.4 linux/amd64"
	build_flags=[]
	env={GOOS:linux GOARCH:amd64 GOCACHE:/home/shasor/.cache/go-build GOMODCACHE:/home/shasor/go/pkg/mod GOPATH:/home/shasor/go GOPRIVATE: GOFLAGS: GO111MODULE: GOTOOLCHAIN:auto GoVersion:22 GoVersionOutput:go version go1.22.4 linux/amd64
 ExplicitGOWORK: EffectiveGOPACKAGESDRIVER:}
	env_overlay=[]

[Info  - 14:15:43] 2024/08/19 14:15:43 go/packages.Load #1
	view_id="1"
	snapshot=0
	directory=/home/shasor/Documents/Zone01
	query=[./ builtin]
	packages=2
	duration=42.610584ms

[Info  - 14:15:43] 2024/08/19 14:15:43 Created View (#2)
	directory=/home/shasor/Documents/Zone01
	view_type="GoMod"
	root_dir="file:///home/shasor/Documents/Zone01/groupie-tracker"
	go_version="go version go1.22.4 linux/amd64"
	build_flags=[]
	env={GOOS:linux GOARCH:amd64 GOCACHE:/home/shasor/.cache/go-build GOMODCACHE:/home/shasor/go/pkg/mod GOPATH:/home/shasor/go GOPRIVATE: GOFLAGS: GO111MODULE: GOTOOLCHAIN:auto GoVersion:22 GoVersionOutput:go version go1.22.4 linux/amd64
 ExplicitGOWORK: EffectiveGOPACKAGESDRIVER:}
	env_overlay=[]

[Info  - 14:15:43] 2024/08/19 14:15:43 go/packages.Load #2
	view_id="2"
	snapshot=0
	directory=/home/shasor/Documents/Zone01
	query=[/home/shasor/Documents/Zone01/groupie-tracker/... builtin]
	packages=2
	duration=191.191221ms

[Info  - 14:16:13] 2024/08/19 14:16:13 background imports cache refresh starting

[Info  - 14:16:13] 2024/08/19 14:16:13 background refresh finished after 8.122044ms

[Info  - 14:16:13] 2024/08/19 14:16:13 background imports cache refresh starting

[Info  - 14:16:13] 2024/08/19 14:16:13 background refresh finished after 82.66717ms

[Info  - 14:28:48] 2024/08/19 14:28:48 background imports cache refresh starting

[Info  - 14:28:48] 2024/08/19 14:28:48 background refresh finished after 4.886845ms

[Info  - 14:29:21] 2024/08/19 14:29:21 Shutdown session
	shutdown_session=1

