2024-07-26 11:21:27.636 [info] Reading sessions from keychain...
2024-07-26 11:21:27.636 [info] Getting sessions for all scopes...
2024-07-26 11:21:27.636 [info] Getting sessions for all scopes...
2024-07-26 11:21:27.636 [info] Got stored sessions!
2024-07-26 11:21:27.636 [info] Got 1 verified sessions.
2024-07-26 11:21:27.636 [info] Got 1 sessions for ...
2024-07-26 11:21:27.636 [info] Got 1 sessions for ...
2024-07-26 11:21:27.636 [info] Getting sessions for read:user,repo,user:email...
2024-07-26 11:21:27.636 [info] Got 0 sessions for read:user,repo,user:email...
2024-07-26 11:21:30.395 [info] Getting sessions for all scopes...
2024-07-26 11:21:30.395 [info] Got 1 sessions for ...
2024-07-26 12:16:50.025 [info] Reading sessions from keychain...
2024-07-26 12:16:50.025 [info] Getting sessions for all scopes...
2024-07-26 12:16:50.025 [info] Getting sessions for all scopes...
2024-07-26 12:16:50.025 [info] Got stored sessions!
2024-07-26 12:16:50.025 [info] Got 1 verified sessions.
2024-07-26 12:16:50.025 [info] Got 1 sessions for ...
2024-07-26 12:16:50.025 [info] Got 1 sessions for ...
2024-07-26 12:16:50.025 [info] Getting sessions for read:user,repo,user:email...
2024-07-26 12:16:50.025 [info] Got 0 sessions for read:user,repo,user:email...
2024-07-26 12:47:02.447 [info] Reading sessions from keychain...
2024-07-26 12:47:02.447 [info] Getting sessions for all scopes...
2024-07-26 12:47:02.447 [info] Getting sessions for all scopes...
2024-07-26 12:47:02.447 [info] Got stored sessions!
2024-07-26 12:47:02.447 [info] Got 1 verified sessions.
2024-07-26 12:47:02.447 [info] Got 1 sessions for ...
2024-07-26 12:47:02.447 [info] Got 1 sessions for ...
2024-07-26 12:47:02.447 [info] Getting sessions for read:user,repo,user:email...
2024-07-26 12:47:02.447 [info] Got 0 sessions for read:user,repo,user:email...
2024-07-26 12:47:02.447 [info] Getting sessions for read:user,repo,user:email,workflow...
2024-07-26 12:47:02.447 [info] Got 1 sessions for read:user,repo,user:email,workflow...
2024-07-26 12:47:03.136 [info] Getting sessions for read:user,repo,user:email,workflow...
2024-07-26 12:47:03.136 [info] Got 1 sessions for read:user,repo,user:email,workflow...
