2024-07-26 11:21:24.161 [info] Using settings sync service https://vscode-sync.trafficmanager.net/
2024-07-26 11:21:24.161 [info] Auto Sync is enabled.
2024-07-26 11:21:24.161 [info] Auto Sync: Suspended until auth token is available.
2024-07-26 11:21:24.184 [info] Deleting non existing profile from backup /home/shasor/.config/Code/User/sync/extensions
2024-07-26 11:21:24.184 [info] Deleting non existing profile from backup /home/shasor/.config/Code/User/sync/globalState
2024-07-26 11:21:24.186 [info] Deleting non existing profile from backup /home/shasor/.config/Code/User/sync/keybindings
2024-07-26 11:21:24.189 [info] Deleting non existing profile from backup /home/shasor/.config/Code/User/sync/profiles
2024-07-26 11:21:24.194 [info] Deleting non existing profile from backup /home/shasor/.config/Code/User/sync/settings
2024-07-26 11:21:24.194 [info] Deleting non existing profile from backup /home/shasor/.config/Code/User/sync/snippets
2024-07-26 11:21:24.195 [info] Deleting non existing profile from backup /home/shasor/.config/Code/User/sync/tasks
2024-07-26 11:21:31.079 [info] Auto Sync: Triggered by Interval
2024-07-26 11:21:31.079 [info] Sync started.
2024-07-26 11:21:31.273 [info] Settings: Last sync resource does not exist locally.
2024-07-26 11:21:31.354 [info] Settings: No changes found during synchronizing settings.
2024-07-26 11:21:31.369 [info] Keybindings: Last sync resource does not exist locally.
2024-07-26 11:21:31.432 [info] Keybindings: No changes found during synchronizing keybindings.
2024-07-26 11:21:31.434 [info] Snippets: Last sync resource does not exist locally.
2024-07-26 11:21:31.482 [info] Snippets: No changes found during synchronizing snippets.
2024-07-26 11:21:31.490 [info] Tasks: Last sync resource does not exist locally.
2024-07-26 11:21:31.543 [info] Tasks: No changes found during synchronizing tasks.
2024-07-26 11:21:31.548 [info] GlobalState: Last sync resource does not exist locally.
2024-07-26 11:21:31.627 [info] GlobalState: No changes found during synchronizing ui state.
2024-07-26 11:21:31.633 [info] Extensions: Last sync resource does not exist locally.
2024-07-26 11:21:31.767 [info] Extensions: No changes found during synchronizing extensions.
2024-07-26 11:21:31.769 [info] Profiles: Last sync resource does not exist locally.
2024-07-26 11:21:31.810 [info] Profiles: No changes found during synchronizing profiles.
2024-07-26 11:21:31.814 [info] Sync done. Took 735ms
2024-07-26 11:21:57.058 [info] Auto Sync: Triggered by Activity
2024-07-26 11:21:57.058 [info] Sync started.
2024-07-26 11:21:57.126 [info] Settings: No changes found during synchronizing settings.
2024-07-26 11:21:57.133 [info] Keybindings: No changes found during synchronizing keybindings.
2024-07-26 11:21:57.136 [info] Snippets: No changes found during synchronizing snippets.
2024-07-26 11:21:57.141 [info] Tasks: No changes found during synchronizing tasks.
2024-07-26 11:21:57.147 [info] GlobalState: No changes found during synchronizing ui state.
2024-07-26 11:21:57.224 [info] Extensions: No changes found during synchronizing extensions.
2024-07-26 11:21:57.233 [info] Profiles: No changes found during synchronizing profiles.
2024-07-26 11:21:57.235 [info] Sync done. Took 177ms
2024-07-26 11:26:57.258 [info] Auto Sync: Triggered by Interval
2024-07-26 11:26:57.258 [info] Sync started.
2024-07-26 11:26:57.415 [info] Settings: No changes found during synchronizing settings.
2024-07-26 11:26:57.420 [info] Keybindings: No changes found during synchronizing keybindings.
2024-07-26 11:26:57.423 [info] Snippets: No changes found during synchronizing snippets.
2024-07-26 11:26:57.425 [info] Tasks: No changes found during synchronizing tasks.
2024-07-26 11:26:57.429 [info] GlobalState: No changes found during synchronizing ui state.
2024-07-26 11:26:57.475 [info] Extensions: No changes found during synchronizing extensions.
2024-07-26 11:26:57.478 [info] Profiles: No changes found during synchronizing profiles.
2024-07-26 11:26:57.479 [info] Sync done. Took 220ms
2024-07-26 11:31:57.505 [info] Auto Sync: Triggered by Interval
2024-07-26 11:31:57.505 [info] Sync started.
2024-07-26 11:31:57.610 [info] Settings: No changes found during synchronizing settings.
2024-07-26 11:31:57.614 [info] Keybindings: No changes found during synchronizing keybindings.
2024-07-26 11:31:57.617 [info] Snippets: No changes found during synchronizing snippets.
2024-07-26 11:31:57.619 [info] Tasks: No changes found during synchronizing tasks.
2024-07-26 11:31:57.623 [info] GlobalState: No changes found during synchronizing ui state.
2024-07-26 11:31:57.668 [info] Extensions: No changes found during synchronizing extensions.
2024-07-26 11:31:57.669 [info] Profiles: No changes found during synchronizing profiles.
2024-07-26 11:31:57.670 [info] Sync done. Took 166ms
2024-07-26 11:34:54.735 [info] Auto Sync: Triggered by Activity
2024-07-26 11:34:54.736 [info] Sync started.
2024-07-26 11:34:54.931 [info] Settings: No changes found during synchronizing settings.
2024-07-26 11:34:54.935 [info] Keybindings: No changes found during synchronizing keybindings.
2024-07-26 11:34:54.938 [info] Snippets: No changes found during synchronizing snippets.
2024-07-26 11:34:54.941 [info] Tasks: No changes found during synchronizing tasks.
2024-07-26 11:34:54.945 [info] GlobalState: No changes found during synchronizing ui state.
2024-07-26 11:34:54.993 [info] Extensions: No changes found during synchronizing extensions.
2024-07-26 11:34:54.996 [info] Profiles: No changes found during synchronizing profiles.
2024-07-26 11:34:54.997 [info] Sync done. Took 262ms
2024-07-26 11:35:11.306 [info] Auto Sync: Triggered by Activity
2024-07-26 11:35:11.307 [info] Sync started.
2024-07-26 11:35:11.332 [info] Settings: No changes found during synchronizing settings.
2024-07-26 11:35:11.336 [info] Keybindings: No changes found during synchronizing keybindings.
2024-07-26 11:35:11.339 [info] Snippets: No changes found during synchronizing snippets.
2024-07-26 11:35:11.342 [info] Tasks: No changes found during synchronizing tasks.
2024-07-26 11:35:11.346 [info] GlobalState: No changes found during synchronizing ui state.
2024-07-26 11:35:11.413 [info] Extensions: No changes found during synchronizing extensions.
2024-07-26 11:35:11.416 [info] Profiles: No changes found during synchronizing profiles.
2024-07-26 11:35:11.418 [info] Sync done. Took 111ms
2024-07-26 11:40:11.465 [info] Auto Sync: Triggered by Interval
2024-07-26 11:40:11.465 [info] Sync started.
2024-07-26 11:40:11.615 [info] Settings: No changes found during synchronizing settings.
2024-07-26 11:40:11.619 [info] Keybindings: No changes found during synchronizing keybindings.
2024-07-26 11:40:11.622 [info] Snippets: No changes found during synchronizing snippets.
2024-07-26 11:40:11.624 [info] Tasks: No changes found during synchronizing tasks.
2024-07-26 11:40:11.628 [info] GlobalState: No changes found during synchronizing ui state.
2024-07-26 11:40:11.681 [info] Extensions: No changes found during synchronizing extensions.
2024-07-26 11:40:11.683 [info] Profiles: No changes found during synchronizing profiles.
2024-07-26 11:40:11.685 [info] Sync done. Took 220ms
2024-07-26 11:45:05.929 [info] Auto Sync: Triggered by Activity
2024-07-26 11:45:05.929 [info] Sync started.
2024-07-26 11:45:06.266 [info] Settings: No changes found during synchronizing settings.
2024-07-26 11:45:06.270 [info] Keybindings: No changes found during synchronizing keybindings.
2024-07-26 11:45:06.273 [info] Snippets: No changes found during synchronizing snippets.
2024-07-26 11:45:06.276 [info] Tasks: No changes found during synchronizing tasks.
2024-07-26 11:45:06.279 [info] GlobalState: No changes found during synchronizing ui state.
2024-07-26 11:45:06.325 [info] Extensions: No changes found during synchronizing extensions.
2024-07-26 11:45:06.327 [info] Profiles: No changes found during synchronizing profiles.
2024-07-26 11:45:06.328 [info] Sync done. Took 399ms
2024-07-26 11:46:10.758 [info] Auto Sync: Triggered by Activity
2024-07-26 11:46:10.758 [info] Sync started.
2024-07-26 11:46:10.881 [info] Settings: No changes found during synchronizing settings.
2024-07-26 11:46:10.886 [info] Keybindings: No changes found during synchronizing keybindings.
2024-07-26 11:46:10.889 [info] Snippets: No changes found during synchronizing snippets.
2024-07-26 11:46:10.891 [info] Tasks: No changes found during synchronizing tasks.
2024-07-26 11:46:10.894 [info] GlobalState: No changes found during synchronizing ui state.
2024-07-26 11:46:10.946 [info] Extensions: No changes found during synchronizing extensions.
2024-07-26 11:46:10.947 [info] Profiles: No changes found during synchronizing profiles.
2024-07-26 11:46:10.950 [info] Sync done. Took 191ms
2024-07-26 11:46:22.302 [info] Auto Sync: Triggered by Activity
2024-07-26 11:46:22.302 [info] Sync started.
2024-07-26 11:46:22.342 [info] Settings: No changes found during synchronizing settings.
2024-07-26 11:46:22.347 [info] Keybindings: No changes found during synchronizing keybindings.
2024-07-26 11:46:22.350 [info] Snippets: No changes found during synchronizing snippets.
2024-07-26 11:46:22.352 [info] Tasks: No changes found during synchronizing tasks.
2024-07-26 11:46:22.356 [info] GlobalState: No changes found during synchronizing ui state.
2024-07-26 11:46:22.421 [info] Extensions: No changes found during synchronizing extensions.
2024-07-26 11:46:22.425 [info] Profiles: No changes found during synchronizing profiles.
2024-07-26 11:46:22.426 [info] Sync done. Took 125ms
2024-07-26 11:51:22.481 [info] Auto Sync: Triggered by Interval
2024-07-26 11:51:22.482 [info] Sync started.
2024-07-26 11:51:22.639 [info] Settings: No changes found during synchronizing settings.
2024-07-26 11:51:22.643 [info] Keybindings: No changes found during synchronizing keybindings.
2024-07-26 11:51:22.645 [info] Snippets: No changes found during synchronizing snippets.
2024-07-26 11:51:22.648 [info] Tasks: No changes found during synchronizing tasks.
2024-07-26 11:51:22.652 [info] GlobalState: No changes found during synchronizing ui state.
2024-07-26 11:51:22.702 [info] Extensions: No changes found during synchronizing extensions.
2024-07-26 11:51:22.703 [info] Profiles: No changes found during synchronizing profiles.
2024-07-26 11:51:22.705 [info] Sync done. Took 223ms
2024-07-26 11:56:22.761 [info] Auto Sync: Triggered by Interval
2024-07-26 11:56:22.762 [info] Sync started.
2024-07-26 11:56:22.877 [info] Settings: No changes found during synchronizing settings.
2024-07-26 11:56:22.880 [info] Keybindings: No changes found during synchronizing keybindings.
2024-07-26 11:56:22.884 [info] Snippets: No changes found during synchronizing snippets.
2024-07-26 11:56:22.887 [info] Tasks: No changes found during synchronizing tasks.
2024-07-26 11:56:22.890 [info] GlobalState: No changes found during synchronizing ui state.
2024-07-26 11:56:22.941 [info] Extensions: No changes found during synchronizing extensions.
2024-07-26 11:56:22.942 [info] Profiles: No changes found during synchronizing profiles.
2024-07-26 11:56:22.943 [info] Sync done. Took 182ms
2024-07-26 12:01:22.965 [info] Auto Sync: Triggered by Interval
2024-07-26 12:01:22.965 [info] Sync started.
2024-07-26 12:01:23.076 [info] Settings: No changes found during synchronizing settings.
2024-07-26 12:01:23.080 [info] Keybindings: No changes found during synchronizing keybindings.
2024-07-26 12:01:23.082 [info] Snippets: No changes found during synchronizing snippets.
2024-07-26 12:01:23.085 [info] Tasks: No changes found during synchronizing tasks.
2024-07-26 12:01:23.089 [info] GlobalState: No changes found during synchronizing ui state.
2024-07-26 12:01:23.139 [info] Extensions: No changes found during synchronizing extensions.
2024-07-26 12:01:23.141 [info] Profiles: No changes found during synchronizing profiles.
2024-07-26 12:01:23.143 [info] Sync done. Took 179ms
2024-07-26 12:06:23.198 [info] Auto Sync: Triggered by Interval
2024-07-26 12:06:23.198 [info] Sync started.
2024-07-26 12:06:23.306 [info] Settings: No changes found during synchronizing settings.
2024-07-26 12:06:23.310 [info] Keybindings: No changes found during synchronizing keybindings.
2024-07-26 12:06:23.312 [info] Snippets: No changes found during synchronizing snippets.
2024-07-26 12:06:23.314 [info] Tasks: No changes found during synchronizing tasks.
2024-07-26 12:06:23.317 [info] GlobalState: No changes found during synchronizing ui state.
2024-07-26 12:06:23.356 [info] Extensions: No changes found during synchronizing extensions.
2024-07-26 12:06:23.358 [info] Profiles: No changes found during synchronizing profiles.
2024-07-26 12:06:23.361 [info] Sync done. Took 163ms
2024-07-26 12:11:23.418 [info] Auto Sync: Triggered by Interval
2024-07-26 12:11:23.418 [info] Sync started.
2024-07-26 12:11:23.520 [info] Settings: No changes found during synchronizing settings.
2024-07-26 12:11:23.523 [info] Keybindings: No changes found during synchronizing keybindings.
2024-07-26 12:11:23.526 [info] Snippets: No changes found during synchronizing snippets.
2024-07-26 12:11:23.528 [info] Tasks: No changes found during synchronizing tasks.
2024-07-26 12:11:23.531 [info] GlobalState: No changes found during synchronizing ui state.
2024-07-26 12:11:23.572 [info] Extensions: No changes found during synchronizing extensions.
2024-07-26 12:11:23.573 [info] Profiles: No changes found during synchronizing profiles.
2024-07-26 12:11:23.574 [info] Sync done. Took 157ms
2024-07-26 12:15:26.435 [info] Auto Sync: Triggered by Activity
2024-07-26 12:15:26.435 [info] Sync started.
2024-07-26 12:15:26.752 [info] Settings: No changes found during synchronizing settings.
2024-07-26 12:15:26.756 [info] Keybindings: No changes found during synchronizing keybindings.
2024-07-26 12:15:26.759 [info] Snippets: No changes found during synchronizing snippets.
2024-07-26 12:15:26.762 [info] Tasks: No changes found during synchronizing tasks.
2024-07-26 12:15:26.765 [info] GlobalState: No changes found during synchronizing ui state.
2024-07-26 12:15:26.817 [info] Extensions: No changes found during synchronizing extensions.
2024-07-26 12:15:26.819 [info] Profiles: No changes found during synchronizing profiles.
2024-07-26 12:15:26.820 [info] Sync done. Took 386ms
2024-07-26 12:16:07.736 [info] Auto Sync: Triggered by Activity
2024-07-26 12:16:07.736 [info] Sync started.
2024-07-26 12:16:07.774 [info] Settings: No changes found during synchronizing settings.
2024-07-26 12:16:07.778 [info] Keybindings: No changes found during synchronizing keybindings.
2024-07-26 12:16:07.781 [info] Snippets: No changes found during synchronizing snippets.
2024-07-26 12:16:07.783 [info] Tasks: No changes found during synchronizing tasks.
2024-07-26 12:16:07.786 [info] GlobalState: No changes found during synchronizing ui state.
2024-07-26 12:16:07.843 [info] Extensions: No changes found during synchronizing extensions.
2024-07-26 12:16:07.847 [info] Profiles: No changes found during synchronizing profiles.
2024-07-26 12:16:07.849 [info] Sync done. Took 114ms
2024-07-26 12:16:36.546 [info] Auto Sync: Triggered by Activity
2024-07-26 12:16:36.547 [info] Sync started.
2024-07-26 12:16:36.588 [info] Settings: No changes found during synchronizing settings.
2024-07-26 12:16:36.592 [info] Keybindings: No changes found during synchronizing keybindings.
2024-07-26 12:16:36.595 [info] Snippets: No changes found during synchronizing snippets.
2024-07-26 12:16:36.598 [info] Tasks: No changes found during synchronizing tasks.
2024-07-26 12:16:36.602 [info] GlobalState: No changes found during synchronizing ui state.
2024-07-26 12:16:36.676 [info] Extensions: No changes found during synchronizing extensions.
2024-07-26 12:16:36.678 [info] Profiles: No changes found during synchronizing profiles.
2024-07-26 12:16:36.679 [info] Sync done. Took 133ms
2024-07-26 12:16:49.805 [info] Auto Sync: Triggered by Activity
2024-07-26 12:16:49.805 [info] Sync started.
2024-07-26 12:16:49.846 [info] Settings: No changes found during synchronizing settings.
2024-07-26 12:16:49.851 [info] Keybindings: No changes found during synchronizing keybindings.
2024-07-26 12:16:49.854 [info] Snippets: No changes found during synchronizing snippets.
2024-07-26 12:16:49.856 [info] Tasks: No changes found during synchronizing tasks.
2024-07-26 12:16:49.860 [info] GlobalState: No changes found during synchronizing ui state.
2024-07-26 12:16:49.911 [info] Extensions: No changes found during synchronizing extensions.
2024-07-26 12:16:49.915 [info] Profiles: No changes found during synchronizing profiles.
2024-07-26 12:16:49.916 [info] Sync done. Took 112ms
2024-07-26 12:21:49.938 [info] Auto Sync: Triggered by Interval
2024-07-26 12:21:49.938 [info] Sync started.
2024-07-26 12:21:50.038 [info] Settings: No changes found during synchronizing settings.
2024-07-26 12:21:50.042 [info] Keybindings: No changes found during synchronizing keybindings.
2024-07-26 12:21:50.045 [info] Snippets: No changes found during synchronizing snippets.
2024-07-26 12:21:50.048 [info] Tasks: No changes found during synchronizing tasks.
2024-07-26 12:21:50.051 [info] GlobalState: No changes found during synchronizing ui state.
2024-07-26 12:21:50.117 [info] Extensions: No changes found during synchronizing extensions.
2024-07-26 12:21:50.121 [info] Profiles: No changes found during synchronizing profiles.
2024-07-26 12:21:50.123 [info] Sync done. Took 185ms
2024-07-26 12:26:50.144 [info] Auto Sync: Triggered by Interval
2024-07-26 12:26:50.144 [info] Sync started.
2024-07-26 12:26:50.315 [info] Settings: No changes found during synchronizing settings.
2024-07-26 12:26:50.319 [info] Keybindings: No changes found during synchronizing keybindings.
2024-07-26 12:26:50.321 [info] Snippets: No changes found during synchronizing snippets.
2024-07-26 12:26:50.324 [info] Tasks: No changes found during synchronizing tasks.
2024-07-26 12:26:50.327 [info] GlobalState: No changes found during synchronizing ui state.
2024-07-26 12:26:50.374 [info] Extensions: No changes found during synchronizing extensions.
2024-07-26 12:26:50.377 [info] Profiles: No changes found during synchronizing profiles.
2024-07-26 12:26:50.378 [info] Sync done. Took 234ms
2024-07-26 12:31:50.381 [info] Auto Sync: Triggered by Interval
2024-07-26 12:31:50.381 [info] Sync started.
2024-07-26 12:31:50.512 [info] Settings: No changes found during synchronizing settings.
2024-07-26 12:31:50.516 [info] Keybindings: No changes found during synchronizing keybindings.
2024-07-26 12:31:50.518 [info] Snippets: No changes found during synchronizing snippets.
2024-07-26 12:31:50.521 [info] Tasks: No changes found during synchronizing tasks.
2024-07-26 12:31:50.524 [info] GlobalState: No changes found during synchronizing ui state.
2024-07-26 12:31:50.575 [info] Extensions: No changes found during synchronizing extensions.
2024-07-26 12:31:50.576 [info] Profiles: No changes found during synchronizing profiles.
2024-07-26 12:31:50.578 [info] Sync done. Took 197ms
2024-07-26 12:36:24.765 [info] Auto Sync: Triggered by Activity
2024-07-26 12:36:24.765 [info] Sync started.
2024-07-26 12:36:24.857 [info] Settings: No changes found during synchronizing settings.
2024-07-26 12:36:24.861 [info] Keybindings: No changes found during synchronizing keybindings.
2024-07-26 12:36:24.863 [info] Snippets: No changes found during synchronizing snippets.
2024-07-26 12:36:24.865 [info] Tasks: No changes found during synchronizing tasks.
2024-07-26 12:36:24.868 [info] GlobalState: No changes found during synchronizing ui state.
2024-07-26 12:36:24.911 [info] Extensions: No changes found during synchronizing extensions.
2024-07-26 12:36:24.912 [info] Profiles: No changes found during synchronizing profiles.
2024-07-26 12:36:24.914 [info] Sync done. Took 149ms
2024-07-26 12:38:53.017 [info] Auto Sync: Triggered by Activity
2024-07-26 12:38:53.017 [info] Sync started.
2024-07-26 12:38:53.100 [info] Settings: No changes found during synchronizing settings.
2024-07-26 12:38:53.105 [info] Keybindings: No changes found during synchronizing keybindings.
2024-07-26 12:38:53.107 [info] Snippets: No changes found during synchronizing snippets.
2024-07-26 12:38:53.109 [info] Tasks: No changes found during synchronizing tasks.
2024-07-26 12:38:53.113 [info] GlobalState: No changes found during synchronizing ui state.
2024-07-26 12:38:53.169 [info] Extensions: No changes found during synchronizing extensions.
2024-07-26 12:38:53.172 [info] Profiles: No changes found during synchronizing profiles.
2024-07-26 12:38:53.173 [info] Sync done. Took 157ms
2024-07-26 12:43:39.463 [info] Auto Sync: Triggered by Activity
2024-07-26 12:43:39.463 [info] Sync started.
2024-07-26 12:43:39.566 [info] Settings: No changes found during synchronizing settings.
2024-07-26 12:43:39.569 [info] Keybindings: No changes found during synchronizing keybindings.
2024-07-26 12:43:39.572 [info] Snippets: No changes found during synchronizing snippets.
2024-07-26 12:43:39.574 [info] Tasks: No changes found during synchronizing tasks.
2024-07-26 12:43:39.577 [info] GlobalState: No changes found during synchronizing ui state.
2024-07-26 12:43:39.630 [info] Extensions: No changes found during synchronizing extensions.
2024-07-26 12:43:39.631 [info] Profiles: No changes found during synchronizing profiles.
2024-07-26 12:43:39.633 [info] Sync done. Took 169ms
2024-07-26 12:43:56.000 [info] Auto Sync: Triggered by Activity
2024-07-26 12:43:56.000 [info] Sync started.
2024-07-26 12:43:56.046 [info] Settings: No changes found during synchronizing settings.
2024-07-26 12:43:56.050 [info] Keybindings: No changes found during synchronizing keybindings.
2024-07-26 12:43:56.053 [info] Snippets: No changes found during synchronizing snippets.
2024-07-26 12:43:56.055 [info] Tasks: No changes found during synchronizing tasks.
2024-07-26 12:43:56.058 [info] GlobalState: No changes found during synchronizing ui state.
2024-07-26 12:43:56.101 [info] Extensions: No changes found during synchronizing extensions.
2024-07-26 12:43:56.103 [info] Profiles: No changes found during synchronizing profiles.
2024-07-26 12:43:56.105 [info] Sync done. Took 104ms
2024-07-26 12:44:27.845 [info] Auto Sync: Triggered by Activity
2024-07-26 12:44:27.845 [info] Sync started.
2024-07-26 12:44:27.870 [info] Settings: No changes found during synchronizing settings.
2024-07-26 12:44:27.877 [info] Keybindings: No changes found during synchronizing keybindings.
2024-07-26 12:44:27.882 [info] Snippets: No changes found during synchronizing snippets.
2024-07-26 12:44:27.885 [info] Tasks: No changes found during synchronizing tasks.
2024-07-26 12:44:27.887 [info] GlobalState: No changes found during synchronizing ui state.
2024-07-26 12:44:27.940 [info] Extensions: No changes found during synchronizing extensions.
2024-07-26 12:44:27.942 [info] Profiles: No changes found during synchronizing profiles.
2024-07-26 12:44:27.943 [info] Sync done. Took 98ms
2024-07-26 12:45:54.077 [info] Auto Sync: Triggered by Activity
2024-07-26 12:45:54.077 [info] Sync started.
2024-07-26 12:45:54.113 [info] Settings: No changes found during synchronizing settings.
2024-07-26 12:45:54.117 [info] Keybindings: No changes found during synchronizing keybindings.
2024-07-26 12:45:54.121 [info] Snippets: No changes found during synchronizing snippets.
2024-07-26 12:45:54.123 [info] Tasks: No changes found during synchronizing tasks.
2024-07-26 12:45:54.126 [info] GlobalState: No changes found during synchronizing ui state.
2024-07-26 12:45:54.173 [info] Extensions: No changes found during synchronizing extensions.
2024-07-26 12:45:54.174 [info] Profiles: No changes found during synchronizing profiles.
2024-07-26 12:45:54.175 [info] Sync done. Took 98ms
2024-07-26 12:46:56.801 [info] Auto Sync: Triggered by Activity
2024-07-26 12:46:56.801 [info] Sync started.
2024-07-26 12:46:56.832 [info] Settings: No changes found during synchronizing settings.
2024-07-26 12:46:56.835 [info] Keybindings: No changes found during synchronizing keybindings.
2024-07-26 12:46:56.839 [info] Snippets: No changes found during synchronizing snippets.
2024-07-26 12:46:56.842 [info] Tasks: No changes found during synchronizing tasks.
2024-07-26 12:46:56.846 [info] GlobalState: No changes found during synchronizing ui state.
2024-07-26 12:46:56.890 [info] Extensions: No changes found during synchronizing extensions.
2024-07-26 12:46:56.891 [info] Profiles: No changes found during synchronizing profiles.
2024-07-26 12:46:56.892 [info] Sync done. Took 91ms
2024-07-26 12:47:21.104 [info] Auto Sync: Triggered by Activity
2024-07-26 12:47:21.104 [info] Sync started.
2024-07-26 12:47:21.136 [info] Settings: No changes found during synchronizing settings.
2024-07-26 12:47:21.161 [info] Keybindings: No changes found during synchronizing keybindings.
2024-07-26 12:47:21.173 [info] Snippets: No changes found during synchronizing snippets.
2024-07-26 12:47:21.186 [info] Tasks: No changes found during synchronizing tasks.
2024-07-26 12:47:21.192 [info] GlobalState: No changes found during synchronizing ui state.
2024-07-26 12:47:21.245 [info] Extensions: No changes found during synchronizing extensions.
2024-07-26 12:47:21.247 [info] Profiles: No changes found during synchronizing profiles.
2024-07-26 12:47:21.248 [info] Sync done. Took 145ms
2024-07-26 12:48:09.750 [info] Auto Sync: Triggered by Activity
2024-07-26 12:48:09.751 [info] Sync started.
2024-07-26 12:48:09.789 [info] Settings: No changes found during synchronizing settings.
2024-07-26 12:48:09.794 [info] Keybindings: No changes found during synchronizing keybindings.
2024-07-26 12:48:09.796 [info] Snippets: No changes found during synchronizing snippets.
2024-07-26 12:48:09.799 [info] Tasks: No changes found during synchronizing tasks.
2024-07-26 12:48:09.801 [info] GlobalState: No changes found during synchronizing ui state.
2024-07-26 12:48:09.842 [info] Extensions: No changes found during synchronizing extensions.
2024-07-26 12:48:09.845 [info] Profiles: No changes found during synchronizing profiles.
2024-07-26 12:48:09.846 [info] Sync done. Took 95ms
2024-07-26 12:49:21.270 [info] Auto Sync: Triggered by Activity
2024-07-26 12:49:21.270 [info] Sync started.
2024-07-26 12:49:21.297 [info] Settings: No changes found during synchronizing settings.
2024-07-26 12:49:21.300 [info] Keybindings: No changes found during synchronizing keybindings.
2024-07-26 12:49:21.302 [info] Snippets: No changes found during synchronizing snippets.
2024-07-26 12:49:21.305 [info] Tasks: No changes found during synchronizing tasks.
2024-07-26 12:49:21.309 [info] GlobalState: No changes found during synchronizing ui state.
2024-07-26 12:49:21.364 [info] Extensions: No changes found during synchronizing extensions.
2024-07-26 12:49:21.366 [info] Profiles: No changes found during synchronizing profiles.
2024-07-26 12:49:21.367 [info] Sync done. Took 96ms
2024-07-26 12:49:40.282 [info] Auto Sync: Triggered by Activity
2024-07-26 12:49:40.282 [info] Sync started.
2024-07-26 12:49:40.319 [info] Settings: No changes found during synchronizing settings.
2024-07-26 12:49:40.322 [info] Keybindings: No changes found during synchronizing keybindings.
2024-07-26 12:49:40.325 [info] Snippets: No changes found during synchronizing snippets.
2024-07-26 12:49:40.327 [info] Tasks: No changes found during synchronizing tasks.
2024-07-26 12:49:40.331 [info] GlobalState: No changes found during synchronizing ui state.
2024-07-26 12:49:40.386 [info] Extensions: No changes found during synchronizing extensions.
2024-07-26 12:49:40.388 [info] Profiles: No changes found during synchronizing profiles.
2024-07-26 12:49:40.391 [info] Sync done. Took 110ms
2024-07-26 12:49:57.548 [info] Auto Sync: Triggered by Activity
2024-07-26 12:49:57.548 [info] Sync started.
2024-07-26 12:49:57.574 [info] Settings: No changes found during synchronizing settings.
2024-07-26 12:49:57.578 [info] Keybindings: No changes found during synchronizing keybindings.
2024-07-26 12:49:57.581 [info] Snippets: No changes found during synchronizing snippets.
2024-07-26 12:49:57.583 [info] Tasks: No changes found during synchronizing tasks.
2024-07-26 12:49:57.586 [info] GlobalState: No changes found during synchronizing ui state.
2024-07-26 12:49:57.632 [info] Extensions: No changes found during synchronizing extensions.
2024-07-26 12:49:57.634 [info] Profiles: No changes found during synchronizing profiles.
2024-07-26 12:49:57.636 [info] Sync done. Took 88ms
2024-07-26 12:50:10.551 [info] Auto Sync: Triggered by Activity
2024-07-26 12:50:10.551 [info] Sync started.
2024-07-26 12:50:10.581 [info] Settings: No changes found during synchronizing settings.
2024-07-26 12:50:10.585 [info] Keybindings: No changes found during synchronizing keybindings.
2024-07-26 12:50:10.587 [info] Snippets: No changes found during synchronizing snippets.
2024-07-26 12:50:10.589 [info] Tasks: No changes found during synchronizing tasks.
2024-07-26 12:50:10.592 [info] GlobalState: No changes found during synchronizing ui state.
2024-07-26 12:50:10.633 [info] Extensions: No changes found during synchronizing extensions.
2024-07-26 12:50:10.634 [info] Profiles: No changes found during synchronizing profiles.
2024-07-26 12:50:10.635 [info] Sync done. Took 84ms
2024-07-26 12:50:32.586 [info] Auto Sync: Triggered by Activity
2024-07-26 12:50:32.586 [info] Sync started.
2024-07-26 12:50:32.617 [info] Settings: No changes found during synchronizing settings.
2024-07-26 12:50:32.621 [info] Keybindings: No changes found during synchronizing keybindings.
2024-07-26 12:50:32.623 [info] Snippets: No changes found during synchronizing snippets.
2024-07-26 12:50:32.625 [info] Tasks: No changes found during synchronizing tasks.
2024-07-26 12:50:32.628 [info] GlobalState: No changes found during synchronizing ui state.
2024-07-26 12:50:32.663 [info] Extensions: No changes found during synchronizing extensions.
2024-07-26 12:50:32.666 [info] Profiles: No changes found during synchronizing profiles.
2024-07-26 12:50:32.667 [info] Sync done. Took 81ms
2024-07-26 12:50:44.628 [info] Auto Sync: Triggered by Activity
2024-07-26 12:50:44.628 [info] Sync started.
2024-07-26 12:50:44.658 [info] Settings: No changes found during synchronizing settings.
2024-07-26 12:50:44.662 [info] Keybindings: No changes found during synchronizing keybindings.
2024-07-26 12:50:44.665 [info] Snippets: No changes found during synchronizing snippets.
2024-07-26 12:50:44.667 [info] Tasks: No changes found during synchronizing tasks.
2024-07-26 12:50:44.670 [info] GlobalState: No changes found during synchronizing ui state.
2024-07-26 12:50:44.717 [info] Extensions: No changes found during synchronizing extensions.
2024-07-26 12:50:44.718 [info] Profiles: No changes found during synchronizing profiles.
2024-07-26 12:50:44.719 [info] Sync done. Took 91ms
2024-07-26 12:52:59.041 [info] Auto Sync: Triggered by Activity
2024-07-26 12:52:59.042 [info] Sync started.
2024-07-26 12:52:59.206 [info] Settings: No changes found during synchronizing settings.
2024-07-26 12:52:59.210 [info] Keybindings: No changes found during synchronizing keybindings.
2024-07-26 12:52:59.213 [info] Snippets: No changes found during synchronizing snippets.
2024-07-26 12:52:59.215 [info] Tasks: No changes found during synchronizing tasks.
2024-07-26 12:52:59.219 [info] GlobalState: No changes found during synchronizing ui state.
2024-07-26 12:52:59.294 [info] Extensions: No changes found during synchronizing extensions.
2024-07-26 12:52:59.295 [info] Profiles: No changes found during synchronizing profiles.
2024-07-26 12:52:59.296 [info] Sync done. Took 255ms
2024-07-26 12:54:10.840 [info] Auto Sync: Triggered by Activity
2024-07-26 12:54:10.840 [info] Sync started.
2024-07-26 12:54:10.887 [info] Settings: No changes found during synchronizing settings.
2024-07-26 12:54:10.891 [info] Keybindings: No changes found during synchronizing keybindings.
2024-07-26 12:54:10.894 [info] Snippets: No changes found during synchronizing snippets.
2024-07-26 12:54:10.897 [info] Tasks: No changes found during synchronizing tasks.
2024-07-26 12:54:10.901 [info] GlobalState: No changes found during synchronizing ui state.
2024-07-26 12:54:10.974 [info] Extensions: No changes found during synchronizing extensions.
2024-07-26 12:54:10.976 [info] Profiles: No changes found during synchronizing profiles.
2024-07-26 12:54:10.977 [info] Sync done. Took 137ms
2024-07-26 12:54:42.295 [info] Auto Sync: Triggered by Activity
2024-07-26 12:54:42.296 [info] Sync started.
2024-07-26 12:54:42.351 [info] Settings: No changes found during synchronizing settings.
2024-07-26 12:54:42.354 [info] Keybindings: No changes found during synchronizing keybindings.
2024-07-26 12:54:42.357 [info] Snippets: No changes found during synchronizing snippets.
2024-07-26 12:54:42.359 [info] Tasks: No changes found during synchronizing tasks.
2024-07-26 12:54:42.361 [info] GlobalState: No changes found during synchronizing ui state.
2024-07-26 12:54:42.401 [info] Extensions: No changes found during synchronizing extensions.
2024-07-26 12:54:42.402 [info] Profiles: No changes found during synchronizing profiles.
2024-07-26 12:54:42.403 [info] Sync done. Took 108ms
2024-07-26 12:55:49.800 [info] Auto Sync: Triggered by Activity
2024-07-26 12:55:49.800 [info] Sync started.
2024-07-26 12:55:49.840 [info] Settings: No changes found during synchronizing settings.
2024-07-26 12:55:49.844 [info] Keybindings: No changes found during synchronizing keybindings.
2024-07-26 12:55:49.847 [info] Snippets: No changes found during synchronizing snippets.
2024-07-26 12:55:49.849 [info] Tasks: No changes found during synchronizing tasks.
2024-07-26 12:55:49.852 [info] GlobalState: No changes found during synchronizing ui state.
2024-07-26 12:55:49.928 [info] Extensions: No changes found during synchronizing extensions.
2024-07-26 12:55:49.929 [info] Profiles: No changes found during synchronizing profiles.
2024-07-26 12:55:49.931 [info] Sync done. Took 132ms
2024-07-26 12:59:11.943 [info] Auto Sync: Triggered by Activity
2024-07-26 12:59:11.944 [info] Sync started.
2024-07-26 12:59:12.044 [info] Settings: No changes found during synchronizing settings.
2024-07-26 12:59:12.047 [info] Keybindings: No changes found during synchronizing keybindings.
2024-07-26 12:59:12.049 [info] Snippets: No changes found during synchronizing snippets.
2024-07-26 12:59:12.052 [info] Tasks: No changes found during synchronizing tasks.
2024-07-26 12:59:12.056 [info] GlobalState: No changes found during synchronizing ui state.
2024-07-26 12:59:12.120 [info] Extensions: No changes found during synchronizing extensions.
2024-07-26 12:59:12.121 [info] Profiles: No changes found during synchronizing profiles.
2024-07-26 12:59:12.123 [info] Sync done. Took 180ms
2024-07-26 13:04:12.168 [info] Auto Sync: Triggered by Interval
2024-07-26 13:04:12.168 [info] Sync started.
2024-07-26 13:04:12.316 [info] Settings: No changes found during synchronizing settings.
2024-07-26 13:04:12.322 [info] Keybindings: No changes found during synchronizing keybindings.
2024-07-26 13:04:12.326 [info] Snippets: No changes found during synchronizing snippets.
2024-07-26 13:04:12.328 [info] Tasks: No changes found during synchronizing tasks.
2024-07-26 13:04:12.334 [info] GlobalState: No changes found during synchronizing ui state.
2024-07-26 13:04:12.380 [info] Extensions: No changes found during synchronizing extensions.
2024-07-26 13:04:12.381 [info] Profiles: No changes found during synchronizing profiles.
2024-07-26 13:04:12.383 [info] Sync done. Took 215ms
2024-07-26 13:09:12.424 [info] Auto Sync: Triggered by Interval
2024-07-26 13:09:12.424 [info] Sync started.
2024-07-26 13:09:12.598 [info] Settings: No changes found during synchronizing settings.
2024-07-26 13:09:12.602 [info] Keybindings: No changes found during synchronizing keybindings.
2024-07-26 13:09:12.605 [info] Snippets: No changes found during synchronizing snippets.
2024-07-26 13:09:12.607 [info] Tasks: No changes found during synchronizing tasks.
2024-07-26 13:09:12.610 [info] GlobalState: No changes found during synchronizing ui state.
2024-07-26 13:09:12.655 [info] Extensions: No changes found during synchronizing extensions.
2024-07-26 13:09:12.657 [info] Profiles: No changes found during synchronizing profiles.
2024-07-26 13:09:12.661 [info] Sync done. Took 236ms
2024-07-26 13:12:11.189 [info] Auto Sync: Triggered by Activity
2024-07-26 13:12:11.189 [info] Sync started.
2024-07-26 13:12:11.336 [info] Settings: No changes found during synchronizing settings.
2024-07-26 13:12:11.340 [info] Keybindings: No changes found during synchronizing keybindings.
2024-07-26 13:12:11.342 [info] Snippets: No changes found during synchronizing snippets.
2024-07-26 13:12:11.344 [info] Tasks: No changes found during synchronizing tasks.
2024-07-26 13:12:11.347 [info] GlobalState: No changes found during synchronizing ui state.
2024-07-26 13:12:11.388 [info] Extensions: No changes found during synchronizing extensions.
2024-07-26 13:12:11.389 [info] Profiles: No changes found during synchronizing profiles.
2024-07-26 13:12:11.392 [info] Sync done. Took 201ms
2024-07-26 13:12:25.286 [info] Auto Sync: Triggered by Activity
2024-07-26 13:12:25.286 [info] Sync started.
2024-07-26 13:12:25.337 [info] Settings: No changes found during synchronizing settings.
2024-07-26 13:12:25.341 [info] Keybindings: No changes found during synchronizing keybindings.
2024-07-26 13:12:25.343 [info] Snippets: No changes found during synchronizing snippets.
2024-07-26 13:12:25.345 [info] Tasks: No changes found during synchronizing tasks.
2024-07-26 13:12:25.348 [info] GlobalState: No changes found during synchronizing ui state.
2024-07-26 13:12:25.396 [info] Extensions: No changes found during synchronizing extensions.
2024-07-26 13:12:25.398 [info] Profiles: No changes found during synchronizing profiles.
2024-07-26 13:12:25.399 [info] Sync done. Took 113ms
2024-07-26 13:13:12.591 [info] Auto Sync: Triggered by Activity
2024-07-26 13:13:12.591 [info] Sync started.
2024-07-26 13:13:12.630 [info] Settings: No changes found during synchronizing settings.
2024-07-26 13:13:12.633 [info] Keybindings: No changes found during synchronizing keybindings.
2024-07-26 13:13:12.636 [info] Snippets: No changes found during synchronizing snippets.
2024-07-26 13:13:12.638 [info] Tasks: No changes found during synchronizing tasks.
2024-07-26 13:13:12.641 [info] GlobalState: No changes found during synchronizing ui state.
2024-07-26 13:13:12.677 [info] Extensions: No changes found during synchronizing extensions.
2024-07-26 13:13:12.680 [info] Profiles: No changes found during synchronizing profiles.
2024-07-26 13:13:12.682 [info] Sync done. Took 91ms
2024-07-26 13:14:33.751 [info] Auto Sync: Triggered by Activity
2024-07-26 13:14:33.751 [info] Sync started.
2024-07-26 13:14:33.790 [info] Settings: No changes found during synchronizing settings.
2024-07-26 13:14:33.793 [info] Keybindings: No changes found during synchronizing keybindings.
2024-07-26 13:14:33.796 [info] Snippets: No changes found during synchronizing snippets.
2024-07-26 13:14:33.798 [info] Tasks: No changes found during synchronizing tasks.
2024-07-26 13:14:33.801 [info] GlobalState: No changes found during synchronizing ui state.
2024-07-26 13:14:33.849 [info] Extensions: No changes found during synchronizing extensions.
2024-07-26 13:14:33.850 [info] Profiles: No changes found during synchronizing profiles.
2024-07-26 13:14:33.851 [info] Sync done. Took 101ms
