[Info  - 13:15:21] 2024/07/26 13:15:21 Created View (#1)
	directory=/home/shasor/Documents/Zone01
	view_type="AdHoc"
	root_dir="file:///home/shasor/Documents/Zone01"
	go_version="go version go1.22.4 linux/amd64"
	build_flags=[]
	env={GOOS:linux GOARCH:amd64 GOCACHE:/home/shasor/.cache/go-build GOMODCACHE:/home/shasor/go/pkg/mod GOPATH:/home/shasor/go GOPRIVATE: GOFLAGS: GO111MODULE: GOTOOLCHAIN:auto GoVersion:22 GoVersionOutput:go version go1.22.4 linux/amd64
 ExplicitGOWORK: EffectiveGOPACKAGESDRIVER:}
	env_overlay=[]

[Info  - 13:15:21] 2024/07/26 13:15:21 go/packages.Load #1
	view_id="1"
	snapshot=0
	directory=/home/shasor/Documents/Zone01
	query=[./ builtin]
	packages=2
	duration=10.591037ms

[Info  - 13:15:21] 2024/07/26 13:15:21 Created View (#2)
	directory=/home/shasor/Documents/Zone01
	view_type="GoMod"
	root_dir="file:///home/shasor/Documents/Zone01/groupie-tracker"
	go_version="go version go1.22.4 linux/amd64"
	build_flags=[]
	env={GOOS:linux GOARCH:amd64 GOCACHE:/home/shasor/.cache/go-build GOMODCACHE:/home/shasor/go/pkg/mod GOPATH:/home/shasor/go GOPRIVATE: GOFLAGS: GO111MODULE: GOTOOLCHAIN:auto GoVersion:22 GoVersionOutput:go version go1.22.4 linux/amd64
 ExplicitGOWORK: EffectiveGOPACKAGESDRIVER:}
	env_overlay=[]

[Info  - 13:15:21] 2024/07/26 13:15:21 go/packages.Load #2
	view_id="2"
	snapshot=0
	directory=/home/shasor/Documents/Zone01
	query=[/home/shasor/Documents/Zone01/groupie-tracker/... builtin]
	packages=2
	duration=93.403506ms

[Error - 13:15:23] Request textDocument/codeAction failed.
  Message: context canceled
  Code: 0 
[Info  - 13:15:51] 2024/07/26 13:15:51 background imports cache refresh starting

[Info  - 13:15:51] 2024/07/26 13:15:51 background refresh finished after 2.607499ms

[Info  - 13:15:51] 2024/07/26 13:15:51 background imports cache refresh starting

[Info  - 13:15:51] 2024/07/26 13:15:51 background refresh finished after 34.914403ms

[Info  - 13:18:07] 2024/07/26 13:18:07 Created View (#3)
	directory=/home/shasor/Documents/Zone01
	view_type="AdHoc"
	root_dir="file:///home/shasor/Documents/Zone01/groupie-tracker"
	go_version="go version go1.22.4 linux/amd64"
	build_flags=[]
	env={GOOS:linux GOARCH:amd64 GOCACHE:/home/shasor/.cache/go-build GOMODCACHE:/home/shasor/go/pkg/mod GOPATH:/home/shasor/go GOPRIVATE: GOFLAGS: GO111MODULE: GOTOOLCHAIN:auto GoVersion:22 GoVersionOutput:go version go1.22.4 linux/amd64
 ExplicitGOWORK: EffectiveGOPACKAGESDRIVER:}
	env_overlay=[]

[Error - 13:18:07] 2024/07/26 13:18:07 go/packages.Load #3: err: chdir /home/shasor/Documents/Zone01/groupie-tracker: no such file or directory: stderr: 
	view_id="3"
	snapshot=0
	directory=/home/shasor/Documents/Zone01
	query=[./ builtin]
	packages=0
	duration=594.238µs

[Error - 13:18:07] 2024/07/26 13:18:07 initial workspace load failed: packages.Load error: err: chdir /home/shasor/Documents/Zone01/groupie-tracker: no such file or directory: stderr: 

[Error - 13:18:07] 2024/07/26 13:18:07 go/packages.Load #4: err: chdir /home/shasor/Documents/Zone01/groupie-tracker: no such file or directory: stderr: 
	view_id="3"
	snapshot=1
	directory=/home/shasor/Documents/Zone01
	query=[file=/home/shasor/Documents/Zone01/groupie-tracker/main.go]
	packages=0
	duration=977.974µs

[Error - 13:18:07] 2024/07/26 13:18:07 MetadataForFile: packages.Load error: err: chdir /home/shasor/Documents/Zone01/groupie-tracker: no such file or directory: stderr: 

[Error - 13:18:08] 2024/07/26 13:18:08 errors loading workspace: packages.Load error: err: chdir /home/shasor/Documents/Zone01/groupie-tracker: no such file or directory: stderr: 
	view_id="3"
	snapshot=1
	directory=/home/shasor/Documents/Zone01

[Error - 13:18:08] Request textDocument/codeAction failed.
  Message: no package metadata for file file:///home/shasor/Documents/Zone01/groupie-tracker/main.go
  Code: 0 
[Error - 13:18:19] Request textDocument/inlayHint failed.
  Message: getting file for InlayHint: no package metadata for file file:///home/shasor/Documents/Zone01/groupie-tracker/main.go
  Code: 0 
[Error - 13:18:19] Request textDocument/inlayHint failed.
  Message: getting file for InlayHint: no package metadata for file file:///home/shasor/Documents/Zone01/groupie-tracker/main.go
  Code: 0 
[Error - 13:18:20] Request textDocument/inlayHint failed.
  Message: getting file for InlayHint: no package metadata for file file:///home/shasor/Documents/Zone01/groupie-tracker/main.go
  Code: 0 
[Error - 13:18:20] Request textDocument/inlayHint failed.
  Message: getting file for InlayHint: no package metadata for file file:///home/shasor/Documents/Zone01/groupie-tracker/main.go
  Code: 0 
[Error - 13:18:20] Request textDocument/inlayHint failed.
  Message: getting file for InlayHint: no package metadata for file file:///home/shasor/Documents/Zone01/groupie-tracker/main.go
  Code: 0 
[Error - 13:18:20] Request textDocument/inlayHint failed.
  Message: getting file for InlayHint: no package metadata for file file:///home/shasor/Documents/Zone01/groupie-tracker/main.go
  Code: 0 
[Error - 13:18:20] Request textDocument/inlayHint failed.
  Message: getting file for InlayHint: no package metadata for file file:///home/shasor/Documents/Zone01/groupie-tracker/main.go
  Code: 0 
[Error - 13:18:20] Request textDocument/inlayHint failed.
  Message: getting file for InlayHint: no package metadata for file file:///home/shasor/Documents/Zone01/groupie-tracker/main.go
  Code: 0 
[Error - 13:18:20] Request textDocument/inlayHint failed.
  Message: getting file for InlayHint: no package metadata for file file:///home/shasor/Documents/Zone01/groupie-tracker/main.go
  Code: 0 
[Error - 13:18:20] Request textDocument/inlayHint failed.
  Message: getting file for InlayHint: no package metadata for file file:///home/shasor/Documents/Zone01/groupie-tracker/main.go
  Code: 0 
[Error - 13:18:20] Request textDocument/inlayHint failed.
  Message: getting file for InlayHint: no package metadata for file file:///home/shasor/Documents/Zone01/groupie-tracker/main.go
  Code: 0 
[Error - 13:18:20] Request textDocument/inlayHint failed.
  Message: getting file for InlayHint: no package metadata for file file:///home/shasor/Documents/Zone01/groupie-tracker/main.go
  Code: 0 
[Error - 13:18:20] Request textDocument/inlayHint failed.
  Message: getting file for InlayHint: no package metadata for file file:///home/shasor/Documents/Zone01/groupie-tracker/main.go
  Code: 0 
[Error - 13:18:20] Request textDocument/inlayHint failed.
  Message: getting file for InlayHint: no package metadata for file file:///home/shasor/Documents/Zone01/groupie-tracker/main.go
  Code: 0 
[Error - 13:18:20] Request textDocument/inlayHint failed.
  Message: getting file for InlayHint: no package metadata for file file:///home/shasor/Documents/Zone01/groupie-tracker/main.go
  Code: 0 
[Error - 13:18:21] Request textDocument/inlayHint failed.
  Message: getting file for InlayHint: no package metadata for file file:///home/shasor/Documents/Zone01/groupie-tracker/main.go
  Code: 0 
[Error - 13:18:21] Request textDocument/inlayHint failed.
  Message: getting file for InlayHint: no package metadata for file file:///home/shasor/Documents/Zone01/groupie-tracker/main.go
  Code: 0 
[Error - 13:18:21] Request textDocument/inlayHint failed.
  Message: getting file for InlayHint: no package metadata for file file:///home/shasor/Documents/Zone01/groupie-tracker/main.go
  Code: 0 
[Error - 13:18:30] Request textDocument/inlayHint failed.
  Message: getting file for InlayHint: no package metadata for file file:///home/shasor/Documents/Zone01/groupie-tracker/main.go
  Code: 0 
[Error - 13:18:31] Request textDocument/codeAction failed.
  Message: no package metadata for file file:///home/shasor/Documents/Zone01/groupie-tracker/main.go
  Code: 0 
[Error - 13:18:31] Request textDocument/inlayHint failed.
  Message: getting file for InlayHint: no package metadata for file file:///home/shasor/Documents/Zone01/groupie-tracker/main.go
  Code: 0 
[Info  - 16:27:18] 2024/07/26 16:27:18 Created View (#4)
	directory=/home/shasor/Documents/Zone01
	view_type="GoMod"
	root_dir="file:///home/shasor/Documents/Zone01/groupie-tracker"
	go_version="go version go1.22.4 linux/amd64"
	build_flags=[]
	env={GOOS:linux GOARCH:amd64 GOCACHE:/home/shasor/.cache/go-build GOMODCACHE:/home/shasor/go/pkg/mod GOPATH:/home/shasor/go GOPRIVATE: GOFLAGS: GO111MODULE: GOTOOLCHAIN:auto GoVersion:22 GoVersionOutput:go version go1.22.4 linux/amd64
 ExplicitGOWORK: EffectiveGOPACKAGESDRIVER:}
	env_overlay=[]

[Info  - 16:27:19] 2024/07/26 16:27:19 go/packages.Load #5
	view_id="4"
	snapshot=0
	directory=/home/shasor/Documents/Zone01
	query=[/home/shasor/Documents/Zone01/groupie-tracker/... builtin]
	packages=2
	duration=100.93309ms

[Info  - 16:27:20] 2024/07/26 16:27:20 Created View (#5)
	directory=/home/shasor/Documents/Zone01
	view_type="GoMod"
	root_dir="file:///home/shasor/Documents/Zone01/groupie-tracker"
	go_version="go version go1.22.4 linux/amd64"
	build_flags=[]
	env={GOOS:linux GOARCH:amd64 GOCACHE:/home/shasor/.cache/go-build GOMODCACHE:/home/shasor/go/pkg/mod GOPATH:/home/shasor/go GOPRIVATE: GOFLAGS: GO111MODULE: GOTOOLCHAIN:auto GoVersion:22 GoVersionOutput:go version go1.22.4 linux/amd64
 ExplicitGOWORK: EffectiveGOPACKAGESDRIVER:}
	env_overlay=[]

[Info  - 16:27:20] 2024/07/26 16:27:20 go/packages.Load #7
	view_id="5"
	snapshot=0
	directory=/home/shasor/Documents/Zone01
	query=[/home/shasor/Documents/Zone01/groupie-tracker/... builtin]
	packages=2
	duration=161.773084ms

[Info  - 16:34:47] 2024/07/26 16:34:47 Shutdown session
	shutdown_session=1

