[26/07/2024 13:15:21 - INFO] Discord Presence activated
[26/07/2024 13:15:21 - INFO] Creating discord-rpc client
[26/07/2024 13:15:22 - INFO] Successfully connected to Discord
[26/07/2024 13:15:22 - DEBUG] Loading git extension
[26/07/2024 13:15:22 - TRACE] VSCode language id: go
[26/07/2024 13:18:33 - TRACE] VSCode language id: properties
[26/07/2024 13:18:35 - TRACE] VSCode language id: properties
[26/07/2024 13:18:36 - TRACE] VSCode language id: properties
[26/07/2024 13:18:36 - TRACE] VSCode language id: properties
[26/07/2024 13:18:36 - TRACE] VSCode language id: properties
[26/07/2024 13:18:37 - TRACE] VSCode language id: properties
[26/07/2024 13:41:05 - TRACE] VSCode language id: shellscript
[26/07/2024 13:41:14 - TRACE] VSCode language id: shellscript
[26/07/2024 13:41:16 - TRACE] VSCode language id: shellscript
[26/07/2024 13:41:18 - TRACE] VSCode language id: shellscript
[26/07/2024 13:41:20 - TRACE] VSCode language id: shellscript
[26/07/2024 13:41:27 - TRACE] VSCode language id: shellscript
[26/07/2024 13:41:29 - TRACE] VSCode language id: shellscript
[26/07/2024 13:41:32 - TRACE] VSCode language id: shellscript
[26/07/2024 13:41:34 - TRACE] VSCode language id: shellscript
[26/07/2024 13:41:36 - TRACE] VSCode language id: shellscript
[26/07/2024 13:41:39 - TRACE] VSCode language id: shellscript
[26/07/2024 13:41:41 - TRACE] VSCode language id: shellscript
[26/07/2024 13:41:43 - TRACE] VSCode language id: shellscript
[26/07/2024 13:41:45 - TRACE] VSCode language id: shellscript
[26/07/2024 13:41:47 - TRACE] VSCode language id: shellscript
[26/07/2024 13:42:08 - TRACE] VSCode language id: shellscript
[26/07/2024 13:42:10 - TRACE] VSCode language id: shellscript
[26/07/2024 13:42:12 - TRACE] VSCode language id: shellscript
[26/07/2024 13:42:14 - TRACE] VSCode language id: shellscript
[26/07/2024 13:42:16 - TRACE] VSCode language id: shellscript
[26/07/2024 13:42:19 - TRACE] VSCode language id: shellscript
[26/07/2024 13:42:21 - TRACE] VSCode language id: shellscript
[26/07/2024 13:42:23 - TRACE] VSCode language id: shellscript
[26/07/2024 13:42:25 - TRACE] VSCode language id: shellscript
[26/07/2024 13:42:27 - TRACE] VSCode language id: shellscript
[26/07/2024 13:42:28 - TRACE] VSCode language id: shellscript
[26/07/2024 13:42:30 - TRACE] VSCode language id: shellscript
[26/07/2024 13:42:32 - TRACE] VSCode language id: shellscript
[26/07/2024 13:42:34 - TRACE] VSCode language id: shellscript
[26/07/2024 13:42:36 - TRACE] VSCode language id: shellscript
[26/07/2024 13:42:38 - TRACE] VSCode language id: shellscript
[26/07/2024 13:42:40 - TRACE] VSCode language id: shellscript
[26/07/2024 13:42:43 - TRACE] VSCode language id: shellscript
[26/07/2024 13:42:45 - TRACE] VSCode language id: shellscript
[26/07/2024 13:42:46 - TRACE] VSCode language id: shellscript
[26/07/2024 13:42:47 - TRACE] VSCode language id: shellscript
[26/07/2024 16:16:06 - TRACE] VSCode language id: html
[26/07/2024 16:23:03 - TRACE] VSCode language id: json
[26/07/2024 16:23:17 - TRACE] VSCode language id: python
[26/07/2024 16:23:18 - TRACE] VSCode language id: json
[26/07/2024 16:23:42 - TRACE] VSCode language id: html
[26/07/2024 16:25:20 - TRACE] VSCode language id: html
[26/07/2024 16:25:22 - TRACE] VSCode language id: html
[26/07/2024 16:26:08 - TRACE] VSCode language id: json
[26/07/2024 16:26:08 - TRACE] VSCode language id: shellscript
[26/07/2024 16:26:10 - TRACE] VSCode language id: json
[26/07/2024 16:26:11 - TRACE] VSCode language id: json
[26/07/2024 16:26:13 - TRACE] VSCode language id: json
[26/07/2024 16:26:15 - TRACE] VSCode language id: json
[26/07/2024 16:26:17 - TRACE] VSCode language id: json
[26/07/2024 16:26:20 - TRACE] VSCode language id: python
[26/07/2024 16:26:26 - TRACE] VSCode language id: javascript
[26/07/2024 16:26:29 - TRACE] VSCode language id: javascript
[26/07/2024 16:26:31 - TRACE] VSCode language id: javascript
[26/07/2024 16:26:32 - TRACE] VSCode language id: javascript
[26/07/2024 16:26:35 - TRACE] VSCode language id: css
[26/07/2024 16:26:36 - TRACE] VSCode language id: css
[26/07/2024 16:26:38 - TRACE] VSCode language id: css
[26/07/2024 16:26:53 - TRACE] VSCode language id: css
[26/07/2024 16:26:54 - TRACE] VSCode language id: css
[26/07/2024 16:26:57 - TRACE] VSCode language id: html
[26/07/2024 16:26:58 - TRACE] VSCode language id: html
[26/07/2024 16:27:00 - TRACE] VSCode language id: html
[26/07/2024 16:27:01 - TRACE] VSCode language id: html
[26/07/2024 16:27:02 - TRACE] VSCode language id: html
[26/07/2024 16:27:04 - TRACE] VSCode language id: html
[26/07/2024 16:27:06 - TRACE] VSCode language id: html
[26/07/2024 16:27:07 - TRACE] VSCode language id: html
[26/07/2024 16:27:08 - TRACE] VSCode language id: html
[26/07/2024 16:27:09 - TRACE] VSCode language id: html
[26/07/2024 16:27:10 - TRACE] VSCode language id: html
[26/07/2024 16:27:12 - TRACE] VSCode language id: html
[26/07/2024 16:27:13 - TRACE] VSCode language id: html
[26/07/2024 16:27:13 - TRACE] VSCode language id: html
[26/07/2024 16:27:15 - TRACE] VSCode language id: ignore
[26/07/2024 16:27:18 - TRACE] VSCode language id: go.mod
[26/07/2024 16:27:20 - TRACE] VSCode language id: go
[26/07/2024 16:27:23 - TRACE] VSCode language id: go
[26/07/2024 16:29:55 - TRACE] VSCode language id: html
[26/07/2024 16:29:57 - TRACE] VSCode language id: html
[26/07/2024 16:30:21 - TRACE] VSCode language id: json
[26/07/2024 16:30:28 - TRACE] VSCode language id: html
[26/07/2024 16:31:01 - TRACE] VSCode language id: json
[26/07/2024 16:31:03 - TRACE] VSCode language id: html
[26/07/2024 16:31:09 - TRACE] VSCode language id: json
[26/07/2024 16:31:13 - TRACE] VSCode language id: html
[26/07/2024 16:31:25 - TRACE] VSCode language id: json
[26/07/2024 16:31:29 - TRACE] VSCode language id: html
[26/07/2024 16:32:04 - TRACE] VSCode language id: json
[26/07/2024 16:32:11 - TRACE] VSCode language id: html
[26/07/2024 16:32:34 - TRACE] VSCode language id: json
[26/07/2024 16:32:37 - TRACE] VSCode language id: html
[26/07/2024 16:32:41 - TRACE] VSCode language id: json
[26/07/2024 16:32:42 - TRACE] VSCode language id: html
