GitLens v15.2.1 activating in Visual Studio Code (1.91.1) on the desktop; language='fr', logLevel='warn', defaultDateLocale='null' (eb239512a6345b4dfa474f731e2036055ac1e1c501f97753fe68a74f3e9fa173|48052f9c-656e-4848-8fdb-9225e6cdf1a31721992518897)
To enable debug logging, set `"gitlens.outputLevel: "debug"` or run "GitLens: Enable Debug Logging" from the Command Palette
[2024-07-26 11:15:22.456] [GIT  ] [/home/shasor/Documents/Zone01] git rev-parse --show-toplevel • Command failed: /usr/bin/git -c core.quotepath=false -c color.ui=false rev-parse --show-toplevel • not a git repository (or any of the parent directories): .git [48ms]
[2024-07-26 11:18:07.390] /home/shasor/.vscode/extensions/eamodio.gitlens-15.2.1/dist/gitlens.js:1122:7956
Error: spawn /usr/bin/git ENOENT
[2024-07-26 11:18:07.447] /home/shasor/.vscode/extensions/eamodio.gitlens-15.2.1/dist/gitlens.js:1122:7956
Error: spawn /usr/bin/git ENOENT[2024-07-26 11:18:09.497] /home/shasor/.vscode/extensions/eamodio.gitlens-15.2.1/dist/gitlens.js:1122:7956
Error: spawn /usr/bin/git ENOENT[2024-07-26 11:18:33.113] [GIT  ] [/home/shasor/.config/hypr] git rev-parse --show-toplevel • Command failed: /usr/bin/git -c core.quotepath=false -c color.ui=false rev-parse --show-toplevel • not a git repository (or any of the parent directories): .git [6ms]
[2024-07-26 11:18:36.005] [GIT  ] [/home/shasor/.config/hypr] git rev-parse --show-toplevel • Command failed: /usr/bin/git -c core.quotepath=false -c color.ui=false rev-parse --show-toplevel • not a git repository (or any of the parent directories): .git [6ms]
[2024-07-26 11:18:36.718] [GIT  ] [/home/shasor/.config/hypr] git rev-parse --show-toplevel • Command failed: /usr/bin/git -c core.quotepath=false -c color.ui=false rev-parse --show-toplevel • not a git repository (or any of the parent directories): .git [6ms]

[2024-07-26 11:18:36.892] [GIT  ] [/home/shasor/.config/hypr] git rev-parse --show-toplevel • Command failed: /usr/bin/git -c core.quotepath=false -c color.ui=false rev-parse --show-toplevel • not a git repository (or any of the parent directories): .git [6ms]

[2024-07-26 11:18:37.080] [GIT  ] [/home/shasor/.config/hypr] git rev-parse --show-toplevel • Command failed: /usr/bin/git -c core.quotepath=false -c color.ui=false rev-parse --show-toplevel • not a git repository (or any of the parent directories): .git [5ms]
[2024-07-26 11:19:11.799] [GIT  ] [/home/shasor/Documents/Zone01] git rev-parse --show-toplevel • Command failed: /usr/bin/git -c core.quotepath=false -c color.ui=false rev-parse --show-toplevel • not a git repository (or any of the parent directories): .git [5ms]

[2024-07-26 11:19:11.871] /home/shasor/.vscode/extensions/eamodio.gitlens-15.2.1/dist/gitlens.js:1122:7956
Error: spawn /usr/bin/git ENOENT
[2024-07-26 11:19:11.879] [GIT  ] [/home/shasor/Documents/Zone01] git rev-parse --show-toplevel • Command failed: /usr/bin/git -c core.quotepath=false -c color.ui=false rev-parse --show-toplevel • not a git repository (or any of the parent directories): .git [12ms]

[2024-07-26 11:19:12.012] /home/shasor/.vscode/extensions/eamodio.gitlens-15.2.1/dist/gitlens.js:1122:7956
Error: spawn /usr/bin/git ENOENT[2024-07-26 11:22:13.806] /home/shasor/.vscode/extensions/eamodio.gitlens-15.2.1/dist/gitlens.js:1122:7956
Error: spawn /usr/bin/git ENOENT[2024-07-26 11:25:11.576] [GIT  ] [/home/shasor/Documents/Zone01] git rev-parse --show-toplevel • Command failed: /usr/bin/git -c core.quotepath=false -c color.ui=false rev-parse --show-toplevel • not a git repository (or any of the parent directories): .git [4ms]

[2024-07-26 11:25:11.651] /home/shasor/.vscode/extensions/eamodio.gitlens-15.2.1/dist/gitlens.js:1122:7956
Error: spawn /usr/bin/git ENOENT
[2024-07-26 11:25:11.653] [GIT  ] [/home/shasor/Documents/Zone01] git rev-parse --show-toplevel • Command failed: /usr/bin/git -c core.quotepath=false -c color.ui=false rev-parse --show-toplevel • not a git repository (or any of the parent directories): .git [5ms]

[2024-07-26 11:25:11.791] /home/shasor/.vscode/extensions/eamodio.gitlens-15.2.1/dist/gitlens.js:1122:7956
Error: spawn /usr/bin/git ENOENT[2024-07-26 11:28:03.188] /home/shasor/.vscode/extensions/eamodio.gitlens-15.2.1/dist/gitlens.js:1122:7956
Error: spawn /usr/bin/git ENOENT[2024-07-26 11:28:34.167] [GIT  ] [/home/shasor/Documents/Zone01] git rev-parse --show-toplevel • Command failed: /usr/bin/git -c core.quotepath=false -c color.ui=false rev-parse --show-toplevel • not a git repository (or any of the parent directories): .git [8ms]

[2024-07-26 11:28:34.242] /home/shasor/.vscode/extensions/eamodio.gitlens-15.2.1/dist/gitlens.js:1122:7956
Error: spawn /usr/bin/git ENOENT
[2024-07-26 11:28:34.254] /home/shasor/.vscode/extensions/eamodio.gitlens-15.2.1/dist/gitlens.js:1122:7956
Error: spawn /usr/bin/git ENOENT
[2024-07-26 11:28:34.261] [GIT  ] [/home/shasor/Documents/Zone01] git rev-parse --show-toplevel • Command failed: /usr/bin/git -c core.quotepath=false -c color.ui=false rev-parse --show-toplevel • not a git repository (or any of the parent directories): .git [11ms]

[2024-07-26 11:28:34.365] /home/shasor/.vscode/extensions/eamodio.gitlens-15.2.1/dist/gitlens.js:1122:7956
Error: spawn /usr/bin/git ENOENT[2024-07-26 11:32:37.585] /home/shasor/.vscode/extensions/eamodio.gitlens-15.2.1/dist/gitlens.js:1122:7956
Error: spawn /usr/bin/git ENOENT[2024-07-26 11:32:38.345] [GIT  ] [/home/shasor/Documents/Zone01] git rev-parse --show-toplevel • Command failed: /usr/bin/git -c core.quotepath=false -c color.ui=false rev-parse --show-toplevel • not a git repository (or any of the parent directories): .git [4ms]

[2024-07-26 11:32:38.416] /home/shasor/.vscode/extensions/eamodio.gitlens-15.2.1/dist/gitlens.js:1122:7956
Error: spawn /usr/bin/git ENOENT
[2024-07-26 11:32:38.419] [GIT  ] [/home/shasor/Documents/Zone01] git rev-parse --show-toplevel • Command failed: /usr/bin/git -c core.quotepath=false -c color.ui=false rev-parse --show-toplevel • not a git repository (or any of the parent directories): .git [6ms]

[2024-07-26 11:32:38.557] /home/shasor/.vscode/extensions/eamodio.gitlens-15.2.1/dist/gitlens.js:1122:7956
Error: spawn /usr/bin/git ENOENT[2024-07-26 11:38:46.733] /home/shasor/.vscode/extensions/eamodio.gitlens-15.2.1/dist/gitlens.js:1122:7956
Error: spawn /usr/bin/git ENOENT[2024-07-26 11:42:46.458] [GIT  ] [/home/shasor/Documents/Zone01] git rev-parse --show-toplevel • Command failed: /usr/bin/git -c core.quotepath=false -c color.ui=false rev-parse --show-toplevel • not a git repository (or any of the parent directories): .git [7ms]
[2024-07-26 14:13:31.319] /home/shasor/.vscode/extensions/eamodio.gitlens-15.2.1/dist/gitlens.js:1122:7956
Error: spawn /usr/bin/git ENOENT