2024-08-19 14:15:46.113 [info] Reading sessions from keychain...
2024-08-19 14:15:46.113 [info] Getting sessions for all scopes...
2024-08-19 14:15:46.113 [info] Getting sessions for all scopes...
2024-08-19 14:15:46.113 [info] Got stored sessions!
2024-08-19 14:15:46.113 [info] Got 1 verified sessions.
2024-08-19 14:15:46.113 [info] Got 1 sessions for ...
2024-08-19 14:15:46.113 [info] Got 1 sessions for ...
2024-08-19 14:15:46.113 [info] Getting sessions for read:user,repo,user:email...
2024-08-19 14:15:46.113 [info] Got 0 sessions for read:user,repo,user:email...
2024-08-19 14:15:46.267 [info] Getting sessions for read:user,repo,user:email,workflow...
2024-08-19 14:15:46.267 [info] Got 1 sessions for read:user,repo,user:email,workflow...
2024-08-19 14:15:46.579 [info] Getting sessions for read:user,repo,user:email,workflow...
2024-08-19 14:15:46.579 [info] Got 1 sessions for read:user,repo,user:email,workflow...
2024-08-19 14:15:46.802 [info] Getting sessions for read:user,repo,user:email,workflow...
2024-08-19 14:15:46.802 [info] Got 1 sessions for read:user,repo,user:email,workflow...
2024-08-19 14:15:49.514 [info] Getting sessions for all scopes...
2024-08-19 14:15:49.514 [info] Got 1 sessions for ...
2024-08-19 14:29:24.387 [info] Reading sessions from keychain...
2024-08-19 14:29:24.387 [info] Getting sessions for all scopes...
2024-08-19 14:29:24.387 [info] Getting sessions for all scopes...
2024-08-19 14:29:24.387 [info] Got stored sessions!
2024-08-19 14:29:24.387 [info] Got 1 verified sessions.
2024-08-19 14:29:24.387 [info] Got 1 sessions for ...
2024-08-19 14:29:24.387 [info] Got 1 sessions for ...
2024-08-19 14:29:24.387 [info] Getting sessions for read:user,repo,user:email...
2024-08-19 14:29:24.387 [info] Got 0 sessions for read:user,repo,user:email...
