2024-07-26 13:15:19.373 [info] Started local extension host with pid 51484.
2024-07-26 13:15:20.281 [error] [jinliming2.vscode-go-template]: 'configuration.semanticTokenType.description' doit être défini et ne peut pas être vide
2024-07-26 13:15:20.281 [error] [jinliming2.vscode-go-template]: 'configuration.semanticTokenType.description' doit être défini et ne peut pas être vide
2024-07-26 13:15:20.282 [error] [jinliming2.vscode-go-template]: 'configuration.semanticTokenType.description' doit être défini et ne peut pas être vide
2024-07-26 13:15:20.282 [error] [jinliming2.vscode-go-template]: 'configuration.semanticTokenType.description' doit être défini et ne peut pas être vide
2024-07-26 13:15:20.282 [error] [jinliming2.vscode-go-template]: 'configuration.semanticTokenType.description' doit être défini et ne peut pas être vide
2024-07-26 13:15:20.282 [error] [jinliming2.vscode-go-template]: 'configuration.semanticTokenType.description' doit être défini et ne peut pas être vide
2024-07-26 13:15:20.282 [error] [jinliming2.vscode-go-template]: 'configuration.semanticTokenType.description' doit être défini et ne peut pas être vide
2024-07-26 13:15:20.282 [error] [jinliming2.vscode-go-template]: 'configuration.semanticTokenType.description' doit être défini et ne peut pas être vide
2024-07-26 13:15:20.283 [error] [jinliming2.vscode-go-template]: 'configuration.semanticTokenType.description' doit être défini et ne peut pas être vide
2024-07-26 13:15:23.656 [info] [perf] Render performance baseline is 54ms
2024-07-26 13:18:07.439 [warning] [File Watcher (node.js)] Watcher shutdown because watched path got deleted
2024-07-26 13:18:07.441 [warning] [File Watcher (node.js)] Watcher shutdown because watched path got deleted
2024-07-26 13:18:07.442 [warning] [File Watcher (node.js)] Watcher shutdown because watched path got deleted
2024-07-26 13:18:08.954 [error] no package metadata for file file:///home/shasor/Documents/Zone01/groupie-tracker/main.go: Error: no package metadata for file file:///home/shasor/Documents/Zone01/groupie-tracker/main.go
	at handleResponse (/home/shasor/.vscode/extensions/golang.go-0.42.0/dist/goMain.js:8606:40)
	at handleMessage (/home/shasor/.vscode/extensions/golang.go-0.42.0/dist/goMain.js:8416:11)
	at processMessageQueue (/home/shasor/.vscode/extensions/golang.go-0.42.0/dist/goMain.js:8431:13)
	at Immediate.<anonymous> (/home/shasor/.vscode/extensions/golang.go-0.42.0/dist/goMain.js:8407:11)
	at process.processImmediate (node:internal/timers:478:21)
2024-07-26 13:18:19.918 [error] getting file for InlayHint: no package metadata for file file:///home/shasor/Documents/Zone01/groupie-tracker/main.go: Error: getting file for InlayHint: no package metadata for file file:///home/shasor/Documents/Zone01/groupie-tracker/main.go
	at handleResponse (/home/shasor/.vscode/extensions/golang.go-0.42.0/dist/goMain.js:8606:40)
	at handleMessage (/home/shasor/.vscode/extensions/golang.go-0.42.0/dist/goMain.js:8416:11)
	at processMessageQueue (/home/shasor/.vscode/extensions/golang.go-0.42.0/dist/goMain.js:8431:13)
	at Immediate.<anonymous> (/home/shasor/.vscode/extensions/golang.go-0.42.0/dist/goMain.js:8407:11)
	at process.processImmediate (node:internal/timers:478:21)
2024-07-26 13:18:20.993 [error] getting file for InlayHint: no package metadata for file file:///home/shasor/Documents/Zone01/groupie-tracker/main.go: Error: getting file for InlayHint: no package metadata for file file:///home/shasor/Documents/Zone01/groupie-tracker/main.go
	at handleResponse (/home/shasor/.vscode/extensions/golang.go-0.42.0/dist/goMain.js:8606:40)
	at handleMessage (/home/shasor/.vscode/extensions/golang.go-0.42.0/dist/goMain.js:8416:11)
	at processMessageQueue (/home/shasor/.vscode/extensions/golang.go-0.42.0/dist/goMain.js:8431:13)
	at Immediate.<anonymous> (/home/shasor/.vscode/extensions/golang.go-0.42.0/dist/goMain.js:8407:11)
	at process.processImmediate (node:internal/timers:478:21)
2024-07-26 13:18:30.445 [error] getting file for InlayHint: no package metadata for file file:///home/shasor/Documents/Zone01/groupie-tracker/main.go: Error: getting file for InlayHint: no package metadata for file file:///home/shasor/Documents/Zone01/groupie-tracker/main.go
	at handleResponse (/home/shasor/.vscode/extensions/golang.go-0.42.0/dist/goMain.js:8606:40)
	at handleMessage (/home/shasor/.vscode/extensions/golang.go-0.42.0/dist/goMain.js:8416:11)
	at processMessageQueue (/home/shasor/.vscode/extensions/golang.go-0.42.0/dist/goMain.js:8431:13)
	at Immediate.<anonymous> (/home/shasor/.vscode/extensions/golang.go-0.42.0/dist/goMain.js:8407:11)
	at process.processImmediate (node:internal/timers:478:21)
2024-07-26 13:18:31.510 [error] no package metadata for file file:///home/shasor/Documents/Zone01/groupie-tracker/main.go: Error: no package metadata for file file:///home/shasor/Documents/Zone01/groupie-tracker/main.go
	at handleResponse (/home/shasor/.vscode/extensions/golang.go-0.42.0/dist/goMain.js:8606:40)
	at handleMessage (/home/shasor/.vscode/extensions/golang.go-0.42.0/dist/goMain.js:8416:11)
	at processMessageQueue (/home/shasor/.vscode/extensions/golang.go-0.42.0/dist/goMain.js:8431:13)
	at Immediate.<anonymous> (/home/shasor/.vscode/extensions/golang.go-0.42.0/dist/goMain.js:8407:11)
	at process.processImmediate (node:internal/timers:478:21)
2024-07-26 13:18:31.536 [error] getting file for InlayHint: no package metadata for file file:///home/shasor/Documents/Zone01/groupie-tracker/main.go: Error: getting file for InlayHint: no package metadata for file file:///home/shasor/Documents/Zone01/groupie-tracker/main.go
	at handleResponse (/home/shasor/.vscode/extensions/golang.go-0.42.0/dist/goMain.js:8606:40)
	at handleMessage (/home/shasor/.vscode/extensions/golang.go-0.42.0/dist/goMain.js:8416:11)
	at processMessageQueue (/home/shasor/.vscode/extensions/golang.go-0.42.0/dist/goMain.js:8431:13)
	at Immediate.<anonymous> (/home/shasor/.vscode/extensions/golang.go-0.42.0/dist/goMain.js:8407:11)
	at process.processImmediate (node:internal/timers:478:21)
2024-07-26 13:18:31.841 [error] Error: Impossible d’ouvrir l’éditeur, car le fichier est introuvable.
    at N.gc (vscode-file://vscode-app/opt/visual-studio-code/resources/app/out/vs/workbench/workbench.desktop.main.js:2208:30635)
    at async N.setInput (vscode-file://vscode-app/opt/visual-studio-code/resources/app/out/vs/workbench/workbench.desktop.main.js:2208:29514)
    at async o.S (vscode-file://vscode-app/opt/visual-studio-code/resources/app/out/vs/workbench/workbench.desktop.main.js:2206:24813)
    at async o.L (vscode-file://vscode-app/opt/visual-studio-code/resources/app/out/vs/workbench/workbench.desktop.main.js:2206:23340)
    at async o.openEditor (vscode-file://vscode-app/opt/visual-studio-code/resources/app/out/vs/workbench/workbench.desktop.main.js:2206:22329)
    at async vscode-file://vscode-app/opt/visual-studio-code/resources/app/out/vs/workbench/workbench.desktop.main.js:2334:26830
2024-07-26 13:22:11.786 [warning] [File Watcher (node.js)] Watcher shutdown because watched path got deleted
2024-07-26 13:28:01.217 [warning] [File Watcher (node.js)] Watcher shutdown because watched path got deleted
2024-07-26 13:32:35.583 [warning] [File Watcher (node.js)] Watcher shutdown because watched path got deleted
2024-07-26 13:38:44.734 [warning] [File Watcher (node.js)] Watcher shutdown because watched path got deleted
2024-07-26 14:04:13.306 [info] Settings Sync: Updating due to change in sessions
2024-07-26 14:14:59.528 [info] Settings Sync: Updating due to change in sessions
2024-07-26 15:00:46.949 [info] Settings Sync: Updating due to change in sessions
2024-07-26 15:01:29.106 [info] Settings Sync: Updating due to change in sessions
2024-07-26 15:48:33.292 [info] Settings Sync: Updating due to change in sessions
2024-07-26 15:55:07.758 [info] Settings Sync: Updating due to change in sessions
