2024-08-19 14:15:39.156 [info] Added views:workbench.panel.markers.view in workbench.panel.markers
2024-08-19 14:15:39.156 [info] Added views:workbench.panel.output in workbench.panel.output
2024-08-19 14:15:39.156 [info] Added views:terminal in terminal
2024-08-19 14:15:39.156 [info] Added views:outline in workbench.view.explorer
2024-08-19 14:15:39.157 [info] Added views:workbench.scm in workbench.view.scm
2024-08-19 14:15:39.157 [info] Added views:workbench.view.search in workbench.view.search
2024-08-19 14:15:39.157 [info] Added views:timeline in workbench.view.explorer
2024-08-19 14:15:39.157 [info] Added views:workbench.explorer.fileView in workbench.view.explorer
2024-08-19 14:15:39.674 [info] Added views:workbench.debug.welcome in workbench.view.debug
2024-08-19 14:15:40.681 [info] Added views:gitlens.views.home,gitlens.views.workspaces,gitlens.views.account in workbench.view.extension.gitlens
2024-08-19 14:15:40.681 [info] Added views:gitlens.views.commitDetails,gitlens.views.lineHistory,gitlens.views.fileHistory,gitlens.views.searchAndCompare in workbench.view.extension.gitlensInspect
2024-08-19 14:15:40.683 [info] Added views:gitlens.views.repositories,gitlens.views.commits,gitlens.views.branches,gitlens.views.remotes,gitlens.views.stashes,gitlens.views.tags,gitlens.views.contributors in workbench.view.scm
2024-08-19 14:15:40.684 [info] Added views:dockerContainers,dockerImages,dockerRegistries,dockerNetworks,dockerVolumes,vscode-docker.views.dockerContexts,vscode-docker.views.help in workbench.view.extension.dockerView
2024-08-19 14:15:40.684 [info] Added views:remoteHub.views.workspaceRepositories in workbench.view.remote
2024-08-19 14:15:43.349 [info] Added views:workbench.panel.repl.view in workbench.panel.repl
2024-08-19 14:15:43.849 [info] Added views:workbench.view.testing in workbench.view.extension.test
2024-08-19 14:15:43.865 [info] Added views:go.explorer in workbench.view.explorer
2024-08-19 14:15:45.905 [info] Added views:gitlens.views.drafts in workbench.view.extension.gitlens
2024-08-19 14:15:45.966 [info] Added views:workbench.scm.repositories in workbench.view.scm
2024-08-19 14:15:46.414 [info] Added views:gitlens.views.graph,gitlens.views.graphDetails in workbench.view.extension.gitlensPanel
2024-08-19 14:15:46.416 [info] Added views:gitlens.views.timeline in workbench.view.extension.gitlensInspect
2024-08-19 14:15:46.418 [info] Added views:gitlens.views.worktrees in workbench.view.scm
2024-08-19 14:15:52.625 [info] Added views:~remote.forwardedPorts in ~remote.forwardedPortsContainer
2024-08-19 14:29:21.495 [info] Removed views:workbench.scm.repositories from workbench.view.scm
2024-08-19 14:29:21.498 [info] Removed views:workbench.view.testing from workbench.view.extension.test
2024-08-19 14:29:22.632 [info] Added views:workbench.panel.markers.view in workbench.panel.markers
2024-08-19 14:29:22.632 [info] Added views:workbench.panel.output in workbench.panel.output
2024-08-19 14:29:22.632 [info] Added views:terminal in terminal
2024-08-19 14:29:22.632 [info] Added views:outline in workbench.view.explorer
2024-08-19 14:29:22.632 [info] Added views:workbench.scm in workbench.view.scm
2024-08-19 14:29:22.632 [info] Added views:workbench.view.search in workbench.view.search
2024-08-19 14:29:22.632 [info] Added views:timeline in workbench.view.explorer
2024-08-19 14:29:22.632 [info] Added views:workbench.explorer.fileView in workbench.view.explorer
2024-08-19 14:29:23.326 [info] Added views:gitlens.views.home,gitlens.views.workspaces,gitlens.views.account in workbench.view.extension.gitlens
2024-08-19 14:29:23.326 [info] Added views:gitlens.views.commitDetails,gitlens.views.lineHistory,gitlens.views.fileHistory,gitlens.views.searchAndCompare in workbench.view.extension.gitlensInspect
2024-08-19 14:29:23.328 [info] Added views:gitlens.views.repositories,gitlens.views.commits,gitlens.views.branches,gitlens.views.remotes,gitlens.views.stashes,gitlens.views.tags,gitlens.views.contributors in workbench.view.scm
2024-08-19 14:29:23.328 [info] Added views:dockerContainers,dockerImages,dockerRegistries,dockerNetworks,dockerVolumes,vscode-docker.views.dockerContexts,vscode-docker.views.help in workbench.view.extension.dockerView
2024-08-19 14:29:23.329 [info] Added views:remoteHub.views.workspaceRepositories in workbench.view.remote
2024-08-19 14:29:23.396 [info] Added views:workbench.debug.welcome in workbench.view.debug
2024-08-19 14:29:23.548 [info] Added views:workbench.panel.repl.view in workbench.panel.repl
2024-08-19 14:29:24.097 [info] Removed views:gitlens.views.searchAndCompare,gitlens.views.fileHistory,gitlens.views.lineHistory,gitlens.views.commitDetails from workbench.view.extension.gitlensInspect
2024-08-19 14:29:24.097 [info] Removed views:gitlens.views.contributors,gitlens.views.tags,gitlens.views.stashes,gitlens.views.remotes,gitlens.views.branches,gitlens.views.commits,gitlens.views.repositories from workbench.view.scm
2024-08-19 14:29:24.259 [info] Added views:gitlens.views.drafts in workbench.view.extension.gitlens
2024-08-19 14:29:24.417 [info] Added views:~remote.forwardedPorts in ~remote.forwardedPortsContainer
2024-08-19 14:33:03.500 [info] Added views:gitlens.views.graph,gitlens.views.graphDetails in workbench.view.extension.gitlensPanel
2024-08-19 14:33:03.503 [info] Added views:gitlens.views.commitDetails,gitlens.views.lineHistory,gitlens.views.fileHistory,gitlens.views.timeline,gitlens.views.searchAndCompare in workbench.view.extension.gitlensInspect
2024-08-19 14:33:03.504 [info] Added views:gitlens.views.repositories,gitlens.views.commits,gitlens.views.branches,gitlens.views.remotes,gitlens.views.stashes,gitlens.views.tags,gitlens.views.worktrees,gitlens.views.contributors in workbench.view.scm
2024-08-19 14:33:03.539 [info] Added views:workbench.scm.repositories in workbench.view.scm
2024-08-19 14:33:10.945 [info] Removed views:workbench.scm.repositories from workbench.view.scm
2024-08-19 14:33:11.949 [info] Removed views:gitlens.views.graphDetails,gitlens.views.graph from workbench.view.extension.gitlensPanel
2024-08-19 14:33:11.952 [info] Removed views:gitlens.views.searchAndCompare,gitlens.views.timeline,gitlens.views.fileHistory,gitlens.views.lineHistory,gitlens.views.commitDetails from workbench.view.extension.gitlensInspect
2024-08-19 14:33:11.956 [info] Removed views:gitlens.views.contributors,gitlens.views.worktrees,gitlens.views.tags,gitlens.views.stashes,gitlens.views.remotes,gitlens.views.branches,gitlens.views.commits,gitlens.views.repositories from workbench.view.scm
2024-08-19 14:33:13.654 [info] Added views:workbench.scm.repositories in workbench.view.scm
2024-08-19 14:33:13.682 [info] Added views:gitlens.views.graph,gitlens.views.graphDetails in workbench.view.extension.gitlensPanel
2024-08-19 14:33:13.685 [info] Added views:gitlens.views.commitDetails,gitlens.views.lineHistory,gitlens.views.fileHistory,gitlens.views.timeline,gitlens.views.searchAndCompare in workbench.view.extension.gitlensInspect
2024-08-19 14:33:13.688 [info] Added views:gitlens.views.repositories,gitlens.views.commits,gitlens.views.branches,gitlens.views.remotes,gitlens.views.stashes,gitlens.views.tags,gitlens.views.worktrees,gitlens.views.contributors in workbench.view.scm
2024-08-19 14:34:08.041 [info] Removed views:workbench.scm.repositories from workbench.view.scm
