2024-07-26 13:15:22.053 [info] Niveau de journal : Info
2024-07-26 13:15:22.053 [info] Validation du git trouvé dans : «git»
2024-07-26 13:15:22.053 [info] Utilisation de git «2.45.2» à partir de «git»
2024-07-26 13:15:22.053 [info] > git rev-parse --show-toplevel [2ms]
2024-07-26 13:15:22.053 [info] fatal: not a git repository (or any of the parent directories): .git
2024-07-26 13:15:22.053 [info] > git rev-parse --show-toplevel [4ms]
2024-07-26 13:15:22.054 [info] > git rev-parse --git-dir --git-common-dir [2ms]
2024-07-26 13:15:22.061 [info] Open repository: /home/shasor/Documents/Zone01/groupie-tracker
2024-07-26 13:15:22.084 [info] > git rev-parse --show-toplevel [12ms]
2024-07-26 13:15:22.085 [info] > git config --get commit.template [17ms]
2024-07-26 13:15:22.099 [info] > git for-each-ref --format=%(refname)%00%(upstream:short)%00%(objectname)%00%(upstream:track)%00%(upstream:remotename)%00%(upstream:remoteref) refs/heads/master refs/remotes/master [5ms]
2024-07-26 13:15:22.099 [info] > git rev-parse --git-dir --git-common-dir [10ms]
2024-07-26 13:15:22.104 [info] Open repository: /home/shasor/Documents/Zone01/ascii-art-web
2024-07-26 13:15:22.120 [info] > git rev-parse --show-toplevel [5ms]
2024-07-26 13:15:22.120 [info] > git config --get commit.template [10ms]
2024-07-26 13:15:22.133 [info] > git status -z -uall [4ms]
2024-07-26 13:15:22.143 [info] > git rev-parse --git-dir --git-common-dir [18ms]
2024-07-26 13:15:22.146 [info] Open repository: /home/shasor/Documents/Zone01/ascii-art-web-dockerize
2024-07-26 13:15:22.163 [info] > git for-each-ref --format=%(refname)%00%(upstream:short)%00%(objectname)%00%(upstream:track)%00%(upstream:remotename)%00%(upstream:remoteref) refs/heads/master refs/remotes/master [26ms]
2024-07-26 13:15:22.168 [info] > git for-each-ref --format=%(refname)%00%(upstream:short)%00%(objectname)%00%(upstream:track)%00%(upstream:remotename)%00%(upstream:remoteref) refs/heads/main refs/remotes/main [36ms]
2024-07-26 13:15:22.260 [info] > git config --local branch.master.vscode-merge-base [92ms]
2024-07-26 13:15:22.266 [info] > git rev-parse --show-toplevel [103ms]
2024-07-26 13:15:22.267 [info] > git config --get commit.template [108ms]
2024-07-26 13:15:22.267 [info] > git config --get commit.template [112ms]
2024-07-26 13:15:22.412 [info] > git for-each-ref --format=%(refname)%00%(upstream:short)%00%(objectname)%00%(upstream:track)%00%(upstream:remotename)%00%(upstream:remoteref) refs/heads/origin/master refs/remotes/origin/master [146ms]
2024-07-26 13:15:22.450 [info] > git merge-base refs/heads/master refs/remotes/origin/master [32ms]
2024-07-26 13:15:22.457 [info] > git rev-parse --git-dir --git-common-dir [58ms]
2024-07-26 13:15:22.461 [info] Open repository: /home/shasor/Documents/Zone01/checkpoint-trainer
2024-07-26 13:15:22.480 [info] > git status -z -uall [9ms]
2024-07-26 13:15:22.480 [info] > git rev-list --count --left-right refs/heads/master...refs/remotes/origin/master [25ms]
2024-07-26 13:15:22.484 [info] > git for-each-ref --format=%(refname)%00%(upstream:short)%00%(objectname)%00%(upstream:track)%00%(upstream:remotename)%00%(upstream:remoteref) refs/heads/master refs/remotes/master [37ms]
2024-07-26 13:15:22.485 [info] > git for-each-ref --format=%(refname)%00%(upstream:short)%00%(objectname)%00%(upstream:track)%00%(upstream:remotename)%00%(upstream:remoteref) refs/heads/master refs/remotes/master [42ms]
2024-07-26 13:15:22.492 [warning] ENOENT: no such file or directory, open '/home/shasor/Documents/Zone01/ascii-art-web-dockerize/.git/refs/remotes/origin/master'
2024-07-26 13:15:22.493 [info] > git diff --name-status -z --diff-filter=ADMR fc6904754b5c85e026830b3da93afab0f4b936e6...refs/remotes/origin/master [9ms]
2024-07-26 13:15:22.494 [info] > git rev-parse --show-toplevel [15ms]
2024-07-26 13:15:22.494 [info] fatal: not a git repository (or any of the parent directories): .git
2024-07-26 13:15:22.494 [info] > git config --get commit.template [19ms]
2024-07-26 13:15:22.512 [info] > git for-each-ref --format=%(refname)%00%(upstream:short)%00%(objectname)%00%(upstream:track)%00%(upstream:remotename)%00%(upstream:remoteref) refs/heads/main refs/remotes/main [14ms]
2024-07-26 13:15:22.516 [info] > git rev-parse refs/remotes/origin/master [24ms]
2024-07-26 13:15:22.525 [info] > git config --local branch.main.vscode-merge-base [9ms]
2024-07-26 13:15:22.529 [info] > git config --get commit.template [18ms]
2024-07-26 13:15:22.529 [info] > git rev-parse --show-toplevel [22ms]
2024-07-26 13:15:22.538 [info] > git status -z -uall [18ms]
2024-07-26 13:15:22.538 [info] > git status -z -uall [5ms]
2024-07-26 13:15:22.539 [info] > git for-each-ref --format=%(refname)%00%(upstream:short)%00%(objectname)%00%(upstream:track)%00%(upstream:remotename)%00%(upstream:remoteref) refs/heads/main refs/remotes/main [15ms]
2024-07-26 13:15:22.557 [warning] ENOENT: no such file or directory, open '/home/shasor/Documents/Zone01/checkpoint-trainer/.git/refs/remotes/origin/main'
2024-07-26 13:15:22.563 [info] > git for-each-ref --format=%(refname)%00%(upstream:short)%00%(objectname)%00%(upstream:track)%00%(upstream:remotename)%00%(upstream:remoteref) refs/heads/master refs/remotes/master [18ms]
2024-07-26 13:15:22.568 [info] > git rev-parse --git-dir --git-common-dir [31ms]
2024-07-26 13:15:22.571 [info] Open repository: /home/shasor/Documents/Zone01/git
2024-07-26 13:15:22.577 [info] > git for-each-ref --format=%(refname)%00%(upstream:short)%00%(objectname)%00%(upstream:track)%00%(upstream:remotename)%00%(upstream:remoteref) refs/heads/origin/main refs/remotes/origin/main [48ms]
2024-07-26 13:15:22.591 [info] > git for-each-ref --format=%(refname)%00%(upstream:short)%00%(objectname)%00%(upstream:track)%00%(upstream:remotename)%00%(upstream:remoteref) refs/heads/master refs/remotes/master [15ms]
2024-07-26 13:15:22.596 [info] > git config --local branch.master.vscode-merge-base [28ms]
2024-07-26 13:15:22.600 [info] > git config --get commit.template [39ms]
2024-07-26 13:15:22.600 [info] > git rev-parse refs/remotes/origin/main [43ms]
2024-07-26 13:15:22.604 [info] > git for-each-ref --format=%(refname)%00%(upstream:short)%00%(objectname)%00%(upstream:track)%00%(upstream:remotename)%00%(upstream:remoteref) refs/heads/main refs/remotes/main [51ms]
2024-07-26 13:15:22.607 [info] > git status -z -uall [4ms]
2024-07-26 13:15:22.607 [info] > git for-each-ref --format=%(refname)%00%(upstream:short)%00%(objectname)%00%(upstream:track)%00%(upstream:remotename)%00%(upstream:remoteref) refs/heads/origin/master refs/remotes/origin/master [8ms]
2024-07-26 13:15:22.611 [info] > git config --local branch.master.vscode-merge-base [16ms]
2024-07-26 13:15:22.615 [info] > git rev-parse --show-toplevel [25ms]
2024-07-26 13:15:22.615 [info] > git config --get commit.template [30ms]
2024-07-26 13:15:22.616 [info] > git merge-base refs/heads/main refs/remotes/origin/main [35ms]
2024-07-26 13:15:22.629 [info] > git for-each-ref --format=%(refname)%00%(upstream:short)%00%(objectname)%00%(upstream:track)%00%(upstream:remotename)%00%(upstream:remoteref) refs/heads/origin/master refs/remotes/origin/master [14ms]
2024-07-26 13:15:22.630 [info] > git merge-base refs/heads/master refs/remotes/origin/master [18ms]
2024-07-26 13:15:22.654 [info] > git for-each-ref --format=%(refname)%00%(upstream:short)%00%(objectname)%00%(upstream:track)%00%(upstream:remotename)%00%(upstream:remoteref) refs/heads/main refs/remotes/main [17ms]
2024-07-26 13:15:22.658 [info] > git rev-list --count --left-right refs/heads/master...refs/remotes/origin/master [25ms]
2024-07-26 13:15:22.663 [info] > git rev-parse --git-dir --git-common-dir [35ms]
2024-07-26 13:15:22.668 [info] Open repository: /home/shasor/Documents/Zone01/git-save
2024-07-26 13:15:22.668 [info] > git for-each-ref --format=%(refname)%00%(upstream:short)%00%(objectname)%00%(upstream:track)%00%(upstream:remotename)%00%(upstream:remoteref) refs/heads/master refs/remotes/master [44ms]
2024-07-26 13:15:22.668 [info] > git rev-list --count --left-right refs/heads/main...refs/remotes/origin/main [48ms]
2024-07-26 13:15:22.689 [warning] ENOENT: no such file or directory, open '/home/shasor/Documents/Zone01/ascii-art-web-dockerize/.git/refs/remotes/origin/master'
2024-07-26 13:15:22.690 [info] > git status -z -uall [14ms]
2024-07-26 13:15:22.690 [info] > git diff --name-status -z --diff-filter=ADMR 8300ec4a1a471b8c99415a2b6bdff0f5b37de6ec...refs/remotes/origin/master [27ms]
2024-07-26 13:15:22.690 [info] > git config --local branch.main.vscode-merge-base [32ms]
2024-07-26 13:15:22.695 [info] > git config --get commit.template [42ms]
2024-07-26 13:15:22.696 [info] > git for-each-ref --format=%(refname)%00%(upstream:short)%00%(objectname)%00%(upstream:track)%00%(upstream:remotename)%00%(upstream:remoteref) refs/heads/master refs/remotes/master [52ms]
2024-07-26 13:15:22.698 [info] > git rev-parse refs/remotes/origin/master [10ms]
2024-07-26 13:15:22.702 [info] > git rev-parse --show-toplevel [17ms]
2024-07-26 13:15:22.703 [info] > git config --get commit.template [22ms]
2024-07-26 13:15:22.709 [info] > git diff --name-status -z --diff-filter=ADMR c07d5efe77a79f75ae1a6f321b149e6946f3f9ce...refs/remotes/origin/main [37ms]
2024-07-26 13:15:22.725 [info] > git status -z -uall [23ms]
2024-07-26 13:15:22.725 [info] > git for-each-ref --format=%(refname)%00%(upstream:short)%00%(objectname)%00%(upstream:track)%00%(upstream:remotename)%00%(upstream:remoteref) refs/heads/main refs/remotes/main [18ms]
2024-07-26 13:15:22.736 [info] > git for-each-ref --format=%(refname)%00%(upstream:short)%00%(objectname)%00%(upstream:track)%00%(upstream:remotename)%00%(upstream:remoteref) refs/heads/origin/main refs/remotes/origin/main [41ms]
2024-07-26 13:15:22.747 [info] > git merge-base refs/heads/main refs/remotes/origin/main [7ms]
2024-07-26 13:15:22.751 [info] > git for-each-ref --format=%(refname)%00%(upstream:short)%00%(objectname)%00%(upstream:track)%00%(upstream:remotename)%00%(upstream:remoteref) refs/heads/master refs/remotes/master [16ms]
2024-07-26 13:15:22.756 [info] > git config --local branch.main.vscode-merge-base [26ms]
2024-07-26 13:15:22.761 [info] > git rev-parse --git-dir --git-common-dir [38ms]
2024-07-26 13:15:22.765 [info] Open repository: /home/shasor/Documents/Zone01/groupie-tracker-perso
2024-07-26 13:15:22.766 [info] > git for-each-ref --format=%(refname)%00%(upstream:short)%00%(objectname)%00%(upstream:track)%00%(upstream:remotename)%00%(upstream:remoteref) refs/heads/main refs/remotes/main [49ms]
2024-07-26 13:15:22.785 [warning] ENOENT: no such file or directory, open '/home/shasor/Documents/Zone01/checkpoint-trainer/.git/refs/remotes/origin/main'
2024-07-26 13:15:22.785 [info] > git status -z -uall [13ms]
2024-07-26 13:15:22.785 [info] > git for-each-ref --format=%(refname)%00%(upstream:short)%00%(objectname)%00%(upstream:track)%00%(upstream:remotename)%00%(upstream:remoteref) refs/heads/origin/main refs/remotes/origin/main [25ms]
2024-07-26 13:15:22.786 [info] > git config --local branch.master.vscode-merge-base [30ms]
2024-07-26 13:15:22.790 [info] > git rev-list --count --left-right refs/heads/main...refs/remotes/origin/main [39ms]
2024-07-26 13:15:22.795 [info] > git for-each-ref --format=%(refname)%00%(upstream:short)%00%(objectname)%00%(upstream:track)%00%(upstream:remotename)%00%(upstream:remoteref) refs/heads/master refs/remotes/master [49ms]
2024-07-26 13:15:22.795 [warning] No such branch: master.
2024-07-26 13:15:22.825 [info] > git status -z -uall [26ms]
2024-07-26 13:15:22.836 [info] > git diff --name-status -z --diff-filter=ADMR 1d1eb78044e16ef4b80a5124f9685cdcc628b5b5...refs/remotes/origin/main [41ms]
2024-07-26 13:15:22.837 [info] > git for-each-ref --format=%(refname)%00%(upstream:short)%00%(objectname)%00%(upstream:track)%00%(upstream:remotename)%00%(upstream:remoteref) refs/heads/origin/master refs/remotes/origin/master [47ms]
2024-07-26 13:15:22.837 [info] > git rev-parse refs/remotes/origin/main [52ms]
2024-07-26 13:15:22.842 [info] > git rev-parse --show-toplevel [62ms]
2024-07-26 13:15:22.842 [info] > git config --get commit.template [65ms]
2024-07-26 13:15:22.872 [info] > git status -z -uall [30ms]
2024-07-26 13:15:22.872 [info] > git for-each-ref --format=%(refname)%00%(upstream:short)%00%(objectname)%00%(upstream:track)%00%(upstream:remotename)%00%(upstream:remoteref) refs/heads/master refs/remotes/master [23ms]
2024-07-26 13:15:22.884 [info] > git for-each-ref --format=%(refname)%00%(upstream:short)%00%(objectname)%00%(upstream:track)%00%(upstream:remotename)%00%(upstream:remoteref) refs/heads/master refs/remotes/master [54ms]
2024-07-26 13:15:22.884 [warning] No such branch: master.
2024-07-26 13:15:22.901 [info] > git for-each-ref --format=%(refname)%00%(upstream:short)%00%(objectname)%00%(upstream:track)%00%(upstream:remotename)%00%(upstream:remoteref) refs/heads/main refs/remotes/main [18ms]
2024-07-26 13:15:22.907 [info] > git config --local branch.master.vscode-merge-base [30ms]
2024-07-26 13:15:22.907 [warning] git config failed: Failed to execute git
2024-07-26 13:15:22.914 [info] > git config --get commit.template [43ms]
2024-07-26 13:15:22.914 [info] > git rev-parse --git-dir --git-common-dir [47ms]
2024-07-26 13:15:22.923 [info] Open repository: /home/shasor/Documents/Zone01/groupie-tracker-test
2024-07-26 13:15:22.925 [info] > git config --get commit.template [63ms]
2024-07-26 13:15:22.939 [info] > git reflog master --grep-reflog=branch: Created from *. [25ms]
2024-07-26 13:15:22.944 [info] > git config --local branch.main.vscode-merge-base [37ms]
2024-07-26 13:15:22.954 [info] > git for-each-ref --format=%(refname)%00%(upstream:short)%00%(objectname)%00%(upstream:track)%00%(upstream:remotename)%00%(upstream:remoteref) refs/heads/master refs/remotes/master [55ms]
2024-07-26 13:15:22.954 [warning] No such branch: master.
2024-07-26 13:15:22.975 [info] > git status -z -uall [16ms]
2024-07-26 13:15:22.986 [info] > git for-each-ref --format=%(refname)%00%(upstream:short)%00%(objectname)%00%(upstream:track)%00%(upstream:remotename)%00%(upstream:remoteref) refs/heads/origin/main refs/remotes/origin/main [33ms]
2024-07-26 13:15:22.986 [info] > git symbolic-ref --short refs/remotes/origin/HEAD [42ms]
2024-07-26 13:15:22.986 [info] fatal: ref refs/remotes/origin/HEAD is not a symbolic ref
2024-07-26 13:15:22.992 [info] > git rev-parse --show-toplevel [53ms]
2024-07-26 13:15:22.992 [info] fatal: not a git repository (or any of the parent directories): .git
2024-07-26 13:15:22.992 [info] > git config --get commit.template [58ms]
2024-07-26 13:15:23.009 [info] > git merge-base refs/heads/master refs/remotes/origin/master [18ms]
2024-07-26 13:15:23.015 [info] > git for-each-ref --format=%(refname)%00%(upstream:short)%00%(objectname)%00%(upstream:track)%00%(upstream:remotename)%00%(upstream:remoteref) refs/heads/master refs/remotes/master [35ms]
2024-07-26 13:15:23.015 [warning] No such branch: master.
2024-07-26 13:15:23.015 [info] > git for-each-ref --format=%(refname)%00%(upstream:short)%00%(objectname)%00%(upstream:track)%00%(upstream:remotename)%00%(upstream:remoteref) refs/heads/master refs/remotes/master [42ms]
2024-07-26 13:15:23.016 [info] > git for-each-ref --format=%(refname)%00%(upstream:short)%00%(objectname)%00%(upstream:track)%00%(upstream:remotename)%00%(upstream:remoteref) refs/heads/master refs/remotes/master [48ms]
2024-07-26 13:15:23.016 [warning] No such branch: master.
2024-07-26 13:15:23.071 [info] > git status -z -uall [50ms]
2024-07-26 13:15:23.077 [info] > git rev-list --count --left-right refs/heads/master...refs/remotes/origin/master [63ms]
2024-07-26 13:15:23.083 [info] > git rev-parse --show-toplevel [76ms]
2024-07-26 13:15:23.083 [info] fatal: not a git repository (or any of the parent directories): .git
2024-07-26 13:15:23.083 [info] > git config --get commit.template [82ms]
2024-07-26 13:15:23.089 [info] > git diff --name-status -z --diff-filter=ADMR 310ab64a1bf9735b77e65742b03a72689d2efb26...refs/remotes/origin/master [7ms]
2024-07-26 13:15:23.090 [info] > git for-each-ref --format=%(refname)%00%(upstream:short)%00%(objectname)%00%(upstream:track)%00%(upstream:remotename)%00%(upstream:remoteref) refs/heads/master refs/remotes/master [14ms]
2024-07-26 13:15:23.090 [warning] No such branch: master.
2024-07-26 13:15:23.090 [info] > git for-each-ref --format=%(refname)%00%(upstream:short)%00%(objectname)%00%(upstream:track)%00%(upstream:remotename)%00%(upstream:remoteref) refs/heads/master refs/remotes/master [20ms]
2024-07-26 13:15:23.103 [info] > git for-each-ref --format=%(refname)%00%(upstream:short)%00%(objectname)%00%(upstream:track)%00%(upstream:remotename)%00%(upstream:remoteref) refs/heads/master refs/remotes/master [7ms]
2024-07-26 13:15:23.103 [warning] No such branch: master.
2024-07-26 13:15:23.114 [info] > git status -z -uall [12ms]
2024-07-26 13:15:23.114 [info] > git status -z -uall [6ms]
2024-07-26 13:15:23.135 [info] > git status -z -uall [22ms]
2024-07-26 13:15:23.136 [info] > git for-each-ref --format=%(refname)%00%(upstream:short)%00%(objectname)%00%(upstream:track)%00%(upstream:remotename)%00%(upstream:remoteref) refs/heads/master refs/remotes/master [17ms]
2024-07-26 13:15:23.168 [info] > git for-each-ref --format=%(refname)%00%(upstream:short)%00%(objectname)%00%(upstream:track)%00%(upstream:remotename)%00%(upstream:remoteref) refs/heads/master refs/remotes/master [9ms]
2024-07-26 13:15:23.168 [warning] No such branch: master.
2024-07-26 13:15:23.168 [info] > git for-each-ref --format=%(refname)%00%(upstream:short)%00%(objectname)%00%(upstream:track)%00%(upstream:remotename)%00%(upstream:remoteref) refs/heads/master refs/remotes/master [20ms]
2024-07-26 13:15:23.172 [info] > git config --local branch.master.vscode-merge-base [29ms]
2024-07-26 13:15:23.172 [warning] git config failed: Failed to execute git
2024-07-26 13:15:23.181 [info] > git reflog master --grep-reflog=branch: Created from *. [5ms]
2024-07-26 13:15:23.185 [info] > git config --local branch.master.vscode-merge-base [13ms]
2024-07-26 13:15:23.190 [info] > git config --get commit.template [23ms]
2024-07-26 13:15:23.191 [info] > git symbolic-ref --short refs/remotes/origin/HEAD [6ms]
2024-07-26 13:15:23.191 [info] fatal: ref refs/remotes/origin/HEAD is not a symbolic ref
2024-07-26 13:15:23.199 [info] > git for-each-ref --format=%(refname)%00%(upstream:short)%00%(objectname)%00%(upstream:track)%00%(upstream:remotename)%00%(upstream:remoteref) refs/heads/origin/master refs/remotes/origin/master [10ms]
2024-07-26 13:15:23.206 [info] > git for-each-ref --format=%(refname)%00%(upstream:short)%00%(objectname)%00%(upstream:track)%00%(upstream:remotename)%00%(upstream:remoteref) refs/heads/master refs/remotes/master [11ms]
2024-07-26 13:15:23.219 [info] > git merge-base refs/heads/master refs/remotes/origin/master [15ms]
2024-07-26 13:15:23.300 [info] > git rev-list --count --left-right refs/heads/master...refs/remotes/origin/master [75ms]
2024-07-26 13:15:23.331 [info] > git status -z -uall [12ms]
2024-07-26 13:15:23.331 [info] > git diff --name-status -z --diff-filter=ADMR 06d1260dbac392709e5245cdb31b13ec0d8c91fd...refs/remotes/origin/master [27ms]
2024-07-26 13:15:23.332 [info] > git rev-parse --show-toplevel [8ms]
2024-07-26 13:15:23.332 [info] fatal: not a git repository (or any of the parent directories): .git
2024-07-26 13:15:23.343 [info] > git for-each-ref --format=%(refname)%00%(upstream:short)%00%(objectname)%00%(upstream:track)%00%(upstream:remotename)%00%(upstream:remoteref) refs/heads/master refs/remotes/master [6ms]
2024-07-26 13:15:23.374 [info] > git config --local branch.master.vscode-merge-base [26ms]
2024-07-26 13:15:23.391 [info] > git for-each-ref --format=%(refname)%00%(upstream:short)%00%(objectname)%00%(upstream:track)%00%(upstream:remotename)%00%(upstream:remoteref) refs/heads/origin/master refs/remotes/origin/master [12ms]
2024-07-26 13:15:23.564 [info] > git check-ignore -v -z --stdin [35ms]
2024-07-26 13:15:23.565 [info] > git check-ignore -v -z --stdin [32ms]
2024-07-26 13:15:23.565 [info] > git check-ignore -v -z --stdin [23ms]
2024-07-26 13:15:23.565 [info] > git check-ignore -v -z --stdin [17ms]
2024-07-26 13:15:23.565 [info] > git check-ignore -v -z --stdin [12ms]
2024-07-26 13:15:23.566 [info] > git check-ignore -v -z --stdin [9ms]
2024-07-26 13:15:23.566 [info] > git check-ignore -v -z --stdin [29ms]
2024-07-26 13:15:23.566 [info] > git check-ignore -v -z --stdin [4ms]
2024-07-26 13:15:23.600 [info] > git show --textconv :main.go [22ms]
2024-07-26 13:15:23.605 [info] > git ls-files --stage -- /home/shasor/Documents/Zone01/groupie-tracker/main.go [20ms]
2024-07-26 13:15:23.625 [info] > git cat-file -s 7b24042189a03086f251515c77dfc3a7ff325404 [15ms]
2024-07-26 13:15:23.754 [info] > git rev-parse --show-toplevel [1ms]
2024-07-26 13:15:23.755 [info] fatal: not a git repository (or any of the parent directories): .git
2024-07-26 13:16:57.440 [info] > git config --get commit.template [5ms]
2024-07-26 13:16:57.441 [info] > git for-each-ref --format=%(refname)%00%(upstream:short)%00%(objectname)%00%(upstream:track)%00%(upstream:remotename)%00%(upstream:remoteref) refs/heads/master refs/remotes/master [1ms]
2024-07-26 13:16:57.447 [info] > git status -z -uall [1ms]
2024-07-26 13:16:57.455 [info] > git for-each-ref --format=%(refname)%00%(upstream:short)%00%(objectname)%00%(upstream:track)%00%(upstream:remotename)%00%(upstream:remoteref) refs/heads/master refs/remotes/master [2ms]
2024-07-26 13:16:57.461 [info] > git config --local branch.master.vscode-merge-base [1ms]
2024-07-26 13:16:57.467 [info] > git for-each-ref --format=%(refname)%00%(upstream:short)%00%(objectname)%00%(upstream:track)%00%(upstream:remotename)%00%(upstream:remoteref) refs/heads/origin/master refs/remotes/origin/master [1ms]
2024-07-26 13:16:57.540 [info] > git ls-files --stage -- /home/shasor/Documents/Zone01/groupie-tracker/main.go [1ms]
2024-07-26 13:16:57.547 [info] > git cat-file -s 7b24042189a03086f251515c77dfc3a7ff325404 [2ms]
2024-07-26 13:16:57.559 [info] > git show --textconv :main.go [1ms]
2024-07-26 13:17:19.606 [info] > git config --get commit.template [5ms]
2024-07-26 13:17:19.607 [info] > git for-each-ref --format=%(refname)%00%(upstream:short)%00%(objectname)%00%(upstream:track)%00%(upstream:remotename)%00%(upstream:remoteref) refs/heads/master refs/remotes/master [2ms]
2024-07-26 13:17:19.613 [info] > git status -z -uall [2ms]
2024-07-26 13:17:19.619 [info] > git for-each-ref --format=%(refname)%00%(upstream:short)%00%(objectname)%00%(upstream:track)%00%(upstream:remotename)%00%(upstream:remoteref) refs/heads/master refs/remotes/master [1ms]
2024-07-26 13:17:19.625 [info] > git config --local branch.master.vscode-merge-base [1ms]
2024-07-26 13:17:19.631 [info] > git for-each-ref --format=%(refname)%00%(upstream:short)%00%(objectname)%00%(upstream:track)%00%(upstream:remotename)%00%(upstream:remoteref) refs/heads/origin/master refs/remotes/origin/master [1ms]
2024-07-26 13:17:19.702 [info] > git ls-files --stage -- /home/shasor/Documents/Zone01/groupie-tracker/main.go [1ms]
2024-07-26 13:17:19.707 [info] > git cat-file -s 7b24042189a03086f251515c77dfc3a7ff325404 [1ms]
2024-07-26 13:17:19.714 [info] > git show --textconv :main.go [2ms]
2024-07-26 13:18:08.444 [warning] ENOENT: no such file or directory, open '/home/shasor/Documents/Zone01/groupie-tracker/.git/HEAD'
2024-07-26 13:18:08.452 [warning] getRemotes() - ENOENT: no such file or directory, open '/home/shasor/Documents/Zone01/groupie-tracker/.git/config'
2024-07-26 13:18:08.465 [warning] ENOENT: no such file or directory, open '/home/shasor/Documents/Zone01/groupie-tracker/.git/HEAD'
2024-07-26 13:18:08.473 [warning] getRemotes() - ENOENT: no such file or directory, open '/home/shasor/Documents/Zone01/groupie-tracker/.git/config'
2024-07-26 13:18:08.481 [warning] ENOENT: no such file or directory, open '/home/shasor/Documents/Zone01/groupie-tracker-test/.git/HEAD'
2024-07-26 13:18:08.488 [warning] getRemotes() - ENOENT: no such file or directory, open '/home/shasor/Documents/Zone01/groupie-tracker-test/.git/config'
2024-07-26 13:18:08.501 [warning] ENOENT: no such file or directory, open '/home/shasor/Documents/Zone01/groupie-tracker-test/.git/HEAD'
2024-07-26 13:18:08.511 [warning] getRemotes() - ENOENT: no such file or directory, open '/home/shasor/Documents/Zone01/groupie-tracker-test/.git/config'
2024-07-26 13:18:09.088 [info] > git check-ignore -v -z --stdin [26ms]
2024-07-26 13:18:09.088 [info] > git check-ignore -v -z --stdin [22ms]
2024-07-26 13:18:09.088 [info] > git check-ignore -v -z --stdin [17ms]
2024-07-26 13:18:09.089 [info] > git check-ignore -v -z --stdin [14ms]
2024-07-26 13:18:09.089 [info] > git check-ignore -v -z --stdin [8ms]
2024-07-26 13:18:09.089 [info] > git check-ignore -v -z --stdin [3ms]
2024-07-26 13:18:13.232 [info] > git check-ignore -v -z --stdin [1ms]
2024-07-26 13:18:14.462 [info] > git check-ignore -v -z --stdin [2ms]
2024-07-26 13:18:15.231 [info] > git check-ignore -v -z --stdin [1ms]
2024-07-26 13:18:33.096 [info] > git rev-parse --show-toplevel [3ms]
2024-07-26 13:18:33.096 [info] fatal: not a git repository (or any of the parent directories): .git
2024-07-26 13:18:35.984 [info] > git rev-parse --show-toplevel [2ms]
2024-07-26 13:18:35.984 [info] fatal: not a git repository (or any of the parent directories): .git
2024-07-26 13:18:36.474 [info] > git rev-parse --show-toplevel [1ms]
2024-07-26 13:18:36.474 [info] fatal: not a git repository (or any of the parent directories): .git
2024-07-26 13:18:36.707 [info] > git rev-parse --show-toplevel [2ms]
2024-07-26 13:18:36.707 [info] fatal: not a git repository (or any of the parent directories): .git
2024-07-26 13:18:36.885 [info] > git rev-parse --show-toplevel [1ms]
2024-07-26 13:18:36.885 [info] fatal: not a git repository (or any of the parent directories): .git
2024-07-26 13:18:37.074 [info] > git rev-parse --show-toplevel [2ms]
2024-07-26 13:18:37.074 [info] fatal: not a git repository (or any of the parent directories): .git
2024-07-26 13:19:11.882 [info] > git rev-parse --show-toplevel [4ms]
2024-07-26 13:19:11.888 [info] > git rev-parse --git-dir --git-common-dir [2ms]
2024-07-26 13:19:11.892 [info] Open repository: /home/shasor/Documents/Zone01/test
2024-07-26 13:19:11.914 [info] > git config --get commit.template [17ms]
2024-07-26 13:19:11.920 [info] No remotes found in the git config file.
2024-07-26 13:19:11.932 [info] > git for-each-ref --format=%(refname)%00%(upstream:short)%00%(objectname)%00%(upstream:track)%00%(upstream:remotename)%00%(upstream:remoteref) refs/heads/master refs/remotes/master [11ms]
2024-07-26 13:19:11.932 [warning] No such branch: master.
2024-07-26 13:19:11.944 [info] > git status -z -uall [7ms]
2024-07-26 13:19:11.960 [info] > git for-each-ref --format=%(refname)%00%(upstream:short)%00%(objectname)%00%(upstream:track)%00%(upstream:remotename)%00%(upstream:remoteref) refs/heads/master refs/remotes/master [11ms]
2024-07-26 13:19:11.960 [warning] No such branch: master.
2024-07-26 13:19:11.961 [info] > git config --get commit.template [2ms]
2024-07-26 13:19:11.967 [info] No remotes found in the git config file.
2024-07-26 13:19:11.974 [info] > git for-each-ref --format=%(refname)%00%(upstream:short)%00%(objectname)%00%(upstream:track)%00%(upstream:remotename)%00%(upstream:remoteref) refs/heads/master refs/remotes/master [7ms]
2024-07-26 13:19:11.974 [warning] No such branch: master.
2024-07-26 13:19:11.984 [info] > git status -z -uall [6ms]
2024-07-26 13:19:11.991 [info] > git for-each-ref --format=%(refname)%00%(upstream:short)%00%(objectname)%00%(upstream:track)%00%(upstream:remotename)%00%(upstream:remoteref) refs/heads/master refs/remotes/master [2ms]
2024-07-26 13:19:11.992 [warning] No such branch: master.
2024-07-26 13:19:12.437 [info] > git check-ignore -v -z --stdin [26ms]
2024-07-26 13:19:12.438 [info] > git check-ignore -v -z --stdin [23ms]
2024-07-26 13:19:12.438 [info] > git check-ignore -v -z --stdin [19ms]
2024-07-26 13:19:12.439 [info] > git check-ignore -v -z --stdin [15ms]
2024-07-26 13:19:12.439 [info] > git check-ignore -v -z --stdin [11ms]
2024-07-26 13:19:12.439 [info] > git check-ignore -v -z --stdin [7ms]
2024-07-26 13:19:12.439 [info] > git check-ignore -v -z --stdin [3ms]
2024-07-26 13:19:50.766 [info] > git config --get commit.template [5ms]
2024-07-26 13:19:50.767 [info] > git for-each-ref --format=%(refname)%00%(upstream:short)%00%(objectname)%00%(upstream:track)%00%(upstream:remotename)%00%(upstream:remoteref) refs/heads/master refs/remotes/master [2ms]
2024-07-26 13:19:50.767 [warning] No such branch: master.
2024-07-26 13:19:50.773 [info] > git status -z -uall [2ms]
2024-07-26 13:19:50.780 [info] > git for-each-ref --format=%(refname)%00%(upstream:short)%00%(objectname)%00%(upstream:track)%00%(upstream:remotename)%00%(upstream:remoteref) refs/heads/master refs/remotes/master [2ms]
2024-07-26 13:19:50.780 [warning] No such branch: master.
2024-07-26 13:22:12.791 [warning] ENOENT: no such file or directory, open '/home/shasor/Documents/Zone01/test/.git/HEAD'
2024-07-26 13:22:12.798 [warning] getRemotes() - ENOENT: no such file or directory, open '/home/shasor/Documents/Zone01/test/.git/config'
2024-07-26 13:22:12.809 [warning] ENOENT: no such file or directory, open '/home/shasor/Documents/Zone01/test/.git/HEAD'
2024-07-26 13:22:12.816 [warning] getRemotes() - ENOENT: no such file or directory, open '/home/shasor/Documents/Zone01/test/.git/config'
2024-07-26 13:22:13.436 [info] > git check-ignore -v -z --stdin [29ms]
2024-07-26 13:22:13.437 [info] > git check-ignore -v -z --stdin [24ms]
2024-07-26 13:22:13.438 [info] > git check-ignore -v -z --stdin [20ms]
2024-07-26 13:22:13.438 [info] > git check-ignore -v -z --stdin [15ms]
2024-07-26 13:22:13.439 [info] > git check-ignore -v -z --stdin [9ms]
2024-07-26 13:22:13.439 [info] > git check-ignore -v -z --stdin [4ms]
2024-07-26 13:25:11.630 [info] > git rev-parse --show-toplevel [1ms]
2024-07-26 13:25:11.654 [info] > git rev-parse --git-dir --git-common-dir [19ms]
2024-07-26 13:25:11.657 [info] Open repository: /home/shasor/Documents/Zone01/groupie-tracker-filters
2024-07-26 13:25:11.669 [info] > git config --get commit.template [6ms]
2024-07-26 13:25:11.670 [info] > git for-each-ref --format=%(refname)%00%(upstream:short)%00%(objectname)%00%(upstream:track)%00%(upstream:remotename)%00%(upstream:remoteref) refs/heads/.invalid refs/remotes/.invalid [2ms]
2024-07-26 13:25:11.670 [warning] No such branch: .invalid.
2024-07-26 13:25:11.681 [info] > git status -z -uall [6ms]
2024-07-26 13:25:11.696 [info] > git for-each-ref --format=%(refname)%00%(upstream:short)%00%(objectname)%00%(upstream:track)%00%(upstream:remotename)%00%(upstream:remoteref) refs/heads/.invalid refs/remotes/.invalid [8ms]
2024-07-26 13:25:11.696 [warning] No such branch: .invalid.
2024-07-26 13:25:11.698 [info] > git config --get commit.template [2ms]
2024-07-26 13:25:11.711 [info] > git for-each-ref --format=%(refname)%00%(upstream:short)%00%(objectname)%00%(upstream:track)%00%(upstream:remotename)%00%(upstream:remoteref) refs/heads/.invalid refs/remotes/.invalid [7ms]
2024-07-26 13:25:11.711 [warning] No such branch: .invalid.
2024-07-26 13:25:11.721 [info] > git status -z -uall [6ms]
2024-07-26 13:25:11.734 [info] > git for-each-ref --format=%(refname)%00%(upstream:short)%00%(objectname)%00%(upstream:track)%00%(upstream:remotename)%00%(upstream:remoteref) refs/heads/.invalid refs/remotes/.invalid [5ms]
2024-07-26 13:25:11.735 [warning] No such branch: .invalid.
2024-07-26 13:25:12.615 [info] > git check-ignore -v -z --stdin [32ms]
2024-07-26 13:25:12.615 [info] > git check-ignore -v -z --stdin [28ms]
2024-07-26 13:25:12.615 [info] > git check-ignore -v -z --stdin [22ms]
2024-07-26 13:25:12.615 [info] > git check-ignore -v -z --stdin [16ms]
2024-07-26 13:25:12.616 [info] > git check-ignore -v -z --stdin [12ms]
2024-07-26 13:25:12.616 [info] > git check-ignore -v -z --stdin [7ms]
2024-07-26 13:25:12.616 [info] > git check-ignore -v -z --stdin [3ms]
2024-07-26 13:25:13.152 [info] > git config --get commit.template [1ms]
2024-07-26 13:25:13.159 [info] > git for-each-ref --format=%(refname)%00%(upstream:short)%00%(objectname)%00%(upstream:track)%00%(upstream:remotename)%00%(upstream:remoteref) refs/heads/master refs/remotes/master [2ms]
2024-07-26 13:25:13.163 [warning] ENOENT: no such file or directory, open '/home/shasor/Documents/Zone01/groupie-tracker-filters/.git/refs/remotes/origin/master'
2024-07-26 13:25:13.164 [info] > git rev-parse refs/remotes/origin/master [1ms]
2024-07-26 13:25:13.170 [info] > git status -z -uall [2ms]
2024-07-26 13:25:13.178 [info] > git for-each-ref --format=%(refname)%00%(upstream:short)%00%(objectname)%00%(upstream:track)%00%(upstream:remotename)%00%(upstream:remoteref) refs/heads/master refs/remotes/master [3ms]
2024-07-26 13:25:13.185 [info] > git config --local branch.master.vscode-merge-base [1ms]
2024-07-26 13:25:13.185 [warning] git config failed: Failed to execute git
2024-07-26 13:25:13.191 [info] > git reflog master --grep-reflog=branch: Created from *. [2ms]
2024-07-26 13:25:13.196 [info] > git symbolic-ref --short refs/remotes/origin/HEAD [1ms]
2024-07-26 13:25:13.202 [info] > git for-each-ref --format=%(refname)%00%(upstream:short)%00%(objectname)%00%(upstream:track)%00%(upstream:remotename)%00%(upstream:remoteref) refs/heads/origin/master refs/remotes/origin/master [1ms]
2024-07-26 13:25:13.208 [info] > git config --local branch.master.vscode-merge-base origin/master [1ms]
2024-07-26 13:25:13.217 [info] > git config --get commit.template [4ms]
2024-07-26 13:25:13.218 [info] > git for-each-ref --format=%(refname)%00%(upstream:short)%00%(objectname)%00%(upstream:track)%00%(upstream:remotename)%00%(upstream:remoteref) refs/heads/master refs/remotes/master [1ms]
2024-07-26 13:25:13.222 [warning] ENOENT: no such file or directory, open '/home/shasor/Documents/Zone01/groupie-tracker-filters/.git/refs/remotes/origin/master'
2024-07-26 13:25:13.223 [info] > git rev-parse refs/remotes/origin/master [1ms]
2024-07-26 13:25:13.229 [info] > git status -z -uall [2ms]
2024-07-26 13:25:13.240 [info] > git for-each-ref --format=%(refname)%00%(upstream:short)%00%(objectname)%00%(upstream:track)%00%(upstream:remotename)%00%(upstream:remoteref) refs/heads/master refs/remotes/master [6ms]
2024-07-26 13:25:13.245 [info] > git merge-base refs/heads/master refs/remotes/origin/master [5ms]
2024-07-26 13:25:13.251 [info] > git config --local branch.master.vscode-merge-base [6ms]
2024-07-26 13:25:13.256 [info] > git rev-list --count --left-right refs/heads/master...refs/remotes/origin/master [6ms]
2024-07-26 13:25:13.262 [info] > git for-each-ref --format=%(refname)%00%(upstream:short)%00%(objectname)%00%(upstream:track)%00%(upstream:remotename)%00%(upstream:remoteref) refs/heads/origin/master refs/remotes/origin/master [6ms]
2024-07-26 13:25:13.263 [info] > git diff --name-status -z --diff-filter=ADMR 478557d71d71dad6be6900c7e83e9cfd16dd4014...refs/remotes/origin/master [2ms]
2024-07-26 13:25:18.190 [info] > git config --get commit.template [6ms]
2024-07-26 13:25:18.191 [info] > git for-each-ref --format=%(refname)%00%(upstream:short)%00%(objectname)%00%(upstream:track)%00%(upstream:remotename)%00%(upstream:remoteref) refs/heads/master refs/remotes/master [2ms]
2024-07-26 13:25:18.196 [warning] ENOENT: no such file or directory, open '/home/shasor/Documents/Zone01/groupie-tracker-filters/.git/refs/remotes/origin/master'
2024-07-26 13:25:18.197 [info] > git rev-parse refs/remotes/origin/master [2ms]
2024-07-26 13:25:18.204 [info] > git status -z -uall [2ms]
2024-07-26 13:25:18.213 [info] > git for-each-ref --format=%(refname)%00%(upstream:short)%00%(objectname)%00%(upstream:track)%00%(upstream:remotename)%00%(upstream:remoteref) refs/heads/master refs/remotes/master [2ms]
2024-07-26 13:25:18.220 [info] > git config --local branch.master.vscode-merge-base [1ms]
2024-07-26 13:25:18.227 [info] > git for-each-ref --format=%(refname)%00%(upstream:short)%00%(objectname)%00%(upstream:track)%00%(upstream:remotename)%00%(upstream:remoteref) refs/heads/origin/master refs/remotes/origin/master [1ms]
2024-07-26 13:25:23.223 [info] > git config --get commit.template [5ms]
2024-07-26 13:25:23.224 [info] > git for-each-ref --format=%(refname)%00%(upstream:short)%00%(objectname)%00%(upstream:track)%00%(upstream:remotename)%00%(upstream:remoteref) refs/heads/master refs/remotes/master [2ms]
2024-07-26 13:25:23.224 [warning] No such branch: master.
2024-07-26 13:25:23.229 [info] > git status -z -uall [1ms]
2024-07-26 13:25:23.237 [info] > git for-each-ref --format=%(refname)%00%(upstream:short)%00%(objectname)%00%(upstream:track)%00%(upstream:remotename)%00%(upstream:remoteref) refs/heads/master refs/remotes/master [2ms]
2024-07-26 13:25:23.237 [warning] No such branch: master.
2024-07-26 13:25:36.168 [info] > git config --get commit.template [2ms]
2024-07-26 13:25:36.174 [info] > git for-each-ref --format=%(refname)%00%(upstream:short)%00%(objectname)%00%(upstream:track)%00%(upstream:remotename)%00%(upstream:remoteref) refs/heads/master refs/remotes/master [1ms]
2024-07-26 13:25:36.175 [warning] No such branch: master.
2024-07-26 13:25:36.181 [info] > git status -z -uall [1ms]
2024-07-26 13:25:36.191 [info] > git for-each-ref --format=%(refname)%00%(upstream:short)%00%(objectname)%00%(upstream:track)%00%(upstream:remotename)%00%(upstream:remoteref) refs/heads/master refs/remotes/master [4ms]
2024-07-26 13:25:36.191 [warning] No such branch: master.
2024-07-26 13:28:02.174 [warning] ENOENT: no such file or directory, open '/home/shasor/Documents/Zone01/groupie-tracker-filters/.git/HEAD'
2024-07-26 13:28:02.181 [warning] getRemotes() - ENOENT: no such file or directory, open '/home/shasor/Documents/Zone01/groupie-tracker-filters/.git/config'
2024-07-26 13:28:02.193 [warning] ENOENT: no such file or directory, open '/home/shasor/Documents/Zone01/groupie-tracker-filters/.git/HEAD'
2024-07-26 13:28:02.200 [warning] getRemotes() - ENOENT: no such file or directory, open '/home/shasor/Documents/Zone01/groupie-tracker-filters/.git/config'
2024-07-26 13:28:02.812 [info] > git check-ignore -v -z --stdin [23ms]
2024-07-26 13:28:02.812 [info] > git check-ignore -v -z --stdin [19ms]
2024-07-26 13:28:02.812 [info] > git check-ignore -v -z --stdin [15ms]
2024-07-26 13:28:02.813 [info] > git check-ignore -v -z --stdin [11ms]
2024-07-26 13:28:02.813 [info] > git check-ignore -v -z --stdin [7ms]
2024-07-26 13:28:02.813 [info] > git check-ignore -v -z --stdin [3ms]
2024-07-26 13:28:30.157 [info] > git rev-parse --show-toplevel [1ms]
2024-07-26 13:28:30.157 [info] fatal: not a git repository (or any of the parent directories): .git
2024-07-26 13:28:34.227 [info] > git rev-parse --show-toplevel [1ms]
2024-07-26 13:28:34.232 [info] > git rev-parse --git-dir --git-common-dir [1ms]
2024-07-26 13:28:34.237 [info] Open repository: /home/shasor/Documents/Zone01/groupie-tracker-filters
2024-07-26 13:28:34.260 [info] > git config --get commit.template [2ms]
2024-07-26 13:28:34.266 [info] No remotes found in the git config file.
2024-07-26 13:28:34.268 [info] > git for-each-ref --format=%(refname)%00%(upstream:short)%00%(objectname)%00%(upstream:track)%00%(upstream:remotename)%00%(upstream:remoteref) refs/heads/master refs/remotes/master [3ms]
2024-07-26 13:28:34.268 [warning] No such branch: master.
2024-07-26 13:28:34.274 [info] > git status -z -uall [2ms]
2024-07-26 13:28:34.289 [info] > git for-each-ref --format=%(refname)%00%(upstream:short)%00%(objectname)%00%(upstream:track)%00%(upstream:remotename)%00%(upstream:remoteref) refs/heads/master refs/remotes/master [9ms]
2024-07-26 13:28:34.289 [warning] No such branch: master.
2024-07-26 13:28:34.292 [info] > git config --get commit.template [4ms]
2024-07-26 13:28:34.300 [info] No remotes found in the git config file.
2024-07-26 13:28:34.306 [info] > git for-each-ref --format=%(refname)%00%(upstream:short)%00%(objectname)%00%(upstream:track)%00%(upstream:remotename)%00%(upstream:remoteref) refs/heads/master refs/remotes/master [6ms]
2024-07-26 13:28:34.306 [warning] No such branch: master.
2024-07-26 13:28:34.317 [info] > git status -z -uall [7ms]
2024-07-26 13:28:34.323 [info] > git for-each-ref --format=%(refname)%00%(upstream:short)%00%(objectname)%00%(upstream:track)%00%(upstream:remotename)%00%(upstream:remoteref) refs/heads/master refs/remotes/master [2ms]
2024-07-26 13:28:34.323 [warning] No such branch: master.
2024-07-26 13:28:34.831 [info] > git check-ignore -v -z --stdin [35ms]
2024-07-26 13:28:34.831 [info] > git check-ignore -v -z --stdin [29ms]
2024-07-26 13:28:34.832 [info] > git check-ignore -v -z --stdin [24ms]
2024-07-26 13:28:34.832 [info] > git check-ignore -v -z --stdin [19ms]
2024-07-26 13:28:34.833 [info] > git check-ignore -v -z --stdin [15ms]
2024-07-26 13:28:34.833 [info] > git check-ignore -v -z --stdin [9ms]
2024-07-26 13:28:34.833 [info] > git check-ignore -v -z --stdin [4ms]
2024-07-26 13:28:50.211 [info] > git config --get commit.template [7ms]
2024-07-26 13:28:50.212 [info] > git for-each-ref --format=%(refname)%00%(upstream:short)%00%(objectname)%00%(upstream:track)%00%(upstream:remotename)%00%(upstream:remoteref) refs/heads/master refs/remotes/master [2ms]
2024-07-26 13:28:50.212 [warning] No such branch: master.
2024-07-26 13:28:50.218 [info] > git status -z -uall [2ms]
2024-07-26 13:28:50.237 [info] > git for-each-ref --format=%(refname)%00%(upstream:short)%00%(objectname)%00%(upstream:track)%00%(upstream:remotename)%00%(upstream:remoteref) refs/heads/master refs/remotes/master [11ms]
2024-07-26 13:28:50.237 [warning] No such branch: master.
2024-07-26 13:32:36.570 [warning] ENOENT: no such file or directory, open '/home/shasor/Documents/Zone01/groupie-tracker-filters/.git/HEAD'
2024-07-26 13:32:36.577 [warning] getRemotes() - ENOENT: no such file or directory, open '/home/shasor/Documents/Zone01/groupie-tracker-filters/.git/config'
2024-07-26 13:32:36.591 [warning] ENOENT: no such file or directory, open '/home/shasor/Documents/Zone01/groupie-tracker-filters/.git/HEAD'
2024-07-26 13:32:36.598 [warning] getRemotes() - ENOENT: no such file or directory, open '/home/shasor/Documents/Zone01/groupie-tracker-filters/.git/config'
2024-07-26 13:32:37.216 [info] > git check-ignore -v -z --stdin [30ms]
2024-07-26 13:32:37.217 [info] > git check-ignore -v -z --stdin [26ms]
2024-07-26 13:32:37.218 [info] > git check-ignore -v -z --stdin [22ms]
2024-07-26 13:32:37.218 [info] > git check-ignore -v -z --stdin [16ms]
2024-07-26 13:32:37.218 [info] > git check-ignore -v -z --stdin [10ms]
2024-07-26 13:32:37.219 [info] > git check-ignore -v -z --stdin [5ms]
2024-07-26 13:32:38.400 [info] > git rev-parse --show-toplevel [1ms]
2024-07-26 13:32:38.419 [info] > git rev-parse --git-dir --git-common-dir [15ms]
2024-07-26 13:32:38.424 [info] Open repository: /home/shasor/Documents/Zone01/groupie-tracker-filters
2024-07-26 13:32:38.431 [info] > git config --get commit.template [2ms]
2024-07-26 13:32:38.438 [info] > git for-each-ref --format=%(refname)%00%(upstream:short)%00%(objectname)%00%(upstream:track)%00%(upstream:remotename)%00%(upstream:remoteref) refs/heads/.invalid refs/remotes/.invalid [2ms]
2024-07-26 13:32:38.438 [warning] No such branch: .invalid.
2024-07-26 13:32:38.446 [info] > git status -z -uall [4ms]
2024-07-26 13:32:38.457 [info] > git for-each-ref --format=%(refname)%00%(upstream:short)%00%(objectname)%00%(upstream:track)%00%(upstream:remotename)%00%(upstream:remoteref) refs/heads/.invalid refs/remotes/.invalid [6ms]
2024-07-26 13:32:38.457 [warning] No such branch: .invalid.
2024-07-26 13:32:38.462 [info] > git config --get commit.template [5ms]
2024-07-26 13:32:38.484 [info] > git for-each-ref --format=%(refname)%00%(upstream:short)%00%(objectname)%00%(upstream:track)%00%(upstream:remotename)%00%(upstream:remoteref) refs/heads/.invalid refs/remotes/.invalid [7ms]
2024-07-26 13:32:38.484 [warning] No such branch: .invalid.
2024-07-26 13:32:38.500 [info] > git status -z -uall [6ms]
2024-07-26 13:32:38.510 [info] > git for-each-ref --format=%(refname)%00%(upstream:short)%00%(objectname)%00%(upstream:track)%00%(upstream:remotename)%00%(upstream:remoteref) refs/heads/.invalid refs/remotes/.invalid [2ms]
2024-07-26 13:32:38.510 [warning] No such branch: .invalid.
2024-07-26 13:32:39.373 [info] > git check-ignore -v -z --stdin [29ms]
2024-07-26 13:32:39.373 [info] > git check-ignore -v -z --stdin [25ms]
2024-07-26 13:32:39.374 [info] > git check-ignore -v -z --stdin [21ms]
2024-07-26 13:32:39.374 [info] > git check-ignore -v -z --stdin [16ms]
2024-07-26 13:32:39.374 [info] > git check-ignore -v -z --stdin [11ms]
2024-07-26 13:32:39.374 [info] > git check-ignore -v -z --stdin [6ms]
2024-07-26 13:32:39.375 [info] > git check-ignore -v -z --stdin [3ms]
2024-07-26 13:32:45.229 [info] > git config --get commit.template [5ms]
2024-07-26 13:32:45.230 [info] > git for-each-ref --format=%(refname)%00%(upstream:short)%00%(objectname)%00%(upstream:track)%00%(upstream:remotename)%00%(upstream:remoteref) refs/heads/master refs/remotes/master [2ms]
2024-07-26 13:32:45.234 [warning] ENOENT: no such file or directory, open '/home/shasor/Documents/Zone01/groupie-tracker-filters/.git/refs/remotes/origin/master'
2024-07-26 13:32:45.235 [info] > git rev-parse refs/remotes/origin/master [1ms]
2024-07-26 13:32:45.240 [info] > git status -z -uall [2ms]
2024-07-26 13:32:45.249 [info] > git for-each-ref --format=%(refname)%00%(upstream:short)%00%(objectname)%00%(upstream:track)%00%(upstream:remotename)%00%(upstream:remoteref) refs/heads/master refs/remotes/master [3ms]
2024-07-26 13:32:45.256 [info] > git config --local branch.master.vscode-merge-base [2ms]
2024-07-26 13:32:45.256 [warning] git config failed: Failed to execute git
2024-07-26 13:32:45.262 [info] > git reflog master --grep-reflog=branch: Created from *. [2ms]
2024-07-26 13:32:45.268 [info] > git symbolic-ref --short refs/remotes/origin/HEAD [2ms]
2024-07-26 13:32:45.273 [info] > git for-each-ref --format=%(refname)%00%(upstream:short)%00%(objectname)%00%(upstream:track)%00%(upstream:remotename)%00%(upstream:remoteref) refs/heads/origin/master refs/remotes/origin/master [1ms]
2024-07-26 13:32:45.280 [info] > git config --local branch.master.vscode-merge-base origin/master [2ms]
2024-07-26 13:32:45.293 [info] > git config --get commit.template [7ms]
2024-07-26 13:32:45.294 [info] > git for-each-ref --format=%(refname)%00%(upstream:short)%00%(objectname)%00%(upstream:track)%00%(upstream:remotename)%00%(upstream:remoteref) refs/heads/master refs/remotes/master [2ms]
2024-07-26 13:32:45.300 [warning] ENOENT: no such file or directory, open '/home/shasor/Documents/Zone01/groupie-tracker-filters/.git/refs/remotes/origin/master'
2024-07-26 13:32:45.301 [info] > git rev-parse refs/remotes/origin/master [2ms]
2024-07-26 13:32:45.307 [info] > git status -z -uall [2ms]
2024-07-26 13:32:45.321 [info] > git for-each-ref --format=%(refname)%00%(upstream:short)%00%(objectname)%00%(upstream:track)%00%(upstream:remotename)%00%(upstream:remoteref) refs/heads/master refs/remotes/master [8ms]
2024-07-26 13:32:45.327 [info] > git merge-base refs/heads/master refs/remotes/origin/master [7ms]
2024-07-26 13:32:45.333 [info] > git config --local branch.master.vscode-merge-base [7ms]
2024-07-26 13:32:45.339 [info] > git rev-list --count --left-right refs/heads/master...refs/remotes/origin/master [6ms]
2024-07-26 13:32:45.345 [info] > git for-each-ref --format=%(refname)%00%(upstream:short)%00%(objectname)%00%(upstream:track)%00%(upstream:remotename)%00%(upstream:remoteref) refs/heads/origin/master refs/remotes/origin/master [6ms]
2024-07-26 13:32:45.346 [info] > git diff --name-status -z --diff-filter=ADMR 478557d71d71dad6be6900c7e83e9cfd16dd4014...refs/remotes/origin/master [1ms]
2024-07-26 13:32:50.260 [info] > git config --get commit.template [5ms]
2024-07-26 13:32:50.261 [info] > git for-each-ref --format=%(refname)%00%(upstream:short)%00%(objectname)%00%(upstream:track)%00%(upstream:remotename)%00%(upstream:remoteref) refs/heads/master refs/remotes/master [2ms]
2024-07-26 13:32:50.265 [warning] ENOENT: no such file or directory, open '/home/shasor/Documents/Zone01/groupie-tracker-filters/.git/refs/remotes/origin/master'
2024-07-26 13:32:50.266 [info] > git rev-parse refs/remotes/origin/master [2ms]
2024-07-26 13:32:50.271 [info] > git status -z -uall [2ms]
2024-07-26 13:32:50.279 [info] > git for-each-ref --format=%(refname)%00%(upstream:short)%00%(objectname)%00%(upstream:track)%00%(upstream:remotename)%00%(upstream:remoteref) refs/heads/master refs/remotes/master [2ms]
2024-07-26 13:32:50.284 [info] > git config --local branch.master.vscode-merge-base [1ms]
2024-07-26 13:32:50.290 [info] > git for-each-ref --format=%(refname)%00%(upstream:short)%00%(objectname)%00%(upstream:track)%00%(upstream:remotename)%00%(upstream:remoteref) refs/heads/origin/master refs/remotes/origin/master [1ms]
2024-07-26 13:33:35.373 [info] > git config --get commit.template [6ms]
2024-07-26 13:33:35.374 [info] > git for-each-ref --format=%(refname)%00%(upstream:short)%00%(objectname)%00%(upstream:track)%00%(upstream:remotename)%00%(upstream:remoteref) refs/heads/new_start refs/remotes/new_start [2ms]
2024-07-26 13:33:35.374 [warning] No such branch: new_start.
2024-07-26 13:33:35.380 [info] > git status -z -uall [2ms]
2024-07-26 13:33:35.389 [info] > git for-each-ref --format=%(refname)%00%(upstream:short)%00%(objectname)%00%(upstream:track)%00%(upstream:remotename)%00%(upstream:remoteref) refs/heads/new_start refs/remotes/new_start [3ms]
2024-07-26 13:33:35.390 [warning] No such branch: new_start.
2024-07-26 13:33:53.599 [info] > git config --get commit.template [4ms]
2024-07-26 13:33:53.600 [info] > git for-each-ref --format=%(refname)%00%(upstream:short)%00%(objectname)%00%(upstream:track)%00%(upstream:remotename)%00%(upstream:remoteref) refs/heads/new_start refs/remotes/new_start [1ms]
2024-07-26 13:33:53.600 [warning] No such branch: new_start.
2024-07-26 13:33:53.605 [info] > git status -z -uall [1ms]
2024-07-26 13:33:53.612 [info] > git for-each-ref --format=%(refname)%00%(upstream:short)%00%(objectname)%00%(upstream:track)%00%(upstream:remotename)%00%(upstream:remoteref) refs/heads/new_start refs/remotes/new_start [2ms]
2024-07-26 13:33:53.612 [warning] No such branch: new_start.
2024-07-26 13:34:20.620 [info] > git config --get commit.template [5ms]
2024-07-26 13:34:20.621 [info] > git for-each-ref --format=%(refname)%00%(upstream:short)%00%(objectname)%00%(upstream:track)%00%(upstream:remotename)%00%(upstream:remoteref) refs/heads/new_start refs/remotes/new_start [2ms]
2024-07-26 13:34:20.621 [warning] No such branch: new_start.
2024-07-26 13:34:20.627 [info] > git status -z -uall [1ms]
2024-07-26 13:34:20.633 [info] > git for-each-ref --format=%(refname)%00%(upstream:short)%00%(objectname)%00%(upstream:track)%00%(upstream:remotename)%00%(upstream:remoteref) refs/heads/new_start refs/remotes/new_start [2ms]
2024-07-26 13:34:20.633 [warning] No such branch: new_start.
2024-07-26 13:34:25.643 [info] > git config --get commit.template [5ms]
2024-07-26 13:34:25.644 [info] > git for-each-ref --format=%(refname)%00%(upstream:short)%00%(objectname)%00%(upstream:track)%00%(upstream:remotename)%00%(upstream:remoteref) refs/heads/master refs/remotes/master [1ms]
2024-07-26 13:34:25.644 [warning] No such branch: master.
2024-07-26 13:34:25.649 [info] > git status -z -uall [1ms]
2024-07-26 13:34:25.657 [info] > git for-each-ref --format=%(refname)%00%(upstream:short)%00%(objectname)%00%(upstream:track)%00%(upstream:remotename)%00%(upstream:remoteref) refs/heads/master refs/remotes/master [3ms]
2024-07-26 13:34:25.657 [warning] No such branch: master.
2024-07-26 13:34:30.780 [info] > git config --get commit.template [4ms]
2024-07-26 13:34:30.780 [info] > git for-each-ref --format=%(refname)%00%(upstream:short)%00%(objectname)%00%(upstream:track)%00%(upstream:remotename)%00%(upstream:remoteref) refs/heads/master refs/remotes/master [1ms]
2024-07-26 13:34:30.780 [warning] No such branch: master.
2024-07-26 13:34:30.786 [info] > git status -z -uall [1ms]
2024-07-26 13:34:30.793 [info] > git for-each-ref --format=%(refname)%00%(upstream:short)%00%(objectname)%00%(upstream:track)%00%(upstream:remotename)%00%(upstream:remoteref) refs/heads/master refs/remotes/master [2ms]
2024-07-26 13:34:30.793 [warning] No such branch: master.
2024-07-26 13:34:44.836 [info] > git config --get commit.template [4ms]
2024-07-26 13:34:44.837 [info] > git for-each-ref --format=%(refname)%00%(upstream:short)%00%(objectname)%00%(upstream:track)%00%(upstream:remotename)%00%(upstream:remoteref) refs/heads/master refs/remotes/master [1ms]
2024-07-26 13:34:44.837 [warning] No such branch: master.
2024-07-26 13:34:44.843 [info] > git status -z -uall [2ms]
2024-07-26 13:34:44.849 [info] > git for-each-ref --format=%(refname)%00%(upstream:short)%00%(objectname)%00%(upstream:track)%00%(upstream:remotename)%00%(upstream:remoteref) refs/heads/master refs/remotes/master [1ms]
2024-07-26 13:34:44.849 [warning] No such branch: master.
2024-07-26 13:35:50.498 [info] > git config --get commit.template [5ms]
2024-07-26 13:35:50.498 [info] > git for-each-ref --format=%(refname)%00%(upstream:short)%00%(objectname)%00%(upstream:track)%00%(upstream:remotename)%00%(upstream:remoteref) refs/heads/master refs/remotes/master [1ms]
2024-07-26 13:35:50.498 [warning] No such branch: master.
2024-07-26 13:35:50.503 [info] > git status -z -uall [1ms]
2024-07-26 13:35:50.510 [info] > git for-each-ref --format=%(refname)%00%(upstream:short)%00%(objectname)%00%(upstream:track)%00%(upstream:remotename)%00%(upstream:remoteref) refs/heads/master refs/remotes/master [2ms]
2024-07-26 13:35:50.510 [warning] No such branch: master.
2024-07-26 13:35:55.519 [info] > git config --get commit.template [4ms]
2024-07-26 13:35:55.520 [info] > git for-each-ref --format=%(refname)%00%(upstream:short)%00%(objectname)%00%(upstream:track)%00%(upstream:remotename)%00%(upstream:remoteref) refs/heads/master refs/remotes/master [1ms]
2024-07-26 13:35:55.520 [warning] No such branch: master.
2024-07-26 13:35:55.525 [info] > git status -z -uall [1ms]
2024-07-26 13:35:55.531 [info] > git for-each-ref --format=%(refname)%00%(upstream:short)%00%(objectname)%00%(upstream:track)%00%(upstream:remotename)%00%(upstream:remoteref) refs/heads/master refs/remotes/master [1ms]
2024-07-26 13:35:55.531 [warning] No such branch: master.
2024-07-26 13:36:00.539 [info] > git config --get commit.template [4ms]
2024-07-26 13:36:00.541 [info] > git for-each-ref --format=%(refname)%00%(upstream:short)%00%(objectname)%00%(upstream:track)%00%(upstream:remotename)%00%(upstream:remoteref) refs/heads/master refs/remotes/master [2ms]
2024-07-26 13:36:00.547 [info] > git status -z -uall [2ms]
2024-07-26 13:36:00.554 [info] > git for-each-ref --format=%(refname)%00%(upstream:short)%00%(objectname)%00%(upstream:track)%00%(upstream:remotename)%00%(upstream:remoteref) refs/heads/master refs/remotes/master [2ms]
2024-07-26 13:36:00.560 [info] > git config --local branch.master.vscode-merge-base [1ms]
2024-07-26 13:36:00.560 [warning] git config failed: Failed to execute git
2024-07-26 13:36:00.567 [info] > git reflog master --grep-reflog=branch: Created from *. [1ms]
2024-07-26 13:36:00.572 [info] > git symbolic-ref --short refs/remotes/origin/HEAD [2ms]
2024-07-26 13:36:00.577 [info] > git for-each-ref --format=%(refname)%00%(upstream:short)%00%(objectname)%00%(upstream:track)%00%(upstream:remotename)%00%(upstream:remoteref) refs/heads/origin/master refs/remotes/origin/master [1ms]
2024-07-26 13:36:00.583 [info] > git config --local branch.master.vscode-merge-base origin/master [1ms]
2024-07-26 13:36:00.593 [info] > git config --get commit.template [5ms]
2024-07-26 13:36:00.594 [info] > git for-each-ref --format=%(refname)%00%(upstream:short)%00%(objectname)%00%(upstream:track)%00%(upstream:remotename)%00%(upstream:remoteref) refs/heads/master refs/remotes/master [1ms]
2024-07-26 13:36:00.599 [info] > git status -z -uall [1ms]
2024-07-26 13:36:00.606 [info] > git for-each-ref --format=%(refname)%00%(upstream:short)%00%(objectname)%00%(upstream:track)%00%(upstream:remotename)%00%(upstream:remoteref) refs/heads/master refs/remotes/master [1ms]
2024-07-26 13:36:00.611 [info] > git config --local branch.master.vscode-merge-base [1ms]
2024-07-26 13:36:00.617 [info] > git for-each-ref --format=%(refname)%00%(upstream:short)%00%(objectname)%00%(upstream:track)%00%(upstream:remotename)%00%(upstream:remoteref) refs/heads/origin/master refs/remotes/origin/master [2ms]
2024-07-26 13:36:05.565 [info] > git config --get commit.template [2ms]
2024-07-26 13:36:05.571 [info] > git for-each-ref --format=%(refname)%00%(upstream:short)%00%(objectname)%00%(upstream:track)%00%(upstream:remotename)%00%(upstream:remoteref) refs/heads/master refs/remotes/master [1ms]
2024-07-26 13:36:05.577 [info] > git status -z -uall [1ms]
2024-07-26 13:36:05.585 [info] > git for-each-ref --format=%(refname)%00%(upstream:short)%00%(objectname)%00%(upstream:track)%00%(upstream:remotename)%00%(upstream:remoteref) refs/heads/master refs/remotes/master [2ms]
2024-07-26 13:36:05.592 [info] > git config --local branch.master.vscode-merge-base [2ms]
2024-07-26 13:36:05.599 [info] > git for-each-ref --format=%(refname)%00%(upstream:short)%00%(objectname)%00%(upstream:track)%00%(upstream:remotename)%00%(upstream:remoteref) refs/heads/origin/master refs/remotes/origin/master [1ms]
2024-07-26 13:38:16.931 [info] > git config --get commit.template [5ms]
2024-07-26 13:38:16.932 [info] > git for-each-ref --format=%(refname)%00%(upstream:short)%00%(objectname)%00%(upstream:track)%00%(upstream:remotename)%00%(upstream:remoteref) refs/heads/master refs/remotes/master [2ms]
2024-07-26 13:38:16.937 [info] > git status -z -uall [1ms]
2024-07-26 13:38:16.943 [info] > git for-each-ref --format=%(refname)%00%(upstream:short)%00%(objectname)%00%(upstream:track)%00%(upstream:remotename)%00%(upstream:remoteref) refs/heads/master refs/remotes/master [1ms]
2024-07-26 13:38:16.949 [info] > git config --local branch.master.vscode-merge-base [1ms]
2024-07-26 13:38:16.949 [warning] git config failed: Failed to execute git
2024-07-26 13:38:16.955 [info] > git reflog master --grep-reflog=branch: Created from *. [2ms]
2024-07-26 13:38:16.960 [info] > git symbolic-ref --short refs/remotes/origin/HEAD [2ms]
2024-07-26 13:38:16.965 [info] > git for-each-ref --format=%(refname)%00%(upstream:short)%00%(objectname)%00%(upstream:track)%00%(upstream:remotename)%00%(upstream:remoteref) refs/heads/origin/master refs/remotes/origin/master [1ms]
2024-07-26 13:38:16.971 [info] > git config --local branch.master.vscode-merge-base origin/master [1ms]
2024-07-26 13:38:16.980 [info] > git config --get commit.template [4ms]
2024-07-26 13:38:16.981 [info] > git for-each-ref --format=%(refname)%00%(upstream:short)%00%(objectname)%00%(upstream:track)%00%(upstream:remotename)%00%(upstream:remoteref) refs/heads/master refs/remotes/master [2ms]
2024-07-26 13:38:16.986 [info] > git status -z -uall [1ms]
2024-07-26 13:38:16.994 [info] > git for-each-ref --format=%(refname)%00%(upstream:short)%00%(objectname)%00%(upstream:track)%00%(upstream:remotename)%00%(upstream:remoteref) refs/heads/master refs/remotes/master [2ms]
2024-07-26 13:38:16.999 [info] > git config --local branch.master.vscode-merge-base [1ms]
2024-07-26 13:38:17.006 [info] > git for-each-ref --format=%(refname)%00%(upstream:short)%00%(objectname)%00%(upstream:track)%00%(upstream:remotename)%00%(upstream:remoteref) refs/heads/origin/master refs/remotes/origin/master [2ms]
2024-07-26 13:38:21.954 [info] > git config --get commit.template [5ms]
2024-07-26 13:38:21.955 [info] > git for-each-ref --format=%(refname)%00%(upstream:short)%00%(objectname)%00%(upstream:track)%00%(upstream:remotename)%00%(upstream:remoteref) refs/heads/master refs/remotes/master [2ms]
2024-07-26 13:38:21.960 [info] > git status -z -uall [2ms]
2024-07-26 13:38:21.966 [info] > git for-each-ref --format=%(refname)%00%(upstream:short)%00%(objectname)%00%(upstream:track)%00%(upstream:remotename)%00%(upstream:remoteref) refs/heads/master refs/remotes/master [1ms]
2024-07-26 13:38:21.972 [info] > git config --local branch.master.vscode-merge-base [1ms]
2024-07-26 13:38:21.978 [info] > git for-each-ref --format=%(refname)%00%(upstream:short)%00%(objectname)%00%(upstream:track)%00%(upstream:remotename)%00%(upstream:remoteref) refs/heads/origin/master refs/remotes/origin/master [1ms]
2024-07-26 13:38:45.718 [warning] ENOENT: no such file or directory, open '/home/shasor/Documents/Zone01/groupie-tracker-filters/.git/HEAD'
2024-07-26 13:38:45.725 [warning] getRemotes() - ENOENT: no such file or directory, open '/home/shasor/Documents/Zone01/groupie-tracker-filters/.git/config'
2024-07-26 13:38:45.736 [warning] ENOENT: no such file or directory, open '/home/shasor/Documents/Zone01/groupie-tracker-filters/.git/HEAD'
2024-07-26 13:38:45.745 [warning] getRemotes() - ENOENT: no such file or directory, open '/home/shasor/Documents/Zone01/groupie-tracker-filters/.git/config'
2024-07-26 13:38:46.357 [info] > git check-ignore -v -z --stdin [23ms]
2024-07-26 13:38:46.357 [info] > git check-ignore -v -z --stdin [19ms]
2024-07-26 13:38:46.357 [info] > git check-ignore -v -z --stdin [10ms]
2024-07-26 13:38:46.358 [info] > git check-ignore -v -z --stdin [15ms]
2024-07-26 13:38:46.358 [info] > git check-ignore -v -z --stdin [6ms]
2024-07-26 13:38:46.358 [info] > git check-ignore -v -z --stdin [2ms]
2024-07-26 13:42:46.534 [info] > git rev-parse --show-toplevel [2ms]
2024-07-26 13:42:46.534 [info] fatal: not a git repository (or any of the parent directories): .git
2024-07-26 16:13:31.299 [info] > git rev-parse --show-toplevel [1ms]
2024-07-26 16:13:31.305 [info] > git rev-parse --git-dir --git-common-dir [1ms]
2024-07-26 16:13:31.312 [info] Open repository: /home/shasor/Documents/Zone01/groupie-tracker
2024-07-26 16:13:31.330 [info] > git config --get commit.template [4ms]
2024-07-26 16:13:31.339 [info] > git for-each-ref --format=%(refname)%00%(upstream:short)%00%(objectname)%00%(upstream:track)%00%(upstream:remotename)%00%(upstream:remoteref) refs/heads/master refs/remotes/master [1ms]
2024-07-26 16:13:31.344 [warning] ENOENT: no such file or directory, open '/home/shasor/Documents/Zone01/groupie-tracker/.git/refs/remotes/origin/master'
2024-07-26 16:13:31.345 [info] > git rev-parse refs/remotes/origin/master [2ms]
2024-07-26 16:13:31.351 [info] > git status -z -uall [2ms]
2024-07-26 16:13:31.365 [info] > git for-each-ref --format=%(refname)%00%(upstream:short)%00%(objectname)%00%(upstream:track)%00%(upstream:remotename)%00%(upstream:remoteref) refs/heads/master refs/remotes/master [8ms]
2024-07-26 16:13:31.371 [info] > git config --get commit.template [7ms]
2024-07-26 16:13:31.372 [info] > git config --local branch.master.vscode-merge-base [1ms]
2024-07-26 16:13:31.372 [warning] git config failed: Failed to execute git
2024-07-26 16:13:31.383 [info] > git reflog master --grep-reflog=branch: Created from *. [6ms]
2024-07-26 16:13:31.389 [info] > git for-each-ref --format=%(refname)%00%(upstream:short)%00%(objectname)%00%(upstream:track)%00%(upstream:remotename)%00%(upstream:remoteref) refs/heads/master refs/remotes/master [7ms]
2024-07-26 16:13:31.394 [warning] ENOENT: no such file or directory, open '/home/shasor/Documents/Zone01/groupie-tracker/.git/refs/remotes/origin/master'
2024-07-26 16:13:31.395 [info] > git symbolic-ref --short refs/remotes/origin/HEAD [7ms]
2024-07-26 16:13:31.402 [info] > git rev-parse refs/remotes/origin/master [8ms]
2024-07-26 16:13:31.409 [info] > git for-each-ref --format=%(refname)%00%(upstream:short)%00%(objectname)%00%(upstream:track)%00%(upstream:remotename)%00%(upstream:remoteref) refs/heads/origin/master refs/remotes/origin/master [8ms]
2024-07-26 16:13:31.415 [info] > git status -z -uall [8ms]
2024-07-26 16:13:31.423 [info] > git config --local branch.master.vscode-merge-base origin/master [8ms]
2024-07-26 16:13:31.430 [info] > git for-each-ref --format=%(refname)%00%(upstream:short)%00%(objectname)%00%(upstream:track)%00%(upstream:remotename)%00%(upstream:remoteref) refs/heads/master refs/remotes/master [8ms]
2024-07-26 16:13:31.436 [info] > git config --get commit.template [7ms]
2024-07-26 16:13:31.441 [info] > git config --local branch.master.vscode-merge-base [6ms]
2024-07-26 16:13:31.446 [info] > git for-each-ref --format=%(refname)%00%(upstream:short)%00%(objectname)%00%(upstream:track)%00%(upstream:remotename)%00%(upstream:remoteref) refs/heads/master refs/remotes/master [6ms]
2024-07-26 16:13:31.451 [warning] ENOENT: no such file or directory, open '/home/shasor/Documents/Zone01/groupie-tracker/.git/refs/remotes/origin/master'
2024-07-26 16:13:31.452 [info] > git for-each-ref --format=%(refname)%00%(upstream:short)%00%(objectname)%00%(upstream:track)%00%(upstream:remotename)%00%(upstream:remoteref) refs/heads/origin/master refs/remotes/origin/master [6ms]
2024-07-26 16:13:31.457 [info] > git rev-parse refs/remotes/origin/master [6ms]
2024-07-26 16:13:31.462 [info] > git merge-base refs/heads/master refs/remotes/origin/master [5ms]
2024-07-26 16:13:31.467 [info] > git status -z -uall [6ms]
2024-07-26 16:13:31.473 [info] > git rev-list --count --left-right refs/heads/master...refs/remotes/origin/master [7ms]
2024-07-26 16:13:31.478 [info] > git for-each-ref --format=%(refname)%00%(upstream:short)%00%(objectname)%00%(upstream:track)%00%(upstream:remotename)%00%(upstream:remoteref) refs/heads/master refs/remotes/master [6ms]
2024-07-26 16:13:31.483 [info] > git diff --name-status -z --diff-filter=ADMR a969c5a528d4f5027729c936a8947790dcdc1f6e...refs/remotes/origin/master [5ms]
2024-07-26 16:13:31.484 [info] > git config --local branch.master.vscode-merge-base [1ms]
2024-07-26 16:13:31.490 [info] > git for-each-ref --format=%(refname)%00%(upstream:short)%00%(objectname)%00%(upstream:track)%00%(upstream:remotename)%00%(upstream:remoteref) refs/heads/origin/master refs/remotes/origin/master [1ms]
2024-07-26 16:13:31.867 [info] > git check-ignore -v -z --stdin [31ms]
2024-07-26 16:13:31.868 [info] > git check-ignore -v -z --stdin [26ms]
2024-07-26 16:13:31.868 [info] > git check-ignore -v -z --stdin [22ms]
2024-07-26 16:13:31.868 [info] > git check-ignore -v -z --stdin [16ms]
2024-07-26 16:13:31.868 [info] > git check-ignore -v -z --stdin [12ms]
2024-07-26 16:13:31.869 [info] > git check-ignore -v -z --stdin [8ms]
2024-07-26 16:13:31.869 [info] > git check-ignore -v -z --stdin [3ms]
2024-07-26 16:16:01.814 [info] > git check-ignore -v -z --stdin [1ms]
2024-07-26 16:16:04.031 [info] > git check-ignore -v -z --stdin [1ms]
2024-07-26 16:16:05.103 [info] > git check-ignore -v -z --stdin [1ms]
2024-07-26 16:16:06.451 [info] > git show --textconv :templates/artist.html [11ms]
2024-07-26 16:16:06.452 [info] > git ls-files --stage -- /home/shasor/Documents/Zone01/groupie-tracker/templates/artist.html [0ms]
2024-07-26 16:16:06.465 [info] > git cat-file -s cb547d63b13743104bc0c709e952a7a963aaec5e [4ms]
2024-07-26 16:23:02.987 [info] > git check-ignore -v -z --stdin [1ms]
2024-07-26 16:23:03.585 [info] > git show --textconv :JSON/data.geojson [5ms]
2024-07-26 16:23:03.586 [info] > git ls-files --stage -- /home/shasor/Documents/Zone01/groupie-tracker/JSON/data.geojson [1ms]
2024-07-26 16:23:03.594 [info] > git cat-file -s d18d25ea30c9f762cee4d8e46d458b30e1139594 [2ms]
2024-07-26 16:23:17.488 [info] > git show --textconv :JSON/MAGICCONVERTER.py [6ms]
2024-07-26 16:23:17.489 [info] > git ls-files --stage -- /home/shasor/Documents/Zone01/groupie-tracker/JSON/MAGICCONVERTER.py [2ms]
2024-07-26 16:23:17.495 [info] > git cat-file -s 55fd3d60a0de99fbf556818c838eb6461836808a [1ms]
2024-07-26 16:23:19.100 [info] > git show --textconv :JSON/data.geojson [6ms]
2024-07-26 16:23:19.102 [info] > git ls-files --stage -- /home/shasor/Documents/Zone01/groupie-tracker/JSON/data.geojson [2ms]
2024-07-26 16:23:19.108 [info] > git cat-file -s d18d25ea30c9f762cee4d8e46d458b30e1139594 [2ms]
2024-07-26 16:23:21.741 [info] > git check-ignore -v -z --stdin [1ms]
2024-07-26 16:23:42.998 [info] > git show --textconv :templates/artist.html [7ms]
2024-07-26 16:23:42.999 [info] > git ls-files --stage -- /home/shasor/Documents/Zone01/groupie-tracker/templates/artist.html [2ms]
2024-07-26 16:23:43.006 [info] > git cat-file -s cb547d63b13743104bc0c709e952a7a963aaec5e [2ms]
2024-07-26 16:25:22.451 [info] > git config --get commit.template [6ms]
2024-07-26 16:25:22.452 [info] > git for-each-ref --format=%(refname)%00%(upstream:short)%00%(objectname)%00%(upstream:track)%00%(upstream:remotename)%00%(upstream:remoteref) refs/heads/master refs/remotes/master [2ms]
2024-07-26 16:25:22.457 [warning] ENOENT: no such file or directory, open '/home/shasor/Documents/Zone01/groupie-tracker/.git/refs/remotes/origin/master'
2024-07-26 16:25:22.458 [info] > git rev-parse refs/remotes/origin/master [1ms]
2024-07-26 16:25:22.465 [info] > git status -z -uall [2ms]
2024-07-26 16:25:22.474 [info] > git for-each-ref --format=%(refname)%00%(upstream:short)%00%(objectname)%00%(upstream:track)%00%(upstream:remotename)%00%(upstream:remoteref) refs/heads/master refs/remotes/master [2ms]
2024-07-26 16:25:22.481 [info] > git config --local branch.master.vscode-merge-base [1ms]
2024-07-26 16:25:22.487 [info] > git for-each-ref --format=%(refname)%00%(upstream:short)%00%(objectname)%00%(upstream:track)%00%(upstream:remotename)%00%(upstream:remoteref) refs/heads/origin/master refs/remotes/origin/master [1ms]
2024-07-26 16:26:08.290 [info] > git show --textconv :JSON/data.geojson [6ms]
2024-07-26 16:26:08.292 [info] > git ls-files --stage -- /home/shasor/Documents/Zone01/groupie-tracker/JSON/data.geojson [2ms]
2024-07-26 16:26:08.298 [info] > git cat-file -s d18d25ea30c9f762cee4d8e46d458b30e1139594 [2ms]
2024-07-26 16:26:08.554 [info] > git rev-parse --show-toplevel [2ms]
2024-07-26 16:26:08.554 [info] fatal: not a git repository (or any of the parent directories): .git
2024-07-26 16:26:10.457 [info] > git show --textconv :JSON/coordinates.json [7ms]
2024-07-26 16:26:10.458 [info] > git ls-files --stage -- /home/shasor/Documents/Zone01/groupie-tracker/JSON/coordinates.json [2ms]
2024-07-26 16:26:10.464 [info] > git cat-file -s 3336c0e88566fab4067fe57fbff2667b1f835883 [1ms]
2024-07-26 16:26:13.031 [info] > git config --get commit.template [6ms]
2024-07-26 16:26:13.032 [info] > git for-each-ref --format=%(refname)%00%(upstream:short)%00%(objectname)%00%(upstream:track)%00%(upstream:remotename)%00%(upstream:remoteref) refs/heads/master refs/remotes/master [2ms]
2024-07-26 16:26:13.036 [warning] ENOENT: no such file or directory, open '/home/shasor/Documents/Zone01/groupie-tracker/.git/refs/remotes/origin/master'
2024-07-26 16:26:13.038 [info] > git rev-parse refs/remotes/origin/master [2ms]
2024-07-26 16:26:13.045 [info] > git status -z -uall [2ms]
2024-07-26 16:26:13.054 [info] > git for-each-ref --format=%(refname)%00%(upstream:short)%00%(objectname)%00%(upstream:track)%00%(upstream:remotename)%00%(upstream:remoteref) refs/heads/master refs/remotes/master [3ms]
2024-07-26 16:26:13.061 [info] > git config --local branch.master.vscode-merge-base [1ms]
2024-07-26 16:26:13.067 [info] > git for-each-ref --format=%(refname)%00%(upstream:short)%00%(objectname)%00%(upstream:track)%00%(upstream:remotename)%00%(upstream:remoteref) refs/heads/origin/master refs/remotes/origin/master [1ms]
2024-07-26 16:26:15.480 [info] > git show --textconv :JSON/data.geojson [7ms]
2024-07-26 16:26:15.481 [info] > git ls-files --stage -- /home/shasor/Documents/Zone01/groupie-tracker/JSON/data.geojson [1ms]
2024-07-26 16:26:15.488 [info] > git cat-file -s d18d25ea30c9f762cee4d8e46d458b30e1139594 [1ms]
2024-07-26 16:26:19.414 [info] > git config --get commit.template [7ms]
2024-07-26 16:26:19.415 [info] > git for-each-ref --format=%(refname)%00%(upstream:short)%00%(objectname)%00%(upstream:track)%00%(upstream:remotename)%00%(upstream:remoteref) refs/heads/master refs/remotes/master [2ms]
2024-07-26 16:26:19.420 [warning] ENOENT: no such file or directory, open '/home/shasor/Documents/Zone01/groupie-tracker/.git/refs/remotes/origin/master'
2024-07-26 16:26:19.422 [info] > git rev-parse refs/remotes/origin/master [2ms]
2024-07-26 16:26:19.429 [info] > git status -z -uall [2ms]
2024-07-26 16:26:19.440 [info] > git for-each-ref --format=%(refname)%00%(upstream:short)%00%(objectname)%00%(upstream:track)%00%(upstream:remotename)%00%(upstream:remoteref) refs/heads/master refs/remotes/master [5ms]
2024-07-26 16:26:19.446 [info] > git config --local branch.master.vscode-merge-base [1ms]
2024-07-26 16:26:19.452 [info] > git for-each-ref --format=%(refname)%00%(upstream:short)%00%(objectname)%00%(upstream:track)%00%(upstream:remotename)%00%(upstream:remoteref) refs/heads/origin/master refs/remotes/origin/master [1ms]
2024-07-26 16:26:20.814 [info] > git show --textconv :JSON/MAGICCONVERTER.py [8ms]
2024-07-26 16:26:20.815 [info] > git ls-files --stage -- /home/shasor/Documents/Zone01/groupie-tracker/JSON/MAGICCONVERTER.py [2ms]
2024-07-26 16:26:20.822 [info] > git cat-file -s 55fd3d60a0de99fbf556818c838eb6461836808a [1ms]
2024-07-26 16:26:27.143 [info] > git show --textconv :static/js/filter.js [11ms]
2024-07-26 16:26:27.176 [info] > git ls-files --stage -- /home/shasor/Documents/Zone01/groupie-tracker/static/js/filter.js [35ms]
2024-07-26 16:26:27.186 [info] > git cat-file -s 23f4101685062b3beca95d62b730fbdb106986a5 [3ms]
2024-07-26 16:26:31.960 [info] > git show --textconv :static/js/search.js [8ms]
2024-07-26 16:26:31.961 [info] > git ls-files --stage -- /home/shasor/Documents/Zone01/groupie-tracker/static/js/search.js [2ms]
2024-07-26 16:26:31.968 [info] > git cat-file -s 48d5e09239d6c14a48d066367e73a232d7fd1ccf [1ms]
2024-07-26 16:26:35.620 [info] > git show --textconv :static/style.css [1ms]
2024-07-26 16:26:35.630 [info] > git ls-files --stage -- /home/shasor/Documents/Zone01/groupie-tracker/static/style.css [3ms]
2024-07-26 16:26:35.639 [info] > git cat-file -s 4ec361b8dfef018cee3579105415b3c27e3b8152 [1ms]
2024-07-26 16:26:38.273 [info] > git config --get commit.template [6ms]
2024-07-26 16:26:38.274 [info] > git for-each-ref --format=%(refname)%00%(upstream:short)%00%(objectname)%00%(upstream:track)%00%(upstream:remotename)%00%(upstream:remoteref) refs/heads/master refs/remotes/master [1ms]
2024-07-26 16:26:38.280 [warning] ENOENT: no such file or directory, open '/home/shasor/Documents/Zone01/groupie-tracker/.git/refs/remotes/origin/master'
2024-07-26 16:26:38.282 [info] > git rev-parse refs/remotes/origin/master [2ms]
2024-07-26 16:26:38.290 [info] > git status -z -uall [2ms]
2024-07-26 16:26:38.299 [info] > git for-each-ref --format=%(refname)%00%(upstream:short)%00%(objectname)%00%(upstream:track)%00%(upstream:remotename)%00%(upstream:remoteref) refs/heads/master refs/remotes/master [2ms]
2024-07-26 16:26:38.307 [info] > git config --local branch.master.vscode-merge-base [2ms]
2024-07-26 16:26:38.313 [info] > git for-each-ref --format=%(refname)%00%(upstream:short)%00%(objectname)%00%(upstream:track)%00%(upstream:remotename)%00%(upstream:remoteref) refs/heads/origin/master refs/remotes/origin/master [2ms]
2024-07-26 16:26:53.313 [info] > git show --textconv :static/style2.css [6ms]
2024-07-26 16:26:53.314 [info] > git ls-files --stage -- /home/shasor/Documents/Zone01/groupie-tracker/static/style2.css [1ms]
2024-07-26 16:26:53.321 [info] > git cat-file -s 24c43dfae95eee38dac5eee3b0adcbac9e3568dd [1ms]
2024-07-26 16:26:55.894 [info] > git config --get commit.template [1ms]
2024-07-26 16:26:55.901 [info] > git for-each-ref --format=%(refname)%00%(upstream:short)%00%(objectname)%00%(upstream:track)%00%(upstream:remotename)%00%(upstream:remoteref) refs/heads/master refs/remotes/master [2ms]
2024-07-26 16:26:55.905 [warning] ENOENT: no such file or directory, open '/home/shasor/Documents/Zone01/groupie-tracker/.git/refs/remotes/origin/master'
2024-07-26 16:26:55.907 [info] > git rev-parse refs/remotes/origin/master [2ms]
2024-07-26 16:26:55.913 [info] > git status -z -uall [2ms]
2024-07-26 16:26:55.921 [info] > git for-each-ref --format=%(refname)%00%(upstream:short)%00%(objectname)%00%(upstream:track)%00%(upstream:remotename)%00%(upstream:remoteref) refs/heads/master refs/remotes/master [2ms]
2024-07-26 16:26:55.927 [info] > git config --local branch.master.vscode-merge-base [1ms]
2024-07-26 16:26:55.934 [info] > git for-each-ref --format=%(refname)%00%(upstream:short)%00%(objectname)%00%(upstream:track)%00%(upstream:remotename)%00%(upstream:remoteref) refs/heads/origin/master refs/remotes/origin/master [2ms]
2024-07-26 16:26:57.460 [info] > git show --textconv :templates/artist.html [6ms]
2024-07-26 16:26:57.461 [info] > git ls-files --stage -- /home/shasor/Documents/Zone01/groupie-tracker/templates/artist.html [2ms]
2024-07-26 16:26:57.468 [info] > git cat-file -s cb547d63b13743104bc0c709e952a7a963aaec5e [2ms]
2024-07-26 16:26:58.998 [info] > git show --textconv :templates/error400.html [8ms]
2024-07-26 16:26:58.999 [info] > git ls-files --stage -- /home/shasor/Documents/Zone01/groupie-tracker/templates/error400.html [2ms]
2024-07-26 16:26:59.007 [info] > git cat-file -s f58151fc25eb8654665df4f7dce07656b1287e33 [1ms]
2024-07-26 16:27:01.628 [info] > git config --get commit.template [5ms]
2024-07-26 16:27:01.629 [info] > git for-each-ref --format=%(refname)%00%(upstream:short)%00%(objectname)%00%(upstream:track)%00%(upstream:remotename)%00%(upstream:remoteref) refs/heads/master refs/remotes/master [1ms]
2024-07-26 16:27:01.634 [warning] ENOENT: no such file or directory, open '/home/shasor/Documents/Zone01/groupie-tracker/.git/refs/remotes/origin/master'
2024-07-26 16:27:01.635 [info] > git rev-parse refs/remotes/origin/master [2ms]
2024-07-26 16:27:01.640 [info] > git status -z -uall [1ms]
2024-07-26 16:27:01.649 [info] > git for-each-ref --format=%(refname)%00%(upstream:short)%00%(objectname)%00%(upstream:track)%00%(upstream:remotename)%00%(upstream:remoteref) refs/heads/master refs/remotes/master [2ms]
2024-07-26 16:27:01.655 [info] > git config --local branch.master.vscode-merge-base [1ms]
2024-07-26 16:27:01.662 [info] > git for-each-ref --format=%(refname)%00%(upstream:short)%00%(objectname)%00%(upstream:track)%00%(upstream:remotename)%00%(upstream:remoteref) refs/heads/origin/master refs/remotes/origin/master [1ms]
2024-07-26 16:27:02.102 [info] > git show --textconv :templates/error404.html [6ms]
2024-07-26 16:27:02.103 [info] > git ls-files --stage -- /home/shasor/Documents/Zone01/groupie-tracker/templates/error404.html [2ms]
2024-07-26 16:27:02.109 [info] > git cat-file -s 90e9d414889b18da2519b442444d95e970d6ef89 [1ms]
2024-07-26 16:27:06.434 [info] > git show --textconv :templates/index.html [6ms]
2024-07-26 16:27:06.435 [info] > git ls-files --stage -- /home/shasor/Documents/Zone01/groupie-tracker/templates/index.html [2ms]
2024-07-26 16:27:06.444 [info] > git cat-file -s b7a1e09337f2413ba200f2540119bdb66a0be36b [0ms]
2024-07-26 16:27:06.659 [info] > git config --get commit.template [5ms]
2024-07-26 16:27:06.660 [info] > git for-each-ref --format=%(refname)%00%(upstream:short)%00%(objectname)%00%(upstream:track)%00%(upstream:remotename)%00%(upstream:remoteref) refs/heads/master refs/remotes/master [1ms]
2024-07-26 16:27:06.665 [warning] ENOENT: no such file or directory, open '/home/shasor/Documents/Zone01/groupie-tracker/.git/refs/remotes/origin/master'
2024-07-26 16:27:06.666 [info] > git rev-parse refs/remotes/origin/master [1ms]
2024-07-26 16:27:06.674 [info] > git status -z -uall [2ms]
2024-07-26 16:27:06.682 [info] > git for-each-ref --format=%(refname)%00%(upstream:short)%00%(objectname)%00%(upstream:track)%00%(upstream:remotename)%00%(upstream:remoteref) refs/heads/master refs/remotes/master [1ms]
2024-07-26 16:27:06.688 [info] > git config --local branch.master.vscode-merge-base [1ms]
2024-07-26 16:27:06.695 [info] > git for-each-ref --format=%(refname)%00%(upstream:short)%00%(objectname)%00%(upstream:track)%00%(upstream:remotename)%00%(upstream:remoteref) refs/heads/origin/master refs/remotes/origin/master [2ms]
2024-07-26 16:27:07.600 [info] > git show --textconv :templates/error500.html [8ms]
2024-07-26 16:27:07.600 [info] > git ls-files --stage -- /home/shasor/Documents/Zone01/groupie-tracker/templates/error500.html [2ms]
2024-07-26 16:27:07.608 [info] > git cat-file -s ffec93aed22ce74da8a494e60707fcaeaa766861 [2ms]
2024-07-26 16:27:09.736 [info] > git show --textconv :templates/index.html [6ms]
2024-07-26 16:27:09.737 [info] > git ls-files --stage -- /home/shasor/Documents/Zone01/groupie-tracker/templates/index.html [1ms]
2024-07-26 16:27:09.743 [info] > git cat-file -s b7a1e09337f2413ba200f2540119bdb66a0be36b [2ms]
2024-07-26 16:27:11.691 [info] > git config --get commit.template [5ms]
2024-07-26 16:27:11.692 [info] > git for-each-ref --format=%(refname)%00%(upstream:short)%00%(objectname)%00%(upstream:track)%00%(upstream:remotename)%00%(upstream:remoteref) refs/heads/master refs/remotes/master [1ms]
2024-07-26 16:27:11.697 [warning] ENOENT: no such file or directory, open '/home/shasor/Documents/Zone01/groupie-tracker/.git/refs/remotes/origin/master'
2024-07-26 16:27:11.698 [info] > git rev-parse refs/remotes/origin/master [1ms]
2024-07-26 16:27:11.704 [info] > git status -z -uall [2ms]
2024-07-26 16:27:11.711 [info] > git for-each-ref --format=%(refname)%00%(upstream:short)%00%(objectname)%00%(upstream:track)%00%(upstream:remotename)%00%(upstream:remoteref) refs/heads/master refs/remotes/master [2ms]
2024-07-26 16:27:11.717 [info] > git config --local branch.master.vscode-merge-base [1ms]
2024-07-26 16:27:11.724 [info] > git for-each-ref --format=%(refname)%00%(upstream:short)%00%(objectname)%00%(upstream:track)%00%(upstream:remotename)%00%(upstream:remoteref) refs/heads/origin/master refs/remotes/origin/master [2ms]
2024-07-26 16:27:12.767 [info] > git show --textconv :templates/unexpected_error.html [7ms]
2024-07-26 16:27:12.768 [info] > git ls-files --stage -- /home/shasor/Documents/Zone01/groupie-tracker/templates/unexpected_error.html [2ms]
2024-07-26 16:27:12.774 [info] > git cat-file -s 8adb160573816a5bf739b7aacafa6d7acd41bbaf [1ms]
2024-07-26 16:27:15.657 [info] > git show --textconv :.gitignore [7ms]
2024-07-26 16:27:15.658 [info] > git ls-files --stage -- /home/shasor/Documents/Zone01/groupie-tracker/.gitignore [2ms]
2024-07-26 16:27:15.665 [info] > git cat-file -s 4281cdd46fb0a923ee4ebbac9224f08ec4f05c8f [1ms]
2024-07-26 16:27:16.723 [info] > git config --get commit.template [6ms]
2024-07-26 16:27:16.724 [info] > git for-each-ref --format=%(refname)%00%(upstream:short)%00%(objectname)%00%(upstream:track)%00%(upstream:remotename)%00%(upstream:remoteref) refs/heads/master refs/remotes/master [2ms]
2024-07-26 16:27:16.729 [warning] ENOENT: no such file or directory, open '/home/shasor/Documents/Zone01/groupie-tracker/.git/refs/remotes/origin/master'
2024-07-26 16:27:16.731 [info] > git rev-parse refs/remotes/origin/master [2ms]
2024-07-26 16:27:16.737 [info] > git status -z -uall [1ms]
2024-07-26 16:27:16.746 [info] > git for-each-ref --format=%(refname)%00%(upstream:short)%00%(objectname)%00%(upstream:track)%00%(upstream:remotename)%00%(upstream:remoteref) refs/heads/master refs/remotes/master [3ms]
2024-07-26 16:27:16.753 [info] > git config --local branch.master.vscode-merge-base [2ms]
2024-07-26 16:27:16.760 [info] > git for-each-ref --format=%(refname)%00%(upstream:short)%00%(objectname)%00%(upstream:track)%00%(upstream:remotename)%00%(upstream:remoteref) refs/heads/origin/master refs/remotes/origin/master [1ms]
2024-07-26 16:27:19.168 [info] > git show --textconv :go.mod [7ms]
2024-07-26 16:27:19.169 [info] > git ls-files --stage -- /home/shasor/Documents/Zone01/groupie-tracker/go.mod [2ms]
2024-07-26 16:27:19.175 [info] > git cat-file -s d92a8e2bbd1ca786a3ba37b5f3f97f06212c44d1 [1ms]
2024-07-26 16:27:20.847 [info] > git show --textconv :main.go [9ms]
2024-07-26 16:27:20.849 [info] > git ls-files --stage -- /home/shasor/Documents/Zone01/groupie-tracker/main.go [1ms]
2024-07-26 16:27:20.859 [info] > git cat-file -s 7b24042189a03086f251515c77dfc3a7ff325404 [4ms]
2024-07-26 16:27:24.995 [info] > git config --get commit.template [2ms]
2024-07-26 16:27:25.002 [info] > git for-each-ref --format=%(refname)%00%(upstream:short)%00%(objectname)%00%(upstream:track)%00%(upstream:remotename)%00%(upstream:remoteref) refs/heads/master refs/remotes/master [2ms]
2024-07-26 16:27:25.007 [warning] ENOENT: no such file or directory, open '/home/shasor/Documents/Zone01/groupie-tracker/.git/refs/remotes/origin/master'
2024-07-26 16:27:25.008 [info] > git rev-parse refs/remotes/origin/master [1ms]
2024-07-26 16:27:25.015 [info] > git status -z -uall [2ms]
2024-07-26 16:27:25.023 [info] > git for-each-ref --format=%(refname)%00%(upstream:short)%00%(objectname)%00%(upstream:track)%00%(upstream:remotename)%00%(upstream:remoteref) refs/heads/master refs/remotes/master [2ms]
2024-07-26 16:27:25.030 [info] > git config --local branch.master.vscode-merge-base [1ms]
2024-07-26 16:27:25.038 [info] > git for-each-ref --format=%(refname)%00%(upstream:short)%00%(objectname)%00%(upstream:track)%00%(upstream:remotename)%00%(upstream:remoteref) refs/heads/origin/master refs/remotes/origin/master [1ms]
2024-07-26 16:29:55.522 [info] > git show --textconv :templates/index.html [6ms]
2024-07-26 16:29:55.524 [info] > git ls-files --stage -- /home/shasor/Documents/Zone01/groupie-tracker/templates/index.html [1ms]
2024-07-26 16:29:55.530 [info] > git cat-file -s e49495625e6e4b36f85d600c19e9605100803ff7 [2ms]
2024-07-26 16:29:57.701 [info] > git show --textconv :templates/artist.html [5ms]
2024-07-26 16:29:57.702 [info] > git ls-files --stage -- /home/shasor/Documents/Zone01/groupie-tracker/templates/artist.html [1ms]
2024-07-26 16:29:57.709 [info] > git cat-file -s f72c2bcf313af0479412e47423f47a4019e54925 [2ms]
2024-07-26 16:30:21.856 [info] > git show --textconv :JSON/data.geojson [17ms]
2024-07-26 16:30:21.863 [info] > git ls-files --stage -- /home/shasor/Documents/Zone01/groupie-tracker/JSON/data.geojson [7ms]
2024-07-26 16:30:21.871 [info] > git cat-file -s 9122e889c93d0040e6915a7f1a43813e6ba0bdfb [2ms]
2024-07-26 16:30:28.369 [info] > git show --textconv :templates/artist.html [7ms]
2024-07-26 16:30:28.370 [info] > git ls-files --stage -- /home/shasor/Documents/Zone01/groupie-tracker/templates/artist.html [2ms]
2024-07-26 16:30:28.376 [info] > git cat-file -s f72c2bcf313af0479412e47423f47a4019e54925 [2ms]
2024-07-26 16:31:01.495 [info] > git show --textconv :JSON/data.geojson [1ms]
2024-07-26 16:31:01.506 [info] > git ls-files --stage -- /home/shasor/Documents/Zone01/groupie-tracker/JSON/data.geojson [1ms]
2024-07-26 16:31:01.533 [info] > git cat-file -s 9122e889c93d0040e6915a7f1a43813e6ba0bdfb [2ms]
2024-07-26 16:31:03.716 [info] > git show --textconv :templates/artist.html [6ms]
2024-07-26 16:31:03.717 [info] > git ls-files --stage -- /home/shasor/Documents/Zone01/groupie-tracker/templates/artist.html [1ms]
2024-07-26 16:31:03.724 [info] > git cat-file -s f72c2bcf313af0479412e47423f47a4019e54925 [2ms]
2024-07-26 16:31:10.142 [info] > git show --textconv :JSON/data.geojson [1ms]
2024-07-26 16:31:10.154 [info] > git ls-files --stage -- /home/shasor/Documents/Zone01/groupie-tracker/JSON/data.geojson [3ms]
2024-07-26 16:31:10.162 [info] > git cat-file -s 9122e889c93d0040e6915a7f1a43813e6ba0bdfb [2ms]
2024-07-26 16:31:13.304 [info] > git show --textconv :templates/artist.html [6ms]
2024-07-26 16:31:13.305 [info] > git ls-files --stage -- /home/shasor/Documents/Zone01/groupie-tracker/templates/artist.html [1ms]
2024-07-26 16:31:13.311 [info] > git cat-file -s f72c2bcf313af0479412e47423f47a4019e54925 [1ms]
2024-07-26 16:31:25.525 [info] > git show --textconv :JSON/data.geojson [7ms]
2024-07-26 16:31:25.526 [info] > git ls-files --stage -- /home/shasor/Documents/Zone01/groupie-tracker/JSON/data.geojson [2ms]
2024-07-26 16:31:25.533 [info] > git cat-file -s 9122e889c93d0040e6915a7f1a43813e6ba0bdfb [1ms]
2024-07-26 16:31:29.868 [info] > git show --textconv :templates/artist.html [6ms]
2024-07-26 16:31:29.869 [info] > git ls-files --stage -- /home/shasor/Documents/Zone01/groupie-tracker/templates/artist.html [2ms]
2024-07-26 16:31:29.875 [info] > git cat-file -s f72c2bcf313af0479412e47423f47a4019e54925 [1ms]
2024-07-26 16:32:04.676 [info] > git show --textconv :JSON/data.geojson [1ms]
2024-07-26 16:32:04.687 [info] > git ls-files --stage -- /home/shasor/Documents/Zone01/groupie-tracker/JSON/data.geojson [1ms]
2024-07-26 16:32:04.697 [info] > git cat-file -s 9122e889c93d0040e6915a7f1a43813e6ba0bdfb [1ms]
2024-07-26 16:32:12.149 [info] > git show --textconv :templates/artist.html [7ms]
2024-07-26 16:32:12.150 [info] > git ls-files --stage -- /home/shasor/Documents/Zone01/groupie-tracker/templates/artist.html [2ms]
2024-07-26 16:32:12.156 [info] > git cat-file -s f72c2bcf313af0479412e47423f47a4019e54925 [1ms]
2024-07-26 16:32:34.245 [info] > git show --textconv :JSON/data.geojson [7ms]
2024-07-26 16:32:34.246 [info] > git ls-files --stage -- /home/shasor/Documents/Zone01/groupie-tracker/JSON/data.geojson [2ms]
2024-07-26 16:32:34.253 [info] > git cat-file -s 9122e889c93d0040e6915a7f1a43813e6ba0bdfb [2ms]
2024-07-26 16:32:38.057 [info] > git show --textconv :templates/artist.html [7ms]
2024-07-26 16:32:38.058 [info] > git ls-files --stage -- /home/shasor/Documents/Zone01/groupie-tracker/templates/artist.html [2ms]
2024-07-26 16:32:38.064 [info] > git cat-file -s f72c2bcf313af0479412e47423f47a4019e54925 [2ms]
2024-07-26 16:32:41.886 [info] > git show --textconv :JSON/data.geojson [7ms]
2024-07-26 16:32:41.887 [info] > git ls-files --stage -- /home/shasor/Documents/Zone01/groupie-tracker/JSON/data.geojson [2ms]
2024-07-26 16:32:41.894 [info] > git cat-file -s 9122e889c93d0040e6915a7f1a43813e6ba0bdfb [2ms]
2024-07-26 16:32:43.075 [info] > git show --textconv :templates/artist.html [6ms]
2024-07-26 16:32:43.076 [info] > git ls-files --stage -- /home/shasor/Documents/Zone01/groupie-tracker/templates/artist.html [2ms]
2024-07-26 16:32:43.082 [info] > git cat-file -s f72c2bcf313af0479412e47423f47a4019e54925 [1ms]
