[Info  - 12:54:37] 2024/07/26 12:54:37 Created View (#1)
	directory=/home/shasor/Documents/Zone01
	view_type="AdHoc"
	root_dir="file:///home/shasor/Documents/Zone01"
	go_version="go version go1.22.4 linux/amd64"
	build_flags=[]
	env={GOOS:linux GOARCH:amd64 GOCACHE:/home/shasor/.cache/go-build GOMODCACHE:/home/shasor/go/pkg/mod GOPATH:/home/shasor/go GOPRIVATE: GOFLAGS: GO111MODULE: GOTOOLCHAIN:auto GoVersion:22 GoVersionOutput:go version go1.22.4 linux/amd64
 ExplicitGOWORK: EffectiveGOPACKAGESDRIVER:}
	env_overlay=[]

[Info  - 12:54:37] 2024/07/26 12:54:37 go/packages.Load #1
	view_id="1"
	snapshot=0
	directory=/home/shasor/Documents/Zone01
	query=[./ builtin]
	packages=2
	duration=11.571243ms

[Info  - 12:54:37] 2024/07/26 12:54:37 Created View (#2)
	directory=/home/shasor/Documents/Zone01
	view_type="GoMod"
	root_dir="file:///home/shasor/Documents/Zone01/groupie-tracker"
	go_version="go version go1.22.4 linux/amd64"
	build_flags=[]
	env={GOOS:linux GOARCH:amd64 GOCACHE:/home/shasor/.cache/go-build GOMODCACHE:/home/shasor/go/pkg/mod GOPATH:/home/shasor/go GOPRIVATE: GOFLAGS: GO111MODULE: GOTOOLCHAIN:auto GoVersion:22 GoVersionOutput:go version go1.22.4 linux/amd64
 ExplicitGOWORK: EffectiveGOPACKAGESDRIVER:}
	env_overlay=[]

[Info  - 12:54:37] 2024/07/26 12:54:37 go/packages.Load #2
	view_id="2"
	snapshot=0
	directory=/home/shasor/Documents/Zone01
	query=[/home/shasor/Documents/Zone01/groupie-tracker/... builtin]
	packages=2
	duration=110.939545ms

[Info  - 12:55:07] 2024/07/26 12:55:07 background imports cache refresh starting

[Info  - 12:55:07] 2024/07/26 12:55:07 background refresh finished after 2.745678ms

[Info  - 12:55:07] 2024/07/26 12:55:07 background imports cache refresh starting

[Info  - 12:55:07] 2024/07/26 12:55:07 background refresh finished after 959.642µs

[Info  - 13:14:46] 2024/07/26 13:14:46 Created View (#3)
	directory=/home/shasor/Documents/Zone01
	view_type="GoMod"
	root_dir="file:///home/shasor/Documents/Zone01/groupie-tracker"
	go_version="go version go1.22.4 linux/amd64"
	build_flags=[]
	env={GOOS:linux GOARCH:amd64 GOCACHE:/home/shasor/.cache/go-build GOMODCACHE:/home/shasor/go/pkg/mod GOPATH:/home/shasor/go GOPRIVATE: GOFLAGS: GO111MODULE: GOTOOLCHAIN:auto GoVersion:22 GoVersionOutput:go version go1.22.4 linux/amd64
 ExplicitGOWORK: EffectiveGOPACKAGESDRIVER:}
	env_overlay=[]

[Info  - 13:14:46] 2024/07/26 13:14:46 go/packages.Load #3
	view_id="3"
	snapshot=0
	directory=/home/shasor/Documents/Zone01
	query=[/home/shasor/Documents/Zone01/groupie-tracker/... builtin]
	packages=2
	duration=109.207212ms

[Info  - 13:15:16] 2024/07/26 13:15:16 background imports cache refresh starting

[Info  - 13:15:16] 2024/07/26 13:15:16 background refresh finished after 13.442243ms

[Info  - 13:15:16] 2024/07/26 13:15:16 Shutdown session
	shutdown_session=1

