[Info  - 16:43:49] 2024/07/26 16:43:49 Created View (#1)
	directory=/home/shasor/Documents/Zone01
	view_type="AdHoc"
	root_dir="file:///home/shasor/Documents/Zone01"
	go_version="go version go1.22.4 linux/amd64"
	build_flags=[]
	env={GOOS:linux GOARCH:amd64 GOCACHE:/home/shasor/.cache/go-build GOMODCACHE:/home/shasor/go/pkg/mod GOPATH:/home/shasor/go GOPRIVATE: GOFLAGS: GO111MODULE: GOTOOLCHAIN:auto GoVersion:22 GoVersionOutput:go version go1.22.4 linux/amd64
 ExplicitGOWORK: EffectiveGOPACKAGESDRIVER:}
	env_overlay=[]

[Info  - 16:43:49] 2024/07/26 16:43:49 go/packages.Load #1
	view_id="1"
	snapshot=0
	directory=/home/shasor/Documents/Zone01
	query=[./ builtin]
	packages=2
	duration=13.695637ms

[Info  - 16:43:49] 2024/07/26 16:43:49 Created View (#2)
	directory=/home/shasor/Documents/Zone01
	view_type="GoMod"
	root_dir="file:///home/shasor/Documents/Zone01/groupie-tracker"
	go_version="go version go1.22.4 linux/amd64"
	build_flags=[]
	env={GOOS:linux GOARCH:amd64 GOCACHE:/home/shasor/.cache/go-build GOMODCACHE:/home/shasor/go/pkg/mod GOPATH:/home/shasor/go GOPRIVATE: GOFLAGS: GO111MODULE: GOTOOLCHAIN:auto GoVersion:22 GoVersionOutput:go version go1.22.4 linux/amd64
 ExplicitGOWORK: EffectiveGOPACKAGESDRIVER:}
	env_overlay=[]

[Info  - 16:43:49] 2024/07/26 16:43:49 go/packages.Load #2
	view_id="2"
	snapshot=0
	directory=/home/shasor/Documents/Zone01
	query=[/home/shasor/Documents/Zone01/groupie-tracker/... builtin]
	packages=2
	duration=164.39683ms

[Info  - 16:44:19] 2024/07/26 16:44:19 background imports cache refresh starting

[Info  - 16:44:19] 2024/07/26 16:44:19 background refresh finished after 2.816441ms

[Info  - 16:44:19] 2024/07/26 16:44:19 background imports cache refresh starting

[Info  - 16:44:19] 2024/07/26 16:44:19 background refresh finished after 38.631052ms

[Info  - 16:44:51] 2024/07/26 16:44:51 background imports cache refresh starting

[Info  - 16:44:51] 2024/07/26 16:44:51 background refresh finished after 1.677515ms

[Info  - 16:45:23] 2024/07/26 16:45:23 background imports cache refresh starting

[Info  - 16:45:23] 2024/07/26 16:45:23 background refresh finished after 1.490703ms

[Info  - 16:46:00] 2024/07/26 16:46:00 background imports cache refresh starting

[Info  - 16:46:00] 2024/07/26 16:46:00 background refresh finished after 1.428911ms

[Info  - 16:46:43] 2024/07/26 16:46:43 background imports cache refresh starting

[Info  - 16:46:43] 2024/07/26 16:46:43 background refresh finished after 1.42981ms

[Info  - 16:47:13] 2024/07/26 16:47:13 background imports cache refresh starting

[Info  - 16:47:13] 2024/07/26 16:47:13 background refresh finished after 1.604558ms

[Info  - 16:47:50] 2024/07/26 16:47:50 background imports cache refresh starting

[Info  - 16:47:50] 2024/07/26 16:47:50 background refresh finished after 1.810311ms

[Info  - 16:48:25] 2024/07/26 16:48:25 background imports cache refresh starting

[Info  - 16:48:25] 2024/07/26 16:48:25 background refresh finished after 1.784054ms

[Error - 16:48:32] 2024/07/26 16:48:32 imports fixes: allImportsFixes: /home/shasor/Documents/Zone01/groupie-tracker/main.go:245:12: expected ';', found " (and 1 more errors)
	file="/home/shasor/Documents/Zone01/groupie-tracker/main.go"

[Info  - 16:48:55] 2024/07/26 16:48:55 background imports cache refresh starting

[Info  - 16:48:55] 2024/07/26 16:48:55 background refresh finished after 1.556702ms

[Info  - 16:49:39] 2024/07/26 16:49:39 background imports cache refresh starting

[Info  - 16:49:39] 2024/07/26 16:49:39 background refresh finished after 1.584537ms

[Info  - 16:50:56] 2024/07/26 16:50:56 background imports cache refresh starting

[Info  - 16:50:56] 2024/07/26 16:50:56 background refresh finished after 1.456727ms

[Info  - 16:53:23] 2024/07/26 16:53:23 background imports cache refresh starting

[Info  - 16:53:23] 2024/07/26 16:53:23 background refresh finished after 1.831684ms

[Info  - 17:59:55] 2024/07/26 17:59:55 Shutdown session
	shutdown_session=1

