[Info  - 11:21:25] 2024/07/26 11:21:25 Created View (#1)
	directory=/home/shasor/Documents/Zone01/groupie-tracker
	view_type="GoMod"
	root_dir="file:///home/shasor/Documents/Zone01/groupie-tracker"
	go_version="go version go1.22.4 linux/amd64"
	build_flags=[]
	env={GOOS:linux GOARCH:amd64 GOCACHE:/home/shasor/.cache/go-build GOMODCACHE:/home/shasor/go/pkg/mod GOPATH:/home/shasor/go GOPRIVATE: GOFLAGS: GO111MODULE: GOTOOLCHAIN:auto GoVersion:22 GoVersionOutput:go version go1.22.4 linux/amd64
 ExplicitGOWORK: EffectiveGOPACKAGESDRIVER:}
	env_overlay=[]

[Info  - 11:21:27] 2024/07/26 11:21:26 go/packages.Load #1
	view_id="1"
	snapshot=0
	directory=/home/shasor/Documents/Zone01/groupie-tracker
	query=[/home/shasor/Documents/Zone01/groupie-tracker/... builtin]
	packages=2
	duration=820.169382ms

[Info  - 11:21:55] 2024/07/26 11:21:55 background imports cache refresh starting

[Info  - 11:21:55] 2024/07/26 11:21:55 background refresh finished after 102.59098ms

[Info  - 11:46:51] 2024/07/26 11:46:51 background imports cache refresh starting

[Info  - 11:46:51] 2024/07/26 11:46:51 background refresh finished after 1.630111ms

[Info  - 12:16:05] 2024/07/26 12:16:05 Created View (#2)
	directory=/home/shasor/Documents/Zone01/groupie-tracker
	view_type="AdHoc"
	root_dir="file:///home/shasor/Documents/Zone01/groupie-tracker"
	go_version="go version go1.22.4 linux/amd64"
	build_flags=[]
	env={GOOS:linux GOARCH:amd64 GOCACHE:/home/shasor/.cache/go-build GOMODCACHE:/home/shasor/go/pkg/mod GOPATH:/home/shasor/go GOPRIVATE: GOFLAGS: GO111MODULE: GOTOOLCHAIN:auto GoVersion:22 GoVersionOutput:go version go1.22.4 linux/amd64
 ExplicitGOWORK: EffectiveGOPACKAGESDRIVER:}
	env_overlay=[]

[Error - 12:16:05] 2024/07/26 12:16:05 go/packages.Load #2: err: chdir /home/shasor/Documents/Zone01/groupie-tracker: no such file or directory: stderr: 
	view_id="2"
	snapshot=0
	directory=/home/shasor/Documents/Zone01/groupie-tracker
	query=[./ builtin]
	packages=0
	duration=492.823µs

[Error - 12:16:05] 2024/07/26 12:16:05 initial workspace load failed: packages.Load error: err: chdir /home/shasor/Documents/Zone01/groupie-tracker: no such file or directory: stderr: 

[Error - 12:16:35] 2024/07/26 12:16:35 failed to get import resolver: err: chdir /home/shasor/Documents/Zone01/groupie-tracker: no such file or directory: stderr: 

[Info  - 12:16:46] 2024/07/26 12:16:46 Shutdown session
	shutdown_session=1

