2024-08-19 09:44:15.528 [info] Started local extension host with pid 1428.
2024-08-19 09:44:17.026 [error] [jinliming2.vscode-go-template]: 'configuration.semanticTokenType.description' doit être défini et ne peut pas être vide
2024-08-19 09:44:17.026 [error] [jinliming2.vscode-go-template]: 'configuration.semanticTokenType.description' doit être défini et ne peut pas être vide
2024-08-19 09:44:17.026 [error] [jinliming2.vscode-go-template]: 'configuration.semanticTokenType.description' doit être défini et ne peut pas être vide
2024-08-19 09:44:17.026 [error] [jinliming2.vscode-go-template]: 'configuration.semanticTokenType.description' doit être défini et ne peut pas être vide
2024-08-19 09:44:17.027 [error] [jinliming2.vscode-go-template]: 'configuration.semanticTokenType.description' doit être défini et ne peut pas être vide
2024-08-19 09:44:17.027 [error] [jinliming2.vscode-go-template]: 'configuration.semanticTokenType.description' doit être défini et ne peut pas être vide
2024-08-19 09:44:17.027 [error] [jinliming2.vscode-go-template]: 'configuration.semanticTokenType.description' doit être défini et ne peut pas être vide
2024-08-19 09:44:17.027 [error] [jinliming2.vscode-go-template]: 'configuration.semanticTokenType.description' doit être défini et ne peut pas être vide
2024-08-19 09:44:17.027 [error] [jinliming2.vscode-go-template]: 'configuration.semanticTokenType.description' doit être défini et ne peut pas être vide
2024-08-19 09:44:39.701 [info] [perf] Render performance baseline is 43ms
2024-08-19 10:26:12.819 [info] Settings Sync: Updating due to change in sessions
2024-08-19 10:26:40.966 [info] Settings Sync: Updating due to change in sessions
2024-08-19 11:17:51.425 [info] Settings Sync: Updating due to change in sessions
2024-08-19 11:19:14.784 [info] Settings Sync: Updating due to change in sessions
2024-08-19 12:04:45.270 [info] Settings Sync: Updating due to change in sessions
2024-08-19 12:12:47.253 [info] Settings Sync: Updating due to change in sessions
2024-08-19 12:52:26.004 [info] Settings Sync: Updating due to change in sessions
2024-08-19 13:12:21.643 [info] Settings Sync: Updating due to change in sessions
2024-08-19 13:14:32.434 [error] Impossible de lire le fichier '/home/shasor/Documents/Zone01/git/README.md' (Error: Fichier non modifié depuis): Error: Impossible de lire le fichier '/home/shasor/Documents/Zone01/git/README.md' (Error: Fichier non modifié depuis)
    at r.F (vscode-file://vscode-app/opt/visual-studio-code/resources/app/out/vs/workbench/workbench.desktop.main.js:662:19353)
    at r.D (vscode-file://vscode-app/opt/visual-studio-code/resources/app/out/vs/workbench/workbench.desktop.main.js:662:19238)
    at async b.M (vscode-file://vscode-app/opt/visual-studio-code/resources/app/out/vs/workbench/workbench.desktop.main.js:2450:35468)
    at async b.readStream (vscode-file://vscode-app/opt/visual-studio-code/resources/app/out/vs/workbench/workbench.desktop.main.js:2450:35225)
    at async P.Db (vscode-file://vscode-app/opt/visual-studio-code/resources/app/out/vs/workbench/workbench.desktop.main.js:2439:12236)
    at async P.resolve (vscode-file://vscode-app/opt/visual-studio-code/resources/app/out/vs/workbench/workbench.desktop.main.js:2439:10648)
    at async vscode-file://vscode-app/opt/visual-studio-code/resources/app/out/vs/workbench/workbench.desktop.main.js:2450:31253
2024-08-19 13:33:46.457 [info] Settings Sync: Updating due to change in sessions
2024-08-19 13:55:13.514 [info] Settings Sync: Updating due to change in sessions
