2024-08-19 09:44:15.398 [info] Added views:workbench.panel.markers.view in workbench.panel.markers
2024-08-19 09:44:15.398 [info] Added views:workbench.panel.output in workbench.panel.output
2024-08-19 09:44:15.398 [info] Added views:terminal in terminal
2024-08-19 09:44:15.398 [info] Added views:outline in workbench.view.explorer
2024-08-19 09:44:15.398 [info] Added views:workbench.scm in workbench.view.scm
2024-08-19 09:44:15.398 [info] Added views:workbench.view.search in workbench.view.search
2024-08-19 09:44:15.398 [info] Added views:timeline in workbench.view.explorer
2024-08-19 09:44:15.398 [info] Added views:workbench.explorer.fileView in workbench.view.explorer
2024-08-19 09:44:15.949 [info] Added views:workbench.debug.welcome in workbench.view.debug
2024-08-19 09:44:17.056 [info] Added views:gitlens.views.home,gitlens.views.workspaces,gitlens.views.account in workbench.view.extension.gitlens
2024-08-19 09:44:17.057 [info] Added views:gitlens.views.commitDetails,gitlens.views.lineHistory,gitlens.views.fileHistory,gitlens.views.searchAndCompare in workbench.view.extension.gitlensInspect
2024-08-19 09:44:17.057 [info] Added views:gitlens.views.repositories,gitlens.views.commits,gitlens.views.branches,gitlens.views.remotes,gitlens.views.stashes,gitlens.views.tags,gitlens.views.contributors in workbench.view.scm
2024-08-19 09:44:17.058 [info] Added views:dockerContainers,dockerImages,dockerRegistries,dockerNetworks,dockerVolumes,vscode-docker.views.dockerContexts,vscode-docker.views.help in workbench.view.extension.dockerView
2024-08-19 09:44:17.059 [info] Added views:remoteHub.views.workspaceRepositories in workbench.view.remote
2024-08-19 09:44:17.386 [info] Added views:workbench.panel.repl.view in workbench.panel.repl
2024-08-19 09:44:25.807 [info] Added views:gitlens.views.drafts in workbench.view.extension.gitlens
2024-08-19 09:44:26.001 [info] Added views:workbench.scm.repositories in workbench.view.scm
2024-08-19 09:44:26.238 [info] Added views:gitlens.views.graph,gitlens.views.graphDetails in workbench.view.extension.gitlensPanel
2024-08-19 09:44:26.239 [info] Added views:gitlens.views.timeline in workbench.view.extension.gitlensInspect
2024-08-19 09:44:26.242 [info] Added views:gitlens.views.worktrees in workbench.view.scm
2024-08-19 09:44:36.717 [info] Added views:~remote.forwardedPorts in ~remote.forwardedPortsContainer
2024-08-19 09:44:51.505 [info] Added views:workbench.view.testing in workbench.view.extension.test
2024-08-19 09:44:51.517 [info] Added views:go.explorer in workbench.view.explorer
