[Info  - 09:44:51] 2024/08/19 09:44:51 Created View (#1)
	directory=/home/shasor/Documents/Zone01
	view_type="AdHoc"
	root_dir="file:///home/shasor/Documents/Zone01"
	go_version="go version go1.22.4 linux/amd64"
	build_flags=[]
	env={GOOS:linux GOARCH:amd64 GOCACHE:/home/shasor/.cache/go-build GOMODCACHE:/home/shasor/go/pkg/mod GOPATH:/home/shasor/go GOPRIVATE: GOFLAGS: GO111MODULE: GOTOOLCHAIN:auto GoVersion:22 GoVersionOutput:go version go1.22.4 linux/amd64
 ExplicitGOWORK: EffectiveGOPACKAGESDRIVER:}
	env_overlay=[]

[Info  - 09:44:51] 2024/08/19 09:44:51 go/packages.Load #1
	view_id="1"
	snapshot=0
	directory=/home/shasor/Documents/Zone01
	query=[./ builtin]
	packages=2
	duration=50.929365ms

[Info  - 09:44:51] 2024/08/19 09:44:51 Created View (#2)
	directory=/home/shasor/Documents/Zone01
	view_type="GoMod"
	root_dir="file:///home/shasor/Documents/Zone01/groupie-tracker"
	go_version="go version go1.22.4 linux/amd64"
	build_flags=[]
	env={GOOS:linux GOARCH:amd64 GOCACHE:/home/shasor/.cache/go-build GOMODCACHE:/home/shasor/go/pkg/mod GOPATH:/home/shasor/go GOPRIVATE: GOFLAGS: GO111MODULE: GOTOOLCHAIN:auto GoVersion:22 GoVersionOutput:go version go1.22.4 linux/amd64
 ExplicitGOWORK: EffectiveGOPACKAGESDRIVER:}
	env_overlay=[]

[Info  - 09:44:53] 2024/08/19 09:44:53 go/packages.Load #2
	view_id="2"
	snapshot=0
	directory=/home/shasor/Documents/Zone01
	query=[/home/shasor/Documents/Zone01/groupie-tracker/... builtin]
	packages=2
	duration=1.913667746s

[Info  - 09:45:21] 2024/08/19 09:45:21 background imports cache refresh starting

[Info  - 09:45:21] 2024/08/19 09:45:21 background refresh finished after 6.591398ms

[Info  - 09:45:21] 2024/08/19 09:45:21 background imports cache refresh starting

[Info  - 09:45:21] 2024/08/19 09:45:21 background refresh finished after 103.901446ms

[Info  - 12:25:12] 2024/08/19 12:25:12 background imports cache refresh starting

[Info  - 12:25:12] 2024/08/19 12:25:12 background refresh finished after 1.875665ms

[Info  - 13:15:02] 2024/08/19 13:15:02 background imports cache refresh starting

[Info  - 13:15:02] 2024/08/19 13:15:02 background refresh finished after 1.320963ms

[Info  - 13:25:57] 2024/08/19 13:25:57 background imports cache refresh starting

[Info  - 13:25:57] 2024/08/19 13:25:57 background refresh finished after 1.349432ms

[Info  - 13:31:18] 2024/08/19 13:31:18 background imports cache refresh starting

[Info  - 13:31:18] 2024/08/19 13:31:18 background refresh finished after 1.568345ms

[Info  - 14:00:10] 2024/08/19 14:00:10 background imports cache refresh starting

[Info  - 14:00:10] 2024/08/19 14:00:10 background refresh finished after 1.334862ms

