2024-07-26 13:15:19.921 [info] Using settings sync service https://vscode-sync.trafficmanager.net/
2024-07-26 13:15:19.921 [info] Auto Sync is enabled.
2024-07-26 13:15:19.921 [info] Auto Sync: Suspended until auth token is available.
2024-07-26 13:15:20.066 [info] Deleting non existing profile from backup /home/shasor/.config/Code/User/sync/extensions
2024-07-26 13:15:20.079 [info] Deleting non existing profile from backup /home/shasor/.config/Code/User/sync/globalState
2024-07-26 13:15:20.080 [info] Deleting non existing profile from backup /home/shasor/.config/Code/User/sync/keybindings
2024-07-26 13:15:20.082 [info] Deleting non existing profile from backup /home/shasor/.config/Code/User/sync/profiles
2024-07-26 13:15:20.083 [info] Deleting non existing profile from backup /home/shasor/.config/Code/User/sync/settings
2024-07-26 13:15:20.084 [info] Deleting non existing profile from backup /home/shasor/.config/Code/User/sync/snippets
2024-07-26 13:15:20.085 [info] Deleting non existing profile from backup /home/shasor/.config/Code/User/sync/tasks
2024-07-26 13:15:24.389 [info] Auto Sync: Triggered by Interval
2024-07-26 13:15:24.389 [info] Sync started.
2024-07-26 13:15:24.629 [info] Settings: Last sync resource does not exist locally.
2024-07-26 13:15:24.700 [info] Settings: No changes found during synchronizing settings.
2024-07-26 13:15:24.704 [info] Keybindings: Last sync resource does not exist locally.
2024-07-26 13:15:24.776 [info] Keybindings: No changes found during synchronizing keybindings.
2024-07-26 13:15:24.777 [info] Snippets: Last sync resource does not exist locally.
2024-07-26 13:15:24.809 [info] Snippets: No changes found during synchronizing snippets.
2024-07-26 13:15:24.810 [info] Tasks: Last sync resource does not exist locally.
2024-07-26 13:15:24.844 [info] Tasks: No changes found during synchronizing tasks.
2024-07-26 13:15:24.846 [info] GlobalState: Last sync resource does not exist locally.
2024-07-26 13:15:24.906 [info] GlobalState: No changes found during synchronizing ui state.
2024-07-26 13:15:24.908 [info] Extensions: Last sync resource does not exist locally.
2024-07-26 13:15:25.002 [info] Extensions: No changes found during synchronizing extensions.
2024-07-26 13:15:25.004 [info] Profiles: Last sync resource does not exist locally.
2024-07-26 13:15:25.043 [info] Profiles: No changes found during synchronizing profiles.
2024-07-26 13:15:25.045 [info] Sync done. Took 656ms
2024-07-26 13:16:15.718 [info] Auto Sync: Triggered by Activity
2024-07-26 13:16:15.718 [info] Sync started.
2024-07-26 13:16:15.767 [info] Settings: No changes found during synchronizing settings.
2024-07-26 13:16:15.773 [info] Keybindings: No changes found during synchronizing keybindings.
2024-07-26 13:16:15.777 [info] Snippets: No changes found during synchronizing snippets.
2024-07-26 13:16:15.781 [info] Tasks: No changes found during synchronizing tasks.
2024-07-26 13:16:15.787 [info] GlobalState: No changes found during synchronizing ui state.
2024-07-26 13:16:15.866 [info] Extensions: No changes found during synchronizing extensions.
2024-07-26 13:16:15.867 [info] Profiles: No changes found during synchronizing profiles.
2024-07-26 13:16:15.868 [info] Sync done. Took 151ms
2024-07-26 13:17:52.346 [info] Auto Sync: Triggered by Activity
2024-07-26 13:17:52.346 [info] Sync started.
2024-07-26 13:17:52.382 [info] Settings: No changes found during synchronizing settings.
2024-07-26 13:17:52.390 [info] Keybindings: No changes found during synchronizing keybindings.
2024-07-26 13:17:52.393 [info] Snippets: No changes found during synchronizing snippets.
2024-07-26 13:17:52.395 [info] Tasks: No changes found during synchronizing tasks.
2024-07-26 13:17:52.399 [info] GlobalState: No changes found during synchronizing ui state.
2024-07-26 13:17:52.438 [info] Extensions: No changes found during synchronizing extensions.
2024-07-26 13:17:52.440 [info] Profiles: No changes found during synchronizing profiles.
2024-07-26 13:17:52.441 [info] Sync done. Took 96ms
2024-07-26 13:18:59.972 [info] Auto Sync: Triggered by Activity
2024-07-26 13:18:59.972 [info] Sync started.
2024-07-26 13:19:00.015 [info] Settings: No changes found during synchronizing settings.
2024-07-26 13:19:00.020 [info] Keybindings: No changes found during synchronizing keybindings.
2024-07-26 13:19:00.023 [info] Snippets: No changes found during synchronizing snippets.
2024-07-26 13:19:00.026 [info] Tasks: No changes found during synchronizing tasks.
2024-07-26 13:19:00.030 [info] GlobalState: No changes found during synchronizing ui state.
2024-07-26 13:19:00.075 [info] Extensions: No changes found during synchronizing extensions.
2024-07-26 13:19:00.077 [info] Profiles: No changes found during synchronizing profiles.
2024-07-26 13:19:00.079 [info] Sync done. Took 107ms
2024-07-26 13:19:42.361 [info] Auto Sync: Triggered by Activity
2024-07-26 13:19:42.361 [info] Sync started.
2024-07-26 13:19:42.405 [info] Settings: No changes found during synchronizing settings.
2024-07-26 13:19:42.410 [info] Keybindings: No changes found during synchronizing keybindings.
2024-07-26 13:19:42.415 [info] Snippets: No changes found during synchronizing snippets.
2024-07-26 13:19:42.425 [info] Tasks: No changes found during synchronizing tasks.
2024-07-26 13:19:42.437 [info] GlobalState: No changes found during synchronizing ui state.
2024-07-26 13:19:42.510 [info] Extensions: No changes found during synchronizing extensions.
2024-07-26 13:19:42.512 [info] Profiles: No changes found during synchronizing profiles.
2024-07-26 13:19:42.514 [info] Sync done. Took 153ms
2024-07-26 13:21:36.753 [info] Auto Sync: Triggered by Activity
2024-07-26 13:21:36.754 [info] Sync started.
2024-07-26 13:21:36.804 [info] Settings: No changes found during synchronizing settings.
2024-07-26 13:21:36.808 [info] Keybindings: No changes found during synchronizing keybindings.
2024-07-26 13:21:36.812 [info] Snippets: No changes found during synchronizing snippets.
2024-07-26 13:21:36.815 [info] Tasks: No changes found during synchronizing tasks.
2024-07-26 13:21:36.819 [info] GlobalState: No changes found during synchronizing ui state.
2024-07-26 13:21:36.863 [info] Extensions: No changes found during synchronizing extensions.
2024-07-26 13:21:36.864 [info] Profiles: No changes found during synchronizing profiles.
2024-07-26 13:21:36.866 [info] Sync done. Took 112ms
2024-07-26 13:22:00.306 [info] Auto Sync: Triggered by Activity
2024-07-26 13:22:00.306 [info] Sync started.
2024-07-26 13:22:00.349 [info] Settings: No changes found during synchronizing settings.
2024-07-26 13:22:00.353 [info] Keybindings: No changes found during synchronizing keybindings.
2024-07-26 13:22:00.356 [info] Snippets: No changes found during synchronizing snippets.
2024-07-26 13:22:00.360 [info] Tasks: No changes found during synchronizing tasks.
2024-07-26 13:22:00.363 [info] GlobalState: No changes found during synchronizing ui state.
2024-07-26 13:22:00.411 [info] Extensions: No changes found during synchronizing extensions.
2024-07-26 13:22:00.412 [info] Profiles: No changes found during synchronizing profiles.
2024-07-26 13:22:00.413 [info] Sync done. Took 108ms
2024-07-26 13:22:24.615 [info] Auto Sync: Triggered by Activity
2024-07-26 13:22:24.616 [info] Sync started.
2024-07-26 13:22:24.656 [info] Settings: No changes found during synchronizing settings.
2024-07-26 13:22:24.660 [info] Keybindings: No changes found during synchronizing keybindings.
2024-07-26 13:22:24.663 [info] Snippets: No changes found during synchronizing snippets.
2024-07-26 13:22:24.666 [info] Tasks: No changes found during synchronizing tasks.
2024-07-26 13:22:24.670 [info] GlobalState: No changes found during synchronizing ui state.
2024-07-26 13:22:24.719 [info] Extensions: No changes found during synchronizing extensions.
2024-07-26 13:22:24.721 [info] Profiles: No changes found during synchronizing profiles.
2024-07-26 13:22:24.722 [info] Sync done. Took 106ms
2024-07-26 13:22:41.710 [info] Auto Sync: Triggered by Activity
2024-07-26 13:22:41.710 [info] Sync started.
2024-07-26 13:22:41.755 [info] Settings: No changes found during synchronizing settings.
2024-07-26 13:22:41.759 [info] Keybindings: No changes found during synchronizing keybindings.
2024-07-26 13:22:41.762 [info] Snippets: No changes found during synchronizing snippets.
2024-07-26 13:22:41.764 [info] Tasks: No changes found during synchronizing tasks.
2024-07-26 13:22:41.768 [info] GlobalState: No changes found during synchronizing ui state.
2024-07-26 13:22:41.825 [info] Extensions: No changes found during synchronizing extensions.
2024-07-26 13:22:41.832 [info] Profiles: No changes found during synchronizing profiles.
2024-07-26 13:22:41.834 [info] Sync done. Took 124ms
2024-07-26 13:22:53.758 [info] Auto Sync: Triggered by Activity
2024-07-26 13:22:53.758 [info] Sync started.
2024-07-26 13:22:53.801 [info] Settings: No changes found during synchronizing settings.
2024-07-26 13:22:53.805 [info] Keybindings: No changes found during synchronizing keybindings.
2024-07-26 13:22:53.808 [info] Snippets: No changes found during synchronizing snippets.
2024-07-26 13:22:53.810 [info] Tasks: No changes found during synchronizing tasks.
2024-07-26 13:22:53.813 [info] GlobalState: No changes found during synchronizing ui state.
2024-07-26 13:22:53.857 [info] Extensions: No changes found during synchronizing extensions.
2024-07-26 13:22:53.858 [info] Profiles: No changes found during synchronizing profiles.
2024-07-26 13:22:53.860 [info] Sync done. Took 102ms
2024-07-26 13:23:11.835 [info] Auto Sync: Triggered by Activity
2024-07-26 13:23:11.835 [info] Sync started.
2024-07-26 13:23:11.895 [info] Settings: No changes found during synchronizing settings.
2024-07-26 13:23:11.899 [info] Keybindings: No changes found during synchronizing keybindings.
2024-07-26 13:23:11.901 [info] Snippets: No changes found during synchronizing snippets.
2024-07-26 13:23:11.904 [info] Tasks: No changes found during synchronizing tasks.
2024-07-26 13:23:11.907 [info] GlobalState: No changes found during synchronizing ui state.
2024-07-26 13:23:11.949 [info] Extensions: No changes found during synchronizing extensions.
2024-07-26 13:23:11.950 [info] Profiles: No changes found during synchronizing profiles.
2024-07-26 13:23:11.951 [info] Sync done. Took 117ms
2024-07-26 13:23:24.168 [info] Auto Sync: Triggered by Activity
2024-07-26 13:23:24.168 [info] Sync started.
2024-07-26 13:23:24.205 [info] Settings: No changes found during synchronizing settings.
2024-07-26 13:23:24.211 [info] Keybindings: No changes found during synchronizing keybindings.
2024-07-26 13:23:24.213 [info] Snippets: No changes found during synchronizing snippets.
2024-07-26 13:23:24.216 [info] Tasks: No changes found during synchronizing tasks.
2024-07-26 13:23:24.219 [info] GlobalState: No changes found during synchronizing ui state.
2024-07-26 13:23:24.272 [info] Extensions: No changes found during synchronizing extensions.
2024-07-26 13:23:24.274 [info] Profiles: No changes found during synchronizing profiles.
2024-07-26 13:23:24.276 [info] Sync done. Took 108ms
2024-07-26 13:23:40.175 [info] Auto Sync: Triggered by Activity
2024-07-26 13:23:40.175 [info] Sync started.
2024-07-26 13:23:40.285 [info] Settings: No changes found during synchronizing settings.
2024-07-26 13:23:40.290 [info] Keybindings: No changes found during synchronizing keybindings.
2024-07-26 13:23:40.294 [info] Snippets: No changes found during synchronizing snippets.
2024-07-26 13:23:40.297 [info] Tasks: No changes found during synchronizing tasks.
2024-07-26 13:23:40.301 [info] GlobalState: No changes found during synchronizing ui state.
2024-07-26 13:23:40.370 [info] Extensions: No changes found during synchronizing extensions.
2024-07-26 13:23:40.374 [info] Profiles: No changes found during synchronizing profiles.
2024-07-26 13:23:40.376 [info] Sync done. Took 201ms
2024-07-26 13:24:04.061 [info] Auto Sync: Triggered by Activity
2024-07-26 13:24:04.062 [info] Sync started.
2024-07-26 13:24:04.115 [info] Settings: No changes found during synchronizing settings.
2024-07-26 13:24:04.120 [info] Keybindings: No changes found during synchronizing keybindings.
2024-07-26 13:24:04.124 [info] Snippets: No changes found during synchronizing snippets.
2024-07-26 13:24:04.127 [info] Tasks: No changes found during synchronizing tasks.
2024-07-26 13:24:04.131 [info] GlobalState: No changes found during synchronizing ui state.
2024-07-26 13:24:04.201 [info] Extensions: No changes found during synchronizing extensions.
2024-07-26 13:24:04.204 [info] Profiles: No changes found during synchronizing profiles.
2024-07-26 13:24:04.206 [info] Sync done. Took 144ms
2024-07-26 13:24:40.062 [info] Auto Sync: Triggered by Activity
2024-07-26 13:24:40.062 [info] Sync started.
2024-07-26 13:24:40.109 [info] Settings: No changes found during synchronizing settings.
2024-07-26 13:24:40.114 [info] Keybindings: No changes found during synchronizing keybindings.
2024-07-26 13:24:40.118 [info] Snippets: No changes found during synchronizing snippets.
2024-07-26 13:24:40.121 [info] Tasks: No changes found during synchronizing tasks.
2024-07-26 13:24:40.125 [info] GlobalState: No changes found during synchronizing ui state.
2024-07-26 13:24:40.200 [info] Extensions: No changes found during synchronizing extensions.
2024-07-26 13:24:40.201 [info] Profiles: No changes found during synchronizing profiles.
2024-07-26 13:24:40.203 [info] Sync done. Took 142ms
2024-07-26 13:25:11.827 [info] Auto Sync: Triggered by Activity
2024-07-26 13:25:11.828 [info] Sync started.
2024-07-26 13:25:12.007 [info] Settings: No changes found during synchronizing settings.
2024-07-26 13:25:12.014 [info] Keybindings: No changes found during synchronizing keybindings.
2024-07-26 13:25:12.018 [info] Snippets: No changes found during synchronizing snippets.
2024-07-26 13:25:12.021 [info] Tasks: No changes found during synchronizing tasks.
2024-07-26 13:25:12.025 [info] GlobalState: No changes found during synchronizing ui state.
2024-07-26 13:25:12.100 [info] Extensions: No changes found during synchronizing extensions.
2024-07-26 13:25:12.103 [info] Profiles: No changes found during synchronizing profiles.
2024-07-26 13:25:12.105 [info] Sync done. Took 277ms
2024-07-26 13:26:07.920 [info] Auto Sync: Triggered by Activity
2024-07-26 13:26:07.920 [info] Sync started.
2024-07-26 13:26:07.965 [info] Settings: No changes found during synchronizing settings.
2024-07-26 13:26:07.969 [info] Keybindings: No changes found during synchronizing keybindings.
2024-07-26 13:26:07.972 [info] Snippets: No changes found during synchronizing snippets.
2024-07-26 13:26:07.974 [info] Tasks: No changes found during synchronizing tasks.
2024-07-26 13:26:07.977 [info] GlobalState: No changes found during synchronizing ui state.
2024-07-26 13:26:08.026 [info] Extensions: No changes found during synchronizing extensions.
2024-07-26 13:26:08.028 [info] Profiles: No changes found during synchronizing profiles.
2024-07-26 13:26:08.029 [info] Sync done. Took 110ms
2024-07-26 13:27:41.238 [info] Auto Sync: Triggered by Activity
2024-07-26 13:27:41.238 [info] Sync started.
2024-07-26 13:27:41.277 [info] Settings: No changes found during synchronizing settings.
2024-07-26 13:27:41.281 [info] Keybindings: No changes found during synchronizing keybindings.
2024-07-26 13:27:41.284 [info] Snippets: No changes found during synchronizing snippets.
2024-07-26 13:27:41.286 [info] Tasks: No changes found during synchronizing tasks.
2024-07-26 13:27:41.289 [info] GlobalState: No changes found during synchronizing ui state.
2024-07-26 13:27:41.331 [info] Extensions: No changes found during synchronizing extensions.
2024-07-26 13:27:41.332 [info] Profiles: No changes found during synchronizing profiles.
2024-07-26 13:27:41.333 [info] Sync done. Took 96ms
2024-07-26 13:28:13.284 [info] Auto Sync: Triggered by Activity
2024-07-26 13:28:13.285 [info] Sync started.
2024-07-26 13:28:13.328 [info] Settings: No changes found during synchronizing settings.
2024-07-26 13:28:13.332 [info] Keybindings: No changes found during synchronizing keybindings.
2024-07-26 13:28:13.334 [info] Snippets: No changes found during synchronizing snippets.
2024-07-26 13:28:13.337 [info] Tasks: No changes found during synchronizing tasks.
2024-07-26 13:28:13.340 [info] GlobalState: No changes found during synchronizing ui state.
2024-07-26 13:28:13.397 [info] Extensions: No changes found during synchronizing extensions.
2024-07-26 13:28:13.400 [info] Profiles: No changes found during synchronizing profiles.
2024-07-26 13:28:13.401 [info] Sync done. Took 117ms
2024-07-26 13:28:30.889 [info] Auto Sync: Triggered by Activity
2024-07-26 13:28:30.889 [info] Sync started.
2024-07-26 13:28:30.923 [info] Settings: No changes found during synchronizing settings.
2024-07-26 13:28:30.927 [info] Keybindings: No changes found during synchronizing keybindings.
2024-07-26 13:28:30.929 [info] Snippets: No changes found during synchronizing snippets.
2024-07-26 13:28:30.932 [info] Tasks: No changes found during synchronizing tasks.
2024-07-26 13:28:30.934 [info] GlobalState: No changes found during synchronizing ui state.
2024-07-26 13:28:30.975 [info] Extensions: No changes found during synchronizing extensions.
2024-07-26 13:28:30.977 [info] Profiles: No changes found during synchronizing profiles.
2024-07-26 13:28:30.979 [info] Sync done. Took 89ms
2024-07-26 13:28:42.841 [info] Auto Sync: Triggered by Activity
2024-07-26 13:28:42.841 [info] Sync started.
2024-07-26 13:28:42.911 [info] Settings: No changes found during synchronizing settings.
2024-07-26 13:28:42.915 [info] Keybindings: No changes found during synchronizing keybindings.
2024-07-26 13:28:42.917 [info] Snippets: No changes found during synchronizing snippets.
2024-07-26 13:28:42.920 [info] Tasks: No changes found during synchronizing tasks.
2024-07-26 13:28:42.923 [info] GlobalState: No changes found during synchronizing ui state.
2024-07-26 13:28:42.962 [info] Extensions: No changes found during synchronizing extensions.
2024-07-26 13:28:42.964 [info] Profiles: No changes found during synchronizing profiles.
2024-07-26 13:28:42.965 [info] Sync done. Took 124ms
2024-07-26 13:29:22.171 [info] Auto Sync: Triggered by Activity
2024-07-26 13:29:22.172 [info] Sync started.
2024-07-26 13:29:22.224 [info] Settings: No changes found during synchronizing settings.
2024-07-26 13:29:22.227 [info] Keybindings: No changes found during synchronizing keybindings.
2024-07-26 13:29:22.230 [info] Snippets: No changes found during synchronizing snippets.
2024-07-26 13:29:22.233 [info] Tasks: No changes found during synchronizing tasks.
2024-07-26 13:29:22.236 [info] GlobalState: No changes found during synchronizing ui state.
2024-07-26 13:29:22.289 [info] Extensions: No changes found during synchronizing extensions.
2024-07-26 13:29:22.290 [info] Profiles: No changes found during synchronizing profiles.
2024-07-26 13:29:22.292 [info] Sync done. Took 121ms
2024-07-26 13:32:32.381 [info] Auto Sync: Triggered by Activity
2024-07-26 13:32:32.382 [info] Sync started.
2024-07-26 13:32:32.832 [info] Settings: No changes found during synchronizing settings.
2024-07-26 13:32:32.837 [info] Keybindings: No changes found during synchronizing keybindings.
2024-07-26 13:32:32.840 [info] Snippets: No changes found during synchronizing snippets.
2024-07-26 13:32:32.843 [info] Tasks: No changes found during synchronizing tasks.
2024-07-26 13:32:32.848 [info] GlobalState: No changes found during synchronizing ui state.
2024-07-26 13:32:32.910 [info] Extensions: No changes found during synchronizing extensions.
2024-07-26 13:32:32.912 [info] Profiles: No changes found during synchronizing profiles.
2024-07-26 13:32:32.914 [info] Sync done. Took 533ms
2024-07-26 13:33:04.782 [info] Auto Sync: Triggered by Activity
2024-07-26 13:33:04.782 [info] Sync started.
2024-07-26 13:33:04.825 [info] Settings: No changes found during synchronizing settings.
2024-07-26 13:33:04.829 [info] Keybindings: No changes found during synchronizing keybindings.
2024-07-26 13:33:04.833 [info] Snippets: No changes found during synchronizing snippets.
2024-07-26 13:33:04.836 [info] Tasks: No changes found during synchronizing tasks.
2024-07-26 13:33:04.841 [info] GlobalState: No changes found during synchronizing ui state.
2024-07-26 13:33:04.911 [info] Extensions: No changes found during synchronizing extensions.
2024-07-26 13:33:04.914 [info] Profiles: No changes found during synchronizing profiles.
2024-07-26 13:33:04.915 [info] Sync done. Took 134ms
2024-07-26 13:36:35.153 [info] Auto Sync: Triggered by Activity
2024-07-26 13:36:35.153 [info] Sync started.
2024-07-26 13:36:35.267 [info] Settings: No changes found during synchronizing settings.
2024-07-26 13:36:35.270 [info] Keybindings: No changes found during synchronizing keybindings.
2024-07-26 13:36:35.273 [info] Snippets: No changes found during synchronizing snippets.
2024-07-26 13:36:35.275 [info] Tasks: No changes found during synchronizing tasks.
2024-07-26 13:36:35.278 [info] GlobalState: No changes found during synchronizing ui state.
2024-07-26 13:36:35.328 [info] Extensions: No changes found during synchronizing extensions.
2024-07-26 13:36:35.332 [info] Profiles: No changes found during synchronizing profiles.
2024-07-26 13:36:35.334 [info] Sync done. Took 180ms
2024-07-26 13:40:06.214 [info] Auto Sync: Triggered by Activity
2024-07-26 13:40:06.214 [info] Sync started.
2024-07-26 13:40:07.197 [info] Settings: No changes found during synchronizing settings.
2024-07-26 13:40:07.201 [info] Keybindings: No changes found during synchronizing keybindings.
2024-07-26 13:40:07.204 [info] Snippets: No changes found during synchronizing snippets.
2024-07-26 13:40:07.206 [info] Tasks: No changes found during synchronizing tasks.
2024-07-26 13:40:07.209 [info] GlobalState: No changes found during synchronizing ui state.
2024-07-26 13:40:07.251 [info] Extensions: No changes found during synchronizing extensions.
2024-07-26 13:40:07.252 [info] Profiles: No changes found during synchronizing profiles.
2024-07-26 13:40:07.253 [info] Sync done. Took 1039ms
2024-07-26 13:40:42.001 [info] Auto Sync: Triggered by Activity
2024-07-26 13:40:42.001 [info] Sync started.
2024-07-26 13:40:42.622 [info] Settings: No changes found during synchronizing settings.
2024-07-26 13:40:42.626 [info] Keybindings: No changes found during synchronizing keybindings.
2024-07-26 13:40:42.628 [info] Snippets: No changes found during synchronizing snippets.
2024-07-26 13:40:42.631 [info] Tasks: No changes found during synchronizing tasks.
2024-07-26 13:40:42.634 [info] GlobalState: No changes found during synchronizing ui state.
2024-07-26 13:40:42.682 [info] Extensions: No changes found during synchronizing extensions.
2024-07-26 13:40:42.683 [info] Profiles: No changes found during synchronizing profiles.
2024-07-26 13:40:42.684 [info] Sync done. Took 684ms
2024-07-26 13:41:12.802 [info] Auto Sync: Triggered by Activity
2024-07-26 13:41:12.803 [info] Sync started.
2024-07-26 13:41:14.058 [info] Settings: No changes found during synchronizing settings.
2024-07-26 13:41:14.061 [info] Keybindings: No changes found during synchronizing keybindings.
2024-07-26 13:41:14.064 [info] Snippets: No changes found during synchronizing snippets.
2024-07-26 13:41:14.067 [info] Tasks: No changes found during synchronizing tasks.
2024-07-26 13:41:14.069 [info] GlobalState: No changes found during synchronizing ui state.
2024-07-26 13:41:14.108 [info] Extensions: No changes found during synchronizing extensions.
2024-07-26 13:41:14.110 [info] Profiles: No changes found during synchronizing profiles.
2024-07-26 13:41:14.112 [info] Sync done. Took 1309ms
2024-07-26 13:43:02.814 [info] Auto Sync: Triggered by Activity
2024-07-26 13:43:02.815 [info] Sync started.
2024-07-26 13:43:02.852 [info] Settings: No changes found during synchronizing settings.
2024-07-26 13:43:02.859 [info] Keybindings: No changes found during synchronizing keybindings.
2024-07-26 13:43:02.862 [info] Snippets: No changes found during synchronizing snippets.
2024-07-26 13:43:02.865 [info] Tasks: No changes found during synchronizing tasks.
2024-07-26 13:43:02.870 [info] GlobalState: No changes found during synchronizing ui state.
2024-07-26 13:43:02.941 [info] Extensions: No changes found during synchronizing extensions.
2024-07-26 13:43:02.943 [info] Profiles: No changes found during synchronizing profiles.
2024-07-26 13:43:02.944 [info] Sync done. Took 129ms
2024-07-26 13:43:44.734 [info] Auto Sync: Triggered by Activity
2024-07-26 13:43:44.735 [info] Sync started.
2024-07-26 13:43:44.768 [info] Settings: No changes found during synchronizing settings.
2024-07-26 13:43:44.773 [info] Keybindings: No changes found during synchronizing keybindings.
2024-07-26 13:43:44.777 [info] Snippets: No changes found during synchronizing snippets.
2024-07-26 13:43:44.780 [info] Tasks: No changes found during synchronizing tasks.
2024-07-26 13:43:44.784 [info] GlobalState: No changes found during synchronizing ui state.
2024-07-26 13:43:44.862 [info] Extensions: No changes found during synchronizing extensions.
2024-07-26 13:43:44.864 [info] Profiles: No changes found during synchronizing profiles.
2024-07-26 13:43:44.866 [info] Sync done. Took 131ms
2024-07-26 13:44:23.064 [info] Auto Sync: Triggered by Activity
2024-07-26 13:44:23.064 [info] Sync started.
2024-07-26 13:44:23.091 [info] Settings: No changes found during synchronizing settings.
2024-07-26 13:44:23.095 [info] Keybindings: No changes found during synchronizing keybindings.
2024-07-26 13:44:23.098 [info] Snippets: No changes found during synchronizing snippets.
2024-07-26 13:44:23.100 [info] Tasks: No changes found during synchronizing tasks.
2024-07-26 13:44:23.103 [info] GlobalState: No changes found during synchronizing ui state.
2024-07-26 13:44:23.151 [info] Extensions: No changes found during synchronizing extensions.
2024-07-26 13:44:23.152 [info] Profiles: No changes found during synchronizing profiles.
2024-07-26 13:44:23.154 [info] Sync done. Took 89ms
2024-07-26 13:49:23.156 [info] Auto Sync: Triggered by Interval
2024-07-26 13:49:23.157 [info] Sync started.
2024-07-26 13:49:23.370 [info] Settings: No changes found during synchronizing settings.
2024-07-26 13:49:23.374 [info] Keybindings: No changes found during synchronizing keybindings.
2024-07-26 13:49:23.377 [info] Snippets: No changes found during synchronizing snippets.
2024-07-26 13:49:23.379 [info] Tasks: No changes found during synchronizing tasks.
2024-07-26 13:49:23.382 [info] GlobalState: No changes found during synchronizing ui state.
2024-07-26 13:49:23.433 [info] Extensions: No changes found during synchronizing extensions.
2024-07-26 13:49:23.435 [info] Profiles: No changes found during synchronizing profiles.
2024-07-26 13:49:23.436 [info] Sync done. Took 280ms
2024-07-26 13:54:23.437 [info] Auto Sync: Triggered by Interval
2024-07-26 13:54:23.437 [info] Sync started.
2024-07-26 13:54:23.645 [info] Settings: No changes found during synchronizing settings.
2024-07-26 13:54:23.649 [info] Keybindings: No changes found during synchronizing keybindings.
2024-07-26 13:54:23.651 [info] Snippets: No changes found during synchronizing snippets.
2024-07-26 13:54:23.654 [info] Tasks: No changes found during synchronizing tasks.
2024-07-26 13:54:23.657 [info] GlobalState: No changes found during synchronizing ui state.
2024-07-26 13:54:23.696 [info] Extensions: No changes found during synchronizing extensions.
2024-07-26 13:54:23.697 [info] Profiles: No changes found during synchronizing profiles.
2024-07-26 13:54:23.699 [info] Sync done. Took 261ms
2024-07-26 13:59:23.701 [info] Auto Sync: Triggered by Interval
2024-07-26 13:59:23.701 [info] Sync started.
2024-07-26 13:59:23.834 [info] Settings: No changes found during synchronizing settings.
2024-07-26 13:59:23.838 [info] Keybindings: No changes found during synchronizing keybindings.
2024-07-26 13:59:23.841 [info] Snippets: No changes found during synchronizing snippets.
2024-07-26 13:59:23.843 [info] Tasks: No changes found during synchronizing tasks.
2024-07-26 13:59:23.847 [info] GlobalState: No changes found during synchronizing ui state.
2024-07-26 13:59:23.893 [info] Extensions: No changes found during synchronizing extensions.
2024-07-26 13:59:23.897 [info] Profiles: No changes found during synchronizing profiles.
2024-07-26 13:59:23.899 [info] Sync done. Took 197ms
2024-07-26 14:04:23.900 [info] Auto Sync: Triggered by Interval
2024-07-26 14:04:23.901 [info] Sync started.
2024-07-26 14:04:24.062 [info] Settings: No changes found during synchronizing settings.
2024-07-26 14:04:24.066 [info] Keybindings: No changes found during synchronizing keybindings.
2024-07-26 14:04:24.069 [info] Snippets: No changes found during synchronizing snippets.
2024-07-26 14:04:24.071 [info] Tasks: No changes found during synchronizing tasks.
2024-07-26 14:04:24.074 [info] GlobalState: No changes found during synchronizing ui state.
2024-07-26 14:04:24.127 [info] Extensions: No changes found during synchronizing extensions.
2024-07-26 14:04:24.129 [info] Profiles: No changes found during synchronizing profiles.
2024-07-26 14:04:24.130 [info] Sync done. Took 229ms
2024-07-26 14:09:24.134 [info] Auto Sync: Triggered by Interval
2024-07-26 14:09:24.134 [info] Sync started.
2024-07-26 14:09:24.335 [info] Settings: No changes found during synchronizing settings.
2024-07-26 14:09:24.338 [info] Keybindings: No changes found during synchronizing keybindings.
2024-07-26 14:09:24.340 [info] Snippets: No changes found during synchronizing snippets.
2024-07-26 14:09:24.343 [info] Tasks: No changes found during synchronizing tasks.
2024-07-26 14:09:24.346 [info] GlobalState: No changes found during synchronizing ui state.
2024-07-26 14:09:24.391 [info] Extensions: No changes found during synchronizing extensions.
2024-07-26 14:09:24.394 [info] Profiles: No changes found during synchronizing profiles.
2024-07-26 14:09:24.396 [info] Sync done. Took 262ms
2024-07-26 14:14:24.398 [info] Auto Sync: Triggered by Interval
2024-07-26 14:14:24.399 [info] Sync started.
2024-07-26 14:14:24.534 [info] Settings: No changes found during synchronizing settings.
2024-07-26 14:14:24.538 [info] Keybindings: No changes found during synchronizing keybindings.
2024-07-26 14:14:24.541 [info] Snippets: No changes found during synchronizing snippets.
2024-07-26 14:14:24.543 [info] Tasks: No changes found during synchronizing tasks.
2024-07-26 14:14:24.546 [info] GlobalState: No changes found during synchronizing ui state.
2024-07-26 14:14:24.582 [info] Extensions: No changes found during synchronizing extensions.
2024-07-26 14:14:24.583 [info] Profiles: No changes found during synchronizing profiles.
2024-07-26 14:14:24.585 [info] Sync done. Took 186ms
2024-07-26 14:19:24.587 [info] Auto Sync: Triggered by Interval
2024-07-26 14:19:24.587 [info] Sync started.
2024-07-26 14:19:24.722 [info] Settings: No changes found during synchronizing settings.
2024-07-26 14:19:24.726 [info] Keybindings: No changes found during synchronizing keybindings.
2024-07-26 14:19:24.728 [info] Snippets: No changes found during synchronizing snippets.
2024-07-26 14:19:24.731 [info] Tasks: No changes found during synchronizing tasks.
2024-07-26 14:19:24.754 [info] GlobalState: No changes found during synchronizing ui state.
2024-07-26 14:19:24.819 [info] Extensions: No changes found during synchronizing extensions.
2024-07-26 14:19:24.823 [info] Profiles: No changes found during synchronizing profiles.
2024-07-26 14:19:24.824 [info] Sync done. Took 236ms
2024-07-26 14:24:24.827 [info] Auto Sync: Triggered by Interval
2024-07-26 14:24:24.827 [info] Sync started.
2024-07-26 14:24:25.354 [info] Settings: No changes found during synchronizing settings.
2024-07-26 14:24:25.357 [info] Keybindings: No changes found during synchronizing keybindings.
2024-07-26 14:24:25.360 [info] Snippets: No changes found during synchronizing snippets.
2024-07-26 14:24:25.362 [info] Tasks: No changes found during synchronizing tasks.
2024-07-26 14:24:25.365 [info] GlobalState: No changes found during synchronizing ui state.
2024-07-26 14:24:25.401 [info] Extensions: No changes found during synchronizing extensions.
2024-07-26 14:24:25.402 [info] Profiles: No changes found during synchronizing profiles.
2024-07-26 14:24:25.404 [info] Sync done. Took 577ms
2024-07-26 14:29:25.407 [info] Auto Sync: Triggered by Interval
2024-07-26 14:29:25.407 [info] Sync started.
2024-07-26 14:29:25.554 [info] Settings: No changes found during synchronizing settings.
2024-07-26 14:29:25.558 [info] Keybindings: No changes found during synchronizing keybindings.
2024-07-26 14:29:25.560 [info] Snippets: No changes found during synchronizing snippets.
2024-07-26 14:29:25.562 [info] Tasks: No changes found during synchronizing tasks.
2024-07-26 14:29:25.565 [info] GlobalState: No changes found during synchronizing ui state.
2024-07-26 14:29:25.615 [info] Extensions: No changes found during synchronizing extensions.
2024-07-26 14:29:25.616 [info] Profiles: No changes found during synchronizing profiles.
2024-07-26 14:29:25.618 [info] Sync done. Took 211ms
2024-07-26 14:34:25.621 [info] Auto Sync: Triggered by Interval
2024-07-26 14:34:25.622 [info] Sync started.
2024-07-26 14:34:25.780 [info] Settings: No changes found during synchronizing settings.
2024-07-26 14:34:25.783 [info] Keybindings: No changes found during synchronizing keybindings.
2024-07-26 14:34:25.786 [info] Snippets: No changes found during synchronizing snippets.
2024-07-26 14:34:25.788 [info] Tasks: No changes found during synchronizing tasks.
2024-07-26 14:34:25.791 [info] GlobalState: No changes found during synchronizing ui state.
2024-07-26 14:34:25.829 [info] Extensions: No changes found during synchronizing extensions.
2024-07-26 14:34:25.830 [info] Profiles: No changes found during synchronizing profiles.
2024-07-26 14:34:25.831 [info] Sync done. Took 210ms
2024-07-26 14:39:25.835 [info] Auto Sync: Triggered by Interval
2024-07-26 14:39:25.835 [info] Sync started.
2024-07-26 14:39:25.988 [info] Settings: No changes found during synchronizing settings.
2024-07-26 14:39:25.991 [info] Keybindings: No changes found during synchronizing keybindings.
2024-07-26 14:39:25.993 [info] Snippets: No changes found during synchronizing snippets.
2024-07-26 14:39:25.996 [info] Tasks: No changes found during synchronizing tasks.
2024-07-26 14:39:25.999 [info] GlobalState: No changes found during synchronizing ui state.
2024-07-26 14:39:26.047 [info] Extensions: No changes found during synchronizing extensions.
2024-07-26 14:39:26.049 [info] Profiles: No changes found during synchronizing profiles.
2024-07-26 14:39:26.051 [info] Sync done. Took 215ms
2024-07-26 14:44:26.054 [info] Auto Sync: Triggered by Interval
2024-07-26 14:44:26.054 [info] Sync started.
2024-07-26 14:44:26.233 [info] Settings: No changes found during synchronizing settings.
2024-07-26 14:44:26.236 [info] Keybindings: No changes found during synchronizing keybindings.
2024-07-26 14:44:26.239 [info] Snippets: No changes found during synchronizing snippets.
2024-07-26 14:44:26.241 [info] Tasks: No changes found during synchronizing tasks.
2024-07-26 14:44:26.244 [info] GlobalState: No changes found during synchronizing ui state.
2024-07-26 14:44:26.282 [info] Extensions: No changes found during synchronizing extensions.
2024-07-26 14:44:26.283 [info] Profiles: No changes found during synchronizing profiles.
2024-07-26 14:44:26.284 [info] Sync done. Took 230ms
2024-07-26 14:49:26.287 [info] Auto Sync: Triggered by Interval
2024-07-26 14:49:26.287 [info] Sync started.
2024-07-26 14:49:26.470 [info] Settings: No changes found during synchronizing settings.
2024-07-26 14:49:26.474 [info] Keybindings: No changes found during synchronizing keybindings.
2024-07-26 14:49:26.477 [info] Snippets: No changes found during synchronizing snippets.
2024-07-26 14:49:26.479 [info] Tasks: No changes found during synchronizing tasks.
2024-07-26 14:49:26.482 [info] GlobalState: No changes found during synchronizing ui state.
2024-07-26 14:49:26.530 [info] Extensions: No changes found during synchronizing extensions.
2024-07-26 14:49:26.531 [info] Profiles: No changes found during synchronizing profiles.
2024-07-26 14:49:26.533 [info] Sync done. Took 246ms
2024-07-26 14:54:26.536 [info] Auto Sync: Triggered by Interval
2024-07-26 14:54:26.536 [info] Sync started.
2024-07-26 14:54:26.638 [info] Settings: No changes found during synchronizing settings.
2024-07-26 14:54:26.641 [info] Keybindings: No changes found during synchronizing keybindings.
2024-07-26 14:54:26.644 [info] Snippets: No changes found during synchronizing snippets.
2024-07-26 14:54:26.646 [info] Tasks: No changes found during synchronizing tasks.
2024-07-26 14:54:26.649 [info] GlobalState: No changes found during synchronizing ui state.
2024-07-26 14:54:26.691 [info] Extensions: No changes found during synchronizing extensions.
2024-07-26 14:54:26.692 [info] Profiles: No changes found during synchronizing profiles.
2024-07-26 14:54:26.694 [info] Sync done. Took 157ms
2024-07-26 14:59:26.698 [info] Auto Sync: Triggered by Interval
2024-07-26 14:59:26.698 [info] Sync started.
2024-07-26 14:59:26.821 [info] Settings: No changes found during synchronizing settings.
2024-07-26 14:59:26.825 [info] Keybindings: No changes found during synchronizing keybindings.
2024-07-26 14:59:26.828 [info] Snippets: No changes found during synchronizing snippets.
2024-07-26 14:59:26.830 [info] Tasks: No changes found during synchronizing tasks.
2024-07-26 14:59:26.832 [info] GlobalState: No changes found during synchronizing ui state.
2024-07-26 14:59:26.882 [info] Extensions: No changes found during synchronizing extensions.
2024-07-26 14:59:26.885 [info] Profiles: No changes found during synchronizing profiles.
2024-07-26 14:59:26.887 [info] Sync done. Took 189ms
2024-07-26 15:04:26.890 [info] Auto Sync: Triggered by Interval
2024-07-26 15:04:26.890 [info] Sync started.
2024-07-26 15:04:27.102 [info] Settings: No changes found during synchronizing settings.
2024-07-26 15:04:27.106 [info] Keybindings: No changes found during synchronizing keybindings.
2024-07-26 15:04:27.109 [info] Snippets: No changes found during synchronizing snippets.
2024-07-26 15:04:27.111 [info] Tasks: No changes found during synchronizing tasks.
2024-07-26 15:04:27.113 [info] GlobalState: No changes found during synchronizing ui state.
2024-07-26 15:04:27.154 [info] Extensions: No changes found during synchronizing extensions.
2024-07-26 15:04:27.155 [info] Profiles: No changes found during synchronizing profiles.
2024-07-26 15:04:27.156 [info] Sync done. Took 266ms
2024-07-26 15:09:27.160 [info] Auto Sync: Triggered by Interval
2024-07-26 15:09:27.160 [info] Sync started.
2024-07-26 15:09:27.679 [info] Settings: No changes found during synchronizing settings.
2024-07-26 15:09:27.682 [info] Keybindings: No changes found during synchronizing keybindings.
2024-07-26 15:09:27.685 [info] Snippets: No changes found during synchronizing snippets.
2024-07-26 15:09:27.687 [info] Tasks: No changes found during synchronizing tasks.
2024-07-26 15:09:27.691 [info] GlobalState: No changes found during synchronizing ui state.
2024-07-26 15:09:27.738 [info] Extensions: No changes found during synchronizing extensions.
2024-07-26 15:09:27.740 [info] Profiles: No changes found during synchronizing profiles.
2024-07-26 15:09:27.750 [info] Sync done. Took 588ms
2024-07-26 15:14:27.750 [info] Auto Sync: Triggered by Interval
2024-07-26 15:14:27.751 [info] Sync started.
2024-07-26 15:14:27.867 [info] Settings: No changes found during synchronizing settings.
2024-07-26 15:14:27.873 [info] Keybindings: No changes found during synchronizing keybindings.
2024-07-26 15:14:27.877 [info] Snippets: No changes found during synchronizing snippets.
2024-07-26 15:14:27.880 [info] Tasks: No changes found during synchronizing tasks.
2024-07-26 15:14:27.884 [info] GlobalState: No changes found during synchronizing ui state.
2024-07-26 15:14:27.927 [info] Extensions: No changes found during synchronizing extensions.
2024-07-26 15:14:27.929 [info] Profiles: No changes found during synchronizing profiles.
2024-07-26 15:14:27.930 [info] Sync done. Took 180ms
2024-07-26 15:19:27.935 [info] Auto Sync: Triggered by Interval
2024-07-26 15:19:27.935 [info] Sync started.
2024-07-26 15:19:28.077 [info] Settings: No changes found during synchronizing settings.
2024-07-26 15:19:28.080 [info] Keybindings: No changes found during synchronizing keybindings.
2024-07-26 15:19:28.083 [info] Snippets: No changes found during synchronizing snippets.
2024-07-26 15:19:28.086 [info] Tasks: No changes found during synchronizing tasks.
2024-07-26 15:19:28.088 [info] GlobalState: No changes found during synchronizing ui state.
2024-07-26 15:19:28.130 [info] Extensions: No changes found during synchronizing extensions.
2024-07-26 15:19:28.131 [info] Profiles: No changes found during synchronizing profiles.
2024-07-26 15:19:28.133 [info] Sync done. Took 198ms
2024-07-26 15:24:28.136 [info] Auto Sync: Triggered by Interval
2024-07-26 15:24:28.136 [info] Sync started.
2024-07-26 15:24:28.250 [info] Settings: No changes found during synchronizing settings.
2024-07-26 15:24:28.254 [info] Keybindings: No changes found during synchronizing keybindings.
2024-07-26 15:24:28.256 [info] Snippets: No changes found during synchronizing snippets.
2024-07-26 15:24:28.259 [info] Tasks: No changes found during synchronizing tasks.
2024-07-26 15:24:28.262 [info] GlobalState: No changes found during synchronizing ui state.
2024-07-26 15:24:28.308 [info] Extensions: No changes found during synchronizing extensions.
2024-07-26 15:24:28.309 [info] Profiles: No changes found during synchronizing profiles.
2024-07-26 15:24:28.310 [info] Sync done. Took 174ms
2024-07-26 15:29:28.314 [info] Auto Sync: Triggered by Interval
2024-07-26 15:29:28.314 [info] Sync started.
2024-07-26 15:29:28.421 [info] Settings: No changes found during synchronizing settings.
2024-07-26 15:29:28.425 [info] Keybindings: No changes found during synchronizing keybindings.
2024-07-26 15:29:28.427 [info] Snippets: No changes found during synchronizing snippets.
2024-07-26 15:29:28.429 [info] Tasks: No changes found during synchronizing tasks.
2024-07-26 15:29:28.433 [info] GlobalState: No changes found during synchronizing ui state.
2024-07-26 15:29:28.479 [info] Extensions: No changes found during synchronizing extensions.
2024-07-26 15:29:28.483 [info] Profiles: No changes found during synchronizing profiles.
2024-07-26 15:29:28.484 [info] Sync done. Took 170ms
2024-07-26 15:34:28.487 [info] Auto Sync: Triggered by Interval
2024-07-26 15:34:28.487 [info] Sync started.
2024-07-26 15:34:33.585 [info] Settings: No changes found during synchronizing settings.
2024-07-26 15:34:33.588 [info] Keybindings: No changes found during synchronizing keybindings.
2024-07-26 15:34:33.591 [info] Snippets: No changes found during synchronizing snippets.
2024-07-26 15:34:33.593 [info] Tasks: No changes found during synchronizing tasks.
2024-07-26 15:34:33.596 [info] GlobalState: No changes found during synchronizing ui state.
2024-07-26 15:34:33.634 [info] Extensions: No changes found during synchronizing extensions.
2024-07-26 15:34:33.635 [info] Profiles: No changes found during synchronizing profiles.
2024-07-26 15:34:33.637 [info] Sync done. Took 5150ms
2024-07-26 15:39:33.645 [info] Auto Sync: Triggered by Interval
2024-07-26 15:39:33.645 [info] Sync started.
2024-07-26 15:39:33.812 [info] Settings: No changes found during synchronizing settings.
2024-07-26 15:39:33.815 [info] Keybindings: No changes found during synchronizing keybindings.
2024-07-26 15:39:33.817 [info] Snippets: No changes found during synchronizing snippets.
2024-07-26 15:39:33.819 [info] Tasks: No changes found during synchronizing tasks.
2024-07-26 15:39:33.822 [info] GlobalState: No changes found during synchronizing ui state.
2024-07-26 15:39:33.868 [info] Extensions: No changes found during synchronizing extensions.
2024-07-26 15:39:33.871 [info] Profiles: No changes found during synchronizing profiles.
2024-07-26 15:39:33.873 [info] Sync done. Took 228ms
2024-07-26 15:44:33.881 [info] Auto Sync: Triggered by Interval
2024-07-26 15:44:33.882 [info] Sync started.
2024-07-26 15:44:34.030 [info] Settings: No changes found during synchronizing settings.
2024-07-26 15:44:34.033 [info] Keybindings: No changes found during synchronizing keybindings.
2024-07-26 15:44:34.035 [info] Snippets: No changes found during synchronizing snippets.
2024-07-26 15:44:34.037 [info] Tasks: No changes found during synchronizing tasks.
2024-07-26 15:44:34.040 [info] GlobalState: No changes found during synchronizing ui state.
2024-07-26 15:44:34.076 [info] Extensions: No changes found during synchronizing extensions.
2024-07-26 15:44:34.078 [info] Profiles: No changes found during synchronizing profiles.
2024-07-26 15:44:34.079 [info] Sync done. Took 197ms
2024-07-26 15:49:34.087 [info] Auto Sync: Triggered by Interval
2024-07-26 15:49:34.087 [info] Sync started.
2024-07-26 15:49:34.218 [info] Settings: No changes found during synchronizing settings.
2024-07-26 15:49:34.222 [info] Keybindings: No changes found during synchronizing keybindings.
2024-07-26 15:49:34.225 [info] Snippets: No changes found during synchronizing snippets.
2024-07-26 15:49:34.227 [info] Tasks: No changes found during synchronizing tasks.
2024-07-26 15:49:34.230 [info] GlobalState: No changes found during synchronizing ui state.
2024-07-26 15:49:34.273 [info] Extensions: No changes found during synchronizing extensions.
2024-07-26 15:49:34.277 [info] Profiles: No changes found during synchronizing profiles.
2024-07-26 15:49:34.279 [info] Sync done. Took 191ms
2024-07-26 15:54:34.286 [info] Auto Sync: Triggered by Interval
2024-07-26 15:54:34.287 [info] Sync started.
2024-07-26 15:54:34.690 [info] Settings: No changes found during synchronizing settings.
2024-07-26 15:54:34.696 [info] Keybindings: No changes found during synchronizing keybindings.
2024-07-26 15:54:34.698 [info] Snippets: No changes found during synchronizing snippets.
2024-07-26 15:54:34.700 [info] Tasks: No changes found during synchronizing tasks.
2024-07-26 15:54:34.702 [info] GlobalState: No changes found during synchronizing ui state.
2024-07-26 15:54:34.745 [info] Extensions: No changes found during synchronizing extensions.
2024-07-26 15:54:34.746 [info] Profiles: No changes found during synchronizing profiles.
2024-07-26 15:54:34.747 [info] Sync done. Took 461ms
2024-07-26 15:59:34.756 [info] Auto Sync: Triggered by Interval
2024-07-26 15:59:34.757 [info] Sync started.
2024-07-26 15:59:34.915 [info] Settings: No changes found during synchronizing settings.
2024-07-26 15:59:34.919 [info] Keybindings: No changes found during synchronizing keybindings.
2024-07-26 15:59:34.922 [info] Snippets: No changes found during synchronizing snippets.
2024-07-26 15:59:34.925 [info] Tasks: No changes found during synchronizing tasks.
2024-07-26 15:59:34.929 [info] GlobalState: No changes found during synchronizing ui state.
2024-07-26 15:59:34.993 [info] Extensions: No changes found during synchronizing extensions.
2024-07-26 15:59:34.994 [info] Profiles: No changes found during synchronizing profiles.
2024-07-26 15:59:34.996 [info] Sync done. Took 239ms
2024-07-26 16:04:35.005 [info] Auto Sync: Triggered by Interval
2024-07-26 16:04:35.005 [info] Sync started.
2024-07-26 16:04:35.212 [info] Settings: No changes found during synchronizing settings.
2024-07-26 16:04:35.216 [info] Keybindings: No changes found during synchronizing keybindings.
2024-07-26 16:04:35.219 [info] Snippets: No changes found during synchronizing snippets.
2024-07-26 16:04:35.221 [info] Tasks: No changes found during synchronizing tasks.
2024-07-26 16:04:35.224 [info] GlobalState: No changes found during synchronizing ui state.
2024-07-26 16:04:35.270 [info] Extensions: No changes found during synchronizing extensions.
2024-07-26 16:04:35.271 [info] Profiles: No changes found during synchronizing profiles.
2024-07-26 16:04:35.272 [info] Sync done. Took 267ms
2024-07-26 16:09:35.282 [info] Auto Sync: Triggered by Interval
2024-07-26 16:09:35.282 [info] Sync started.
2024-07-26 16:09:35.449 [info] Settings: No changes found during synchronizing settings.
2024-07-26 16:09:35.453 [info] Keybindings: No changes found during synchronizing keybindings.
2024-07-26 16:09:35.455 [info] Snippets: No changes found during synchronizing snippets.
2024-07-26 16:09:35.457 [info] Tasks: No changes found during synchronizing tasks.
2024-07-26 16:09:35.460 [info] GlobalState: No changes found during synchronizing ui state.
2024-07-26 16:09:35.501 [info] Extensions: No changes found during synchronizing extensions.
2024-07-26 16:09:35.502 [info] Profiles: No changes found during synchronizing profiles.
2024-07-26 16:09:35.504 [info] Sync done. Took 222ms
2024-07-26 16:13:13.257 [info] Auto Sync: Triggered by Activity
2024-07-26 16:13:13.257 [info] Sync started.
2024-07-26 16:13:13.469 [info] Settings: No changes found during synchronizing settings.
2024-07-26 16:13:13.473 [info] Keybindings: No changes found during synchronizing keybindings.
2024-07-26 16:13:13.477 [info] Snippets: No changes found during synchronizing snippets.
2024-07-26 16:13:13.480 [info] Tasks: No changes found during synchronizing tasks.
2024-07-26 16:13:13.484 [info] GlobalState: No changes found during synchronizing ui state.
2024-07-26 16:13:13.557 [info] Extensions: No changes found during synchronizing extensions.
2024-07-26 16:13:13.561 [info] Profiles: No changes found during synchronizing profiles.
2024-07-26 16:13:13.563 [info] Sync done. Took 306ms
2024-07-26 16:16:01.373 [info] Auto Sync: Triggered by Activity
2024-07-26 16:16:01.374 [info] Sync started.
2024-07-26 16:16:01.513 [info] Settings: No changes found during synchronizing settings.
2024-07-26 16:16:01.518 [info] Keybindings: No changes found during synchronizing keybindings.
2024-07-26 16:16:01.521 [info] Snippets: No changes found during synchronizing snippets.
2024-07-26 16:16:01.523 [info] Tasks: No changes found during synchronizing tasks.
2024-07-26 16:16:01.526 [info] GlobalState: No changes found during synchronizing ui state.
2024-07-26 16:16:01.564 [info] Extensions: No changes found during synchronizing extensions.
2024-07-26 16:16:01.566 [info] Profiles: No changes found during synchronizing profiles.
2024-07-26 16:16:01.567 [info] Sync done. Took 194ms
2024-07-26 16:16:54.978 [info] Auto Sync: Triggered by Activity
2024-07-26 16:16:54.978 [info] Sync started.
2024-07-26 16:16:55.025 [info] Settings: No changes found during synchronizing settings.
2024-07-26 16:16:55.029 [info] Keybindings: No changes found during synchronizing keybindings.
2024-07-26 16:16:55.032 [info] Snippets: No changes found during synchronizing snippets.
2024-07-26 16:16:55.034 [info] Tasks: No changes found during synchronizing tasks.
2024-07-26 16:16:55.037 [info] GlobalState: No changes found during synchronizing ui state.
2024-07-26 16:16:55.086 [info] Extensions: No changes found during synchronizing extensions.
2024-07-26 16:16:55.088 [info] Profiles: No changes found during synchronizing profiles.
2024-07-26 16:16:55.090 [info] Sync done. Took 113ms
2024-07-26 16:18:27.544 [info] Auto Sync: Triggered by Activity
2024-07-26 16:18:27.545 [info] Sync started.
2024-07-26 16:18:27.576 [info] Settings: No changes found during synchronizing settings.
2024-07-26 16:18:27.579 [info] Keybindings: No changes found during synchronizing keybindings.
2024-07-26 16:18:27.582 [info] Snippets: No changes found during synchronizing snippets.
2024-07-26 16:18:27.584 [info] Tasks: No changes found during synchronizing tasks.
2024-07-26 16:18:27.588 [info] GlobalState: No changes found during synchronizing ui state.
2024-07-26 16:18:27.631 [info] Extensions: No changes found during synchronizing extensions.
2024-07-26 16:18:27.633 [info] Profiles: No changes found during synchronizing profiles.
2024-07-26 16:18:27.634 [info] Sync done. Took 91ms
2024-07-26 16:21:32.516 [info] Auto Sync: Triggered by Activity
2024-07-26 16:21:32.517 [info] Sync started.
2024-07-26 16:21:32.723 [info] Settings: No changes found during synchronizing settings.
2024-07-26 16:21:32.726 [info] Keybindings: No changes found during synchronizing keybindings.
2024-07-26 16:21:32.729 [info] Snippets: No changes found during synchronizing snippets.
2024-07-26 16:21:32.731 [info] Tasks: No changes found during synchronizing tasks.
2024-07-26 16:21:32.734 [info] GlobalState: No changes found during synchronizing ui state.
2024-07-26 16:21:32.808 [info] Extensions: No changes found during synchronizing extensions.
2024-07-26 16:21:32.810 [info] Profiles: No changes found during synchronizing profiles.
2024-07-26 16:21:32.812 [info] Sync done. Took 296ms
2024-07-26 16:22:08.491 [info] Auto Sync: Triggered by Activity
2024-07-26 16:22:08.491 [info] Sync started.
2024-07-26 16:22:08.514 [info] Settings: No changes found during synchronizing settings.
2024-07-26 16:22:08.518 [info] Keybindings: No changes found during synchronizing keybindings.
2024-07-26 16:22:08.521 [info] Snippets: No changes found during synchronizing snippets.
2024-07-26 16:22:08.523 [info] Tasks: No changes found during synchronizing tasks.
2024-07-26 16:22:08.526 [info] GlobalState: No changes found during synchronizing ui state.
2024-07-26 16:22:08.570 [info] Extensions: No changes found during synchronizing extensions.
2024-07-26 16:22:08.571 [info] Profiles: No changes found during synchronizing profiles.
2024-07-26 16:22:08.573 [info] Sync done. Took 82ms
2024-07-26 16:22:38.150 [info] Auto Sync: Triggered by Activity
2024-07-26 16:22:38.150 [info] Sync started.
2024-07-26 16:22:38.184 [info] Settings: No changes found during synchronizing settings.
2024-07-26 16:22:38.188 [info] Keybindings: No changes found during synchronizing keybindings.
2024-07-26 16:22:38.192 [info] Snippets: No changes found during synchronizing snippets.
2024-07-26 16:22:38.195 [info] Tasks: No changes found during synchronizing tasks.
2024-07-26 16:22:38.199 [info] GlobalState: No changes found during synchronizing ui state.
2024-07-26 16:22:38.265 [info] Extensions: No changes found during synchronizing extensions.
2024-07-26 16:22:38.268 [info] Profiles: No changes found during synchronizing profiles.
2024-07-26 16:22:38.270 [info] Sync done. Took 120ms
2024-07-26 16:23:41.356 [info] Auto Sync: Triggered by Activity
2024-07-26 16:23:41.356 [info] Sync started.
2024-07-26 16:23:41.388 [info] Settings: No changes found during synchronizing settings.
2024-07-26 16:23:41.393 [info] Keybindings: No changes found during synchronizing keybindings.
2024-07-26 16:23:41.397 [info] Snippets: No changes found during synchronizing snippets.
2024-07-26 16:23:41.400 [info] Tasks: No changes found during synchronizing tasks.
2024-07-26 16:23:41.404 [info] GlobalState: No changes found during synchronizing ui state.
2024-07-26 16:23:41.476 [info] Extensions: No changes found during synchronizing extensions.
2024-07-26 16:23:41.481 [info] Profiles: No changes found during synchronizing profiles.
2024-07-26 16:23:41.482 [info] Sync done. Took 126ms
2024-07-26 16:25:04.270 [info] Auto Sync: Triggered by Activity
2024-07-26 16:25:04.270 [info] Sync started.
2024-07-26 16:25:04.297 [info] Settings: No changes found during synchronizing settings.
2024-07-26 16:25:04.302 [info] Keybindings: No changes found during synchronizing keybindings.
2024-07-26 16:25:04.304 [info] Snippets: No changes found during synchronizing snippets.
2024-07-26 16:25:04.306 [info] Tasks: No changes found during synchronizing tasks.
2024-07-26 16:25:04.310 [info] GlobalState: No changes found during synchronizing ui state.
2024-07-26 16:25:04.347 [info] Extensions: No changes found during synchronizing extensions.
2024-07-26 16:25:04.350 [info] Profiles: No changes found during synchronizing profiles.
2024-07-26 16:25:04.351 [info] Sync done. Took 82ms
2024-07-26 16:25:21.493 [info] Auto Sync: Triggered by Activity
2024-07-26 16:25:21.494 [info] Sync started.
2024-07-26 16:25:21.522 [info] Settings: No changes found during synchronizing settings.
2024-07-26 16:25:21.526 [info] Keybindings: No changes found during synchronizing keybindings.
2024-07-26 16:25:21.528 [info] Snippets: No changes found during synchronizing snippets.
2024-07-26 16:25:21.531 [info] Tasks: No changes found during synchronizing tasks.
2024-07-26 16:25:21.534 [info] GlobalState: No changes found during synchronizing ui state.
2024-07-26 16:25:21.577 [info] Extensions: No changes found during synchronizing extensions.
2024-07-26 16:25:21.579 [info] Profiles: No changes found during synchronizing profiles.
2024-07-26 16:25:21.581 [info] Sync done. Took 87ms
2024-07-26 16:25:36.874 [info] Auto Sync: Triggered by Activity
2024-07-26 16:25:36.874 [info] Sync started.
2024-07-26 16:25:36.902 [info] Settings: No changes found during synchronizing settings.
2024-07-26 16:25:36.906 [info] Keybindings: No changes found during synchronizing keybindings.
2024-07-26 16:25:36.909 [info] Snippets: No changes found during synchronizing snippets.
2024-07-26 16:25:36.912 [info] Tasks: No changes found during synchronizing tasks.
2024-07-26 16:25:36.916 [info] GlobalState: No changes found during synchronizing ui state.
2024-07-26 16:25:36.978 [info] Extensions: No changes found during synchronizing extensions.
2024-07-26 16:25:36.980 [info] Profiles: No changes found during synchronizing profiles.
2024-07-26 16:25:36.982 [info] Sync done. Took 108ms
2024-07-26 16:25:49.820 [info] Auto Sync: Triggered by Activity
2024-07-26 16:25:49.820 [info] Sync started.
2024-07-26 16:25:49.850 [info] Settings: No changes found during synchronizing settings.
2024-07-26 16:25:49.856 [info] Keybindings: No changes found during synchronizing keybindings.
2024-07-26 16:25:49.858 [info] Snippets: No changes found during synchronizing snippets.
2024-07-26 16:25:49.861 [info] Tasks: No changes found during synchronizing tasks.
2024-07-26 16:25:49.865 [info] GlobalState: No changes found during synchronizing ui state.
2024-07-26 16:25:49.928 [info] Extensions: No changes found during synchronizing extensions.
2024-07-26 16:25:49.932 [info] Profiles: No changes found during synchronizing profiles.
2024-07-26 16:25:49.933 [info] Sync done. Took 114ms
2024-07-26 16:26:26.497 [info] Auto Sync: Triggered by Activity
2024-07-26 16:26:26.497 [info] Sync started.
2024-07-26 16:26:26.723 [info] Settings: No changes found during synchronizing settings.
2024-07-26 16:26:27.108 [info] Keybindings: No changes found during synchronizing keybindings.
2024-07-26 16:26:27.110 [info] Snippets: No changes found during synchronizing snippets.
2024-07-26 16:26:27.116 [info] Tasks: No changes found during synchronizing tasks.
2024-07-26 16:26:27.119 [info] GlobalState: No changes found during synchronizing ui state.
2024-07-26 16:26:27.228 [info] Extensions: No changes found during synchronizing extensions.
2024-07-26 16:26:27.230 [info] Profiles: No changes found during synchronizing profiles.
2024-07-26 16:26:27.232 [info] Sync done. Took 734ms
2024-07-26 16:27:20.774 [info] Auto Sync: Triggered by Activity
2024-07-26 16:27:20.774 [info] Sync started.
2024-07-26 16:27:20.806 [info] Settings: No changes found during synchronizing settings.
2024-07-26 16:27:20.812 [info] Keybindings: No changes found during synchronizing keybindings.
2024-07-26 16:27:20.815 [info] Snippets: No changes found during synchronizing snippets.
2024-07-26 16:27:20.818 [info] Tasks: No changes found during synchronizing tasks.
2024-07-26 16:27:20.823 [info] GlobalState: No changes found during synchronizing ui state.
2024-07-26 16:27:20.897 [info] Extensions: No changes found during synchronizing extensions.
2024-07-26 16:27:20.898 [info] Profiles: No changes found during synchronizing profiles.
2024-07-26 16:27:20.899 [info] Sync done. Took 126ms
2024-07-26 16:32:20.906 [info] Auto Sync: Triggered by Interval
2024-07-26 16:32:20.907 [info] Sync started.
2024-07-26 16:32:21.112 [info] Settings: No changes found during synchronizing settings.
2024-07-26 16:32:21.116 [info] Keybindings: No changes found during synchronizing keybindings.
2024-07-26 16:32:21.118 [info] Snippets: No changes found during synchronizing snippets.
2024-07-26 16:32:21.120 [info] Tasks: No changes found during synchronizing tasks.
2024-07-26 16:32:21.124 [info] GlobalState: No changes found during synchronizing ui state.
2024-07-26 16:32:21.172 [info] Extensions: No changes found during synchronizing extensions.
2024-07-26 16:32:21.175 [info] Profiles: No changes found during synchronizing profiles.
2024-07-26 16:32:21.176 [info] Sync done. Took 270ms
