2024-07-26 16:34:50.542 [info] Added views:workbench.panel.markers.view in workbench.panel.markers
2024-07-26 16:34:50.542 [info] Added views:workbench.panel.output in workbench.panel.output
2024-07-26 16:34:50.542 [info] Added views:terminal in terminal
2024-07-26 16:34:50.542 [info] Added views:outline in workbench.view.explorer
2024-07-26 16:34:50.542 [info] Added views:workbench.scm in workbench.view.scm
2024-07-26 16:34:50.542 [info] Added views:workbench.view.search in workbench.view.search
2024-07-26 16:34:50.542 [info] Added views:timeline in workbench.view.explorer
2024-07-26 16:34:50.542 [info] Added views:workbench.explorer.fileView in workbench.view.explorer
2024-07-26 16:34:50.866 [info] Added views:workbench.debug.welcome in workbench.view.debug
2024-07-26 16:34:52.059 [info] Added views:gitlens.views.home,gitlens.views.workspaces,gitlens.views.account in workbench.view.extension.gitlens
2024-07-26 16:34:52.060 [info] Added views:gitlens.views.commitDetails,gitlens.views.lineHistory,gitlens.views.fileHistory,gitlens.views.searchAndCompare in workbench.view.extension.gitlensInspect
2024-07-26 16:34:52.061 [info] Added views:gitlens.views.repositories,gitlens.views.commits,gitlens.views.branches,gitlens.views.remotes,gitlens.views.stashes,gitlens.views.tags,gitlens.views.contributors in workbench.view.scm
2024-07-26 16:34:52.062 [info] Added views:dockerContainers,dockerImages,dockerRegistries,dockerNetworks,dockerVolumes,vscode-docker.views.dockerContexts,vscode-docker.views.help in workbench.view.extension.dockerView
2024-07-26 16:34:52.062 [info] Added views:remoteHub.views.workspaceRepositories in workbench.view.remote
2024-07-26 16:34:52.634 [info] Added views:workbench.panel.repl.view in workbench.panel.repl
2024-07-26 16:34:54.214 [info] Added views:gitlens.views.drafts in workbench.view.extension.gitlens
2024-07-26 16:34:54.362 [info] Added views:workbench.scm.repositories in workbench.view.scm
2024-07-26 16:34:54.700 [info] Added views:gitlens.views.graph,gitlens.views.graphDetails in workbench.view.extension.gitlensPanel
2024-07-26 16:34:54.702 [info] Added views:gitlens.views.timeline in workbench.view.extension.gitlensInspect
2024-07-26 16:34:54.704 [info] Added views:gitlens.views.worktrees in workbench.view.scm
2024-07-26 16:34:55.100 [info] Added views:~remote.forwardedPorts in ~remote.forwardedPortsContainer
2024-07-26 16:43:48.990 [info] Added views:workbench.view.testing in workbench.view.extension.test
2024-07-26 16:43:49.009 [info] Added views:go.explorer in workbench.view.explorer
2024-07-26 17:59:55.319 [info] Removed views:workbench.scm.repositories from workbench.view.scm
2024-07-26 17:59:55.321 [info] Removed views:workbench.view.testing from workbench.view.extension.test
