2024-07-26 11:21:27.338 [info] Niveau de journal : Info
2024-07-26 11:21:27.338 [info] Validation du git trouvé dans : «git»
2024-07-26 11:21:27.338 [info] Utilisation de git «2.45.2» à partir de «git»
2024-07-26 11:21:27.338 [info] > git rev-parse --show-toplevel [20ms]
2024-07-26 11:21:27.338 [info] > git rev-parse --git-dir --git-common-dir [90ms]
2024-07-26 11:21:27.338 [info] Open repository: /home/shasor/Documents/Zone01/groupie-tracker
2024-07-26 11:21:27.339 [info] > git rev-parse --show-toplevel [10ms]
2024-07-26 11:21:27.346 [info] > git config --get commit.template [19ms]
2024-07-26 11:21:27.370 [info] > git rev-parse --show-toplevel [12ms]
2024-07-26 11:21:27.382 [info] > git for-each-ref --format=%(refname)%00%(upstream:short)%00%(objectname)%00%(upstream:track)%00%(upstream:remotename)%00%(upstream:remoteref) refs/heads/master refs/remotes/master [14ms]
2024-07-26 11:21:27.382 [warning] No such branch: master.
2024-07-26 11:21:27.398 [info] > git status -z -uall [7ms]
2024-07-26 11:21:27.546 [info] > git for-each-ref --format=%(refname)%00%(upstream:short)%00%(objectname)%00%(upstream:track)%00%(upstream:remotename)%00%(upstream:remoteref) refs/heads/master refs/remotes/master [44ms]
2024-07-26 11:21:27.546 [warning] No such branch: master.
2024-07-26 11:21:27.558 [info] > git config --get commit.template [13ms]
2024-07-26 11:21:27.603 [info] > git for-each-ref --format=%(refname)%00%(upstream:short)%00%(objectname)%00%(upstream:track)%00%(upstream:remotename)%00%(upstream:remoteref) refs/heads/master refs/remotes/master [19ms]
2024-07-26 11:21:27.604 [warning] No such branch: master.
2024-07-26 11:21:27.620 [info] > git status -z -uall [9ms]
2024-07-26 11:21:27.634 [info] > git for-each-ref --format=%(refname)%00%(upstream:short)%00%(objectname)%00%(upstream:track)%00%(upstream:remotename)%00%(upstream:remoteref) refs/heads/master refs/remotes/master [7ms]
2024-07-26 11:21:27.634 [warning] No such branch: master.
2024-07-26 11:21:27.846 [info] > git check-ignore -v -z --stdin [2ms]
2024-07-26 11:21:30.794 [info] > git show --textconv :main.go [11ms]
2024-07-26 11:21:30.796 [info] > git ls-files --stage -- /home/shasor/Documents/Zone01/groupie-tracker/main.go [3ms]
2024-07-26 12:16:49.811 [info] Niveau de journal : Info
2024-07-26 12:16:49.811 [info] Validation du git trouvé dans : «git»
2024-07-26 12:16:49.811 [info] Utilisation de git «2.45.2» à partir de «git»
2024-07-26 12:16:49.811 [info] > git rev-parse --show-toplevel [43ms]
2024-07-26 12:16:49.861 [info] > git rev-parse --git-dir --git-common-dir [46ms]
2024-07-26 12:16:49.867 [info] Open repository: /home/shasor/Documents/Zone01/groupie-tracker-filters
2024-07-26 12:16:49.928 [info] > git rev-parse --show-toplevel [23ms]
2024-07-26 12:16:49.929 [info] > git config --get commit.template [28ms]
2024-07-26 12:16:49.942 [info] > git rev-parse --show-toplevel [8ms]
2024-07-26 12:16:49.963 [info] > git for-each-ref --format=%(refname)%00%(upstream:short)%00%(objectname)%00%(upstream:track)%00%(upstream:remotename)%00%(upstream:remoteref) refs/heads/master refs/remotes/master [24ms]
2024-07-26 12:16:50.013 [warning] ENOENT: no such file or directory, open '/home/shasor/Documents/Zone01/groupie-tracker-filters/.git/refs/remotes/origin/master'
2024-07-26 12:16:50.015 [info] > git rev-parse --show-toplevel [52ms]
2024-07-26 12:16:50.019 [info] > git rev-parse refs/remotes/origin/master [6ms]
2024-07-26 12:16:50.033 [info] > git status -z -uall [10ms]
2024-07-26 12:16:50.051 [info] > git for-each-ref --format=%(refname)%00%(upstream:short)%00%(objectname)%00%(upstream:track)%00%(upstream:remotename)%00%(upstream:remoteref) refs/heads/master refs/remotes/master [11ms]
2024-07-26 12:16:50.059 [info] > git config --local branch.master.vscode-merge-base [3ms]
2024-07-26 12:16:50.059 [warning] git config failed: Failed to execute git
2024-07-26 12:16:50.063 [info] > git config --get commit.template [14ms]
2024-07-26 12:16:50.079 [info] > git reflog master --grep-reflog=branch: Created from *. [16ms]
2024-07-26 12:16:50.088 [info] > git symbolic-ref --short refs/remotes/origin/HEAD [5ms]
2024-07-26 12:16:50.093 [info] > git for-each-ref --format=%(refname)%00%(upstream:short)%00%(objectname)%00%(upstream:track)%00%(upstream:remotename)%00%(upstream:remoteref) refs/heads/master refs/remotes/master [5ms]
2024-07-26 12:16:50.097 [warning] ENOENT: no such file or directory, open '/home/shasor/Documents/Zone01/groupie-tracker-filters/.git/refs/remotes/origin/master'
2024-07-26 12:16:50.097 [info] > git for-each-ref --format=%(refname)%00%(upstream:short)%00%(objectname)%00%(upstream:track)%00%(upstream:remotename)%00%(upstream:remoteref) refs/heads/origin/master refs/remotes/origin/master [5ms]
2024-07-26 12:16:50.107 [info] > git rev-parse refs/remotes/origin/master [10ms]
2024-07-26 12:16:50.111 [info] > git config --local branch.master.vscode-merge-base origin/master [9ms]
2024-07-26 12:16:50.117 [info] > git status -z -uall [6ms] (cancelled)
2024-07-26 12:16:50.117 [info] > git config --get commit.template [1ms]
2024-07-26 12:16:50.123 [info] > git for-each-ref --format=%(refname)%00%(upstream:short)%00%(objectname)%00%(upstream:track)%00%(upstream:remotename)%00%(upstream:remoteref) refs/heads/master refs/remotes/master [2ms]
2024-07-26 12:16:50.128 [warning] ENOENT: no such file or directory, open '/home/shasor/Documents/Zone01/groupie-tracker-filters/.git/refs/remotes/origin/master'
2024-07-26 12:16:50.130 [info] > git rev-parse refs/remotes/origin/master [1ms]
2024-07-26 12:16:50.137 [info] > git status -z -uall [2ms]
2024-07-26 12:16:50.152 [info] > git for-each-ref --format=%(refname)%00%(upstream:short)%00%(objectname)%00%(upstream:track)%00%(upstream:remotename)%00%(upstream:remoteref) refs/heads/master refs/remotes/master [8ms]
2024-07-26 12:16:50.159 [info] > git config --local branch.master.vscode-merge-base [2ms]
2024-07-26 12:16:50.164 [info] > git merge-base refs/heads/master refs/remotes/origin/master [13ms]
2024-07-26 12:16:50.172 [info] > git for-each-ref --format=%(refname)%00%(upstream:short)%00%(objectname)%00%(upstream:track)%00%(upstream:remotename)%00%(upstream:remoteref) refs/heads/origin/master refs/remotes/origin/master [7ms]
2024-07-26 12:16:50.173 [info] > git rev-list --count --left-right refs/heads/master...refs/remotes/origin/master [3ms]
2024-07-26 12:16:50.181 [info] > git diff --name-status -z --diff-filter=ADMR b02d35232c6bb45434513444f09a8d93416f7d5e...refs/remotes/origin/master [2ms]
2024-07-26 12:16:50.416 [info] > git check-ignore -v -z --stdin [1ms]
2024-07-26 12:16:51.193 [info] > git config --get commit.template [5ms]
2024-07-26 12:16:51.194 [info] > git for-each-ref --format=%(refname)%00%(upstream:short)%00%(objectname)%00%(upstream:track)%00%(upstream:remotename)%00%(upstream:remoteref) refs/heads/master refs/remotes/master [2ms]
2024-07-26 12:16:51.197 [warning] ENOENT: no such file or directory, open '/home/shasor/Documents/Zone01/groupie-tracker-filters/.git/refs/remotes/origin/master'
2024-07-26 12:16:51.198 [info] > git rev-parse refs/remotes/origin/master [1ms]
2024-07-26 12:16:51.205 [info] > git status -z -uall [3ms]
2024-07-26 12:16:51.212 [info] > git for-each-ref --format=%(refname)%00%(upstream:short)%00%(objectname)%00%(upstream:track)%00%(upstream:remotename)%00%(upstream:remoteref) refs/heads/master refs/remotes/master [2ms]
2024-07-26 12:16:51.218 [info] > git config --local branch.master.vscode-merge-base [1ms]
2024-07-26 12:16:51.225 [info] > git for-each-ref --format=%(refname)%00%(upstream:short)%00%(objectname)%00%(upstream:track)%00%(upstream:remotename)%00%(upstream:remoteref) refs/heads/origin/master refs/remotes/origin/master [2ms]
2024-07-26 12:16:52.530 [info] > git show --textconv :main.go [6ms]
2024-07-26 12:16:52.536 [info] > git ls-files --stage -- /home/shasor/Documents/Zone01/groupie-tracker-filters/main.go [7ms]
2024-07-26 12:16:52.545 [info] > git cat-file -s de458a9eab56d2abc2c77f03fe304861c762595e [4ms]
2024-07-26 12:20:43.790 [info] > git check-ignore -v -z --stdin [1ms]
2024-07-26 12:20:46.120 [info] > git check-ignore -v -z --stdin [2ms]
2024-07-26 12:20:46.858 [info] > git show --textconv :templates/index.html [7ms]
2024-07-26 12:20:46.860 [info] > git ls-files --stage -- /home/shasor/Documents/Zone01/groupie-tracker-filters/templates/index.html [2ms]
2024-07-26 12:20:46.867 [info] > git cat-file -s b7a1e09337f2413ba200f2540119bdb66a0be36b [2ms]
2024-07-26 12:20:50.254 [info] > git show --textconv :main.go [5ms]
2024-07-26 12:20:50.256 [info] > git ls-files --stage -- /home/shasor/Documents/Zone01/groupie-tracker-filters/main.go [1ms]
2024-07-26 12:20:50.261 [info] > git cat-file -s de458a9eab56d2abc2c77f03fe304861c762595e [2ms]
2024-07-26 12:20:53.176 [info] > git show --textconv :templates/index.html [5ms]
2024-07-26 12:20:53.177 [info] > git ls-files --stage -- /home/shasor/Documents/Zone01/groupie-tracker-filters/templates/index.html [1ms]
2024-07-26 12:20:53.183 [info] > git cat-file -s b7a1e09337f2413ba200f2540119bdb66a0be36b [2ms]
2024-07-26 12:20:58.388 [info] > git check-ignore -v -z --stdin [2ms]
2024-07-26 12:20:59.292 [info] > git show --textconv :JSON/coordinates.json [7ms]
2024-07-26 12:20:59.294 [info] > git ls-files --stage -- /home/shasor/Documents/Zone01/groupie-tracker-filters/JSON/coordinates.json [3ms]
2024-07-26 12:20:59.300 [info] > git cat-file -s 3336c0e88566fab4067fe57fbff2667b1f835883 [2ms]
2024-07-26 12:21:00.654 [info] > git show --textconv :templates/index.html [6ms]
2024-07-26 12:21:00.656 [info] > git ls-files --stage -- /home/shasor/Documents/Zone01/groupie-tracker-filters/templates/index.html [2ms]
2024-07-26 12:21:00.661 [info] > git cat-file -s b7a1e09337f2413ba200f2540119bdb66a0be36b [1ms]
2024-07-26 12:21:03.303 [info] > git check-ignore -v -z --stdin [1ms]
2024-07-26 12:21:04.841 [info] > git show --textconv :static/js/filter.js [7ms]
2024-07-26 12:21:04.842 [info] > git ls-files --stage -- /home/shasor/Documents/Zone01/groupie-tracker-filters/static/js/filter.js [2ms]
2024-07-26 12:21:04.848 [info] > git cat-file -s 23f4101685062b3beca95d62b730fbdb106986a5 [2ms]
2024-07-26 12:21:08.846 [info] > git show --textconv :static/js/search.js [5ms]
2024-07-26 12:21:08.847 [info] > git ls-files --stage -- /home/shasor/Documents/Zone01/groupie-tracker-filters/static/js/search.js [2ms]
2024-07-26 12:21:08.853 [info] > git cat-file -s 48d5e09239d6c14a48d066367e73a232d7fd1ccf [2ms]
2024-07-26 12:21:12.339 [info] > git show --textconv :static/js/filter.js [6ms]
2024-07-26 12:21:12.340 [info] > git ls-files --stage -- /home/shasor/Documents/Zone01/groupie-tracker-filters/static/js/filter.js [2ms]
2024-07-26 12:21:12.346 [info] > git cat-file -s 23f4101685062b3beca95d62b730fbdb106986a5 [2ms]
2024-07-26 12:22:25.055 [info] > git show --textconv :main.go [6ms]
2024-07-26 12:22:25.056 [info] > git ls-files --stage -- /home/shasor/Documents/Zone01/groupie-tracker-filters/main.go [2ms]
2024-07-26 12:22:25.064 [info] > git cat-file -s de458a9eab56d2abc2c77f03fe304861c762595e [2ms]
2024-07-26 12:22:33.305 [info] > git show --textconv :static/js/filter.js [6ms]
2024-07-26 12:22:33.306 [info] > git ls-files --stage -- /home/shasor/Documents/Zone01/groupie-tracker-filters/static/js/filter.js [1ms]
2024-07-26 12:22:33.312 [info] > git cat-file -s 23f4101685062b3beca95d62b730fbdb106986a5 [1ms]
2024-07-26 12:22:35.290 [info] > git show --textconv :main.go [7ms]
2024-07-26 12:22:35.291 [info] > git ls-files --stage -- /home/shasor/Documents/Zone01/groupie-tracker-filters/main.go [2ms]
2024-07-26 12:22:35.297 [info] > git cat-file -s de458a9eab56d2abc2c77f03fe304861c762595e [2ms]
2024-07-26 12:31:44.258 [info] > git config --get commit.template [1ms]
2024-07-26 12:31:44.269 [info] > git for-each-ref --format=%(refname)%00%(upstream:short)%00%(objectname)%00%(upstream:track)%00%(upstream:remotename)%00%(upstream:remoteref) refs/heads/master refs/remotes/master [4ms]
2024-07-26 12:31:44.277 [warning] ENOENT: no such file or directory, open '/home/shasor/Documents/Zone01/groupie-tracker-filters/.git/refs/remotes/origin/master'
2024-07-26 12:31:44.278 [info] > git rev-parse refs/remotes/origin/master [2ms]
2024-07-26 12:31:44.288 [info] > git status -z -uall [1ms]
2024-07-26 12:31:44.304 [info] > git for-each-ref --format=%(refname)%00%(upstream:short)%00%(objectname)%00%(upstream:track)%00%(upstream:remotename)%00%(upstream:remoteref) refs/heads/master refs/remotes/master [3ms]
2024-07-26 12:31:44.313 [info] > git config --local branch.master.vscode-merge-base [1ms]
2024-07-26 12:31:44.322 [info] > git for-each-ref --format=%(refname)%00%(upstream:short)%00%(objectname)%00%(upstream:track)%00%(upstream:remotename)%00%(upstream:remoteref) refs/heads/origin/master refs/remotes/origin/master [2ms]
2024-07-26 12:31:44.524 [info] > git ls-files --stage -- /home/shasor/Documents/Zone01/groupie-tracker-filters/main.go [1ms]
2024-07-26 12:31:44.532 [info] > git cat-file -s de458a9eab56d2abc2c77f03fe304861c762595e [2ms]
2024-07-26 12:31:44.639 [info] > git show --textconv :main.go [2ms]
2024-07-26 12:37:27.800 [info] > git show --textconv :templates/error404.html [6ms]
2024-07-26 12:37:27.801 [info] > git ls-files --stage -- /home/shasor/Documents/Zone01/groupie-tracker-filters/templates/error404.html [1ms]
2024-07-26 12:37:27.807 [info] > git cat-file -s 90e9d414889b18da2519b442444d95e970d6ef89 [2ms]
2024-07-26 12:37:35.529 [info] > git show --textconv :main.go [11ms]
2024-07-26 12:37:35.533 [info] > git ls-files --stage -- /home/shasor/Documents/Zone01/groupie-tracker-filters/main.go [5ms]
2024-07-26 12:37:35.539 [info] > git cat-file -s de458a9eab56d2abc2c77f03fe304861c762595e [2ms]
2024-07-26 12:38:21.757 [info] > git config --get commit.template [7ms]
2024-07-26 12:38:21.757 [info] > git for-each-ref --format=%(refname)%00%(upstream:short)%00%(objectname)%00%(upstream:track)%00%(upstream:remotename)%00%(upstream:remoteref) refs/heads/master refs/remotes/master [2ms]
2024-07-26 12:38:21.763 [warning] ENOENT: no such file or directory, open '/home/shasor/Documents/Zone01/groupie-tracker-filters/.git/refs/remotes/origin/master'
2024-07-26 12:38:21.764 [info] > git rev-parse refs/remotes/origin/master [1ms]
2024-07-26 12:38:21.772 [info] > git status -z -uall [3ms]
2024-07-26 12:38:21.784 [info] > git for-each-ref --format=%(refname)%00%(upstream:short)%00%(objectname)%00%(upstream:track)%00%(upstream:remotename)%00%(upstream:remoteref) refs/heads/master refs/remotes/master [4ms]
2024-07-26 12:38:21.794 [info] > git config --local branch.master.vscode-merge-base [4ms]
2024-07-26 12:38:21.801 [info] > git for-each-ref --format=%(refname)%00%(upstream:short)%00%(objectname)%00%(upstream:track)%00%(upstream:remotename)%00%(upstream:remoteref) refs/heads/origin/master refs/remotes/origin/master [1ms]
2024-07-26 12:39:30.412 [info] > git config --get commit.template [5ms]
2024-07-26 12:39:30.413 [info] > git for-each-ref --format=%(refname)%00%(upstream:short)%00%(objectname)%00%(upstream:track)%00%(upstream:remotename)%00%(upstream:remoteref) refs/heads/master refs/remotes/master [1ms]
2024-07-26 12:39:30.417 [warning] ENOENT: no such file or directory, open '/home/shasor/Documents/Zone01/groupie-tracker-filters/.git/refs/remotes/origin/master'
2024-07-26 12:39:30.418 [info] > git rev-parse refs/remotes/origin/master [1ms]
2024-07-26 12:39:30.423 [info] > git status -z -uall [1ms]
2024-07-26 12:39:30.432 [info] > git for-each-ref --format=%(refname)%00%(upstream:short)%00%(objectname)%00%(upstream:track)%00%(upstream:remotename)%00%(upstream:remoteref) refs/heads/master refs/remotes/master [2ms]
2024-07-26 12:39:30.440 [info] > git config --local branch.master.vscode-merge-base [1ms]
2024-07-26 12:39:30.445 [info] > git for-each-ref --format=%(refname)%00%(upstream:short)%00%(objectname)%00%(upstream:track)%00%(upstream:remotename)%00%(upstream:remoteref) refs/heads/origin/master refs/remotes/origin/master [1ms]
2024-07-26 12:39:30.509 [info] > git ls-files --stage -- /home/shasor/Documents/Zone01/groupie-tracker-filters/main.go [2ms]
2024-07-26 12:39:30.514 [info] > git cat-file -s 7b24042189a03086f251515c77dfc3a7ff325404 [1ms]
2024-07-26 12:39:30.521 [info] > git show --textconv :main.go [2ms]
2024-07-26 12:39:58.338 [info] > git config --get commit.template [5ms]
2024-07-26 12:39:58.339 [info] > git for-each-ref --format=%(refname)%00%(upstream:short)%00%(objectname)%00%(upstream:track)%00%(upstream:remotename)%00%(upstream:remoteref) refs/heads/master refs/remotes/master [2ms]
2024-07-26 12:39:58.343 [warning] ENOENT: no such file or directory, open '/home/shasor/Documents/Zone01/groupie-tracker-filters/.git/refs/remotes/origin/master'
2024-07-26 12:39:58.344 [info] > git rev-parse refs/remotes/origin/master [1ms]
2024-07-26 12:39:58.350 [info] > git status -z -uall [2ms]
2024-07-26 12:39:58.358 [info] > git for-each-ref --format=%(refname)%00%(upstream:short)%00%(objectname)%00%(upstream:track)%00%(upstream:remotename)%00%(upstream:remoteref) refs/heads/master refs/remotes/master [3ms]
2024-07-26 12:39:58.367 [info] > git config --local branch.master.vscode-merge-base [2ms]
2024-07-26 12:39:58.375 [info] > git for-each-ref --format=%(refname)%00%(upstream:short)%00%(objectname)%00%(upstream:track)%00%(upstream:remotename)%00%(upstream:remoteref) refs/heads/origin/master refs/remotes/origin/master [2ms]
2024-07-26 12:39:58.383 [info] > git merge-base refs/heads/master refs/remotes/origin/master [1ms]
2024-07-26 12:39:58.391 [info] > git rev-list --count --left-right refs/heads/master...refs/remotes/origin/master [1ms]
2024-07-26 12:39:58.398 [info] > git diff --name-status -z --diff-filter=ADMR b02d35232c6bb45434513444f09a8d93416f7d5e...refs/remotes/origin/master [1ms]
2024-07-26 12:39:58.435 [info] > git ls-files --stage -- /home/shasor/Documents/Zone01/groupie-tracker-filters/main.go [1ms]
2024-07-26 12:39:58.440 [info] > git cat-file -s 7b24042189a03086f251515c77dfc3a7ff325404 [1ms]
2024-07-26 12:39:58.449 [info] > git show --textconv :main.go [2ms]
2024-07-26 12:40:00.418 [info] > git ls-files --stage -- /home/shasor/Documents/Zone01/groupie-tracker-filters/main.go [2ms]
2024-07-26 12:40:00.424 [info] > git cat-file -s 7b24042189a03086f251515c77dfc3a7ff325404 [2ms]
2024-07-26 12:40:00.431 [info] > git show --textconv :main.go [1ms]
2024-07-26 12:40:03.368 [info] > git config --get commit.template [5ms]
2024-07-26 12:40:03.369 [info] > git for-each-ref --format=%(refname)%00%(upstream:short)%00%(objectname)%00%(upstream:track)%00%(upstream:remotename)%00%(upstream:remoteref) refs/heads/master refs/remotes/master [1ms]
2024-07-26 12:40:03.375 [info] > git status -z -uall [1ms]
2024-07-26 12:40:03.383 [info] > git for-each-ref --format=%(refname)%00%(upstream:short)%00%(objectname)%00%(upstream:track)%00%(upstream:remotename)%00%(upstream:remoteref) refs/heads/master refs/remotes/master [2ms]
2024-07-26 12:40:03.390 [info] > git config --local branch.master.vscode-merge-base [1ms]
2024-07-26 12:40:03.396 [info] > git for-each-ref --format=%(refname)%00%(upstream:short)%00%(objectname)%00%(upstream:track)%00%(upstream:remotename)%00%(upstream:remoteref) refs/heads/origin/master refs/remotes/origin/master [2ms]
2024-07-26 12:40:03.402 [info] > git merge-base refs/heads/master refs/remotes/origin/master [1ms]
2024-07-26 12:40:03.408 [info] > git rev-list --count --left-right refs/heads/master...refs/remotes/origin/master [1ms]
2024-07-26 12:40:03.414 [info] > git diff --name-status -z --diff-filter=ADMR 06d1260dbac392709e5245cdb31b13ec0d8c91fd...refs/remotes/origin/master [1ms]
2024-07-26 12:43:03.684 [warning] ENOENT: no such file or directory, open '/home/shasor/Documents/Zone01/groupie-tracker-filters/.git/HEAD'
2024-07-26 12:43:03.692 [warning] getRemotes() - ENOENT: no such file or directory, open '/home/shasor/Documents/Zone01/groupie-tracker-filters/.git/config'
2024-07-26 12:43:03.706 [warning] ENOENT: no such file or directory, open '/home/shasor/Documents/Zone01/groupie-tracker-filters/.git/HEAD'
2024-07-26 12:43:03.715 [warning] getRemotes() - ENOENT: no such file or directory, open '/home/shasor/Documents/Zone01/groupie-tracker-filters/.git/config'
2024-07-26 12:47:01.664 [info] Niveau de journal : Info
2024-07-26 12:47:01.664 [info] Validation du git trouvé dans : «git»
2024-07-26 12:47:01.664 [info] Utilisation de git «2.45.2» à partir de «git»
2024-07-26 12:47:01.664 [info] > git rev-parse --show-toplevel [4ms]
2024-07-26 12:47:01.664 [info] fatal: not a git repository (or any of the parent directories): .git
2024-07-26 12:47:01.665 [info] > git rev-parse --show-toplevel [19ms]
2024-07-26 12:47:01.665 [info] fatal: not a git repository (or any of the parent directories): .git
2024-07-26 12:47:01.683 [info] > git rev-parse --show-toplevel [7ms]
2024-07-26 12:47:01.693 [info] > git rev-parse --git-dir --git-common-dir [2ms]
2024-07-26 12:47:01.699 [info] Open repository: /home/shasor/Documents/Zone01/ascii-art-web
2024-07-26 12:47:01.809 [info] > git rev-parse --show-toplevel [96ms]
2024-07-26 12:47:01.810 [info] > git config --get commit.template [101ms]
2024-07-26 12:47:01.982 [info] > git rev-parse --git-dir --git-common-dir [49ms]
2024-07-26 12:47:01.986 [info] Open repository: /home/shasor/Documents/Zone01/ascii-art-web-dockerize
2024-07-26 12:47:02.024 [info] > git for-each-ref --format=%(refname)%00%(upstream:short)%00%(objectname)%00%(upstream:track)%00%(upstream:remotename)%00%(upstream:remoteref) refs/heads/main refs/remotes/main [44ms]
2024-07-26 12:47:02.036 [info] > git rev-parse --show-toplevel [15ms]
2024-07-26 12:47:02.036 [info] > git config --get commit.template [20ms]
2024-07-26 12:47:02.054 [info] > git rev-parse --git-dir --git-common-dir [11ms]
2024-07-26 12:47:02.059 [info] Open repository: /home/shasor/Documents/Zone01/checkpoint-trainer
2024-07-26 12:47:02.070 [info] > git status -z -uall [16ms]
2024-07-26 12:47:02.079 [info] > git for-each-ref --format=%(refname)%00%(upstream:short)%00%(objectname)%00%(upstream:track)%00%(upstream:remotename)%00%(upstream:remoteref) refs/heads/master refs/remotes/master [31ms]
2024-07-26 12:47:02.088 [warning] ENOENT: no such file or directory, open '/home/shasor/Documents/Zone01/ascii-art-web-dockerize/.git/refs/remotes/origin/master'
2024-07-26 12:47:02.089 [info] > git for-each-ref --format=%(refname)%00%(upstream:short)%00%(objectname)%00%(upstream:track)%00%(upstream:remotename)%00%(upstream:remoteref) refs/heads/main refs/remotes/main [14ms]
2024-07-26 12:47:02.096 [info] > git rev-parse --show-toplevel [25ms]
2024-07-26 12:47:02.096 [info] fatal: not a git repository (or any of the parent directories): .git
2024-07-26 12:47:02.096 [info] > git config --get commit.template [31ms]
2024-07-26 12:47:02.103 [info] > git config --local branch.main.vscode-merge-base [8ms]
2024-07-26 12:47:02.108 [info] > git rev-parse refs/remotes/origin/master [20ms]
2024-07-26 12:47:02.113 [info] > git config --get commit.template [29ms]
2024-07-26 12:47:02.119 [info] > git for-each-ref --format=%(refname)%00%(upstream:short)%00%(objectname)%00%(upstream:track)%00%(upstream:remotename)%00%(upstream:remoteref) refs/heads/origin/main refs/remotes/origin/main [11ms]
2024-07-26 12:47:02.125 [info] > git rev-parse --show-toplevel [23ms]
2024-07-26 12:47:02.141 [info] > git status -z -uall [28ms]
2024-07-26 12:47:02.141 [info] > git for-each-ref --format=%(refname)%00%(upstream:short)%00%(objectname)%00%(upstream:track)%00%(upstream:remotename)%00%(upstream:remoteref) refs/heads/main refs/remotes/main [23ms]
2024-07-26 12:47:02.146 [warning] ENOENT: no such file or directory, open '/home/shasor/Documents/Zone01/checkpoint-trainer/.git/refs/remotes/origin/main'
2024-07-26 12:47:02.147 [info] > git for-each-ref --format=%(refname)%00%(upstream:short)%00%(objectname)%00%(upstream:track)%00%(upstream:remotename)%00%(upstream:remoteref) refs/heads/main refs/remotes/main [17ms]
2024-07-26 12:47:02.148 [info] > git merge-base refs/heads/main refs/remotes/origin/main [22ms]
2024-07-26 12:47:02.172 [info] > git for-each-ref --format=%(refname)%00%(upstream:short)%00%(objectname)%00%(upstream:track)%00%(upstream:remotename)%00%(upstream:remoteref) refs/heads/master refs/remotes/master [15ms]
2024-07-26 12:47:02.177 [info] > git rev-list --count --left-right refs/heads/main...refs/remotes/origin/main [25ms]
2024-07-26 12:47:02.183 [info] > git rev-parse refs/remotes/origin/main [38ms]
2024-07-26 12:47:02.188 [info] > git rev-parse --git-dir --git-common-dir [48ms]
2024-07-26 12:47:02.193 [info] Open repository: /home/shasor/Documents/Zone01/git
2024-07-26 12:47:02.205 [info] > git status -z -uall [18ms]
2024-07-26 12:47:02.206 [info] > git diff --name-status -z --diff-filter=ADMR c07d5efe77a79f75ae1a6f321b149e6946f3f9ce...refs/remotes/origin/main [23ms]
2024-07-26 12:47:02.207 [info] > git config --local branch.master.vscode-merge-base [30ms]
2024-07-26 12:47:02.212 [info] > git config --get commit.template [41ms]
2024-07-26 12:47:02.215 [info] > git for-each-ref --format=%(refname)%00%(upstream:short)%00%(objectname)%00%(upstream:track)%00%(upstream:remotename)%00%(upstream:remoteref) refs/heads/origin/master refs/remotes/origin/master [3ms]
2024-07-26 12:47:02.221 [info] > git rev-parse --show-toplevel [15ms]
2024-07-26 12:47:02.221 [info] > git config --get commit.template [22ms]
2024-07-26 12:47:02.254 [info] > git status -z -uall [14ms]
2024-07-26 12:47:02.254 [info] > git for-each-ref --format=%(refname)%00%(upstream:short)%00%(objectname)%00%(upstream:track)%00%(upstream:remotename)%00%(upstream:remoteref) refs/heads/main refs/remotes/main [29ms]
2024-07-26 12:47:02.259 [info] > git merge-base refs/heads/master refs/remotes/origin/master [39ms]
2024-07-26 12:47:02.302 [info] > git rev-list --count --left-right refs/heads/master...refs/remotes/origin/master [38ms]
2024-07-26 12:47:02.307 [info] > git config --local branch.main.vscode-merge-base [47ms]
2024-07-26 12:47:02.307 [warning] git config failed: Failed to execute git
2024-07-26 12:47:02.312 [info] > git config --get commit.template [59ms]
2024-07-26 12:47:02.312 [info] > git rev-parse --git-dir --git-common-dir [63ms]
2024-07-26 12:47:02.317 [info] Open repository: /home/shasor/Documents/Zone01/git-save
2024-07-26 12:47:02.317 [info] > git for-each-ref --format=%(refname)%00%(upstream:short)%00%(objectname)%00%(upstream:track)%00%(upstream:remotename)%00%(upstream:remoteref) refs/heads/master refs/remotes/master [72ms]
2024-07-26 12:47:02.341 [warning] ENOENT: no such file or directory, open '/home/shasor/Documents/Zone01/ascii-art-web-dockerize/.git/refs/remotes/origin/master'
2024-07-26 12:47:02.343 [info] > git for-each-ref --format=%(refname)%00%(upstream:short)%00%(objectname)%00%(upstream:track)%00%(upstream:remotename)%00%(upstream:remoteref) refs/heads/main refs/remotes/main [21ms]
2024-07-26 12:47:02.348 [info] > git reflog main --grep-reflog=branch: Created from *. [36ms]
2024-07-26 12:47:02.353 [info] > git diff --name-status -z --diff-filter=ADMR 8300ec4a1a471b8c99415a2b6bdff0f5b37de6ec...refs/remotes/origin/master [47ms]
2024-07-26 12:47:02.354 [info] > git for-each-ref --format=%(refname)%00%(upstream:short)%00%(objectname)%00%(upstream:track)%00%(upstream:remotename)%00%(upstream:remoteref) refs/heads/master refs/remotes/master [57ms]
2024-07-26 12:47:02.365 [info] > git symbolic-ref --short refs/remotes/origin/HEAD [12ms]
2024-07-26 12:47:02.370 [info] > git config --local branch.main.vscode-merge-base [21ms]
2024-07-26 12:47:02.375 [info] > git rev-parse refs/remotes/origin/master [34ms]
2024-07-26 12:47:02.380 [info] > git rev-parse --show-toplevel [44ms]
2024-07-26 12:47:02.380 [info] > git config --get commit.template [49ms]
2024-07-26 12:47:02.402 [info] > git status -z -uall [23ms]
2024-07-26 12:47:02.410 [info] > git for-each-ref --format=%(refname)%00%(upstream:short)%00%(objectname)%00%(upstream:track)%00%(upstream:remotename)%00%(upstream:remoteref) refs/heads/origin/main refs/remotes/origin/main [35ms]
2024-07-26 12:47:02.410 [info] > git for-each-ref --format=%(refname)%00%(upstream:short)%00%(objectname)%00%(upstream:track)%00%(upstream:remotename)%00%(upstream:remoteref) refs/heads/origin/main refs/remotes/origin/main [41ms]
2024-07-26 12:47:02.416 [info] > git for-each-ref --format=%(refname)%00%(upstream:short)%00%(objectname)%00%(upstream:track)%00%(upstream:remotename)%00%(upstream:remoteref) refs/heads/main refs/remotes/main [53ms]
2024-07-26 12:47:02.428 [warning] ENOENT: no such file or directory, open '/home/shasor/Documents/Zone01/checkpoint-trainer/.git/refs/remotes/origin/main'
2024-07-26 12:47:02.428 [info] > git config --local branch.main.vscode-merge-base origin/main [13ms]
2024-07-26 12:47:02.429 [info] > git for-each-ref --format=%(refname)%00%(upstream:short)%00%(objectname)%00%(upstream:track)%00%(upstream:remotename)%00%(upstream:remoteref) refs/heads/master refs/remotes/master [21ms]
2024-07-26 12:47:02.434 [info] > git rev-parse --git-dir --git-common-dir [34ms]
2024-07-26 12:47:02.440 [info] Open repository: /home/shasor/Documents/Zone01/groupie-tracker
2024-07-26 12:47:02.463 [info] > git status -z -uall [16ms]
2024-07-26 12:47:02.463 [info] > git config --local branch.master.vscode-merge-base [29ms]
2024-07-26 12:47:02.467 [info] > git rev-parse refs/remotes/origin/main [40ms]
2024-07-26 12:47:02.468 [info] > git for-each-ref --format=%(refname)%00%(upstream:short)%00%(objectname)%00%(upstream:track)%00%(upstream:remotename)%00%(upstream:remoteref) refs/heads/master refs/remotes/master [45ms]
2024-07-26 12:47:02.468 [warning] No such branch: master.
2024-07-26 12:47:02.483 [info] > git status -z -uall [11ms]
2024-07-26 12:47:02.483 [info] > git for-each-ref --format=%(refname)%00%(upstream:short)%00%(objectname)%00%(upstream:track)%00%(upstream:remotename)%00%(upstream:remoteref) refs/heads/origin/master refs/remotes/origin/master [16ms]
2024-07-26 12:47:02.484 [info] > git rev-parse --show-toplevel [22ms]
2024-07-26 12:47:02.484 [info] > git config --get commit.template [26ms]
2024-07-26 12:47:02.484 [info] > git config --get commit.template [31ms]
2024-07-26 12:47:02.580 [info] > git for-each-ref --format=%(refname)%00%(upstream:short)%00%(objectname)%00%(upstream:track)%00%(upstream:remotename)%00%(upstream:remoteref) refs/heads/master refs/remotes/master [91ms]
2024-07-26 12:47:02.621 [info] > git for-each-ref --format=%(refname)%00%(upstream:short)%00%(objectname)%00%(upstream:track)%00%(upstream:remotename)%00%(upstream:remoteref) refs/heads/master refs/remotes/master [30ms]
2024-07-26 12:47:02.621 [warning] No such branch: master.
2024-07-26 12:47:02.622 [info] > git config --local branch.master.vscode-merge-base [38ms]
2024-07-26 12:47:02.622 [warning] git config failed: Failed to execute git
2024-07-26 12:47:02.626 [info] > git config --get commit.template [52ms]
2024-07-26 12:47:02.626 [info] > git rev-parse --git-dir --git-common-dir [57ms]
2024-07-26 12:47:02.631 [info] Open repository: /home/shasor/Documents/Zone01/groupie-tracker-perso
2024-07-26 12:47:02.642 [info] > git reflog master --grep-reflog=branch: Created from *. [16ms]
2024-07-26 12:47:02.646 [info] > git config --get commit.template [27ms]
2024-07-26 12:47:02.646 [info] > git for-each-ref --format=%(refname)%00%(upstream:short)%00%(objectname)%00%(upstream:track)%00%(upstream:remotename)%00%(upstream:remoteref) refs/heads/master refs/remotes/master [33ms]
2024-07-26 12:47:02.646 [info] > git for-each-ref --format=%(refname)%00%(upstream:short)%00%(objectname)%00%(upstream:track)%00%(upstream:remotename)%00%(upstream:remoteref) refs/heads/main refs/remotes/main [40ms]
2024-07-26 12:47:02.657 [warning] ENOENT: no such file or directory, open '/home/shasor/Documents/Zone01/groupie-tracker/.git/refs/remotes/origin/master'
2024-07-26 12:47:02.661 [warning] ENOENT: no such file or directory, open '/home/shasor/Documents/Zone01/checkpoint-trainer/.git/refs/remotes/origin/main'
2024-07-26 12:47:02.662 [info] > git symbolic-ref --short refs/remotes/origin/HEAD [16ms]
2024-07-26 12:47:02.662 [info] fatal: ref refs/remotes/origin/HEAD is not a symbolic ref
2024-07-26 12:47:02.666 [info] > git rev-parse --show-toplevel [25ms]
2024-07-26 12:47:02.667 [info] > git config --get commit.template [31ms]
2024-07-26 12:47:02.706 [info] > git merge-base refs/heads/master refs/remotes/origin/master [40ms]
2024-07-26 12:47:02.713 [info] > git rev-parse refs/remotes/origin/main [52ms]
2024-07-26 12:47:02.718 [info] > git rev-parse refs/remotes/origin/master [62ms]
2024-07-26 12:47:02.724 [info] > git for-each-ref --format=%(refname)%00%(upstream:short)%00%(objectname)%00%(upstream:track)%00%(upstream:remotename)%00%(upstream:remoteref) refs/heads/master refs/remotes/master [72ms]
2024-07-26 12:47:02.772 [info] > git status -z -uall [54ms]
2024-07-26 12:47:02.772 [info] > git status -z -uall [48ms]
2024-07-26 12:47:02.795 [info] > git rev-list --count --left-right refs/heads/master...refs/remotes/origin/master [83ms]
2024-07-26 12:47:02.802 [info] > git rev-parse --git-dir --git-common-dir [111ms]
2024-07-26 12:47:02.806 [info] Open repository: /home/shasor/Documents/Zone01/groupie-tracker-test
2024-07-26 12:47:02.807 [info] > git for-each-ref --format=%(refname)%00%(upstream:short)%00%(objectname)%00%(upstream:track)%00%(upstream:remotename)%00%(upstream:remoteref) refs/heads/master refs/remotes/master [121ms]
2024-07-26 12:47:02.807 [warning] No such branch: master.
2024-07-26 12:47:02.837 [info] > git status -z -uall [25ms]
2024-07-26 12:47:02.843 [info] > git diff --name-status -z --diff-filter=ADMR 310ab64a1bf9735b77e65742b03a72689d2efb26...refs/remotes/origin/master [42ms]
2024-07-26 12:47:02.844 [info] > git merge-base refs/heads/main refs/remotes/origin/main [49ms]
2024-07-26 12:47:02.849 [info] > git for-each-ref --format=%(refname)%00%(upstream:short)%00%(objectname)%00%(upstream:track)%00%(upstream:remotename)%00%(upstream:remoteref) refs/heads/main refs/remotes/main [60ms]
2024-07-26 12:47:02.854 [info] > git for-each-ref --format=%(refname)%00%(upstream:short)%00%(objectname)%00%(upstream:track)%00%(upstream:remotename)%00%(upstream:remoteref) refs/heads/master refs/remotes/master [76ms]
2024-07-26 12:47:02.860 [info] > git for-each-ref --format=%(refname)%00%(upstream:short)%00%(objectname)%00%(upstream:track)%00%(upstream:remotename)%00%(upstream:remoteref) refs/heads/master refs/remotes/master [90ms]
2024-07-26 12:47:02.860 [warning] No such branch: master.
2024-07-26 12:47:02.866 [info] > git status -z -uall [2ms]
2024-07-26 12:47:02.866 [info] > git config --local branch.master.vscode-merge-base [7ms]
2024-07-26 12:47:02.866 [warning] git config failed: Failed to execute git
2024-07-26 12:47:02.870 [info] > git config --local branch.main.vscode-merge-base [16ms]
2024-07-26 12:47:02.875 [info] > git rev-list --count --left-right refs/heads/main...refs/remotes/origin/main [26ms]
2024-07-26 12:47:02.880 [info] > git for-each-ref --format=%(refname)%00%(upstream:short)%00%(objectname)%00%(upstream:track)%00%(upstream:remotename)%00%(upstream:remoteref) refs/heads/master refs/remotes/master [38ms]
2024-07-26 12:47:02.880 [warning] No such branch: master.
2024-07-26 12:47:02.881 [info] > git rev-parse --show-toplevel [50ms]
2024-07-26 12:47:02.881 [info] fatal: not a git repository (or any of the parent directories): .git
2024-07-26 12:47:02.881 [info] > git config --get commit.template [54ms]
2024-07-26 12:47:02.881 [info] > git config --get commit.template [58ms]
2024-07-26 12:47:02.900 [info] > git status -z -uall [6ms]
2024-07-26 12:47:02.900 [info] > git diff --name-status -z --diff-filter=ADMR 1d1eb78044e16ef4b80a5124f9685cdcc628b5b5...refs/remotes/origin/main [20ms]
2024-07-26 12:47:02.900 [info] > git for-each-ref --format=%(refname)%00%(upstream:short)%00%(objectname)%00%(upstream:track)%00%(upstream:remotename)%00%(upstream:remoteref) refs/heads/origin/main refs/remotes/origin/main [25ms]
2024-07-26 12:47:02.901 [info] > git reflog master --grep-reflog=branch: Created from *. [31ms]
2024-07-26 12:47:02.975 [info] > git for-each-ref --format=%(refname)%00%(upstream:short)%00%(objectname)%00%(upstream:track)%00%(upstream:remotename)%00%(upstream:remoteref) refs/heads/master refs/remotes/master [58ms]
2024-07-26 12:47:02.975 [warning] No such branch: master.
2024-07-26 12:47:02.976 [info] > git symbolic-ref --short refs/remotes/origin/HEAD [70ms]
2024-07-26 12:47:02.984 [info] > git rev-parse --show-toplevel [86ms]
2024-07-26 12:47:02.984 [info] fatal: not a git repository (or any of the parent directories): .git
2024-07-26 12:47:03.004 [info] > git for-each-ref --format=%(refname)%00%(upstream:short)%00%(objectname)%00%(upstream:track)%00%(upstream:remotename)%00%(upstream:remoteref) refs/heads/master refs/remotes/master [13ms]
2024-07-26 12:47:03.011 [info] > git for-each-ref --format=%(refname)%00%(upstream:short)%00%(objectname)%00%(upstream:track)%00%(upstream:remotename)%00%(upstream:remoteref) refs/heads/origin/master refs/remotes/origin/master [26ms]
2024-07-26 12:47:03.016 [info] > git config --get commit.template [64ms]
2024-07-26 12:47:03.017 [info] > git for-each-ref --format=%(refname)%00%(upstream:short)%00%(objectname)%00%(upstream:track)%00%(upstream:remotename)%00%(upstream:remoteref) refs/heads/master refs/remotes/master [72ms]
2024-07-26 12:47:03.017 [info] > git for-each-ref --format=%(refname)%00%(upstream:short)%00%(objectname)%00%(upstream:track)%00%(upstream:remotename)%00%(upstream:remoteref) refs/heads/master refs/remotes/master [81ms]
2024-07-26 12:47:03.056 [warning] ENOENT: no such file or directory, open '/home/shasor/Documents/Zone01/groupie-tracker/.git/refs/remotes/origin/master'
2024-07-26 12:47:03.057 [info] > git config --local branch.master.vscode-merge-base origin/master [41ms]
2024-07-26 12:47:03.058 [info] > git config --local branch.master.vscode-merge-base [48ms]
2024-07-26 12:47:03.058 [warning] git config failed: Failed to execute git
2024-07-26 12:47:03.064 [info] > git rev-parse --show-toplevel [62ms]
2024-07-26 12:47:03.064 [info] fatal: not a git repository (or any of the parent directories): .git
2024-07-26 12:47:03.083 [info] > git reflog master --grep-reflog=branch: Created from *. [19ms]
2024-07-26 12:47:03.088 [info] > git rev-parse refs/remotes/origin/master [32ms]
2024-07-26 12:47:03.090 [info] > git symbolic-ref --short refs/remotes/origin/HEAD [3ms]
2024-07-26 12:47:03.090 [info] fatal: ref refs/remotes/origin/HEAD is not a symbolic ref
2024-07-26 12:47:03.091 [info] > git rev-parse --show-toplevel [9ms]
2024-07-26 12:47:03.091 [info] fatal: not a git repository (or any of the parent directories): .git
2024-07-26 12:47:03.091 [info] > git config --get commit.template [14ms]
2024-07-26 12:47:03.091 [info] > git for-each-ref --format=%(refname)%00%(upstream:short)%00%(objectname)%00%(upstream:track)%00%(upstream:remotename)%00%(upstream:remoteref) refs/heads/master refs/remotes/master [20ms]
2024-07-26 12:47:03.091 [warning] No such branch: master.
2024-07-26 12:47:03.104 [info] > git status -z -uall [8ms]
2024-07-26 12:47:03.119 [info] > git status -z -uall [15ms]
2024-07-26 12:47:03.119 [info] > git for-each-ref --format=%(refname)%00%(upstream:short)%00%(objectname)%00%(upstream:track)%00%(upstream:remotename)%00%(upstream:remoteref) refs/heads/master refs/remotes/master [9ms]
2024-07-26 12:47:03.119 [warning] No such branch: master.
2024-07-26 12:47:03.158 [info] > git for-each-ref --format=%(refname)%00%(upstream:short)%00%(objectname)%00%(upstream:track)%00%(upstream:remotename)%00%(upstream:remoteref) refs/heads/master refs/remotes/master [30ms]
2024-07-26 12:47:03.163 [info] > git for-each-ref --format=%(refname)%00%(upstream:short)%00%(objectname)%00%(upstream:track)%00%(upstream:remotename)%00%(upstream:remoteref) refs/heads/master refs/remotes/master [44ms]
2024-07-26 12:47:03.191 [warning] ENOENT: no such file or directory, open '/home/shasor/Documents/Zone01/groupie-tracker/.git/refs/remotes/origin/master'
2024-07-26 12:47:03.192 [info] > git config --local branch.master.vscode-merge-base [29ms]
2024-07-26 12:47:03.198 [info] > git config --get commit.template [40ms]
2024-07-26 12:47:03.199 [info] > git rev-parse refs/remotes/origin/master [8ms]
2024-07-26 12:47:03.216 [info] > git for-each-ref --format=%(refname)%00%(upstream:short)%00%(objectname)%00%(upstream:track)%00%(upstream:remotename)%00%(upstream:remoteref) refs/heads/origin/master refs/remotes/origin/master [17ms]
2024-07-26 12:47:03.225 [info] > git status -z -uall [21ms]
2024-07-26 12:47:03.225 [info] > git merge-base refs/heads/master refs/remotes/origin/master [4ms]
2024-07-26 12:47:03.231 [info] > git for-each-ref --format=%(refname)%00%(upstream:short)%00%(objectname)%00%(upstream:track)%00%(upstream:remotename)%00%(upstream:remoteref) refs/heads/master refs/remotes/master [20ms]
2024-07-26 12:47:03.247 [info] > git for-each-ref --format=%(refname)%00%(upstream:short)%00%(objectname)%00%(upstream:track)%00%(upstream:remotename)%00%(upstream:remoteref) refs/heads/master refs/remotes/master [9ms]
2024-07-26 12:47:03.253 [info] > git rev-list --count --left-right refs/heads/master...refs/remotes/origin/master [22ms]
2024-07-26 12:47:03.260 [info] > git config --local branch.master.vscode-merge-base [7ms]
2024-07-26 12:47:03.265 [info] > git merge-base refs/heads/master refs/remotes/origin/master [21ms]
2024-07-26 12:47:03.279 [info] > git for-each-ref --format=%(refname)%00%(upstream:short)%00%(objectname)%00%(upstream:track)%00%(upstream:remotename)%00%(upstream:remoteref) refs/heads/origin/master refs/remotes/origin/master [14ms]
2024-07-26 12:47:03.279 [info] > git diff --name-status -z --diff-filter=ADMR 06d1260dbac392709e5245cdb31b13ec0d8c91fd...refs/remotes/origin/master [21ms]
2024-07-26 12:47:03.285 [info] > git rev-list --count --left-right refs/heads/master...refs/remotes/origin/master [16ms]
2024-07-26 12:47:03.291 [info] > git status -z -uall [7ms]
2024-07-26 12:47:03.300 [info] > git diff --name-status -z --diff-filter=ADMR bf4250c89df4441dc8993236592b976ccde2a149...refs/remotes/origin/master [10ms]
2024-07-26 12:47:03.301 [info] > git for-each-ref --format=%(refname)%00%(upstream:short)%00%(objectname)%00%(upstream:track)%00%(upstream:remotename)%00%(upstream:remoteref) refs/heads/master refs/remotes/master [4ms]
2024-07-26 12:47:03.318 [info] > git config --local branch.master.vscode-merge-base [12ms]
2024-07-26 12:47:03.326 [info] > git for-each-ref --format=%(refname)%00%(upstream:short)%00%(objectname)%00%(upstream:track)%00%(upstream:remotename)%00%(upstream:remoteref) refs/heads/origin/master refs/remotes/origin/master [2ms]
2024-07-26 12:47:03.426 [info] > git check-ignore -v -z --stdin [33ms]
2024-07-26 12:47:03.426 [info] > git check-ignore -v -z --stdin [29ms]
2024-07-26 12:47:03.427 [info] > git check-ignore -v -z --stdin [25ms]
2024-07-26 12:47:03.427 [info] > git check-ignore -v -z --stdin [20ms]
2024-07-26 12:47:03.427 [info] > git check-ignore -v -z --stdin [16ms]
2024-07-26 12:47:03.428 [info] > git check-ignore -v -z --stdin [13ms]
2024-07-26 12:47:03.428 [info] > git check-ignore -v -z --stdin [9ms]
2024-07-26 12:47:03.428 [info] > git check-ignore -v -z --stdin [5ms]
2024-07-26 12:47:11.690 [info] > git rev-parse --show-toplevel [1ms]
2024-07-26 12:47:11.690 [info] fatal: not a git repository (or any of the parent directories): .git
2024-07-26 12:47:14.495 [info] > git rev-parse --show-toplevel [2ms]
2024-07-26 12:47:14.495 [info] fatal: not a git repository (or any of the parent directories): .git
2024-07-26 12:47:39.028 [warning] ENOENT: no such file or directory, open '/home/shasor/Documents/Zone01/groupie-tracker/.git/HEAD'
2024-07-26 12:47:39.035 [warning] getRemotes() - ENOENT: no such file or directory, open '/home/shasor/Documents/Zone01/groupie-tracker/.git/config'
2024-07-26 12:47:39.047 [warning] ENOENT: no such file or directory, open '/home/shasor/Documents/Zone01/groupie-tracker/.git/HEAD'
2024-07-26 12:47:39.056 [warning] getRemotes() - ENOENT: no such file or directory, open '/home/shasor/Documents/Zone01/groupie-tracker/.git/config'
2024-07-26 12:47:39.680 [info] > git check-ignore -v -z --stdin [34ms]
2024-07-26 12:47:39.681 [info] > git check-ignore -v -z --stdin [29ms]
2024-07-26 12:47:39.682 [info] > git check-ignore -v -z --stdin [24ms]
2024-07-26 12:47:39.682 [info] > git check-ignore -v -z --stdin [20ms]
2024-07-26 12:47:39.682 [info] > git check-ignore -v -z --stdin [15ms]
2024-07-26 12:47:39.683 [info] > git check-ignore -v -z --stdin [11ms]
2024-07-26 12:47:39.683 [info] > git check-ignore -v -z --stdin [6ms]
2024-07-26 12:48:21.348 [info] > git rev-parse --show-toplevel [1ms]
2024-07-26 12:48:21.353 [info] > git rev-parse --git-dir --git-common-dir [1ms]
2024-07-26 12:48:21.359 [info] Open repository: /home/shasor/Documents/Zone01/groupie-tracker
2024-07-26 12:48:21.368 [info] > git config --get commit.template [3ms]
2024-07-26 12:48:21.374 [info] > git for-each-ref --format=%(refname)%00%(upstream:short)%00%(objectname)%00%(upstream:track)%00%(upstream:remotename)%00%(upstream:remoteref) refs/heads/master refs/remotes/master [2ms]
2024-07-26 12:48:21.379 [warning] ENOENT: no such file or directory, open '/home/shasor/Documents/Zone01/groupie-tracker/.git/refs/remotes/origin/master'
2024-07-26 12:48:21.380 [info] > git rev-parse refs/remotes/origin/master [1ms]
2024-07-26 12:48:21.388 [info] > git status -z -uall [3ms]
2024-07-26 12:48:21.403 [info] > git for-each-ref --format=%(refname)%00%(upstream:short)%00%(objectname)%00%(upstream:track)%00%(upstream:remotename)%00%(upstream:remoteref) refs/heads/master refs/remotes/master [10ms]
2024-07-26 12:48:21.409 [info] > git config --get commit.template [7ms]
2024-07-26 12:48:21.410 [info] > git config --local branch.master.vscode-merge-base [2ms]
2024-07-26 12:48:21.410 [warning] git config failed: Failed to execute git
2024-07-26 12:48:21.421 [info] > git reflog master --grep-reflog=branch: Created from *. [6ms]
2024-07-26 12:48:21.426 [info] > git for-each-ref --format=%(refname)%00%(upstream:short)%00%(objectname)%00%(upstream:track)%00%(upstream:remotename)%00%(upstream:remoteref) refs/heads/master refs/remotes/master [6ms]
2024-07-26 12:48:21.431 [warning] ENOENT: no such file or directory, open '/home/shasor/Documents/Zone01/groupie-tracker/.git/refs/remotes/origin/master'
2024-07-26 12:48:21.432 [info] > git symbolic-ref --short refs/remotes/origin/HEAD [6ms]
2024-07-26 12:48:21.437 [info] > git rev-parse refs/remotes/origin/master [6ms]
2024-07-26 12:48:21.442 [info] > git for-each-ref --format=%(refname)%00%(upstream:short)%00%(objectname)%00%(upstream:track)%00%(upstream:remotename)%00%(upstream:remoteref) refs/heads/origin/master refs/remotes/origin/master [5ms]
2024-07-26 12:48:21.447 [info] > git status -z -uall [6ms]
2024-07-26 12:48:21.455 [info] > git config --local branch.master.vscode-merge-base origin/master [9ms]
2024-07-26 12:48:21.461 [info] > git for-each-ref --format=%(refname)%00%(upstream:short)%00%(objectname)%00%(upstream:track)%00%(upstream:remotename)%00%(upstream:remoteref) refs/heads/master refs/remotes/master [9ms]
2024-07-26 12:48:21.466 [info] > git config --get commit.template [6ms]
2024-07-26 12:48:21.466 [info] > git config --local branch.master.vscode-merge-base [1ms]
2024-07-26 12:48:21.476 [info] > git for-each-ref --format=%(refname)%00%(upstream:short)%00%(objectname)%00%(upstream:track)%00%(upstream:remotename)%00%(upstream:remoteref) refs/heads/origin/master refs/remotes/origin/master [5ms]
2024-07-26 12:48:21.481 [info] > git for-each-ref --format=%(refname)%00%(upstream:short)%00%(objectname)%00%(upstream:track)%00%(upstream:remotename)%00%(upstream:remoteref) refs/heads/master refs/remotes/master [6ms]
2024-07-26 12:48:21.485 [warning] ENOENT: no such file or directory, open '/home/shasor/Documents/Zone01/groupie-tracker/.git/refs/remotes/origin/master'
2024-07-26 12:48:21.486 [info] > git merge-base refs/heads/master refs/remotes/origin/master [5ms]
2024-07-26 12:48:21.491 [info] > git rev-parse refs/remotes/origin/master [6ms]
2024-07-26 12:48:21.495 [info] > git rev-list --count --left-right refs/heads/master...refs/remotes/origin/master [5ms]
2024-07-26 12:48:21.500 [info] > git status -z -uall [6ms]
2024-07-26 12:48:21.507 [info] > git diff --name-status -z --diff-filter=ADMR 362c558e1317854e3cda01184e8e6efbaeb8e7cf...refs/remotes/origin/master [7ms]
2024-07-26 12:48:21.508 [info] > git for-each-ref --format=%(refname)%00%(upstream:short)%00%(objectname)%00%(upstream:track)%00%(upstream:remotename)%00%(upstream:remoteref) refs/heads/master refs/remotes/master [3ms]
2024-07-26 12:48:21.515 [info] > git config --local branch.master.vscode-merge-base [1ms]
2024-07-26 12:48:21.521 [info] > git for-each-ref --format=%(refname)%00%(upstream:short)%00%(objectname)%00%(upstream:track)%00%(upstream:remotename)%00%(upstream:remoteref) refs/heads/origin/master refs/remotes/origin/master [1ms]
2024-07-26 12:48:21.925 [info] > git check-ignore -v -z --stdin [45ms]
2024-07-26 12:48:21.926 [info] > git check-ignore -v -z --stdin [40ms]
2024-07-26 12:48:21.926 [info] > git check-ignore -v -z --stdin [34ms]
2024-07-26 12:48:21.927 [info] > git check-ignore -v -z --stdin [29ms]
2024-07-26 12:48:21.927 [info] > git check-ignore -v -z --stdin [24ms]
2024-07-26 12:48:21.928 [info] > git check-ignore -v -z --stdin [18ms]
2024-07-26 12:48:21.928 [info] > git check-ignore -v -z --stdin [12ms]
2024-07-26 12:48:21.928 [info] > git check-ignore -v -z --stdin [6ms]
2024-07-26 12:51:29.069 [warning] ENOENT: no such file or directory, open '/home/shasor/Documents/Zone01/groupie-tracker/.git/HEAD'
2024-07-26 12:51:29.076 [warning] getRemotes() - ENOENT: no such file or directory, open '/home/shasor/Documents/Zone01/groupie-tracker/.git/config'
2024-07-26 12:51:29.087 [warning] ENOENT: no such file or directory, open '/home/shasor/Documents/Zone01/groupie-tracker/.git/HEAD'
2024-07-26 12:51:29.096 [warning] getRemotes() - ENOENT: no such file or directory, open '/home/shasor/Documents/Zone01/groupie-tracker/.git/config'
2024-07-26 12:51:29.711 [info] > git check-ignore -v -z --stdin [27ms]
2024-07-26 12:51:29.712 [info] > git check-ignore -v -z --stdin [24ms]
2024-07-26 12:51:29.712 [info] > git check-ignore -v -z --stdin [19ms]
2024-07-26 12:51:29.712 [info] > git check-ignore -v -z --stdin [15ms]
2024-07-26 12:51:29.713 [info] > git check-ignore -v -z --stdin [11ms]
2024-07-26 12:51:29.713 [info] > git check-ignore -v -z --stdin [7ms]
2024-07-26 12:51:29.713 [info] > git check-ignore -v -z --stdin [3ms]
2024-07-26 12:53:00.831 [info] > git rev-parse --show-toplevel [1ms]
2024-07-26 12:53:00.836 [info] > git rev-parse --git-dir --git-common-dir [1ms]
2024-07-26 12:53:00.840 [info] Open repository: /home/shasor/Documents/Zone01/groupie-tracker
2024-07-26 12:53:00.849 [info] > git config --get commit.template [1ms]
2024-07-26 12:53:00.855 [info] > git for-each-ref --format=%(refname)%00%(upstream:short)%00%(objectname)%00%(upstream:track)%00%(upstream:remotename)%00%(upstream:remoteref) refs/heads/master refs/remotes/master [2ms]
2024-07-26 12:53:00.859 [warning] ENOENT: no such file or directory, open '/home/shasor/Documents/Zone01/groupie-tracker/.git/refs/remotes/origin/master'
2024-07-26 12:53:00.861 [info] > git rev-parse refs/remotes/origin/master [2ms]
2024-07-26 12:53:00.868 [info] > git status -z -uall [3ms]
2024-07-26 12:53:00.882 [info] > git for-each-ref --format=%(refname)%00%(upstream:short)%00%(objectname)%00%(upstream:track)%00%(upstream:remotename)%00%(upstream:remoteref) refs/heads/master refs/remotes/master [9ms]
2024-07-26 12:53:00.887 [info] > git config --get commit.template [6ms]
2024-07-26 12:53:00.888 [info] > git config --local branch.master.vscode-merge-base [2ms]
2024-07-26 12:53:00.888 [warning] git config failed: Failed to execute git
2024-07-26 12:53:00.897 [info] > git reflog master --grep-reflog=branch: Created from *. [4ms]
2024-07-26 12:53:00.901 [info] > git for-each-ref --format=%(refname)%00%(upstream:short)%00%(objectname)%00%(upstream:track)%00%(upstream:remotename)%00%(upstream:remoteref) refs/heads/master refs/remotes/master [5ms]
2024-07-26 12:53:00.905 [warning] ENOENT: no such file or directory, open '/home/shasor/Documents/Zone01/groupie-tracker/.git/refs/remotes/origin/master'
2024-07-26 12:53:00.905 [info] > git symbolic-ref --short refs/remotes/origin/HEAD [5ms]
2024-07-26 12:53:00.910 [info] > git rev-parse refs/remotes/origin/master [5ms]
2024-07-26 12:53:00.915 [info] > git for-each-ref --format=%(refname)%00%(upstream:short)%00%(objectname)%00%(upstream:track)%00%(upstream:remotename)%00%(upstream:remoteref) refs/heads/origin/master refs/remotes/origin/master [6ms]
2024-07-26 12:53:00.920 [info] > git status -z -uall [6ms]
2024-07-26 12:53:00.927 [info] > git config --local branch.master.vscode-merge-base origin/master [7ms]
2024-07-26 12:53:00.933 [info] > git for-each-ref --format=%(refname)%00%(upstream:short)%00%(objectname)%00%(upstream:track)%00%(upstream:remotename)%00%(upstream:remoteref) refs/heads/master refs/remotes/master [6ms]
2024-07-26 12:53:00.938 [info] > git config --get commit.template [6ms]
2024-07-26 12:53:00.939 [info] > git config --local branch.master.vscode-merge-base [2ms]
2024-07-26 12:53:00.948 [info] > git for-each-ref --format=%(refname)%00%(upstream:short)%00%(objectname)%00%(upstream:track)%00%(upstream:remotename)%00%(upstream:remoteref) refs/heads/origin/master refs/remotes/origin/master [5ms]
2024-07-26 12:53:00.955 [info] > git for-each-ref --format=%(refname)%00%(upstream:short)%00%(objectname)%00%(upstream:track)%00%(upstream:remotename)%00%(upstream:remoteref) refs/heads/master refs/remotes/master [8ms]
2024-07-26 12:53:00.959 [warning] ENOENT: no such file or directory, open '/home/shasor/Documents/Zone01/groupie-tracker/.git/refs/remotes/origin/master'
2024-07-26 12:53:00.959 [info] > git merge-base refs/heads/master refs/remotes/origin/master [5ms]
2024-07-26 12:53:00.964 [info] > git rev-parse refs/remotes/origin/master [5ms]
2024-07-26 12:53:00.969 [info] > git rev-list --count --left-right refs/heads/master...refs/remotes/origin/master [5ms]
2024-07-26 12:53:00.975 [info] > git status -z -uall [7ms]
2024-07-26 12:53:00.982 [info] > git diff --name-status -z --diff-filter=ADMR 5582207ab89dc80e1e44f2c25f1481ca33fb74f9...refs/remotes/origin/master [8ms]
2024-07-26 12:53:00.983 [info] > git for-each-ref --format=%(refname)%00%(upstream:short)%00%(objectname)%00%(upstream:track)%00%(upstream:remotename)%00%(upstream:remoteref) refs/heads/master refs/remotes/master [3ms]
2024-07-26 12:53:00.988 [info] > git config --local branch.master.vscode-merge-base [1ms]
2024-07-26 12:53:00.994 [info] > git for-each-ref --format=%(refname)%00%(upstream:short)%00%(objectname)%00%(upstream:track)%00%(upstream:remotename)%00%(upstream:remoteref) refs/heads/origin/master refs/remotes/origin/master [1ms]
2024-07-26 12:53:01.396 [info] > git check-ignore -v -z --stdin [31ms]
2024-07-26 12:53:01.397 [info] > git check-ignore -v -z --stdin [28ms]
2024-07-26 12:53:01.397 [info] > git check-ignore -v -z --stdin [23ms]
2024-07-26 12:53:01.397 [info] > git check-ignore -v -z --stdin [19ms]
2024-07-26 12:53:01.398 [info] > git check-ignore -v -z --stdin [16ms]
2024-07-26 12:53:01.398 [info] > git check-ignore -v -z --stdin [12ms]
2024-07-26 12:53:01.398 [info] > git check-ignore -v -z --stdin [8ms]
2024-07-26 12:53:01.399 [info] > git check-ignore -v -z --stdin [4ms]
2024-07-26 12:53:18.077 [info] > git show --textconv :.gitignore [7ms]
2024-07-26 12:53:18.079 [info] > git ls-files --stage -- /home/shasor/Documents/Zone01/groupie-tracker/.gitignore [3ms]
2024-07-26 12:53:18.086 [info] > git cat-file -s 4281cdd46fb0a923ee4ebbac9224f08ec4f05c8f [1ms]
2024-07-26 12:53:18.339 [info] > git check-ignore -v -z --stdin [1ms]
2024-07-26 12:53:29.157 [info] > git check-ignore -v -z --stdin [36ms]
2024-07-26 12:53:29.157 [info] > git check-ignore -v -z --stdin [30ms]
2024-07-26 12:53:29.158 [info] > git check-ignore -v -z --stdin [27ms]
2024-07-26 12:53:29.158 [info] > git check-ignore -v -z --stdin [23ms]
2024-07-26 12:53:29.159 [info] > git check-ignore -v -z --stdin [18ms]
2024-07-26 12:53:29.159 [info] > git check-ignore -v -z --stdin [14ms]
2024-07-26 12:53:29.159 [info] > git check-ignore -v -z --stdin [10ms]
2024-07-26 12:53:29.160 [info] > git check-ignore -v -z --stdin [6ms]
2024-07-26 12:53:29.580 [info] > git config --get commit.template [1ms]
2024-07-26 12:53:29.585 [info] > git for-each-ref --format=%(refname)%00%(upstream:short)%00%(objectname)%00%(upstream:track)%00%(upstream:remotename)%00%(upstream:remoteref) refs/heads/master refs/remotes/master [2ms]
2024-07-26 12:53:29.590 [warning] ENOENT: no such file or directory, open '/home/shasor/Documents/Zone01/groupie-tracker/.git/refs/remotes/origin/master'
2024-07-26 12:53:29.591 [info] > git rev-parse refs/remotes/origin/master [1ms]
2024-07-26 12:53:29.597 [info] > git status -z -uall [2ms]
2024-07-26 12:53:29.605 [info] > git for-each-ref --format=%(refname)%00%(upstream:short)%00%(objectname)%00%(upstream:track)%00%(upstream:remotename)%00%(upstream:remoteref) refs/heads/master refs/remotes/master [2ms]
2024-07-26 12:53:29.611 [info] > git config --local branch.master.vscode-merge-base [2ms]
2024-07-26 12:53:29.616 [info] > git for-each-ref --format=%(refname)%00%(upstream:short)%00%(objectname)%00%(upstream:track)%00%(upstream:remotename)%00%(upstream:remoteref) refs/heads/origin/master refs/remotes/origin/master [1ms]
2024-07-26 12:53:39.372 [info] > git config --get commit.template [5ms]
2024-07-26 12:53:39.373 [info] > git for-each-ref --format=%(refname)%00%(upstream:short)%00%(objectname)%00%(upstream:track)%00%(upstream:remotename)%00%(upstream:remoteref) refs/heads/master refs/remotes/master [1ms]
2024-07-26 12:53:39.377 [warning] ENOENT: no such file or directory, open '/home/shasor/Documents/Zone01/groupie-tracker/.git/refs/remotes/origin/master'
2024-07-26 12:53:39.378 [info] > git rev-parse refs/remotes/origin/master [1ms]
2024-07-26 12:53:39.384 [info] > git status -z -uall [2ms]
2024-07-26 12:53:39.392 [info] > git for-each-ref --format=%(refname)%00%(upstream:short)%00%(objectname)%00%(upstream:track)%00%(upstream:remotename)%00%(upstream:remoteref) refs/heads/master refs/remotes/master [3ms]
2024-07-26 12:53:39.399 [info] > git config --local branch.master.vscode-merge-base [1ms]
2024-07-26 12:53:39.404 [info] > git for-each-ref --format=%(refname)%00%(upstream:short)%00%(objectname)%00%(upstream:track)%00%(upstream:remotename)%00%(upstream:remoteref) refs/heads/origin/master refs/remotes/origin/master [1ms]
2024-07-26 12:54:37.589 [info] > git show --textconv :main.go [7ms]
2024-07-26 12:54:37.591 [info] > git ls-files --stage -- /home/shasor/Documents/Zone01/groupie-tracker/main.go [2ms]
2024-07-26 12:54:37.600 [info] > git cat-file -s de458a9eab56d2abc2c77f03fe304861c762595e [1ms]
2024-07-26 12:54:37.809 [info] > git check-ignore -v -z --stdin [2ms]
2024-07-26 12:54:58.588 [info] > git config --get commit.template [5ms]
2024-07-26 12:54:58.589 [info] > git for-each-ref --format=%(refname)%00%(upstream:short)%00%(objectname)%00%(upstream:track)%00%(upstream:remotename)%00%(upstream:remoteref) refs/heads/master refs/remotes/master [1ms]
2024-07-26 12:54:58.596 [info] > git status -z -uall [2ms]
2024-07-26 12:54:58.605 [info] > git for-each-ref --format=%(refname)%00%(upstream:short)%00%(objectname)%00%(upstream:track)%00%(upstream:remotename)%00%(upstream:remoteref) refs/heads/master refs/remotes/master [4ms]
2024-07-26 12:54:58.611 [info] > git config --local branch.master.vscode-merge-base [2ms]
2024-07-26 12:54:58.617 [info] > git for-each-ref --format=%(refname)%00%(upstream:short)%00%(objectname)%00%(upstream:track)%00%(upstream:remotename)%00%(upstream:remoteref) refs/heads/origin/master refs/remotes/origin/master [1ms]
2024-07-26 12:54:58.624 [info] > git merge-base refs/heads/master refs/remotes/origin/master [2ms]
2024-07-26 12:54:58.630 [info] > git rev-list --count --left-right refs/heads/master...refs/remotes/origin/master [1ms]
2024-07-26 12:54:58.637 [info] > git diff --name-status -z --diff-filter=ADMR 6b9e6ba99fabf34b4dc99f1568a7bf27440ba6c6...refs/remotes/origin/master [1ms]
2024-07-26 13:14:41.319 [info] > git show --textconv :.gitignore [5ms]
2024-07-26 13:14:41.320 [info] > git ls-files --stage -- /home/shasor/Documents/Zone01/groupie-tracker/.gitignore [1ms]
2024-07-26 13:14:41.325 [info] > git cat-file -s 4281cdd46fb0a923ee4ebbac9224f08ec4f05c8f [1ms]
2024-07-26 13:14:44.596 [info] > git check-ignore -v -z --stdin [1ms]
2024-07-26 13:14:45.815 [info] > git check-ignore -v -z --stdin [2ms]
2024-07-26 13:14:46.802 [info] > git show --textconv :main.go [6ms]
2024-07-26 13:14:46.803 [info] > git ls-files --stage -- /home/shasor/Documents/Zone01/groupie-tracker/main.go [2ms]
2024-07-26 13:14:46.809 [info] > git cat-file -s 7b24042189a03086f251515c77dfc3a7ff325404 [2ms]
