2024-07-26 11:21:23.277 [info] Started local extension host with pid 1470.
2024-07-26 11:21:24.576 [error] [jinliming2.vscode-go-template]: 'configuration.semanticTokenType.description' doit être défini et ne peut pas être vide
2024-07-26 11:21:24.577 [error] [jinliming2.vscode-go-template]: 'configuration.semanticTokenType.description' doit être défini et ne peut pas être vide
2024-07-26 11:21:24.578 [error] [jinliming2.vscode-go-template]: 'configuration.semanticTokenType.description' doit être défini et ne peut pas être vide
2024-07-26 11:21:24.578 [error] [jinliming2.vscode-go-template]: 'configuration.semanticTokenType.description' doit être défini et ne peut pas être vide
2024-07-26 11:21:24.579 [error] [jinliming2.vscode-go-template]: 'configuration.semanticTokenType.description' doit être défini et ne peut pas être vide
2024-07-26 11:21:24.579 [error] [jinliming2.vscode-go-template]: 'configuration.semanticTokenType.description' doit être défini et ne peut pas être vide
2024-07-26 11:21:24.580 [error] [jinliming2.vscode-go-template]: 'configuration.semanticTokenType.description' doit être défini et ne peut pas être vide
2024-07-26 11:21:24.580 [error] [jinliming2.vscode-go-template]: 'configuration.semanticTokenType.description' doit être défini et ne peut pas être vide
2024-07-26 11:21:24.580 [error] [jinliming2.vscode-go-template]: 'configuration.semanticTokenType.description' doit être défini et ne peut pas être vide
2024-07-26 11:21:30.712 [info] [perf] Render performance baseline is 54ms
2024-07-26 12:08:28.067 [info] Settings Sync: Updating due to change in sessions
2024-07-26 12:15:49.316 [warning] [File Watcher (parcel)] Watcher shutdown because watched path got deleted (path: /home/shasor/Documents/Zone01/groupie-tracker)
2024-07-26 12:16:06.248 [error] Error: Impossible d’ouvrir l’éditeur, car le fichier est introuvable.
    at N.gc (vscode-file://vscode-app/opt/visual-studio-code/resources/app/out/vs/workbench/workbench.desktop.main.js:2208:30635)
    at async N.setInput (vscode-file://vscode-app/opt/visual-studio-code/resources/app/out/vs/workbench/workbench.desktop.main.js:2208:29514)
    at async o.S (vscode-file://vscode-app/opt/visual-studio-code/resources/app/out/vs/workbench/workbench.desktop.main.js:2206:24813)
    at async o.L (vscode-file://vscode-app/opt/visual-studio-code/resources/app/out/vs/workbench/workbench.desktop.main.js:2206:23340)
    at async o.openEditor (vscode-file://vscode-app/opt/visual-studio-code/resources/app/out/vs/workbench/workbench.desktop.main.js:2206:22329)
    at async vscode-file://vscode-app/opt/visual-studio-code/resources/app/out/vs/workbench/workbench.desktop.main.js:2334:26830
2024-07-26 12:16:06.569 [error] Error: Impossible d’ouvrir l’éditeur, car le fichier est introuvable.
    at N.gc (vscode-file://vscode-app/opt/visual-studio-code/resources/app/out/vs/workbench/workbench.desktop.main.js:2208:30635)
    at async N.setInput (vscode-file://vscode-app/opt/visual-studio-code/resources/app/out/vs/workbench/workbench.desktop.main.js:2208:29514)
    at async o.S (vscode-file://vscode-app/opt/visual-studio-code/resources/app/out/vs/workbench/workbench.desktop.main.js:2206:24813)
    at async o.L (vscode-file://vscode-app/opt/visual-studio-code/resources/app/out/vs/workbench/workbench.desktop.main.js:2206:23340)
    at async o.openEditor (vscode-file://vscode-app/opt/visual-studio-code/resources/app/out/vs/workbench/workbench.desktop.main.js:2206:22329)
    at async vscode-file://vscode-app/opt/visual-studio-code/resources/app/out/vs/workbench/workbench.desktop.main.js:2334:26830
2024-07-26 12:16:06.976 [error] Error: Impossible d’ouvrir l’éditeur, car le fichier est introuvable.
    at N.gc (vscode-file://vscode-app/opt/visual-studio-code/resources/app/out/vs/workbench/workbench.desktop.main.js:2208:30635)
    at async N.setInput (vscode-file://vscode-app/opt/visual-studio-code/resources/app/out/vs/workbench/workbench.desktop.main.js:2208:29514)
    at async o.S (vscode-file://vscode-app/opt/visual-studio-code/resources/app/out/vs/workbench/workbench.desktop.main.js:2206:24813)
    at async o.L (vscode-file://vscode-app/opt/visual-studio-code/resources/app/out/vs/workbench/workbench.desktop.main.js:2206:23340)
    at async o.openEditor (vscode-file://vscode-app/opt/visual-studio-code/resources/app/out/vs/workbench/workbench.desktop.main.js:2206:22329)
    at async vscode-file://vscode-app/opt/visual-studio-code/resources/app/out/vs/workbench/workbench.desktop.main.js:2334:26830
2024-07-26 12:16:48.008 [info] Started local extension host with pid 35411.
2024-07-26 12:16:48.662 [error] [jinliming2.vscode-go-template]: 'configuration.semanticTokenType.description' doit être défini et ne peut pas être vide
2024-07-26 12:16:48.662 [error] [jinliming2.vscode-go-template]: 'configuration.semanticTokenType.description' doit être défini et ne peut pas être vide
2024-07-26 12:16:48.663 [error] [jinliming2.vscode-go-template]: 'configuration.semanticTokenType.description' doit être défini et ne peut pas être vide
2024-07-26 12:16:48.663 [error] [jinliming2.vscode-go-template]: 'configuration.semanticTokenType.description' doit être défini et ne peut pas être vide
2024-07-26 12:16:48.663 [error] [jinliming2.vscode-go-template]: 'configuration.semanticTokenType.description' doit être défini et ne peut pas être vide
2024-07-26 12:16:48.663 [error] [jinliming2.vscode-go-template]: 'configuration.semanticTokenType.description' doit être défini et ne peut pas être vide
2024-07-26 12:16:48.663 [error] [jinliming2.vscode-go-template]: 'configuration.semanticTokenType.description' doit être défini et ne peut pas être vide
2024-07-26 12:16:48.664 [error] [jinliming2.vscode-go-template]: 'configuration.semanticTokenType.description' doit être défini et ne peut pas être vide
2024-07-26 12:16:48.664 [error] [jinliming2.vscode-go-template]: 'configuration.semanticTokenType.description' doit être défini et ne peut pas être vide
2024-07-26 12:16:51.223 [info] [perf] Render performance baseline is 36ms
2024-07-26 12:42:31.988 [warning] [File Watcher (parcel)] Watcher shutdown because watched path got deleted (path: /home/shasor/Documents/Zone01/groupie-tracker-filters)
2024-07-26 12:43:03.734 [error] [File Watcher (node.js)] Failed to watch /home/shasor/Documents/Zone01/groupie-tracker-filters/.git/refs/remotes/origin/master for changes using fs.watch() (Error: ENOENT: no such file or directory, watch '/home/shasor/Documents/Zone01/groupie-tracker-filters/.git/refs/remotes/origin/master')
2024-07-26 12:43:03.740 [error] [File Watcher (node.js)] Failed to watch /home/shasor/Documents/Zone01/groupie-tracker-filters/static/js/search.js for changes using fs.watch() (Error: ENOENT: no such file or directory, watch '/home/shasor/Documents/Zone01/groupie-tracker-filters/static/js/search.js')
2024-07-26 12:46:59.733 [info] Started local extension host with pid 40788.
2024-07-26 12:47:00.653 [error] [jinliming2.vscode-go-template]: 'configuration.semanticTokenType.description' doit être défini et ne peut pas être vide
2024-07-26 12:47:00.653 [error] [jinliming2.vscode-go-template]: 'configuration.semanticTokenType.description' doit être défini et ne peut pas être vide
2024-07-26 12:47:00.653 [error] [jinliming2.vscode-go-template]: 'configuration.semanticTokenType.description' doit être défini et ne peut pas être vide
2024-07-26 12:47:00.653 [error] [jinliming2.vscode-go-template]: 'configuration.semanticTokenType.description' doit être défini et ne peut pas être vide
2024-07-26 12:47:00.654 [error] [jinliming2.vscode-go-template]: 'configuration.semanticTokenType.description' doit être défini et ne peut pas être vide
2024-07-26 12:47:00.654 [error] [jinliming2.vscode-go-template]: 'configuration.semanticTokenType.description' doit être défini et ne peut pas être vide
2024-07-26 12:47:00.654 [error] [jinliming2.vscode-go-template]: 'configuration.semanticTokenType.description' doit être défini et ne peut pas être vide
2024-07-26 12:47:00.654 [error] [jinliming2.vscode-go-template]: 'configuration.semanticTokenType.description' doit être défini et ne peut pas être vide
2024-07-26 12:47:00.655 [error] [jinliming2.vscode-go-template]: 'configuration.semanticTokenType.description' doit être défini et ne peut pas être vide
2024-07-26 12:47:03.349 [info] [perf] Render performance baseline is 42ms
2024-07-26 12:47:38.024 [warning] [File Watcher (node.js)] Watcher shutdown because watched path got deleted
2024-07-26 12:51:28.065 [warning] [File Watcher (node.js)] Watcher shutdown because watched path got deleted
