2024-07-26 11:21:22.986 [info] Added views:workbench.panel.markers.view in workbench.panel.markers
2024-07-26 11:21:22.986 [info] Added views:workbench.panel.output in workbench.panel.output
2024-07-26 11:21:22.986 [info] Added views:terminal in terminal
2024-07-26 11:21:22.986 [info] Added views:outline in workbench.view.explorer
2024-07-26 11:21:22.986 [info] Added views:workbench.scm in workbench.view.scm
2024-07-26 11:21:22.986 [info] Added views:workbench.view.search in workbench.view.search
2024-07-26 11:21:22.986 [info] Added views:timeline in workbench.view.explorer
2024-07-26 11:21:22.986 [info] Added views:workbench.explorer.fileView in workbench.view.explorer
2024-07-26 11:21:23.632 [info] Added views:workbench.debug.welcome in workbench.view.debug
2024-07-26 11:21:24.622 [info] Added views:gitlens.views.home,gitlens.views.workspaces,gitlens.views.account in workbench.view.extension.gitlens
2024-07-26 11:21:24.623 [info] Added views:gitlens.views.commitDetails,gitlens.views.lineHistory,gitlens.views.fileHistory,gitlens.views.searchAndCompare in workbench.view.extension.gitlensInspect
2024-07-26 11:21:24.624 [info] Added views:gitlens.views.repositories,gitlens.views.commits,gitlens.views.branches,gitlens.views.remotes,gitlens.views.stashes,gitlens.views.tags,gitlens.views.contributors in workbench.view.scm
2024-07-26 11:21:24.626 [info] Added views:dockerContainers,dockerImages,dockerRegistries,dockerNetworks,dockerVolumes,vscode-docker.views.dockerContexts,vscode-docker.views.help in workbench.view.extension.dockerView
2024-07-26 11:21:24.626 [info] Added views:remoteHub.views.workspaceRepositories in workbench.view.remote
2024-07-26 11:21:25.083 [info] Added views:workbench.panel.repl.view in workbench.panel.repl
2024-07-26 11:21:25.701 [info] Added views:workbench.view.testing in workbench.view.extension.test
2024-07-26 11:21:25.719 [info] Added views:go.explorer in workbench.view.explorer
2024-07-26 11:21:27.121 [info] Added views:gitlens.views.drafts in workbench.view.extension.gitlens
2024-07-26 11:21:27.264 [info] Added views:workbench.scm.repositories in workbench.view.scm
2024-07-26 11:21:28.026 [info] Added views:gitlens.views.graph,gitlens.views.graphDetails in workbench.view.extension.gitlensPanel
2024-07-26 11:21:28.028 [info] Added views:gitlens.views.timeline in workbench.view.extension.gitlensInspect
2024-07-26 11:21:28.032 [info] Added views:gitlens.views.worktrees in workbench.view.scm
2024-07-26 11:21:30.479 [info] Added views:~remote.forwardedPorts in ~remote.forwardedPortsContainer
2024-07-26 11:46:23.091 [info] Added views:workbench.views.sync.remoteActivity,workbench.views.sync.machines in workbench.view.sync
2024-07-26 12:16:05.550 [info] Removed views:workbench.scm.repositories from workbench.view.scm
2024-07-26 12:16:06.558 [info] Removed views:gitlens.views.graphDetails,gitlens.views.graph from workbench.view.extension.gitlensPanel
2024-07-26 12:16:06.560 [info] Removed views:gitlens.views.searchAndCompare,gitlens.views.timeline,gitlens.views.fileHistory,gitlens.views.lineHistory,gitlens.views.commitDetails from workbench.view.extension.gitlensInspect
2024-07-26 12:16:06.567 [info] Removed views:gitlens.views.contributors,gitlens.views.worktrees,gitlens.views.tags,gitlens.views.stashes,gitlens.views.remotes,gitlens.views.branches,gitlens.views.commits,gitlens.views.repositories from workbench.view.scm
2024-07-26 12:16:46.881 [info] Removed views:workbench.view.testing from workbench.view.extension.test
2024-07-26 12:16:47.937 [info] Added views:workbench.panel.markers.view in workbench.panel.markers
2024-07-26 12:16:47.937 [info] Added views:workbench.panel.output in workbench.panel.output
2024-07-26 12:16:47.937 [info] Added views:terminal in terminal
2024-07-26 12:16:47.937 [info] Added views:outline in workbench.view.explorer
2024-07-26 12:16:47.937 [info] Added views:workbench.scm in workbench.view.scm
2024-07-26 12:16:47.937 [info] Added views:workbench.view.search in workbench.view.search
2024-07-26 12:16:47.937 [info] Added views:timeline in workbench.view.explorer
2024-07-26 12:16:47.937 [info] Added views:workbench.explorer.fileView in workbench.view.explorer
2024-07-26 12:16:48.692 [info] Added views:gitlens.views.home,gitlens.views.workspaces,gitlens.views.account in workbench.view.extension.gitlens
2024-07-26 12:16:48.693 [info] Added views:gitlens.views.commitDetails,gitlens.views.lineHistory,gitlens.views.fileHistory,gitlens.views.searchAndCompare in workbench.view.extension.gitlensInspect
2024-07-26 12:16:48.694 [info] Added views:gitlens.views.repositories,gitlens.views.commits,gitlens.views.branches,gitlens.views.remotes,gitlens.views.stashes,gitlens.views.tags,gitlens.views.contributors in workbench.view.scm
2024-07-26 12:16:48.695 [info] Added views:dockerContainers,dockerImages,dockerRegistries,dockerNetworks,dockerVolumes,vscode-docker.views.dockerContexts,vscode-docker.views.help in workbench.view.extension.dockerView
2024-07-26 12:16:48.696 [info] Added views:remoteHub.views.workspaceRepositories in workbench.view.remote
2024-07-26 12:16:48.761 [info] Added views:workbench.debug.variablesView,workbench.debug.watchExpressionsView,workbench.debug.callStackView,workbench.debug.breakPointsView in workbench.view.debug
2024-07-26 12:16:49.012 [info] Added views:workbench.panel.repl.view in workbench.panel.repl
2024-07-26 12:16:49.013 [info] Removed views:workbench.debug.breakPointsView,workbench.debug.callStackView,workbench.debug.watchExpressionsView,workbench.debug.variablesView from workbench.view.debug
2024-07-26 12:16:49.014 [info] Added views:workbench.debug.welcome in workbench.view.debug
2024-07-26 12:16:49.292 [info] Added views:~remote.forwardedPorts in ~remote.forwardedPortsContainer
2024-07-26 12:16:49.674 [info] Removed views:gitlens.views.searchAndCompare,gitlens.views.fileHistory,gitlens.views.lineHistory,gitlens.views.commitDetails from workbench.view.extension.gitlensInspect
2024-07-26 12:16:49.676 [info] Removed views:gitlens.views.contributors,gitlens.views.tags,gitlens.views.stashes,gitlens.views.remotes,gitlens.views.branches,gitlens.views.commits,gitlens.views.repositories from workbench.view.scm
2024-07-26 12:16:49.816 [info] Added views:gitlens.views.drafts in workbench.view.extension.gitlens
2024-07-26 12:16:49.868 [info] Added views:workbench.scm.repositories in workbench.view.scm
2024-07-26 12:16:50.029 [info] Added views:gitlens.views.commitDetails,gitlens.views.lineHistory,gitlens.views.fileHistory,gitlens.views.searchAndCompare in workbench.view.extension.gitlensInspect
2024-07-26 12:16:50.031 [info] Added views:gitlens.views.repositories,gitlens.views.commits,gitlens.views.branches,gitlens.views.remotes,gitlens.views.stashes,gitlens.views.tags,gitlens.views.contributors in workbench.view.scm
2024-07-26 12:16:50.564 [info] Added views:gitlens.views.graph,gitlens.views.graphDetails in workbench.view.extension.gitlensPanel
2024-07-26 12:16:50.565 [info] Added views:gitlens.views.timeline in workbench.view.extension.gitlensInspect
2024-07-26 12:16:50.567 [info] Added views:gitlens.views.worktrees in workbench.view.scm
2024-07-26 12:16:52.547 [info] Added views:workbench.view.testing in workbench.view.extension.test
2024-07-26 12:16:52.561 [info] Added views:go.explorer in workbench.view.explorer
2024-07-26 12:43:03.730 [info] Removed views:workbench.scm.repositories from workbench.view.scm
2024-07-26 12:43:04.698 [info] Removed views:gitlens.views.graphDetails,gitlens.views.graph from workbench.view.extension.gitlensPanel
2024-07-26 12:43:04.699 [info] Removed views:gitlens.views.searchAndCompare,gitlens.views.timeline,gitlens.views.fileHistory,gitlens.views.lineHistory,gitlens.views.commitDetails from workbench.view.extension.gitlensInspect
2024-07-26 12:43:04.701 [info] Removed views:gitlens.views.contributors,gitlens.views.worktrees,gitlens.views.tags,gitlens.views.stashes,gitlens.views.remotes,gitlens.views.branches,gitlens.views.commits,gitlens.views.repositories from workbench.view.scm
2024-07-26 12:46:58.430 [info] Removed views:workbench.view.testing from workbench.view.extension.test
2024-07-26 12:46:59.615 [info] Added views:workbench.panel.markers.view in workbench.panel.markers
2024-07-26 12:46:59.615 [info] Added views:workbench.panel.output in workbench.panel.output
2024-07-26 12:46:59.615 [info] Added views:terminal in terminal
2024-07-26 12:46:59.615 [info] Added views:outline in workbench.view.explorer
2024-07-26 12:46:59.615 [info] Added views:workbench.scm in workbench.view.scm
2024-07-26 12:46:59.615 [info] Added views:workbench.view.search in workbench.view.search
2024-07-26 12:46:59.615 [info] Added views:timeline in workbench.view.explorer
2024-07-26 12:46:59.615 [info] Added views:workbench.explorer.fileView in workbench.view.explorer
2024-07-26 12:47:00.194 [info] Added views:workbench.debug.welcome in workbench.view.debug
2024-07-26 12:47:00.683 [info] Added views:gitlens.views.home,gitlens.views.workspaces,gitlens.views.account in workbench.view.extension.gitlens
2024-07-26 12:47:00.684 [info] Added views:gitlens.views.commitDetails,gitlens.views.lineHistory,gitlens.views.fileHistory,gitlens.views.searchAndCompare in workbench.view.extension.gitlensInspect
2024-07-26 12:47:00.685 [info] Added views:gitlens.views.repositories,gitlens.views.commits,gitlens.views.branches,gitlens.views.remotes,gitlens.views.stashes,gitlens.views.tags,gitlens.views.contributors in workbench.view.scm
2024-07-26 12:47:00.686 [info] Added views:dockerContainers,dockerImages,dockerRegistries,dockerNetworks,dockerVolumes,vscode-docker.views.dockerContexts,vscode-docker.views.help in workbench.view.extension.dockerView
2024-07-26 12:47:00.687 [info] Added views:remoteHub.views.workspaceRepositories in workbench.view.remote
2024-07-26 12:47:01.083 [info] Added views:workbench.panel.repl.view in workbench.panel.repl
2024-07-26 12:47:01.709 [info] Added views:workbench.scm.repositories in workbench.view.scm
2024-07-26 12:47:01.929 [info] Added views:gitlens.views.drafts in workbench.view.extension.gitlens
2024-07-26 12:47:02.300 [info] Added views:~remote.forwardedPorts in ~remote.forwardedPortsContainer
2024-07-26 12:47:02.401 [info] Added views:gitlens.views.graph,gitlens.views.graphDetails in workbench.view.extension.gitlensPanel
2024-07-26 12:47:02.402 [info] Added views:gitlens.views.timeline in workbench.view.extension.gitlensInspect
2024-07-26 12:47:02.404 [info] Added views:gitlens.views.worktrees in workbench.view.scm
2024-07-26 12:54:37.675 [info] Added views:workbench.view.testing in workbench.view.extension.test
2024-07-26 12:54:37.692 [info] Added views:go.explorer in workbench.view.explorer
2024-07-26 13:15:16.865 [info] Removed views:workbench.scm.repositories from workbench.view.scm
2024-07-26 13:15:16.867 [info] Removed views:workbench.view.testing from workbench.view.extension.test
