2024-08-19 09:23:47.316 [info] Getting Manifest... eamodio.gitlens
2024-08-19 09:23:47.318 [info] Getting Manifest... esbenp.prettier-vscode
2024-08-19 09:23:47.318 [info] Getting Manifest... ms-azuretools.vscode-docker
2024-08-19 09:23:47.319 [info] Getting Manifest... pkief.material-icon-theme
2024-08-19 09:23:47.451 [info] Installing extension: esbenp.prettier-vscode {"productVersion":{"version":"1.91.1","date":"2024-07-09T22:08:12.169Z"},"pinned":false,"isApplicationScoped":false,"profileLocation":{"$mid":1,"external":"vscode-userdata:/home/shasor/.vscode/extensions/extensions.json","path":"/home/shasor/.vscode/extensions/extensions.json","scheme":"vscode-userdata"},"installOnlyNewlyAddedFromExtensionPack":true}
2024-08-19 09:23:47.461 [info] Installing extension: eamodio.gitlens {"productVersion":{"version":"1.91.1","date":"2024-07-09T22:08:12.169Z"},"pinned":false,"isApplicationScoped":false,"profileLocation":{"$mid":1,"external":"vscode-userdata:/home/shasor/.vscode/extensions/extensions.json","path":"/home/shasor/.vscode/extensions/extensions.json","scheme":"vscode-userdata"},"installOnlyNewlyAddedFromExtensionPack":true}
2024-08-19 09:23:47.463 [info] Installing extension: pkief.material-icon-theme {"productVersion":{"version":"1.91.1","date":"2024-07-09T22:08:12.169Z"},"pinned":false,"isApplicationScoped":false,"profileLocation":{"$mid":1,"external":"vscode-userdata:/home/shasor/.vscode/extensions/extensions.json","path":"/home/shasor/.vscode/extensions/extensions.json","scheme":"vscode-userdata"},"installOnlyNewlyAddedFromExtensionPack":true}
2024-08-19 09:23:47.466 [info] Installing extension: ms-azuretools.vscode-docker {"productVersion":{"version":"1.91.1","date":"2024-07-09T22:08:12.169Z"},"pinned":false,"isApplicationScoped":false,"profileLocation":{"$mid":1,"external":"vscode-userdata:/home/shasor/.vscode/extensions/extensions.json","path":"/home/shasor/.vscode/extensions/extensions.json","scheme":"vscode-userdata"},"installOnlyNewlyAddedFromExtensionPack":true}
2024-08-19 09:23:48.824 [info] Extension signature verification result for pkief.material-icon-theme: UnknownError. Executed: true. Duration: 24ms.
2024-08-19 09:23:49.281 [info] Extension signature verification result for ms-azuretools.vscode-docker: UnknownError. Executed: true. Duration: 6ms.
2024-08-19 09:23:49.416 [info] Extracted extension to file:///home/shasor/.vscode/extensions/ms-azuretools.vscode-docker-1.29.2: ms-azuretools.vscode-docker
2024-08-19 09:23:49.422 [info] Renamed to /home/shasor/.vscode/extensions/ms-azuretools.vscode-docker-1.29.2
2024-08-19 09:23:49.451 [info] Marked extension as uninstalled ms-azuretools.vscode-docker-1.29.1
2024-08-19 09:23:49.458 [info] Extension installed successfully: ms-azuretools.vscode-docker vscode-userdata:/home/shasor/.vscode/extensions/extensions.json
2024-08-19 09:23:49.467 [error] [uncaught exception in sharedProcess]: Error: ENOENT: no such file or directory, stat '/home/shasor/.vscode/extensions/extensions.json.vsctmp': EntryNotFound (FileSystemError): Error: ENOENT: no such file or directory, stat '/home/shasor/.vscode/extensions/extensions.json.vsctmp'
    at h.create (/opt/visual-studio-code/resources/app/out/vs/code/node/sharedProcess/sharedProcessMain.js:54:19262)
    at f (/opt/visual-studio-code/resources/app/out/vs/code/node/sharedProcess/sharedProcessMain.js:54:19372)
    at P.hb (/opt/visual-studio-code/resources/app/out/vs/code/node/sharedProcess/sharedProcessMain.js:59:36571)
    at P.stat (/opt/visual-studio-code/resources/app/out/vs/code/node/sharedProcess/sharedProcessMain.js:59:28919)
    at async s.stat (/opt/visual-studio-code/resources/app/out/vs/code/node/sharedProcess/sharedProcessMain.js:59:14907)
    at async V.vb (/opt/visual-studio-code/resources/app/out/vs/code/node/sharedProcess/sharedProcessMain.js:105:119283)
2024-08-19 09:23:49.740 [info] Extracted extension to file:///home/shasor/.vscode/extensions/pkief.material-icon-theme-5.9.0: pkief.material-icon-theme
2024-08-19 09:23:49.745 [info] Renamed to /home/shasor/.vscode/extensions/pkief.material-icon-theme-5.9.0
2024-08-19 09:23:49.757 [info] Marked extension as uninstalled pkief.material-icon-theme-5.8.0
2024-08-19 09:23:49.771 [info] Extension installed successfully: pkief.material-icon-theme vscode-userdata:/home/shasor/.vscode/extensions/extensions.json
2024-08-19 09:23:49.826 [error] [uncaught exception in sharedProcess]: Error: ENOENT: no such file or directory, stat '/home/shasor/.vscode/extensions/extensions.json.vsctmp': EntryNotFound (FileSystemError): Error: ENOENT: no such file or directory, stat '/home/shasor/.vscode/extensions/extensions.json.vsctmp'
    at h.create (/opt/visual-studio-code/resources/app/out/vs/code/node/sharedProcess/sharedProcessMain.js:54:19262)
    at f (/opt/visual-studio-code/resources/app/out/vs/code/node/sharedProcess/sharedProcessMain.js:54:19372)
    at P.hb (/opt/visual-studio-code/resources/app/out/vs/code/node/sharedProcess/sharedProcessMain.js:59:36571)
    at P.stat (/opt/visual-studio-code/resources/app/out/vs/code/node/sharedProcess/sharedProcessMain.js:59:28919)
    at async s.stat (/opt/visual-studio-code/resources/app/out/vs/code/node/sharedProcess/sharedProcessMain.js:59:14907)
    at async V.vb (/opt/visual-studio-code/resources/app/out/vs/code/node/sharedProcess/sharedProcessMain.js:105:119283)
2024-08-19 09:23:50.056 [info] Extension signature verification result for esbenp.prettier-vscode: UnknownError. Executed: true. Duration: 6ms.
2024-08-19 09:23:50.202 [info] Extracted extension to file:///home/shasor/.vscode/extensions/esbenp.prettier-vscode-11.0.0: esbenp.prettier-vscode
2024-08-19 09:23:50.205 [info] Renamed to /home/shasor/.vscode/extensions/esbenp.prettier-vscode-11.0.0
2024-08-19 09:23:50.222 [info] Marked extension as uninstalled esbenp.prettier-vscode-10.4.0
2024-08-19 09:23:50.233 [info] Extension installed successfully: esbenp.prettier-vscode vscode-userdata:/home/shasor/.vscode/extensions/extensions.json
2024-08-19 09:23:50.237 [error] [uncaught exception in sharedProcess]: Error: ENOENT: no such file or directory, stat '/home/shasor/.vscode/extensions/extensions.json.vsctmp': EntryNotFound (FileSystemError): Error: ENOENT: no such file or directory, stat '/home/shasor/.vscode/extensions/extensions.json.vsctmp'
    at h.create (/opt/visual-studio-code/resources/app/out/vs/code/node/sharedProcess/sharedProcessMain.js:54:19262)
    at f (/opt/visual-studio-code/resources/app/out/vs/code/node/sharedProcess/sharedProcessMain.js:54:19372)
    at P.hb (/opt/visual-studio-code/resources/app/out/vs/code/node/sharedProcess/sharedProcessMain.js:59:36571)
    at P.stat (/opt/visual-studio-code/resources/app/out/vs/code/node/sharedProcess/sharedProcessMain.js:59:28919)
    at async s.stat (/opt/visual-studio-code/resources/app/out/vs/code/node/sharedProcess/sharedProcessMain.js:59:14907)
    at async V.vb (/opt/visual-studio-code/resources/app/out/vs/code/node/sharedProcess/sharedProcessMain.js:105:119283)
2024-08-19 09:23:52.652 [info] Extension signature verification result for eamodio.gitlens: UnknownError. Executed: true. Duration: 7ms.
2024-08-19 09:23:53.148 [info] Extracted extension to file:///home/shasor/.vscode/extensions/eamodio.gitlens-15.3.0: eamodio.gitlens
2024-08-19 09:23:53.165 [info] Renamed to /home/shasor/.vscode/extensions/eamodio.gitlens-15.3.0
2024-08-19 09:23:53.217 [info] Marked extension as uninstalled eamodio.gitlens-15.2.1
2024-08-19 09:23:53.238 [info] Extension installed successfully: eamodio.gitlens vscode-userdata:/home/shasor/.vscode/extensions/extensions.json
2024-08-19 09:23:53.254 [error] [uncaught exception in sharedProcess]: Error: ENOENT: no such file or directory, stat '/home/shasor/.vscode/extensions/extensions.json.vsctmp': EntryNotFound (FileSystemError): Error: ENOENT: no such file or directory, stat '/home/shasor/.vscode/extensions/extensions.json.vsctmp'
    at h.create (/opt/visual-studio-code/resources/app/out/vs/code/node/sharedProcess/sharedProcessMain.js:54:19262)
    at f (/opt/visual-studio-code/resources/app/out/vs/code/node/sharedProcess/sharedProcessMain.js:54:19372)
    at P.hb (/opt/visual-studio-code/resources/app/out/vs/code/node/sharedProcess/sharedProcessMain.js:59:36571)
    at P.stat (/opt/visual-studio-code/resources/app/out/vs/code/node/sharedProcess/sharedProcessMain.js:59:28919)
    at async s.stat (/opt/visual-studio-code/resources/app/out/vs/code/node/sharedProcess/sharedProcessMain.js:59:14907)
    at async V.vb (/opt/visual-studio-code/resources/app/out/vs/code/node/sharedProcess/sharedProcessMain.js:105:119283)
2024-08-19 09:24:05.827 [info] Getting Manifest... ms-ceintl.vscode-language-pack-fr
2024-08-19 09:24:05.903 [info] Installing extension: ms-ceintl.vscode-language-pack-fr {"productVersion":{"version":"1.92.2","date":"2024-08-14T17:31:49.258Z"},"pinned":false,"isApplicationScoped":true,"profileLocation":{"$mid":1,"external":"vscode-userdata:/home/shasor/.vscode/extensions/extensions.json","path":"/home/shasor/.vscode/extensions/extensions.json","scheme":"vscode-userdata"},"installOnlyNewlyAddedFromExtensionPack":true}
2024-08-19 09:24:06.767 [info] Extension signature verification result for ms-ceintl.vscode-language-pack-fr: UnknownError. Executed: true. Duration: 7ms.
2024-08-19 09:24:06.839 [info] Extracted extension to file:///home/shasor/.vscode/extensions/ms-ceintl.vscode-language-pack-fr-1.92.2024081409: ms-ceintl.vscode-language-pack-fr
2024-08-19 09:24:06.847 [info] Renamed to /home/shasor/.vscode/extensions/ms-ceintl.vscode-language-pack-fr-1.92.2024081409
2024-08-19 09:24:06.861 [info] Marked extension as uninstalled ms-ceintl.vscode-language-pack-fr-1.91.2024071009
2024-08-19 09:24:06.874 [info] Adding language packs from the extension ms-ceintl.vscode-language-pack-fr
2024-08-19 09:24:06.924 [info] Extension installed successfully: ms-ceintl.vscode-language-pack-fr vscode-userdata:/home/shasor/.vscode/extensions/extensions.json
2024-08-19 09:24:06.929 [error] [uncaught exception in sharedProcess]: Error: ENOENT: no such file or directory, stat '/home/shasor/.vscode/extensions/extensions.json.vsctmp': EntryNotFound (FileSystemError): Error: ENOENT: no such file or directory, stat '/home/shasor/.vscode/extensions/extensions.json.vsctmp'
    at h.create (/opt/visual-studio-code/resources/app/out/vs/code/node/sharedProcess/sharedProcessMain.js:54:19262)
    at f (/opt/visual-studio-code/resources/app/out/vs/code/node/sharedProcess/sharedProcessMain.js:54:19372)
    at P.hb (/opt/visual-studio-code/resources/app/out/vs/code/node/sharedProcess/sharedProcessMain.js:59:36571)
    at P.stat (/opt/visual-studio-code/resources/app/out/vs/code/node/sharedProcess/sharedProcessMain.js:59:28919)
    at async s.stat (/opt/visual-studio-code/resources/app/out/vs/code/node/sharedProcess/sharedProcessMain.js:59:14907)
    at async V.vb (/opt/visual-studio-code/resources/app/out/vs/code/node/sharedProcess/sharedProcessMain.js:105:119283)
2024-08-19 09:24:16.220 [error] [uncaught exception in sharedProcess]: Une erreur système s'est produite (ENOENT: no such file or directory, scandir '/home/shasor/.config/Code/clp/489ff62dcdf6dbe9f1f42bea5c342896.fr'): Error: ENOENT: no such file or directory, scandir '/home/shasor/.config/Code/clp/489ff62dcdf6dbe9f1f42bea5c342896.fr'
