2024-08-19 09:23:35.169 [info] Using settings sync service https://vscode-sync.trafficmanager.net/
2024-08-19 09:23:35.169 [info] Auto Sync is enabled.
2024-08-19 09:23:35.169 [info] Auto Sync: Suspended until auth token is available.
2024-08-19 09:23:35.226 [info] Deleting non existing profile from backup /home/shasor/.config/Code/User/sync/extensions
2024-08-19 09:23:35.226 [info] Deleting non existing profile from backup /home/shasor/.config/Code/User/sync/globalState
2024-08-19 09:23:35.226 [info] Deleting non existing profile from backup /home/shasor/.config/Code/User/sync/keybindings
2024-08-19 09:23:35.226 [info] Deleting non existing profile from backup /home/shasor/.config/Code/User/sync/profiles
2024-08-19 09:23:35.226 [info] Deleting non existing profile from backup /home/shasor/.config/Code/User/sync/settings
2024-08-19 09:23:35.226 [info] Deleting non existing profile from backup /home/shasor/.config/Code/User/sync/snippets
2024-08-19 09:23:35.227 [info] Deleting non existing profile from backup /home/shasor/.config/Code/User/sync/tasks
2024-08-19 09:23:51.044 [info] Auto Sync: Triggered by Interval
2024-08-19 09:23:51.044 [info] Sync started.
2024-08-19 09:23:51.336 [info] Settings: Last sync resource does not exist locally.
2024-08-19 09:23:51.422 [info] Settings: No changes found during synchronizing settings.
2024-08-19 09:23:51.426 [info] Keybindings: Last sync resource does not exist locally.
2024-08-19 09:23:51.496 [info] Keybindings: No changes found during synchronizing keybindings.
2024-08-19 09:23:51.498 [info] Snippets: Last sync resource does not exist locally.
2024-08-19 09:23:51.546 [info] Snippets: No changes found during synchronizing snippets.
2024-08-19 09:23:51.547 [info] Tasks: Last sync resource does not exist locally.
2024-08-19 09:23:51.598 [info] Tasks: No changes found during synchronizing tasks.
2024-08-19 09:23:51.600 [info] GlobalState: Last sync resource does not exist locally.
2024-08-19 09:23:51.682 [info] GlobalState: No changes found during synchronizing ui state.
2024-08-19 09:23:51.683 [info] Extensions: Last sync resource does not exist locally.
2024-08-19 09:23:51.797 [info] Extensions: No changes found during synchronizing extensions.
2024-08-19 09:23:51.798 [info] Profiles: Last sync resource does not exist locally.
2024-08-19 09:23:51.867 [info] Profiles: No changes found during synchronizing profiles.
2024-08-19 09:23:51.869 [info] Sync done. Took 825ms
2024-08-19 09:23:55.349 [info] Auto Sync: Triggered by Activity
2024-08-19 09:23:55.350 [info] Sync started.
2024-08-19 09:23:55.396 [info] Settings: No changes found during synchronizing settings.
2024-08-19 09:23:55.402 [info] Keybindings: No changes found during synchronizing keybindings.
2024-08-19 09:23:55.406 [info] Snippets: No changes found during synchronizing snippets.
2024-08-19 09:23:55.409 [info] Tasks: No changes found during synchronizing tasks.
2024-08-19 09:23:55.413 [info] GlobalState: No changes found during synchronizing ui state.
2024-08-19 09:23:55.812 [info] Extensions: Updated remote extensions. Updated: ["eamodio.gitlens"].
2024-08-19 09:23:55.817 [info] Extensions: Updated last synchronized extensions.
2024-08-19 09:23:55.820 [info] Profiles: No changes found during synchronizing profiles.
2024-08-19 09:23:55.822 [info] Sync done. Took 472ms
2024-08-19 09:24:56.982 [info] Auto Sync: Triggered by Activity
2024-08-19 09:24:56.982 [info] Sync started.
2024-08-19 09:24:57.044 [info] Settings: No changes found during synchronizing settings.
2024-08-19 09:24:57.048 [info] Keybindings: No changes found during synchronizing keybindings.
2024-08-19 09:24:57.052 [info] Snippets: No changes found during synchronizing snippets.
2024-08-19 09:24:57.055 [info] Tasks: No changes found during synchronizing tasks.
2024-08-19 09:24:57.059 [info] GlobalState: No changes found during synchronizing ui state.
2024-08-19 09:24:57.125 [info] Extensions: No changes found during synchronizing extensions.
2024-08-19 09:24:57.127 [info] Profiles: No changes found during synchronizing profiles.
2024-08-19 09:24:57.129 [info] Sync done. Took 147ms
2024-08-19 09:25:10.116 [info] Auto Sync: Triggered by Activity
2024-08-19 09:25:10.116 [info] Sync started.
2024-08-19 09:25:10.159 [info] Settings: No changes found during synchronizing settings.
2024-08-19 09:25:10.162 [info] Keybindings: No changes found during synchronizing keybindings.
2024-08-19 09:25:10.165 [info] Snippets: No changes found during synchronizing snippets.
2024-08-19 09:25:10.167 [info] Tasks: No changes found during synchronizing tasks.
2024-08-19 09:25:10.171 [info] GlobalState: No changes found during synchronizing ui state.
2024-08-19 09:25:10.215 [info] Extensions: No changes found during synchronizing extensions.
2024-08-19 09:25:10.217 [info] Profiles: No changes found during synchronizing profiles.
2024-08-19 09:25:10.219 [info] Sync done. Took 103ms
