2024-08-19 09:23:43.795 [info] Niveau de journal : Info
2024-08-19 09:23:43.795 [info] Validation du git trouvé dans : «git»
2024-08-19 09:23:43.795 [info] Utilisation de git «2.45.2» à partir de «git»
2024-08-19 09:23:43.795 [info] > git rev-parse --show-toplevel [8ms]
2024-08-19 09:23:43.795 [info] fatal: not a git repository (or any of the parent directories): .git
2024-08-19 09:23:43.795 [info] > git rev-parse --show-toplevel [153ms]
2024-08-19 09:23:43.796 [info] > git rev-parse --git-dir --git-common-dir [4ms]
2024-08-19 09:23:43.800 [info] Open repository: /home/shasor/Documents/Zone01/groupie-tracker
2024-08-19 09:23:43.812 [info] > git config --get commit.template [6ms]
2024-08-19 09:23:43.814 [info] > git rev-parse --show-toplevel [4ms]
2024-08-19 09:23:43.814 [info] fatal: not a git repository (or any of the parent directories): .git
2024-08-19 09:23:43.823 [info] > git for-each-ref --format=%(refname)%00%(upstream:short)%00%(objectname)%00%(upstream:track)%00%(upstream:remotename)%00%(upstream:remoteref) refs/heads/master refs/remotes/master [5ms]
2024-08-19 09:23:43.829 [info] > git rev-parse --show-toplevel [7ms]
2024-08-19 09:23:43.837 [info] > git rev-parse --git-dir --git-common-dir [4ms]
2024-08-19 09:23:43.841 [info] Open repository: /home/shasor/Documents/Zone01/ascii-art-web
2024-08-19 09:23:43.856 [info] > git status -z -uall [10ms]
2024-08-19 09:23:43.857 [info] > git config --get commit.template [6ms]
2024-08-19 09:23:43.894 [info] > git for-each-ref --format=%(refname)%00%(upstream:short)%00%(objectname)%00%(upstream:track)%00%(upstream:remotename)%00%(upstream:remoteref) refs/heads/master refs/remotes/master [33ms]
2024-08-19 09:23:43.899 [info] > git rev-parse --show-toplevel [44ms]
2024-08-19 09:23:43.915 [info] > git config --local branch.master.vscode-merge-base [17ms]
2024-08-19 09:23:43.920 [info] > git config --get commit.template [27ms]
2024-08-19 09:23:43.922 [info] > git rev-parse --git-dir --git-common-dir [8ms]
2024-08-19 09:23:43.927 [info] Open repository: /home/shasor/Documents/Zone01/ascii-art-web-dockerize
2024-08-19 09:23:43.928 [info] > git for-each-ref --format=%(refname)%00%(upstream:short)%00%(objectname)%00%(upstream:track)%00%(upstream:remotename)%00%(upstream:remoteref) refs/heads/main refs/remotes/main [17ms]
2024-08-19 09:23:43.943 [info] > git for-each-ref --format=%(refname)%00%(upstream:short)%00%(objectname)%00%(upstream:track)%00%(upstream:remotename)%00%(upstream:remoteref) refs/heads/origin/master refs/remotes/origin/master [23ms]
2024-08-19 09:23:43.953 [info] > git merge-base refs/heads/master refs/remotes/origin/master [3ms]
2024-08-19 09:23:43.959 [info] > git rev-parse --show-toplevel [16ms]
2024-08-19 09:23:43.959 [info] > git config --get commit.template [22ms]
2024-08-19 09:23:43.959 [info] > git for-each-ref --format=%(refname)%00%(upstream:short)%00%(objectname)%00%(upstream:track)%00%(upstream:remotename)%00%(upstream:remoteref) refs/heads/master refs/remotes/master [26ms]
2024-08-19 09:23:43.969 [info] > git rev-list --count --left-right refs/heads/master...refs/remotes/origin/master [11ms]
2024-08-19 09:23:43.987 [info] > git rev-parse --git-dir --git-common-dir [17ms]
2024-08-19 09:23:43.992 [info] Open repository: /home/shasor/Documents/Zone01/checkpoint-trainer
2024-08-19 09:23:44.019 [info] > git status -z -uall [34ms]
2024-08-19 09:23:44.030 [info] > git for-each-ref --format=%(refname)%00%(upstream:short)%00%(objectname)%00%(upstream:track)%00%(upstream:remotename)%00%(upstream:remoteref) refs/heads/master refs/remotes/master [50ms]
2024-08-19 09:23:44.030 [info] > git diff --name-status -z --diff-filter=ADMR 106f90cc8e4ca20b1d9f970bf1108a0e81546e4b...refs/remotes/origin/master [56ms]
2024-08-19 09:23:44.065 [warning] ENOENT: no such file or directory, open '/home/shasor/Documents/Zone01/ascii-art-web-dockerize/.git/refs/remotes/origin/master'
2024-08-19 09:23:44.066 [info] > git status -z -uall [9ms]
2024-08-19 09:23:44.067 [info] > git for-each-ref --format=%(refname)%00%(upstream:short)%00%(objectname)%00%(upstream:track)%00%(upstream:remotename)%00%(upstream:remoteref) refs/heads/main refs/remotes/main [41ms]
2024-08-19 09:23:44.072 [info] > git rev-parse --show-toplevel [58ms]
2024-08-19 09:23:44.072 [info] fatal: not a git repository (or any of the parent directories): .git
2024-08-19 09:23:44.073 [info] > git config --get commit.template [62ms]
2024-08-19 09:23:44.085 [info] > git config --local branch.main.vscode-merge-base [13ms]
2024-08-19 09:23:44.090 [info] > git rev-parse refs/remotes/origin/master [25ms]
2024-08-19 09:23:44.094 [info] > git config --get commit.template [33ms]
2024-08-19 09:23:44.109 [info] > git status -z -uall [15ms]
2024-08-19 09:23:44.109 [info] > git for-each-ref --format=%(refname)%00%(upstream:short)%00%(objectname)%00%(upstream:track)%00%(upstream:remotename)%00%(upstream:remoteref) refs/heads/master refs/remotes/master [8ms]
2024-08-19 09:23:44.114 [info] > git for-each-ref --format=%(refname)%00%(upstream:short)%00%(objectname)%00%(upstream:track)%00%(upstream:remotename)%00%(upstream:remoteref) refs/heads/origin/main refs/remotes/origin/main [25ms]
2024-08-19 09:23:44.119 [info] > git rev-parse --show-toplevel [36ms]
2024-08-19 09:23:44.130 [info] > git merge-base refs/heads/main refs/remotes/origin/main [11ms]
2024-08-19 09:23:44.135 [info] > git config --local branch.master.vscode-merge-base [21ms]
2024-08-19 09:23:44.140 [info] > git for-each-ref --format=%(refname)%00%(upstream:short)%00%(objectname)%00%(upstream:track)%00%(upstream:remotename)%00%(upstream:remoteref) refs/heads/main refs/remotes/main [32ms]
2024-08-19 09:23:44.256 [warning] ENOENT: no such file or directory, open '/home/shasor/Documents/Zone01/checkpoint-trainer/.git/refs/remotes/origin/main'
2024-08-19 09:23:44.263 [info] > git for-each-ref --format=%(refname)%00%(upstream:short)%00%(objectname)%00%(upstream:track)%00%(upstream:remotename)%00%(upstream:remoteref) refs/heads/master refs/remotes/master [117ms]
2024-08-19 09:23:44.269 [info] > git for-each-ref --format=%(refname)%00%(upstream:short)%00%(objectname)%00%(upstream:track)%00%(upstream:remotename)%00%(upstream:remoteref) refs/heads/origin/master refs/remotes/origin/master [130ms]
2024-08-19 09:23:44.270 [info] > git rev-list --count --left-right refs/heads/main...refs/remotes/origin/main [135ms]
2024-08-19 09:23:44.275 [info] > git rev-parse --git-dir --git-common-dir [146ms]
2024-08-19 09:23:44.281 [info] Open repository: /home/shasor/Documents/Zone01/git
2024-08-19 09:23:44.282 [info] > git for-each-ref --format=%(refname)%00%(upstream:short)%00%(objectname)%00%(upstream:track)%00%(upstream:remotename)%00%(upstream:remoteref) refs/heads/main refs/remotes/main [157ms]
2024-08-19 09:23:44.305 [info] > git diff --name-status -z --diff-filter=ADMR c07d5efe77a79f75ae1a6f321b149e6946f3f9ce...refs/remotes/origin/main [30ms]
2024-08-19 09:23:44.306 [info] > git config --local branch.master.vscode-merge-base [37ms]
2024-08-19 09:23:44.311 [info] > git config --get commit.template [50ms]
2024-08-19 09:23:44.311 [info] > git rev-parse refs/remotes/origin/main [55ms]
2024-08-19 09:23:44.319 [info] > git for-each-ref --format=%(refname)%00%(upstream:short)%00%(objectname)%00%(upstream:track)%00%(upstream:remotename)%00%(upstream:remoteref) refs/heads/origin/master refs/remotes/origin/master [9ms]
2024-08-19 09:23:44.324 [info] > git rev-parse --show-toplevel [21ms]
2024-08-19 09:23:44.325 [info] > git config --get commit.template [27ms]
2024-08-19 09:23:44.338 [info] > git merge-base refs/heads/master refs/remotes/origin/master [13ms]
2024-08-19 09:23:44.370 [info] > git status -z -uall [55ms]
2024-08-19 09:23:44.370 [info] > git status -z -uall [19ms]
2024-08-19 09:23:44.370 [info] > git rev-parse --git-dir --git-common-dir [34ms]
2024-08-19 09:23:44.376 [info] Open repository: /home/shasor/Documents/Zone01/git-save
2024-08-19 09:23:44.377 [info] > git for-each-ref --format=%(refname)%00%(upstream:short)%00%(objectname)%00%(upstream:track)%00%(upstream:remotename)%00%(upstream:remoteref) refs/heads/master refs/remotes/master [45ms]
2024-08-19 09:23:44.401 [warning] ENOENT: no such file or directory, open '/home/shasor/Documents/Zone01/ascii-art-web-dockerize/.git/refs/remotes/origin/master'
2024-08-19 09:23:44.407 [info] > git for-each-ref --format=%(refname)%00%(upstream:short)%00%(objectname)%00%(upstream:track)%00%(upstream:remotename)%00%(upstream:remoteref) refs/heads/main refs/remotes/main [24ms]
2024-08-19 09:23:44.420 [info] > git for-each-ref --format=%(refname)%00%(upstream:short)%00%(objectname)%00%(upstream:track)%00%(upstream:remotename)%00%(upstream:remoteref) refs/heads/master refs/remotes/master [73ms]
2024-08-19 09:23:44.420 [info] > git rev-list --count --left-right refs/heads/master...refs/remotes/origin/master [77ms]
2024-08-19 09:23:44.431 [info] > git diff --name-status -z --diff-filter=ADMR 8300ec4a1a471b8c99415a2b6bdff0f5b37de6ec...refs/remotes/origin/master [6ms]
2024-08-19 09:23:44.432 [info] > git for-each-ref --format=%(refname)%00%(upstream:short)%00%(objectname)%00%(upstream:track)%00%(upstream:remotename)%00%(upstream:remoteref) refs/heads/main refs/remotes/main [15ms]
2024-08-19 09:23:44.437 [info] > git config --local branch.main.vscode-merge-base [26ms]
2024-08-19 09:23:44.442 [info] > git config --get commit.template [37ms]
2024-08-19 09:23:44.442 [info] > git rev-parse refs/remotes/origin/master [41ms]
2024-08-19 09:23:44.446 [info] > git rev-parse --show-toplevel [49ms]
2024-08-19 09:23:44.447 [info] > git config --get commit.template [54ms]
2024-08-19 09:23:44.464 [info] > git status -z -uall [18ms]
2024-08-19 09:23:44.464 [info] > git for-each-ref --format=%(refname)%00%(upstream:short)%00%(objectname)%00%(upstream:track)%00%(upstream:remotename)%00%(upstream:remoteref) refs/heads/origin/main refs/remotes/origin/main [22ms]
2024-08-19 09:23:44.469 [info] > git config --local branch.main.vscode-merge-base [32ms]
2024-08-19 09:23:44.480 [info] > git merge-base refs/heads/main refs/remotes/origin/main [12ms]
2024-08-19 09:23:44.484 [info] > git rev-parse --git-dir --git-common-dir [20ms]
2024-08-19 09:23:44.489 [info] Open repository: /home/shasor/Documents/Zone01/groupie-tracker-perso
2024-08-19 09:23:44.510 [info] > git for-each-ref --format=%(refname)%00%(upstream:short)%00%(objectname)%00%(upstream:track)%00%(upstream:remotename)%00%(upstream:remoteref) refs/heads/master refs/remotes/master [12ms]
2024-08-19 09:23:44.515 [info] > git rev-list --count --left-right refs/heads/main...refs/remotes/origin/main [31ms]
2024-08-19 09:23:44.520 [info] > git for-each-ref --format=%(refname)%00%(upstream:short)%00%(objectname)%00%(upstream:track)%00%(upstream:remotename)%00%(upstream:remoteref) refs/heads/main refs/remotes/main [40ms]
2024-08-19 09:23:44.520 [info] > git for-each-ref --format=%(refname)%00%(upstream:short)%00%(objectname)%00%(upstream:track)%00%(upstream:remotename)%00%(upstream:remoteref) refs/heads/master refs/remotes/master [43ms]
2024-08-19 09:23:44.520 [warning] No such branch: master.
2024-08-19 09:23:44.525 [info] > git for-each-ref --format=%(refname)%00%(upstream:short)%00%(objectname)%00%(upstream:track)%00%(upstream:remotename)%00%(upstream:remoteref) refs/heads/origin/main refs/remotes/origin/main [53ms]
2024-08-19 09:23:44.536 [warning] ENOENT: no such file or directory, open '/home/shasor/Documents/Zone01/checkpoint-trainer/.git/refs/remotes/origin/main'
2024-08-19 09:23:44.538 [info] > git status -z -uall [33ms]
2024-08-19 09:23:44.538 [info] > git status -z -uall [14ms]
2024-08-19 09:23:44.550 [info] > git diff --name-status -z --diff-filter=ADMR 1d1eb78044e16ef4b80a5124f9685cdcc628b5b5...refs/remotes/origin/main [31ms]
2024-08-19 09:23:44.550 [info] > git config --local branch.master.vscode-merge-base [35ms]
2024-08-19 09:23:44.555 [info] > git config --get commit.template [47ms]
2024-08-19 09:23:44.577 [info] > git for-each-ref --format=%(refname)%00%(upstream:short)%00%(objectname)%00%(upstream:track)%00%(upstream:remotename)%00%(upstream:remoteref) refs/heads/master refs/remotes/master [15ms]
2024-08-19 09:23:44.581 [info] > git for-each-ref --format=%(refname)%00%(upstream:short)%00%(objectname)%00%(upstream:track)%00%(upstream:remotename)%00%(upstream:remoteref) refs/heads/origin/master refs/remotes/origin/master [26ms]
2024-08-19 09:23:44.582 [info] > git for-each-ref --format=%(refname)%00%(upstream:short)%00%(objectname)%00%(upstream:track)%00%(upstream:remotename)%00%(upstream:remoteref) refs/heads/master refs/remotes/master [38ms]
2024-08-19 09:23:44.582 [warning] No such branch: master.
2024-08-19 09:23:44.582 [info] > git rev-parse refs/remotes/origin/main [46ms]
2024-08-19 09:23:44.603 [info] > git status -z -uall [17ms]
2024-08-19 09:23:44.611 [info] > git config --local branch.master.vscode-merge-base [30ms]
2024-08-19 09:23:44.611 [warning] git config failed: Failed to execute git
2024-08-19 09:23:44.615 [info] > git config --get commit.template [39ms]
2024-08-19 09:23:44.615 [info] > git config --get commit.template [44ms]
2024-08-19 09:23:44.631 [info] > git for-each-ref --format=%(refname)%00%(upstream:short)%00%(objectname)%00%(upstream:track)%00%(upstream:remotename)%00%(upstream:remoteref) refs/heads/main refs/remotes/main [22ms]
2024-08-19 09:23:44.636 [info] > git for-each-ref --format=%(refname)%00%(upstream:short)%00%(objectname)%00%(upstream:track)%00%(upstream:remotename)%00%(upstream:remoteref) refs/heads/master refs/remotes/master [44ms]
2024-08-19 09:23:44.636 [warning] No such branch: master.
2024-08-19 09:23:44.655 [info] > git status -z -uall [14ms]
2024-08-19 09:23:44.663 [info] > git config --local branch.main.vscode-merge-base [27ms]
2024-08-19 09:23:44.668 [info] > git reflog master --grep-reflog=branch: Created from *. [53ms]
2024-08-19 09:23:44.682 [info] > git symbolic-ref --short refs/remotes/origin/HEAD [10ms]
2024-08-19 09:23:44.682 [info] fatal: ref refs/remotes/origin/HEAD is not a symbolic ref
2024-08-19 09:23:44.686 [info] > git for-each-ref --format=%(refname)%00%(upstream:short)%00%(objectname)%00%(upstream:track)%00%(upstream:remotename)%00%(upstream:remoteref) refs/heads/origin/main refs/remotes/origin/main [18ms]
2024-08-19 09:23:44.687 [info] > git for-each-ref --format=%(refname)%00%(upstream:short)%00%(objectname)%00%(upstream:track)%00%(upstream:remotename)%00%(upstream:remoteref) refs/heads/master refs/remotes/master [27ms]
2024-08-19 09:23:44.687 [warning] No such branch: master.
2024-08-19 09:23:44.687 [info] > git for-each-ref --format=%(refname)%00%(upstream:short)%00%(objectname)%00%(upstream:track)%00%(upstream:remotename)%00%(upstream:remoteref) refs/heads/master refs/remotes/master [35ms]
2024-08-19 09:23:44.687 [info] > git for-each-ref --format=%(refname)%00%(upstream:short)%00%(objectname)%00%(upstream:track)%00%(upstream:remotename)%00%(upstream:remoteref) refs/heads/master refs/remotes/master [39ms]
2024-08-19 09:23:44.688 [warning] No such branch: master.
2024-08-19 09:23:44.693 [info] > git status -z -uall [2ms]
2024-08-19 09:23:44.699 [info] > git merge-base refs/heads/master refs/remotes/origin/master [13ms]
2024-08-19 09:23:44.704 [info] > git config --get commit.template [26ms]
2024-08-19 09:23:44.705 [info] > git for-each-ref --format=%(refname)%00%(upstream:short)%00%(objectname)%00%(upstream:track)%00%(upstream:remotename)%00%(upstream:remoteref) refs/heads/master refs/remotes/master [7ms]
2024-08-19 09:23:44.705 [warning] No such branch: master.
2024-08-19 09:23:44.710 [info] > git rev-list --count --left-right refs/heads/master...refs/remotes/origin/master [7ms]
2024-08-19 09:23:44.729 [info] > git diff --name-status -z --diff-filter=ADMR 310ab64a1bf9735b77e65742b03a72689d2efb26...refs/remotes/origin/master [14ms]
2024-08-19 09:23:44.729 [info] > git for-each-ref --format=%(refname)%00%(upstream:short)%00%(objectname)%00%(upstream:track)%00%(upstream:remotename)%00%(upstream:remoteref) refs/heads/master refs/remotes/master [19ms]
2024-08-19 09:23:44.729 [warning] No such branch: master.
2024-08-19 09:23:44.735 [info] > git status -z -uall [7ms]
2024-08-19 09:23:44.742 [info] > git status -z -uall [9ms]
2024-08-19 09:23:44.742 [info] > git for-each-ref --format=%(refname)%00%(upstream:short)%00%(objectname)%00%(upstream:track)%00%(upstream:remotename)%00%(upstream:remoteref) refs/heads/master refs/remotes/master [2ms]
2024-08-19 09:23:44.757 [info] > git for-each-ref --format=%(refname)%00%(upstream:short)%00%(objectname)%00%(upstream:track)%00%(upstream:remotename)%00%(upstream:remoteref) refs/heads/master refs/remotes/master [3ms]
2024-08-19 09:23:44.757 [warning] No such branch: master.
2024-08-19 09:23:44.758 [info] > git config --local branch.master.vscode-merge-base [10ms]
2024-08-19 09:23:44.758 [warning] git config failed: Failed to execute git
2024-08-19 09:23:44.765 [info] > git reflog master --grep-reflog=branch: Created from *. [2ms]
2024-08-19 09:23:44.820 [info] > git symbolic-ref --short refs/remotes/origin/HEAD [50ms]
2024-08-19 09:23:44.820 [info] fatal: ref refs/remotes/origin/HEAD is not a symbolic ref
2024-08-19 09:23:46.169 [info] > git check-ignore -v -z --stdin [25ms]
2024-08-19 09:23:46.170 [info] > git check-ignore -v -z --stdin [22ms]
2024-08-19 09:23:46.170 [info] > git check-ignore -v -z --stdin [18ms]
2024-08-19 09:23:46.170 [info] > git check-ignore -v -z --stdin [14ms]
2024-08-19 09:23:46.170 [info] > git check-ignore -v -z --stdin [10ms]
2024-08-19 09:23:46.171 [info] > git check-ignore -v -z --stdin [7ms]
2024-08-19 09:23:46.171 [info] > git check-ignore -v -z --stdin [4ms]
2024-08-19 09:23:49.129 [info] > git rev-parse --show-toplevel [3ms]
2024-08-19 09:23:49.129 [info] fatal: not a git repository (or any of the parent directories): .git
2024-08-19 09:23:50.320 [info] > git rev-parse --show-toplevel [1ms]
2024-08-19 09:23:50.320 [info] fatal: not a git repository (or any of the parent directories): .git
2024-08-19 09:23:50.559 [info] > git show --textconv :templates/artist.html [8ms]
2024-08-19 09:23:50.559 [info] > git ls-files --stage -- /home/shasor/Documents/Zone01/groupie-tracker/templates/artist.html [0ms]
2024-08-19 09:23:50.568 [info] > git cat-file -s 60ba38c51057c5bb87368134c3ba601fab78cf4f [2ms]
2024-08-19 09:23:50.688 [info] > git rev-parse --show-toplevel [2ms]
2024-08-19 09:23:50.688 [info] fatal: not a git repository (or any of the parent directories): .git
